2026-07-21 07:21:01.562 Information According to Inifile Info => Error: True, Warning: True, Info: True, Verbose: False, 
2026-07-21 07:21:01.590 CumulusUtils Initial: Shutting down the default listener
2026-07-21 07:21:01.590 Information Cumul2026-07-21 07:21:01.608 CumulusUtils Initial: Shutti2026-07-21 07:21:01.646  CUstrings[xx].ini : CUstringsEN.ini looked for.
2026-07-21 07:21:01.670  CumulusUtils version: 7.1.1 
2026-07-21 07:21:01.670  CuSupport constructor : Unit Wind (m/s, mph2026-07-21 07:21:01.683  CumulusUtils version: 7.1.1 
2026-07-21 07:21:01.683  CuSupport constructor : Unit Wind (m/s, mph, km/h, kts): mph
2026-07-21 07:21:01.684  CuSupport constructor : Unit Pressure (mb,hPa,inHg): hPa
2026-07-21 07:21:01.684  CuSupport constructor : Unit Rain (mm,in): mm
2026-07-21 07:21:01.688  CuSupport constructor : Unit T (C,F): °C
2026-07-21 07:21:01.689  CuSupport constructor : Unit Distance (m, mi, km, kn): mi
2026-07-22026-07-21 07:21:01.751 CumulusUtils : ----------------------------
2026-07-21 07:21:01.751 CumulusUtils : Entering Main
2026-07-21 07:21:01.763 HelpTexts: starting
2026-07-21 07:21:01.798 Information HelpTexts Contructor: stop
2026-07-21 07:21:01.849 CommandLineArgs : starting
2026-07-21 07:21:01.849  CommandLineArgs : handling arg: sysinfo
2026-02026-07-21 07:21:01.867 CommandLineArgs : starting
2026-07-21 07:21:01.867  CommandLineArgs : handling arg: sysinfo
2026-07-21 07:21:01.867  CommandLineArgs : handling arg: UserAskedData
2026-072026-07-21 07:21:01.937 Information CumulusUtils : Read dayfile.txt succesfully - 929 records
2026-07-21 07:21:01.962 Information SystemStatus : starting
2026-07-21 07:21:01.989 Information GetUrlData Start: URL - http://localhost:8998/api/tags/process.json?version&build&Prog2026-07-21 07:21:02.011 Information GetUrlData Start: URL - h2026-07-21 07:21:02.407 CumulusMX Version: 4.5.2 build 4105
2026-07-21 07:21:02.415 Information  SystemStatus: Found devic2026-07-21 07:21:02.431 CumulusMX Version: 4.5.2 build 4105
2026-07-21 07:21:02.440 Information  SystemStatus: Found device 12 GW1000/Ecowitt Local API
2026-07-21 07:21:02.445 Information ReplaceWebtagsPostAsync start:
2026-07-21 07:21:02.447 Information  PostUrl2026-07-21 07:21:02.463 Information PostUrlData success response : OK - OK
2026-07-21 07:21:02.468 SystemStatus : DoingUni2026-07-21 07:21:02.490 Information PostUrlData success response : OK - OK
2026-07-21 07:21:02.500 SystemStatus : DoingUnix
2026-07-21 07:21:02.502 Information SystemStatus : DoingUnix Start
2026-07-21 07:21:02.510 Information StartProcess cat /etc/os-release
2026-07-21 07:21:02.519 Information StartProcess cat: output=PRETTY_NAME="Debian GNU/Linux 12 (bookworm)"
2026-07-21 07:21:02.519 Information StartProcess cat: output=NAME="Debian GNU/Linux"
2026-07-21 07:21:02.519 Information StartProcess cat: output=VERSION_ID="12"
2026-07-21 07:21:02.519 Information StartProcess cat: output=VERSION="12 (bookworm)"
2026-07-21 07:21:02.519 Information StartProcess cat: output=VERSION_CODENAME=bookworm
2026-07-21 07:21:02.519 Information StartProcess cat: output=ID=debian
2026-07-21 07:21:02.520 Information StartProcess cat: output=HOME_URL="https://www.debian.org/"
2026-07-21 07:21:02.520 Information StartProcess cat: output=SUPPORT_URL="https://www.debian.org/support"
2026-07-21 07:21:02.520 Information StartProcess cat: output=BUG_REPORT_URL="https://bugs.debian.org/"
2026-07-21 07:21:02.520 Information Found Linux NAME: PRETTY_NAME="Debian GNU/Linux 12 (bookworm)"
2026-07-21 07:21:02.521 Information Using Linux dialect: Debian
2026-07-21 07:21:02.521 Information StartProcess uptime -p
2026-07-21 07:21:02.526 Information StartProcess uptime: output=up 3 weeks, 3 days, 11 hours, 47 minutes
2026-07-21 07:21:02.527 Information StartProcess lshw -quiet -class system
2026-07-21 07:21:02.530 Error System/Processor: Unknown (exception) - An error occurred trying to start process 'lshw' with working directory '/opt/CumulusMX'. No such file or directory
2026-07-21 07:21:02.530 Please install lshw (apt-get install lshw)
2026-07-21 07:21:02.530 Information StartProcess uname -s -r -m
2026-07-21 07:21:02.532 Informati2026-07-21 07:21:02.552 Information StartProcess lsb_release: output=Distributor ID:	Debian
2026-07-21 07:21:02.553 Inform2026-07-21 07:21:02.565 Information StartProcess lsb_release: output=Distributor ID:	Debian
2026-07-21 07:21:02.565 Information StartProcess lsb_release: output=Description:	Debian GNU/Linux 12 (bookworm)
2026-07-21 07:21:02.565 Information StartProcess lsb_release: output=Release:	12
2026-07-21 07:21:02.565 Information StartProcess lsb_release: output=Codename:	bookworm
2026-07-21 07:21:02.566 Information StartProcess dotnet --list-runtimes
2026-07-21 07:21:02.569 Information StartProcess dotnet: output=Microsoft.NETCore.App 8.0.8 [/usr/share/dotnet/shared/Microsoft.NETCore.App]
2026-07-21 07:21:02.571 Information StartProcess free -m
2026-07-21 07:21:02.579 Information StartProcess free: output=               total        used        free      shared  buff/cache   available
2026-07-21 07:21:02.579 Information StartProcess free: output=Mem:             960         361         480          30         287         599
2026-07-21 07:21:02.579 Information StartProcess free: output=Swap:            974          77         897
2026-07-21 07:21:02.585 Information StartProcess df -T -text4 -tvfat -h
2026-07-21 07:21:02.590 Information StartProcess df: output=Filesystem     Type  Size  Used Avail Use% Mounted on
2026-07-21 07:21:02.590 Information StartProcess df: output=/dev/sda1      ext4   31G  7.6G   22G  27% /
2026-07-21 07:21:02.593 USerReports: Starting
2026-07-21 07:21:02.608 Information MapsOn: Starting
2026-07-21 07:21:02.612 Information  MapsOn: Adding Station: Westlands
2026-07-21 07:21:02.628 Information MapsOn: Before testing DoneToday after parsing: 20/07/2026 10:31:03 
2026-07-21 07:21:02.628 Information DateIsToday for thisDate: 20/07/2026 10:31:03 | thisDate.DayOfYear: 201 versus Now.DayOfYear: 202)
2026-07-21 07:21:02.636 Information DateIsToday: thisSpan: 20:49:59.6287447 | thisSpan.TotalDays = 0.868051258619213
2026-07-21 07:21:02.636 Information MapsOn: Must NOT send signature, has been done already : 2026-07-20T10:31:03
2026-07-21 07:21:02.636 Information Fetch Map: Fetch2026-07-21 07:21:03.523 Information Main: <!--
 This file is generated as part of CumulusUti
2026-07-21 07:21:03.529 Info2026-07-21 07:21:03.541 Information Main: <!--
 This file is generated as part of CumulusUti
2026-07-21 07:21:032026-07-21 07:21:03.559 Information CustomLogs constructor: starting
2026-07-21 07:21:03.580 Information CustomLogs WebtagInfo constructor: number of defined Webtag Units: 400, everything OK2026-07-21 07:21:03.595 Information CustomLogs WebtagInfo constructor2026-07-21 07:21:03.608 DefineUsercharts: Parsing User charts definitions - starting
2026-07-21 07:21:03.608 Information 2026-07-21 07:21:03.625 DefineUsercharts: Parsing User charts definitions - starting
2026-07-21 07:21:03.625 Information Parsing User Charts Definitions : Chart Overview'
2026-07-21 07:21:03.642 Information Parsing User Charts Definitions : Chart Temperature'
2026-07-21 07:21:03.642 Information Parsing User Charts Definitions : Chart Wind'
2026-07-21 07:21:03.642 Information Parsing User Charts Definitions : Chart WindDirection'
2026-07-21 07:21:03.642 Information Parsing User Charts Definitions : Chart Rain'
2026-07-21 07:21:03.642 Information Parsing User Charts Definitions : Chart Humidity'
2026-07-21 07:21:03.642 Information Parsing User Charts Definitions : Chart Solar'
2026-07-21 07:21:03.642 Information Parsing User Charts Definitions : Chart DailyTemp'
2026-07-21 07:21:03.642 Information Parsing User Charts Definitions : Chart DailyP2026-07-21 07:21:03.657 Generating Compiler UserAskedData: Starting
2026-07-21 07:21:03.658 Information GenerateUserAsked2026-07-21 07:21:03.668 Generating Compiler UserAskedData: Starting
2026-07-21 07:21:03.673 Information GenerateUserAskedData: timeStart = 21/07/2026 07:12:00; timeEnd = 21/07/2026 07:21:00
2026-07-21 07:21:03.674 Monthfile constructor: Using fixed path: | data/ |; file: | *log.txt
2026-07-21 07:21:032026-07-21 07:21:03.974 Information ReadMonthlyLogs: End
2026-07-21 07:21:03.990 Information Generate UserAskedData: Done2026-07-21 07:21:03.996 Information ReadMonthlyLogs: End
2026-07-21 07:21:04.008 Information Generate UserAskedData: DoneToday = 20/07/2026 19:01:04.
2026-07-21 07:21:04.008 Information DateIsToday for thisDate: 20/07/2026 19:01:04 | thisDate.DayOfYear: 201 versus Now.DayOfYear: 202)
2026-07-21 07:21:04.008 Information DateIsToday: thisSpan: 12:20:00.0080972 | thisSpan.TotalDays = 0.5138889826064815
2026-07-21 07:21:04.008 Information Generate UserAskedData: Must NOT generate the ALL Range.
2026-07-21 07:21:04.008 Information Generate UserAskedData - Loop over Chart: Overview)
2026-07-21 07:21:04.013 Information Generate UserAskedData - Testing temp into tempdata.json (Range is Recent)
2026-07-21 07:21:04.013 Information Generate UserAskedData - Testing dew into tempdata.json (Range is Recent)
2026-07-21 07:21:04.013 Information Generate UserAskedData - Testing press into pressdata.json (Range is Recent)
2026-07-21 07:21:04.013 Information Generate UserAskedData - Testing hum into humdata.json (Range is Recent)
2026-07-21 07:21:04.013 Information Generate UserAskedData - Testing SolarRad into solardata.json (Range is Recent)
2026-07-21 07:21:04.013 Information Generate UserAskedData - Testing rfall into raindata.json (Range is Recent)
2026-07-21 07:21:04.013 Information Generate UserAskedData - Loop over Chart: Temperature)
2026-07-21 07:21:04.013 Information Generate UserAskedData - Testing intemp into tempdata.json (Range is Recent)
2026-07-21 07:21:04.013 Information Generate UserAskedData - Testing temp into tempdata.json (Range is Recent)
2026-07-21 07:21:04.013 Information Generate UserAskedData - Testing feelslike into tempdata.json (Range is Recent)
2026-07-21 07:21:04.013 Information Generate UserAskedData - Testing dew into tempdata.json (Range is Recent)
2026-07-21 07:21:04.013 Information Generate UserAskedData - Loop over Chart: Wind)
2026-07-21 07:21:04.013 Information Generate UserAskedData - Testing wgust into winddata.json (Range is Recent)
2026-07-21 07:21:04.013 Information Generate UserAskedData - Testing wspeed into winddata.json (Range is Recent)
2026-07-21 07:21:04.013 Information Generate UserAskedData - Loop over Chart: WindDirection)
2026-07-21 07:21:04.013 Information Generate UserAskedData - Testing bearing into wdirdata.json (Range is Recent)
2026-07-21 07:21:04.013 Information Generate UserAskedData - Testing avgbearing into wdirdata.json (Range is Recent)
2026-07-21 07:21:04.013 Information Generate UserAskedData - Loop over Chart: Rain)
2026-07-21 07:21:04.013 Information Generate UserAskedData - Testing rfall into raindata.json (Range is Recent)
2026-07-21 07:21:04.013 Information Generate UserAskedData - Testing rrate into raindata.json (Range is Recent)
2026-07-21 07:21:04.013 Information Generate UserAskedData - Loop over Chart: Humidity)
2026-07-21 07:21:04.013 Information Generate UserAskedData - Testing hum into humdata.json (Range is Recent)
2026-07-21 07:21:04.014 Information Generate UserAskedData - Testing inhum into humdata.json (Range is Recent)
2026-07-21 07:21:04.014 Information Generate UserAskedData - Loop over Chart: Solar)
2026-07-21 07:21:04.014 Information Generate UserAskedData - Testing UV into solardata.json (Range is Recent)
2026-07-21 07:21:04.014 Information Generate UserAskedData - Testing SolarRad into solardata.json (Range is Recent)
2026-07-21 07:21:04.014 Information Generate UserAskedData - Testing CurrentSolarMax into solardata.json (Range is Recent)
2026-07-21 07:21:04.014 Information Generate UserAskedData - Loop over Chart: DailyTemp)
2026-07-21 07:21:04.014 Information Generate UserAskedData - Testing avgTemp into alldailytempdata.json (Range is Daily)
2026-07-21 07:21:04.014 Information Generate UserAskedData - Testing avgTemp into alldailytempdata.json (Range is Daily)
2026-07-21 07:21:04.014 Information Generate UserAskedData - Loop over Chart: DailyPressure)
2026-07-21 07:21:04.014 Information Generate UserAskedData - Testing minBaro into alldailypressdata.json (Range is Daily)
2026-07-21 07:21:04.014 Information Generate UserAskedData - Testing  into  (Range is Daily)
2026-07-21 07:21:04.014 Information DoAirLink / AirQualitySensor  = False / False
2026-07-21 07:21:04.014 Informati2026-07-21 07:21:04.204 Information PHP upload does not support compression
2026-07-21 07:21:04.204 Information UploadFile: Starting utils/maps.txt => maps.txt
2026-07-21 07:21:04.204 Information Upload File values: localfile: utils/maps.txt
2026-07-21 07:21:04.204 Information Upload File values: remotefile: maps.txt
2026-07-21 07:21:04.209 Information PHP Upload: starting utils/maps.txt
2026-07-21 07:21:04.210 Information Incremental = False; filename = maps.txt; ext = .txt; HoursInGraph = 72
2026-07-21 07:21:04.284 Information InetPhp: maps.txt: Response code = 200: OK
2026-07-21 07:21:04.284 Information InetPhp: maps.txt: Response text follows:
Opening text file maps.txt for replacement
Writing text file maps.txt
Write complete
2026-07-21 07:21:04.284 Information PHP UploadFile: Success
2026-07-21 07:21:04.285 Information UploadFile: Starting utils/systeminfoTable.txt => systeminfoTable.txt
2026-07-21 07:21:04.285 Information Upload File values: localfile: utils/systeminfoTable.txt
2026-07-21 07:21:04.285 Information Upload File values: remotefile: systeminfoTable.txt
2026-07-21 07:21:04.285 Information PHP Upload: starting utils/systeminfoTable.txt
2026-07-21 07:21:04.285 Information Incremental = False; filename = systeminfoTable.txt; ext = .txt; HoursInGraph = 72
2026-07-21 07:21:04.323 Information InetPhp: systeminfoTable.txt: Response code = 200: OK
2026-07-21 07:21:04.323 Information InetPhp: systeminfoTable.txt: Response text follows:
Opening text file systeminfoTable.txt for replacement
Writing text file systeminfoTable.txt
Write complete
2026-07-21 07:21:04.323 Information PHP UploadFile: Success
2026-07-21 07:21:04.323 All done, Entering the finally section...; Closing down.
2026-07-21 07:21:04.323 Disposing Isup...
2026-07-21 07:21:04.323 Disposing Sup...
the finally section...; Closing down.
2026-07-21 07:21:04.277 Disposing Isup...
2026-07-21 07:21:04.278 Disposing Sup...
