2026-07-20 20:41:01.757 Information According to Inifile Info => Error: True, Warning: True, Info: True, Verbose: False, 
2026-07-20 20:41:01.783 CumulusUtils Initial: Shutting down the default listener
2026-07-20 20:41:01.783 Information Cumul2026-07-20 20:41:01.795 CumulusUtils Initial: Shutti2026-07-20 20:41:01.832  CUstrings[xx].ini : CUstringsEN.ini looked for.
2026-07-20 20:41:01.861  CumulusUtils version: 7.1.1 
2026-07-20 20:41:01.861  CuSupport constructor : Unit Wind (m/s, mph2026-07-20 20:41:01.870  CumulusUtils version: 7.1.1 
2026-07-20 20:41:01.870  CuSupport constructor : Unit Wind (m/s, mph, km/h, kts): mph
2026-07-20 20:41:01.870  CuSupport constructor : Unit Pressure (mb,hPa,inHg): hPa
2026-07-20 20:41:01.870  CuSupport constructor : Unit Rain (mm,in): mm
2026-07-20 20:41:01.871  CuSupport constructor : Unit T (C,F): °C
2026-07-20 20:41:01.871  CuSupport2026-07-20 20:41:01.883 InetSupport: Constructor starting
2026-07-20 20:41:01.946 CumulusUtils : ----------------------------
2026-07-20 20:41:01.946 CumulusUtils : Entering Main
2026-07-20 20:41:01.955 HelpTexts: starting
2026-07-20 20:41:01.991 Information HelpTexts Contructor: stop
2026-07-20 20:41:02.041 CommandLineArgs : starting
2026-07-20 20:41:02.041  CommandLineArgs : handling arg: sysinfo
2026-02026-07-20 20:41:02.052 CommandLineArgs : starting
2026-07-20 20:41:02.052  CommandLineArgs : handling arg: sysinfo
2026-07-20 20:41:02.052  CommandLineArgs : handling arg: UserAskedData
2026-072026-07-20 20:41:02.127 Information CumulusUtils : Read dayfile.txt succesfully - 928 records
2026-07-20 20:41:02.152 Information SystemStatus : starting
2026-07-20 20:41:02.183 Information GetUrlData Start: URL - http://localhost:8998/api/tags/process.json?version&build&Prog2026-07-20 20:41:02.193 Information GetUrlData Start: URL - h2026-07-20 20:41:02.601 CumulusMX Version: 4.5.2 build 4105
2026-07-20 20:41:02.612 Information  SystemStatus: Found device 12 GW1000/Ecowitt Local API
2026-07-20 20:41:02.613 Inform2026-07-20 20:41:02.617 Information  SystemStatus: Found device 12 GW1000/Ecowitt Local API
2026-07-20 20:41:02.619 Information ReplaceWebtagsPostAsync start:
2026-07-20 20:41:02.627 Information  PostUrl2026-07-20 20:41:02.651 Information PostUrlData success response : OK - OK
2026-07-20 20:41:02.665 SystemStatus : DoingUni2026-07-20 20:41:02.672 Information PostUrlData success response : OK - OK
2026-07-20 20:41:02.675 SystemStatus : DoingUnix
2026-07-20 20:2026-07-20 20:41:02.689 Information StartProcess cat: output=PRETTY_NAME="Debian GNU/Linux 12 (bookworm)"
2026-07-20 20:412026-07-20 20:41:02.699 Information StartProcess cat: output=PRETTY_NAME="Debian GNU/Linux 12 (bookworm)"
2026-07-20 20:41:02.699 Information StartProcess cat: output=NAME="Debian GNU/Linux"
2026-07-20 20:41:02.699 Information StartProcess cat: output=VERSION_ID="12"
2026-07-20 20:41:02.699 Information StartProcess cat: output=VERSION="12 (bookworm)"
2026-07-20 20:41:02.699 Information StartProcess cat: output=VERSION_CODENAME=bookworm
2026-07-20 20:41:02.699 Information StartProcess cat: output=ID=debian
2026-07-20 20:41:02.699 Information StartProcess cat: output=HOME_URL="https://www.debian.org/"
2026-07-20 20:41:02.699 Information StartProcess cat: output=SUPPORT_URL="https://www.debian.org/support"
2026-07-20 20:41:02.699 Information StartProcess cat: output=BUG_REPORT_URL="https://bugs.debian.org/"
2026-07-20 20:41:02.699 Information Found Linux NAME: PRETTY_NAME="Debian GNU/Linux 12 (bookworm)"
2026-07-20 20:41:02.705 Information Using Linux dialect: Debian
2026-07-20 20:41:02.705 Information StartProcess uptime -p
2026-07-20 20:41:02.709 Information StartProcess uptime: output=up 3 weeks, 3 days, 1 hour, 7 minutes
2026-07-20 20:41:02.709 Information StartProcess lshw -quiet -class system
2026-07-20 20:41:02.712 Error System/Processor: Unknown (exception) - An error occurred trying to start process 'lshw' with working directory '/opt/CumulusMX'. No such file or directory
2026-07-20 20:41:02.712 Please install lshw (apt-get install lshw)
2026-07-20 20:41:02.712 Information StartProcess uname -s -r -m
2026-07-20 20:41:02.714 Informati2026-07-20 20:41:02.740 Information StartProcess lsb_release: output=Distributor ID:	Debian
2026-07-20 20:41:02.740 Inform2026-07-20 20:41:02.743 Information StartProcess lsb_release: output=Distributor ID:	Debian
2026-07-20 20:41:02.743 Information StartProcess lsb_release: output=Description:	Debian GNU/Linux 12 (bookworm)
2026-07-20 20:41:02.743 Information StartProcess lsb_release: output=Release:	12
2026-07-20 20:41:02.743 Information St2026-07-20 20:41:02.747 Information StartProcess dotnet: output=Microsoft.NETCore.App 8.0.8 [/usr/share/dotnet/shared/Micr2026-07-20 20:41:022026-07-20 20:41:02.751 Information StartProcess free -m
2026-07-20 20:41:02.755 Information StartProcess free: output=               total        used        free      shared  bu2026-07-20 20:41:02.758 Information StartProcess free: output=               total        used        free      shared  buff/cache   available
2026-07-20 20:41:02.758 Information StartProcess free: output=Mem:             960         377         395          30         364         583
2026-07-20 20:41:02.758 Information StartProcess free: ou2026-07-20 20:41:02.760 Information StartProcess df: output=Filesystem     Type  Size  Used Avail Use% Mounted on
2026-07-2026-07-20 20:41:02.768 Information StartProcess df: output=Filesystem     Type  Size  Used Avail Use% Mounted on
2026-07-20 20:41:02.768 Infor2026-07-20 20:41:02.776 Information MapsOn: Starting
2026-07-20 20:41:02.785 Information  MapsOn: Adding Station: Westland202026-07-20 20:41:02.802 Information MapsOn: Before testing DoneToday after parsing: 20/07/2026 10:31:03 
2026-07-20 20:41:2026-07-20 20:41:02.807 Information MapsOn: Before testing DoneToday after parsing: 20/07/2026 10:31:03 
2026-07-20 202026-07-20 20:41:02.821 Information DateIsToday: thisSpan: 10:09:59.8028269 | thisSpan.TotalDays = 0.4236088290150463
2026-07-20 20:41:02.821 Information MapsOn: Must NOT send signature, has been done already : 2026-07-20T10:31:03
2026-07-20 20:41:02.822 Information Fetch Map: Fetching the generated map
2026-07-20 20:41:02.822 Information GetUrlData Start: URL - https://meteo-wagenborgen.nl/maps.txt 
2026-07-20 20:41:03.718 Information Main: <!--
 This file is generated as part of CumulusUti
2026-07-20 20:41:03.719 Infor2026-07-20 20:41:03.745 Information Main: <!--
 This file is generated as part of CumulusUti
2026-07-20 20:41:03.746 Information UserAskedData Starting...
2026-07-20 20:41:03.746 I2026-07-20 20:41:03.768 Information CustomLogs Webtag2026-07-20 20:41:03.773 Information CustomLogs constructor: starting
2026-07-20 20:41:03.790 Information CustomLogs WebtagInfo constructo2026-07-20 20:41:03.793 DefineUsercharts: Parsing User c2026-07-20 20:41:03.795 Information Custom Logs constructor: stop
2026-07-20 20:41:03.815 DefineUsercharts: Parsing User charts definitions - starting
2026-07-20 20:41:03.816 Information Parsing User Charts Definitions : Chart Overview'
2026-07-20 20:41:03.835 Information Parsing User Charts Definitions : Chart Temperature'
2026-07-20 20:41:03.835 Information Parsing User Charts Definitions : Chart Wind'
2026-07-20 20:41:03.835 Information Parsing User Charts Definitions : Chart WindDirection'
2026-07-20 20:41:03.835 Information Parsing User Charts Definitions : Chart Rain'
2026-07-20 20:41:03.836 Information Parsing User Charts Definitions : Chart Humidity'
2026-07-20 20:41:03.836 Information Parsing User Charts Definitions : Chart Solar'
2026-07-20 20:41:03.836 Information Parsing User Charts Definitions : Chart DailyTemp'
2026-07-20 20:41:03.836 Information Parsing User Charts Definitions : Chart DailyPressure'
2026-07-20 20:41:03.843 Information Parsing User Charts: Evaluating Expression '(MinBarometer+MaxBarometer)/2'.
2026-07-20 20:41:03.865 Generating Compiler UserAskedData: Starting
2026-07-20 20:41:03.866 Information GenerateUserAskedData: timeStart = 20/07/2026 20:32:00; timeEnd = 20/07/2026 20:41:00
2026-07-20 20:41:03.867 Monthfile constructor: Using fixed path: | data/ |; file: | *log.txt
2026-07-20 20:41:02026-07-20 20:41:04.155 Information ReadMonthlyLogs: End
2026-07-20 20:41:04.167 Information Generate UserAskedData: DoneT2026-07-20 20:41:04.188 Information ReadMonthlyLogs: End
2026-07-20 20:41:04.199 Information Generate UserAskedData: DoneToday = 20/07/2026 19:01:04.
2026-07-20 20:41:04.199 Information DateIsToday for thisDate: 20/07/2026 19:01:04 | thisDate.DayOfYear: 201 versus Now.DayOfYear: 201)
2026-07-20 20:41:04.199 Information DateIsToday: thisSpan: 01:40:00.1995977 | thisSpan.TotalDays = 0.06944675460300925
2026-07-20 20:41:04.199 Information Generate UserAskedData: Must NOT generate the ALL Range.
2026-07-20 20:41:04.199 Information Generate UserAskedData - Loop over Chart: Overview)
2026-07-20 20:41:04.200 Information Generate UserAskedData - Testing temp into tempdata.json (Range is Recent)
2026-07-20 20:41:04.200 Information Generate UserAskedData - Testing dew into tempdata.json (Range is Recent)
2026-07-20 20:41:04.200 Information Generate UserAskedData - Testing press into pressdata.json (Range is Recent)
2026-07-20 20:41:04.200 Information Generate UserAskedData - Testing hum into humdata.json (Range is Recent)
2026-07-20 20:41:04.200 Information Generate UserAskedData - Testing SolarRad into solardata.json (Range is Recent)
2026-07-20 20:41:04.200 Information Generate UserAskedData - Testing rfall into raindata.json (Range is Recent)
2026-07-20 20:41:04.200 Information Generate UserAskedData - Loop over Chart: Temperature)
2026-07-20 20:41:04.200 Information Generate UserAskedData - Testing intemp into tempdata.json (Range is Recent)
2026-07-20 20:41:04.200 Information Generate UserAskedData - Testing temp into tempdata.json (Range is Recent)
2026-07-20 20:41:04.201 Information Generate UserAskedData - Testing feelslike into tempdata.json (Range is Recent)
2026-07-20 20:41:04.201 Information Generate UserAskedData - Testing dew into tempdata.json (Range is Recent)
2026-07-20 20:41:04.201 Information Generate UserAskedData - Loop over Chart: Wind)
2026-07-20 20:41:04.201 Information Generate UserAskedData - Testing wgust into winddata.json (Range is Recent)
2026-07-20 20:41:04.201 Information Generate UserAskedData - Testing wspeed into winddata.json (Range is Recent)
2026-07-20 20:41:04.201 Information Generate UserAskedData - Loop over Chart: WindDirection)
2026-07-20 20:41:04.201 Information Generate UserAskedData - Testing bearing into wdirdata.json (Range is Recent)
2026-07-20 20:41:04.201 Information Generate UserAskedData - Testing avgbearing into wdirdata.json (Range is Recent)
2026-07-20 20:41:04.201 Information Generate UserAskedData - Loop over Chart: Rain)
2026-07-20 20:41:04.201 Information Generate UserAskedData - Testing rfall into raindata.json (Range is Recent)
2026-07-20 20:41:04.201 Information Generate UserAskedData - Testing rrate into raindata.json (Range is Recent)
2026-07-20 20:41:04.201 Information Generate UserAskedData - Loop over Chart: Humidity)
2026-07-20 20:41:04.201 Information Generate UserAskedData - Testing hum into humdata.json (Range is Recent)
2026-07-20 20:41:04.201 Information Generate UserAskedData - Testing inhum into humdata.json (Range is Recent)
2026-07-20 20:41:04.201 Information Generate UserAskedData - Loop over Chart: Solar)
2026-07-20 20:41:04.201 Information Generate UserAskedData - Testing UV into solardata.json (Range is Recent)
2026-07-20 20:41:04.201 Information Generate UserAskedData - Testing SolarRad into solardata.json (Range is Recent)
2026-07-20 20:41:04.201 Information Generate UserAskedData - Testing CurrentSolarMax into solardata.json (Range is Recent)
2026-07-20 20:41:04.201 Information Generate UserAskedData - Loop over Chart: DailyTemp)
2026-07-20 20:41:04.201 Information Generate UserAskedData - Testing avgTemp into alldailytempdata.json (Range is Daily)
2026-07-20 20:41:04.201 Information Generate UserAskedData - Testing avgTemp into alldailytempdata.json (Range is Daily)
2026-07-20 20:41:04.201 Information Generate UserAskedData - Loop over Chart: DailyPressure)
2026-07-20 20:41:04.201 Information Generate UserAskedData - Testing minBaro into alldailypressdata.json (Range is Daily)
2026-07-20 20:41:04.201 Information Generate UserAskedData - Testing  into  (Range is Daily)
2026-07-20 20:41:04.201 Information DoAirLink / AirQualitySensor  = False / False
2026-07-20 20:41:04.201 Informat2026-07-20 20:41:04.329 Information PHP upload does not support compression
2026-07-20 20:41:04.329 Information UploadFile2026-07-20 20:41:04.335 Information PHP upload does not support compression
2026-07-20 20:41:04.335 Information UploadFile: Starting utils/maps.txt => maps.txt
2026-07-20 20:41:04.335 Information Upload File values: localfile: utils/maps.txt
2026-07-20 20:41:04.335 Information Upload File values: remotefile: maps.txt
2026-07-20 20:41:04.345 Information PHP Upload: starting u2026-07-20 20:41:04.414 Information InetPhp: maps.txt: Response code = 200: OK
2026-07-20 20:41:04.414 Information InetPhp2026-07-20 20:41:04.422 Information InetPhp: maps.txt: Response code = 200: OK
2026-07-20 20:41:04.422 Information InetPhp: maps.txt: Response text follows:
Opening text file maps.txt for replacement
Writing text file maps.txt
Write complete
2026-07-20 20:41:04.422 Information PHP UploadFile: Success
2026-07-20 20:41:04.422 Information UploadFile: Starting utils/systeminfoTable.txt => systeminfoTable.txt
2026-07-20 20:41:04.422 Information Upload File values: localfile: utils/systeminfoTable.txt
2026-07-20 20:41:04.422 Information Upload File values: remotefile: systeminfoTable.txt
2026-07-20 20:41:04.422 Information PHP Upload: starting utils/systeminfoTable.t2026-07-20 20:41:04.444 Information InetPhp: systeminfoTable.txt: Response code = 200: OK
2026-07-20 20:41:04.444 Informat2026-07-20 20:41:04.454 Information InetPhp: systeminfoTable.txt: Response code = 200: OK
2026-07-20 20:41:04.454 Information InetPhp: systeminfoTable.txt: Response text follows:
Opening text file systeminfoTable.txt for replacement
Writing text file systeminfoTable.txt
Write complete
2026-07-20 20:41:04.454 Information PHP UploadFile: Success
2026-07-20 20:41:04.454 All done, Entering the finally section...; Closing down.
2026-07-20 20:41:04.454 Disposing Isup...
2026-07-20 20:41:04.455 Disposing Sup...
