2026-07-20 16:01:01.641 Information According to Inifile Info => Error: True, Warning: True, Info: True, Verbose: False, 
2026-07-20 16:01:01.670 CumulusUtils Initial: Shutting down the default listener
2026-07-20 16:01:01.671 Information CumulusUtils Initial: Shutting down the default listener
2026-07-20 16:01:01.724  CUstrings[xx].ini : CUstringsEN.ini looked for.
2026-07-20 16:01:01.747  CumulusUtils version: 7.1.1 
2026-07-20 16:01:01.748  CuSupport constructor : Unit Wind (m/s, mph2026-07-20 16:01:01.750  CumulusUtils version: 7.1.1 
2026-07-20 16:01:01.751  CuSupport constructor2026-07-20 16:01:01.752  CuSupport constructor : Unit Rain (mm,in): mm
2026-07-20 16:01:01.753  CuSupport constructor : Unit T (C,F): °C
2026-07-20 16:01:01.753  CuSupport constructor : Unit Distance (m, mi, km, kn): mi
2026-07-20 16:01:01.753  CuSupport constructor : Unit Height (m, ft): ft
2026-07-20 16:01:01.770 InetSupport: Constructor starting
2026-07-20 16:01:01.838 CumulusUtils : ----------------------------
2026-07-20 16:01:01.838 CumulusUtils : Entering Main
2026-07-20 16:01:01.847 HelpTexts: starting
2026-07-20 16:01:01.892 Information HelpTexts Contructor: stop
2026-07-20 16:01:01.943 CommandLineArgs : starting
2026-07-20 16:01:01.943  CommandLineArgs : handling arg: sysinfo
2026-07-20 16:01:01.943  CommandLineArgs : handling arg: UserAskedData
2026-07-20 16:01:01.943  CommandLineArgs : handling arg: UserReports
2026-07-20 16:01:01.944 Dayfile: Reading the dayfile.txt...
2026-07-20 16:01:02.036 Information CumulusUtils : Read dayfile.txt succesfully - 928 records
2026-07-20 16:01:02.061 Information SystemStatus : starting
2026-07-20 16:01:02.092 Information GetUrlData Start: URL - http://localhost:8998/api/tags/process.json?version&build&ProgramUpTime&NewBuildAvailable&NewBuildNumber&CpuCount&CPUTemp 
2026-07-20 16:01:02.504 CumulusMX Version: 4.5.2 build 4105
2026-07-20 16:01:02.513 Information  SystemStatus: Found device 12 GW1000/Ecowitt Local API
2026-07-20 16:01:02.514 Information ReplaceWebtagsPostAsync start:
2026-07-20 16:01:02.516 Information  PostUrlData Start: http://localhost:8998/api/tags/process.txt 
2026-07-20 16:01:02.516 Information PostUrlData Calling PostAsync
2026-07-20 16:01:02.572 Information PostUrlData success response : OK - OK
2026-07-20 16:01:02.576 SystemStatus : DoingUnix
2026-07-20 16:01:02.578 Information SystemStatus : DoingUnix Start
2026-07-20 16:01:02.582 Information StartProcess cat /etc/os-release
2026-07-20 16:01:02.598 Information StartProcess cat: output=PRETTY_NAME="Debian GNU/Linux 12 (bookworm)"
2026-07-20 16:01:02.598 Information StartProcess cat: output=NAME="Debian GNU/Linux"
2026-07-20 16:01:02.598 Information StartProcess cat: output=VERSION_ID="12"
2026-07-20 16:01:02.598 Information StartProcess cat: output=VERSION="12 (bookworm)"
2026-07-20 16:01:02.598 Information StartProcess cat: output=VERSION_CODENAME=bookworm
2026-07-20 16:01:02.598 Information StartProcess cat: output=ID=debian
2026-07-20 16:01:02.598 Information StartProcess cat: output=HOME_URL="https://www.debian.org/"
2026-07-20 16:01:02.598 Information StartProcess cat: output=SUPPORT_URL="https://www.debian.org/support"
2026-07-20 16:01:02.598 Information StartProcess cat: output=BUG_REPORT_URL="https://bugs.debian.org/"
2026-07-20 16:01:02.603 Information Found Linux NAME: PRETTY_NAME="Debian GNU/Linux 12 (bookworm)"
2026-07-20 16:01:02.605 Information Using Linux dialect: Debian
2026-07-20 16:01:02.605 Information StartProcess uptime -p
2026-07-20 16:01:02.610 Information StartProcess uptime: output=up 3 weeks, 2 days, 20 hours, 27 minutes
2026-07-20 16:01:02.612 Information StartProcess lshw -quiet -class system
2026-07-20 16:01:02.615 Error System/Processor: Unknown (exception) - An error occurred trying to start process 'lshw' with working directory '/opt/CumulusMX'. No such file or directory
2026-07-20 16:01:02.615 Please install lshw (apt-get install lshw)
2026-07-20 16:01:02.615 Information StartProcess uname -s -r -m
2026-07-20 16:01:02.618 Information StartProcess uname: output=Linux 6.1.0-23-amd64 x86_64
2026-07-20 16:01:02.618 Information StartProcess lsb_release -a
2026-07-20 16:01:02.652 Information StartProcess lsb_release: output=Distributor ID:	Debian
2026-07-20 16:01:02.652 Information StartProcess lsb_release: output=Description:	Debian GNU/Linux 12 (bookworm)
2026-07-20 16:01:02.652 Information StartProcess lsb_release: output=Release:	12
2026-07-20 16:01:02.652 Information StartProcess lsb_release: output=Codename:	bookworm
2026-07-20 16:01:02.653 Information StartProcess dotnet --list-runtimes
2026-07-20 16:01:02.657 Information StartProcess dotnet: output=Microsoft.NETCore.App 8.0.8 [/usr/share/dotnet/shared/Microsoft.NETCore.App]
2026-07-20 16:01:02.659 Information StartProcess free -m
2026-07-20 16:01:02.669 Information StartProcess free: output=               total        used        free      shared  buff/cache   available
2026-07-20 16:01:02.669 Information StartProcess free: output=Mem:             960         370         414          29         351         590
2026-07-20 16:01:02.669 Information StartProcess free: output=Swap:            974          78         896
2026-07-20 16:01:02.670 Information StartProcess df -T -text4 -tvfat -h
2026-07-20 16:01:02.674 Information StartProcess df: output=Filesystem     Type  Size  Used Avail Use% Mounted on
2026-07-20 16:01:02.674 Information StartProcess df: output=/dev/sda1      ext4   31G  7.5G   22G  27% /
2026-07-20 16:01:02.679 USerReports: Starting
2026-07-20 16:01:02.690 Information MapsOn: Starting
2026-07-20 16:01:02.702 Information  MapsOn: Adding Station: Westlands
2026-07-20 16:01:02.714 Information MapsOn: Before testing DoneToday after parsing: 20/07/2026 10:31:03 
2026-07-20 16:01:02.714 Information DateIsToday for thisDate: 20/07/2026 10:31:03 | thisDate.DayOfYear: 201 versus Now.DayOfYear: 201)
2026-07-20 16:01:02.725 Information DateIsToday: thisSpan: 05:29:59.7148471 | thisSpan.TotalDays = 0.22916336628587963
2026-07-20 16:01:02.725 Information MapsOn: Must NOT send signature, has been done already : 2026-07-20T10:31:03
2026-07-20 16:01:02.725 Information Fetch Map: Fetching the generated map
2026-07-20 16:01:02.726 Information GetUrlData Start: URL - https://meteo-wagenborgen.nl/maps.txt 
2026-07-20 16:01:03.660 Information Main: <!--
 This file is generated as part of CumulusUti
2026-07-20 16:01:03.661 Info2026-07-20 16:01:03.669 Information Main: <!--
 This file is generated as part of CumulusUti
2026-07-20 16:01:032026-07-20 16:01:03.695 Information CustomLogs constructor: starting
2026-07-20 16:01:03.714 Information CustomLogs WebtagInfo constructor: number of defined Webtag Units: 400, everything OK2022026-07-20 16:01:03.720 Information Custom Logs constructor: stop
2026-07-20 16:01:03.745 DefineUsercharts: Parsing User charts definitions - starting
2026-07-20 16:01:03.747 Information 2026-07-20 16:01:03.753 DefineUsercharts: Parsing 2026-07-20 16:01:03.759 Information Parsing User Charts Definitions : Chart Temperature'
2026-07-20 16:01:03.759 Informat2026-07-20 16:01:03.770 Information Parsing User Charts Definitions : Chart Temperature'
2026-07-20 16:01:03.770 Information Parsing User Charts Definitions : Chart Wind'
2026-07-20 16:01:03.770 Information Parsing User Charts Definitions : Chart WindDirection'
2026-07-20 16:01:03.770 Information Parsing User Charts Definitions : Chart Rain'
2026-07-20 16:01:03.770 Information Parsing User Charts Definitions : Chart Humidity'
2026-07-20 16:01:03.770 Information Parsing User Charts Definitions : Chart Solar'
2026-07-20 16:01:03.771 Information Parsing User Charts Definitions : Chart DailyTemp'
2026-07-20 16:01:03.771 Information Parsing User Charts Definitions : Chart DailyP2026-07-20 16:01:03.787 Generating Compiler UserAskedData: Starting
2026-07-20 16:01:03.793 Information GenerateUserAsked2026-07-20 16:01:03.797 Generating Compiler UserAskedData: Starting
2026-07-20 16:01:03.798 Information GenerateUserAskedData: timeStart = 20/07/2026 15:52:00; ti2026-07-20 16:01:03.801 ReadPartialMonthlyLogs: Starting.
2026-07-20 16:01:03.806 Information ReadPartialMonthlyLogs: reading 202607log.txt
2026-07-20 16:01:04.100 Information ReadMonthlyLogs: End
2026-07-20 16:01:04.111 Information Generate UserAskedData: Done2026-07-20 16:01:04.114 Information ReadMonthlyLogs: End
2026-07-20 16:01:04.129 Information Generate UserAskedData: DoneToday = 19/07/2026 19:01:04.
2026-07-20 16:01:04.129 Information DateIsToday for thisDate: 19/07/2026 19:01:04 | thisDate.DayOfYear: 200 versus Now.DayOfYear: 201)
2026-07-20 16:01:04.129 Information DateIsToday: thisSpan: 21:00:00.1296988 | thisSpan.TotalDays = 0.8750015011435185
2026-07-20 16:01:04.129 Information Generate UserAskedData: Must NOT generate the ALL Range.
2026-07-20 16:01:04.129 Information Generate UserAskedData - Loop over Chart: Overview)
2026-07-20 16:01:04.131 Information Generate UserAskedData - Testing temp into tempdata.json (Range is Recent)
2026-07-20 16:01:04.131 Information Generate UserAskedData - Testing dew into tempdata.json (Range is Recent)
2026-07-20 16:01:04.131 Information Generate UserAskedData - Testing press into pressdata.json (Range is Recent)
2026-07-20 16:01:04.131 Information Generate UserAskedData - Testing hum into humdata.json (Range is Recent)
2026-07-20 16:01:04.131 Information Generate UserAskedData - Testing SolarRad into solardata.json (Range is Recent)
2026-07-20 16:01:04.131 Information Generate UserAskedData - Testing rfall into raindata.json (Range is Recent)
2026-07-20 16:01:04.131 Information Generate UserAskedData - Loop over Chart: Temperature)
2026-07-20 16:01:04.131 Information Generate UserAskedData - Testing intemp into tempdata.json (Range is Recent)
2026-07-20 16:01:04.131 Information Generate UserAskedData - Testing temp into tempdata.json (Range is Recent)
2026-07-20 16:01:04.131 Information Generate UserAskedData - Testing feelslike into tempdata.json (Range is Recent)
2026-07-20 16:01:04.131 Information Generate UserAskedData - Testing dew into tempdata.json (Range is Recent)
2026-07-20 16:01:04.131 Information Generate UserAskedData - Loop over Chart: Wind)
2026-07-20 16:01:04.131 Information Generate UserAskedData - Testing wgust into winddata.json (Range is Recent)
2026-07-20 16:01:04.131 Information Generate UserAskedData - Testing wspeed into winddata.json (Range is Recent)
2026-07-20 16:01:04.131 Information Generate UserAskedData - Loop over Chart: WindDirection)
2026-07-20 16:01:04.131 Information Generate UserAskedData - Testing bearing into wdirdata.json (Range is Recent)
2026-07-20 16:01:04.131 Information Generate UserAskedData - Testing avgbearing into wdirdata.json (Range is Recent)
2026-07-20 16:01:04.131 Information Generate UserAskedData - Loop over Chart: Rain)
2026-07-20 16:01:04.131 Information Generate UserAskedData - Testing rfall into raindata.json (Range is Recent)
2026-07-20 16:01:04.131 Information Generate UserAskedData - Testing rrate into raindata.json (Range is Recent)
2026-07-20 16:01:04.131 Information Generate UserAskedData - Loop over Chart: Humidity)
2026-07-20 16:01:04.131 Information Generate UserAskedData - Testing hum into humdata.json (Range is Recent)
2026-07-20 16:01:04.131 Information Generate UserAskedData - Testing inhum into humdata.json (Range is Recent)
2026-07-20 16:01:04.131 Information Generate UserAskedData - Loop over Chart: Solar)
2026-07-20 16:01:04.132 Information Generate UserAskedData - Testing UV into solardata.json (Range is Recent)
2026-07-20 16:01:04.132 Information Generate UserAskedData - Testing SolarRad into solardata.json (Range is Recent)
2026-07-20 16:01:04.132 Information Generate UserAskedData - Testing CurrentSolarMax into solardata.json (Range is Recent)
2026-07-20 16:01:04.132 Information Generate UserAskedData - Loop over Chart: DailyTemp)
2026-07-20 16:01:04.132 Information Generate UserAskedData - Testing avgTemp into alldailytempdata.json (Range is Daily)
2026-07-20 16:01:04.132 Information Generate UserAskedData - Testing avgTemp into alldailytempdata.json (Range is Daily)
2026-07-20 16:01:04.132 Information Generate UserAskedData - Loop over Chart: DailyPressure)
2026-07-20 16:01:04.132 Information Generate UserAskedData - Testing minBaro into alldailypressdata.json (Range is Daily)
2026-07-20 16:01:04.132 Information Generate UserAskedData - Testing  into  (Range is Daily)
2026-07-20 16:01:04.132 Information DoAirLink / AirQualitySensor  = False / False
2026-07-20 16:01:04.132 Informat2026-07-20 16:01:04.259 Information PHP upload does not support compression
2026-07-20 16:01:04.259 Information UploadFile2026-07-20 16:01:04.272 Information PHP upload does not support compression
2026-07-20 16:01:04.273 Information UploadFile: Starting utils/maps.txt => maps.txt
2026-07-20 16:01:04.273 Information Upload File values: localfile: utils/maps.txt
2026-07-20 16:01:04.273 Information Upload File values: remotefile: maps.txt
2026-07-20 16:01:04.278 Information PHP Upload: starting u2026-07-20 16:01:04.345 Information InetPhp: maps.txt: Response code = 200: OK
2026-07-20 16:01:04.345 Information InetPhp2026-07-20 16:01:04.355 Information InetPhp: maps.txt: Response code = 200: OK
2026-07-20 16:01:04.355 Information InetPhp: maps.txt: Response text follows:
Opening text file maps.txt for replacement
Writing text file maps.txt
Write complete
2026-07-20 16:01:04.356 Information PHP UploadFile: Success
2026-07-20 16:01:04.356 Information UploadFile: Starting utils/systeminfoTable.txt => systeminfoTable.txt
2026-07-20 16:01:04.356 Information Upload File values: localfile: utils/systeminfoTable.txt
2026-07-20 16:01:04.356 Information Upload File values: remotefile: systeminfoTable.txt
2026-07-20 16:01:04.356 Information PHP Upload: starting utils/systeminfoTable.t2026-07-20 16:01:04.376 Information InetPhp: systeminfoTable.txt: Response code = 200: OK
2026-07-20 16:01:04.376 Informat2026-07-20 16:01:04.386 Information InetPhp: systeminfoTable.txt: Response code = 200: OK
2026-07-20 16:01:04.386 Information InetPhp: systeminfoTable.txt: Response text follows:
Opening text file systeminfoTable.txt for replacement
Writing text file systeminfoTable.txt
Write complete
2026-07-20 16:01:04.386 Information PHP UploadFile: Success
2026-07-20 16:01:04.386 All done, Entering the finally section...; Closing down.
2026-07-20 16:01:04.386 Disposing Isup...
2026-07-20 16:01:04.386 Disposing Sup...
