2026-07-20 16:11:01.974 Information According to Inifile Info => Error: True, Warning: True, Info: True, Verbose: False, 
2026-07-20 16:11:02.013 CumulusUtils Initial: Shutting down the default listener
2026-07-20 16:11:02.014 Information Cumul2026-07-20 16:11:02.012 CumulusUtils Initial: Shutti2026-07-20 16:11:02.065  CUstrings[xx].ini : CUstringsEN.ini looked for.
2026-07-20 16:11:02.094  CumulusUtils version: 7.1.1 
2026-07-20 16:11:02.094  CuSupport constructor : Unit Wind (m/s, mph, km/h, kts): mph
2026-07-20 16:11:02.095  CuSupport constructor : Unit Pressure (mb,hPa,inHg): hPa
2026-07-20 16:11:02.095  CuSupport constructor : Unit Rain (mm,in): mm
2026-07-20 16:11:02.096  CuSupport constructor : Unit T (C,F): °C
2026-07-20 16:11:02.096  CuSupport constructor : Unit Distance (m, mi, km, kn): mi
2026-07-20 16:11:02.100  CuSupport constructor : Unit Height (m, ft): ft
2026-07-20 16:11:02.108 InetSupport: Constructor starting
2026-07-20 16:11:02.171 CumulusUtils : ----------------------------
2026-07-20 16:11:02.171 CumulusUtils : Entering Main
22026-07-20 16:11:02.182 CumulusUtils : ----2026-07-20 16:11:02.222 Information HelpTexts Contructor: stop
2026-07-20 16:11:02.267 CommandLineArgs : starting
2026-07-20 16:11:02.267  CommandLineArgs : handling arg: sysinfo
2026-02026-07-20 16:11:02.285 CommandLineArgs : starting
2026-07-20 16:11:02.285  CommandLineArgs : handling arg: sysinfo
2026-07-20 16:11:02.285  CommandLineArgs : handling arg: UserAskedData
2026-072026-07-20 16:11:02.355 Information CumulusUtils : Read dayfile.txt succesfully - 928 records
2026-07-20 16:11:02.385 Information SystemStatus : starting
2026-07-20 16:11:02.412 Information GetUrlData Start: URL - http://localhost:8998/api/tags/process.json?version&build&Prog2026-07-20 16:11:02.430 Information GetUrlData Start: URL - h2026-07-20 16:11:02.834 CumulusMX Version: 4.5.2 build 4105
2026-07-20 16:11:02.846 Information  SystemStatus: Found devic2026-07-20 16:11:02.850 CumulusMX Version: 4.5.2 build 4105
2026-07-20 16:11:02.858 Information  SystemStatus: Found device 12 GW1000/Ecowitt Local API
2026-07-20 16:11:02.859 Information ReplaceWebtagsPostAsync start:
2026-07-20 16:11:02.866 Information  PostUrl2026-07-20 16:11:02.891 Information PostUrlData success response : OK - OK
2026-07-20 16:11:02.903 SystemStatus : DoingUni2026-07-20 16:11:02.921 Information PostUrlData success response : OK - OK
2026-07-20 16:11:02.924 SystemStatus : DoingUnix
2026-07-20 16:11:02.930 Information SystemStatus : DoingUnix Start
2026-07-20 16:11:02.935 Information StartProcess cat /etc/os-release
2026-07-20 16:11:02.950 Information StartProcess cat: output=PRETTY_NAME="Debian GNU/Linux 12 (bookworm)"
2026-07-20 16:11:02.950 Information StartProcess cat: output=NAME="Debian GNU/Linux"
2026-07-20 16:11:02.950 Information StartProcess cat: output=VERSION_ID="12"
2026-07-20 16:11:02.950 Information StartProcess cat: output=VERSION="12 (bookworm)"
2026-07-20 16:11:02.950 Information StartProcess cat: output=VERSION_CODENAME=bookworm
2026-07-20 16:11:02.950 Information StartProcess cat: output=ID=debian
2026-07-20 16:11:02.950 Information StartProcess cat: output=HOME_URL="https://www.debian.org/"
2026-07-20 16:11:02.950 Information StartProcess cat: output=SUPPORT_URL="https://www.debian.org/support"
2026-07-20 16:11:02.950 Information StartProcess cat: output=BUG_REPORT_URL="https://bugs.debian.org/"
2026-07-20 16:11:02.951 Information Found Linux NAME: PRETTY_NAME="Debian GNU/Linux 12 (bookworm)"
2026-07-20 16:11:02.952 Information Using Linux dialect: Debian
2026-07-20 16:11:02.953 Information StartProcess uptime -p
2026-07-20 16:11:02.956 Information StartProcess uptime: output=up 3 weeks, 2 days, 20 hours, 37 minutes
2026-07-20 16:11:02.956 Information StartProcess lshw -quiet -class system
2026-07-20 16:11:02.959 Error System/Processor: Unknown (exception) - An error occurred trying to start process 'lshw' with working directory '/opt/CumulusMX'. No such file or directory
2026-07-20 16:11:02.959 Please install lshw (apt-get install lshw)
2026-07-20 16:11:02.959 Information StartProcess uname -s -r -m
2026-07-20 16:11:02.962 Informati2026-07-20 16:11:02.987 Information StartProcess lsb_release: output=Distributor ID:	Debian
2026-07-20 16:11:02.987 Inform2026-07-20 16:11:02.993 Information StartProcess lsb_release: output=Distributor ID:	Debian
2026-07-20 16:11:02.993 Information StartProcess lsb_release: output=Description:	Debian GNU/Linux 12 (bookworm)
2026-07-20 16:11:02.993 Information StartProcess lsb_release: output=Release:	12
2026-07-20 16:11:02.993 Information St2026-07-20 16:11:02.994 Information StartProcess dotnet: output=Microsoft.NETCore.App 8.0.8 [/usr/share/dotnet/shared/Micr2026-07-20 16:11:03.000 Information StartProcess dotnet: output=Microsoft.NE2026-07-20 16:11:03.002 Information StartProcess free: output=   2026-07-20 16:11:03.003 Information StartProcess free -m
2026-07-20 16:11:03.006 Information StartProcess free: output=               total        used        free      shared  buff/cache   available
2026-07-20 16:11:03.006 Information StartProcess free: output=Mem:             960         369         415          29         351         591
2026-07-20 16:11:03.006 Information StartProcess free: ou2026-07-20 16:11:03.008 Information StartProcess d2026-07-20 16:11:03.008 Information StartProcess df -T -text4 -tvfat -h
2026-07-20 16:11:03.014 Information StartProcess df: output=Filesystem     Type  Size  Used Avail Use% Mounted on
2026-07-20 16:11:03.014 Infor2026-07-20 16:11:03.029 Information MapsOn: Starting
2026-07-20 16:11:03.035 Information  MapsOn: Adding Station: Westlands
2026-07-20 16:11:03.057 Information MapsOn: Before testing DoneToday after parsing: 20/07/2026 10:31:03 
2026-07-20 16:11:03.058 Information DateIsToday for thisDate: 20/07/2026 10:31:03 | thisDate.DayOfYear: 201 versus Now.DayOfYear: 201)
2026-07-20 16:11:03.067 Information DateIsToday: thisSpan: 05:40:00.0580147 | thisSpan.TotalDays = 0.2361117825775463
20262026-07-20 16:11:03.070 Information DateIsToday: thisSpan: 05:40:00.0551608 | thisSpan.TotalDays = 0.2361117495462963
2026-07-20 16:11:03.070 Information MapsOn: Must NOT send signature, has been done already : 2026-07-20T10:31:03
2026-07-20 16:11:03.070 Information Fetch Map: Fetc2026-07-20 16:11:04.008 Information Main: <!--
 This file is generated as part of CumulusUti
2026-07-20 16:11:04.009 Information UserAskedData Starting...
2026-07-20 16:11:04.009 Information UserAskedData Doing the compiler stuff...
2026-07-20 16:11:04.038 Information CustomLogs constructor: starting
2026-07-20 16:11:04.060 Information CustomLogs WebtagInfo constructor: number of defined Webtag Units: 400, everything OK. 
2026-07-20 16:11:04.061 Information Custom Logs constructor: stop
2026-07-20 16:11:04.082 DefineUsercharts: Parsing User charts definitions - starting
2026-07-20 16:11:04.082 Information Parsing User Charts Definitions : Chart Overview'
2026-07-20 16:11:04.099 Information Parsing User Charts Definitions : Chart Temperature'
2026-07-20 16:11:04.099 Information Parsing User Charts Definitions : Chart Wind'
2026-07-20 16:11:04.099 Information Parsing User Charts Definitions : Chart WindDirection'
2026-07-20 16:11:04.099 Information Parsing User Charts Definitions : Chart Rain'
2026-07-20 16:11:04.099 Information Parsing User Charts Definitions : Chart Humidity'
2026-07-20 16:11:04.099 Information Parsing User Charts Definitions : Chart Solar'
2026-07-20 16:11:04.099 Information Parsing User Charts Definitions : Chart DailyTemp'
2026-07-20 16:11:04.099 Information Parsing User Charts Definitions : Chart DailyPressure'
2026-07-20 16:11:04.106 Information Parsing User Charts: Evaluating Expression '(MinBarometer+MaxBarometer)/2'.
2026-07-20 16:11:04.127 Generating Compiler UserAskedData: Starting
2026-07-20 16:11:04.133 Information GenerateUserAskedData: timeStart = 20/07/2026 16:02:00; timeEnd = 20/07/2026 16:11:00
2026-07-20 16:11:04.134 Monthfile constructor: Using fixed path: | data/ |; file: | *log.txt
2026-07-20 16:11:04.136 ReadPartialMonthlyLogs: Starting.
2026-07-20 16:11:04.140 Information ReadPartialMonthlyLogs: reading 202607log.txt
2026-07-20 16:11:04.434 Information ReadMonthlyLogs: End
2026-07-20 16:11:04.446 Information Generate UserAskedData: DoneToday = 19/07/2026 19:01:04.
2026-07-20 16:11:04.446 Information DateIsToday for thisDate: 19/07/2026 19:01:04 | thisDate.DayOfYear: 200 versus Now.DayOfYear: 201)
2026-07-20 16:11:04.446 Information DateIsToday: thisSpan: 21:10:00.4463123 | thisSpan.TotalDays = 0.8819496100960648
2026-07-20 16:11:04.446 Information Generate UserAskedData: Must NOT generate the ALL Range.
2026-07-20 16:11:04.446 Information Generate UserAskedData - Loop over Chart: Overview)
2026-07-20 16:11:04.447 Information Generate UserAskedData - Testing temp into tempdata.json (Range is Recent)
2026-07-20 16:11:04.447 Information Generate UserAskedData - Testing dew into tempdata.json (Range is Recent)
2026-07-20 16:11:04.447 Information Generate UserAskedData - Testing press into pressdata.json (Range is Recent)
2026-07-20 16:11:04.447 Information Generate UserAskedData - Testing hum into humdata.json (Range is Recent)
2026-07-20 16:11:04.447 Information Generate UserAskedData - Testing SolarRad into solardata.json (Range is Recent)
2026-07-20 16:11:04.447 Information Generate UserAskedData - Testing rfall into raindata.json (Range is Recent)
2026-07-20 16:11:04.447 Information Generate UserAskedData - Loop over Chart: Temperature)
2026-07-20 16:11:04.447 Information Generate UserAskedData - Testing intemp into tempdata.json (Range is Recent)
2026-07-20 16:11:04.447 Information Generate UserAskedData - Testing temp into tempdata.json (Range is Recent)
2026-07-20 16:11:04.447 Information Generate UserAskedData - Testing feelslike into tempdata.json (Range is Recent)
2026-07-20 16:11:04.447 Information Generate UserAskedData - Testing dew into tempdata.json (Range is Recent)
2026-07-20 16:11:04.447 Information Generate UserAskedData - Loop over Chart: Wind)
2026-07-20 16:11:04.447 Information Generate UserAskedData - Testing wgust into winddata.json (Range is Recent)
2026-07-20 16:11:04.447 Information Generate UserAskedData - Testing wspeed into winddata.json (Range is Recent)
2026-07-20 16:11:04.447 Information Generate UserAskedData - Loop over Chart: WindDirection)
2026-07-20 16:11:04.447 Information Generate UserAskedData - Testing bearing into wdirdata.json (Range is Recent)
2026-07-20 16:11:04.447 Information Generate UserAskedData - Testing avgbearing into wdirdata.json (Range is Recent)
2026-07-20 16:11:04.447 Information Generate UserAskedData - Loop over Chart: Rain)
2026-07-20 16:11:04.447 Information Generate UserAskedData - Testing rfall into raindata.json (Range is Recent)
2026-07-20 16:11:04.447 Information Generate UserAskedData - Testing rrate into raindata.json (Range is Recent)
2026-07-20 16:11:04.447 Information Generate UserAskedData - Loop over Chart: Humidity)
2026-07-20 16:11:04.447 Information Generate UserAskedData - Testing hum into humdata.json (Range is Recent)
2026-07-20 16:11:04.447 Information Generate UserAskedData - Testing inhum into humdata.json (Range is Recent)
2026-07-20 16:11:04.447 Information Generate UserAskedData - Loop over Chart: Solar)
2026-07-20 16:11:04.447 Information Generate UserAskedData - Testing UV into solardata.json (Range is Recent)
2026-07-20 16:11:04.447 Information Generate UserAskedData - Testing SolarRad into solardata.json (Range is Recent)
2026-07-20 16:11:04.447 Information Generate UserAskedData - Testing CurrentSolarMax into solardata.json (Range is Recent)
2026-07-20 16:11:04.447 Information Generate UserAskedData - Loop over Chart: DailyTemp)
2026-07-20 16:11:04.447 Information Generate UserAskedData - Testing avgTemp into alldailytempdata.json (Range is Daily)
2026-07-20 16:11:04.447 Information Generate UserAskedData - Testing avgTemp into alldailytempdata.json (Range is Daily)
2026-07-20 16:11:04.447 Information Generate UserAskedData - Loop over Chart: DailyPressure)
2026-07-20 16:11:04.447 Information Generate UserAskedData - Testing minBaro into alldailypressdata.json (Range is Daily)
2026-07-20 16:11:04.447 Information Generate UserAskedData - Testing  into  (Range is Daily)
2026-07-20 16:11:04.447 Information DoAirLink / AirQualitySensor  = False / False
2026-07-20 16:11:04.448 Information Uploading = maps.txt
2026-07-20 16:11:04.453 Testing PHP upload compression on https://jpickles.com/cutils/upload.php
2026-07-20 16:11:04.583 Information PHP upload does not support compression
2026-07-20 16:11:04.584 Information UploadFile: Starting utils/maps.txt => maps.txt
2026-07-20 16:11:04.584 Information Upload File values: localfile: utils/maps.txt
2026-07-20 16:11:04.584 Information Upload File values: remotefile: maps.txt
2026-07-20 16:11:04.587 Information PHP Upload: starting utils/maps.txt
2026-07-20 16:11:04.588 Information Incremental = False; filename = maps.txt; ext = .txt; HoursInGraph = 72
2026-07-20 16:11:04.663 Information InetPhp: maps.txt: Response code = 200: OK
2026-07-20 16:11:04.663 Information InetPhp: maps.txt: Response text follows:
Opening text file maps.txt for replacement
Writing text file maps.txt
Write complete
2026-07-20 16:11:04.663 Information PHP UploadFile: Success
2026-07-20 16:11:04.663 Information UploadFile: Starting utils/systeminfoTable.txt => systeminfoTable.txt
2026-07-20 16:11:04.663 Information Upload File values: localfile: utils/systeminfoTable.txt
2026-07-20 16:11:04.663 Information Upload File values: remotefile: systeminfoTable.txt
2026-07-20 16:11:04.663 Information PHP Upload: starting utils/systeminfoTable.txt
2026-07-20 16:11:04.663 Information Incremental = False; filename = systeminfoTable.txt; ext = .txt; HoursInGraph = 72
2026-07-20 16:11:04.695 Information InetPhp: systeminfoTable.txt: Response code = 200: OK
2026-07-20 16:11:04.695 Information InetPhp: systeminfoTable.txt: Response text follows:
Opening text file systeminfoTable.txt for replacement
Writing text file systeminfoTable.txt
Write complete
2026-07-20 16:11:04.695 Information PHP UploadFile: Success
2026-07-20 16:11:04.695 All done, Entering the finally section...; Closing down.
2026-07-20 16:11:04.695 Disposing Isup...
2026-07-20 16:11:04.695 Disposing Sup...
 the finally section...; Closing down.
2026-07-20 16:11:04.686 Disposing Isup...
2026-07-20 16:11:04.687 Disposing Sup...
