2026-07-22 00:01:01.705 Information According to Inifile Info => Error: True, Warning: True, Info: True, Verbose: False, 
2026-07-22 00:01:01.731 CumulusUtils Initial: Shutting down the default listener
2026-07-22 00:01:01.732 Information Cumul2026-07-22 00:01:01.734 CumulusUtils Initial: Shutti2026-07-22 00:01:01.801  CUstrings[xx].ini : CUstringsEN.ini looked for.
2026-07-22 00:01:01.827  CumulusUtils version: 7.1.1 
2026-07-22 00:01:01.827  CuSupport constructor : Unit Wind (m/s, mph, km/h, kts): mph
2026-07-22 00:01:01.827  CuSupport constructor : Unit Pressure (mb,hPa,inHg): hPa
2026-07-22 00:01:01.827  CuSupport constructor : Unit Rain (mm,in): mm
2026-07-22 00:01:01.828  CuSupport constructor : Unit T (C,F): °C
2026-07-22 00:01:01.828  CuSupport constructor : Unit Distance (m, mi, km, kn): mi
2026-07-22 00:01:01.829  CuSupport constructor : Unit Height (m, ft): ft
2026-07-22 00:01:01.846 InetSupport: Constructor starting
2026-07-22 00:01:01.906 CumulusUtils : ----------------------------
2026-07-22 00:01:01.906 CumulusUtils : Entering Main
2026-07-22 00:01:01.915 HelpTexts: starting
2026-07-22 00:01:01.951 Information HelpTexts Contructor: stop
2026-07-22 00:01:01.999 CommandLineArgs : starting
2026-07-22 00:01:01.999  CommandLineArgs : handling arg: sysinfo
2026-07-22 00:01:01.999  CommandLineArgs : handling arg: UserAskedData
2026-07-22 00:01:01.999  CommandLineArgs : handling arg: UserReports
2026-07-22 00:01:02.004 Dayfile: Reading the dayfile.txt...
2026-07-22 00:01:02.086 Information CumulusUtils : Read dayfile.txt succesfully - 930 records
2026-07-22 00:01:02.114 Information SystemStatus : starting
2026-07-22 00:01:02.148 Information GetUrlData Start: URL - http://localhost:8998/api/tags/process.json?version&build&ProgramUpTime&NewBuildAvailable&NewBuildNumber&CpuCount&CPUTemp 
2026-07-22 00:01:02.546 CumulusMX Version: 4.5.2 build 4105
2026-07-22 00:01:02.555 Information  SystemStatus: Found device 12 GW1000/Ecowitt Local API
2026-07-22 00:01:02.556 Information ReplaceWebtagsPostAsync start:
2026-07-22 00:01:02.560 Information  PostUrlData Start: http://localhost:8998/api/tags/process.txt 
2026-07-22 00:01:02.560 Information PostUrlData Calling PostAsync
2026-07-22 00:01:02.604 Information PostUrlData success response : OK - OK
2026-07-22 00:01:02.609 SystemStatus : DoingUnix
2026-07-22 00:01:02.611 Information SystemStatus : DoingUnix Start
2026-07-22 00:01:02.615 Information StartProcess cat /etc/os-release
2026-07-22 00:01:02.634 Information StartProcess cat: output=PRETTY_NAME="Debian GNU/Linux 12 (bookworm)"
2026-07-22 00:01:02.634 Information StartProcess cat: output=NAME="Debian GNU/Linux"
2026-07-22 00:01:02.634 Information StartProcess cat: output=VERSION_ID="12"
2026-07-22 00:01:02.634 Information StartProcess cat: output=VERSION="12 (bookworm)"
2026-07-22 00:01:02.634 Information StartProcess cat: output=VERSION_CODENAME=bookworm
2026-07-22 00:01:02.634 Information StartProcess cat: output=ID=debian
2026-07-22 00:01:02.634 Information StartProcess cat: output=HOME_URL="https://www.debian.org/"
2026-07-22 00:01:02.634 Information StartProcess cat: output=SUPPORT_URL="https://www.debian.org/support"
2026-07-22 00:01:02.634 Information StartProcess cat: output=BUG_REPORT_URL="https://bugs.debian.org/"
2026-07-22 00:01:02.635 Information Found Linux NAME: PRETTY_NAME="Debian GNU/Linux 12 (bookworm)"
2026-07-22 00:01:02.636 Information Using Linux dialect: Debian
2026-07-22 00:01:02.636 Information StartProcess uptime -p
2026-07-22 00:01:02.640 Information StartProcess uptime: output=up 3 weeks, 4 days, 4 hours, 27 minutes
2026-07-22 00:01:02.641 Information StartProcess lshw -quiet -class system
2026-07-22 00:01:02.646 Error System/Processor: Unknown (exception) - An error occurred trying to start process 'lshw' with working directory '/opt/CumulusMX'. No such file or directory
2026-07-22 00:01:02.646 Please install lshw (apt-get install lshw)
2026-07-22 00:01:02.646 Information StartProcess uname -s -r -m
2026-07-22 00:01:02.648 Information StartProcess uname: output=Linux 6.1.0-23-amd64 x86_64
2026-07-22 00:01:02.649 Information StartProcess lsb_release -a
2026-07-22 00:01:02.684 Information StartProcess lsb_release: output=Distributor ID:	Debian
2026-07-22 00:01:02.684 Information StartProcess lsb_release: output=Description:	Debian GNU/Linux 12 (bookworm)
2026-07-22 00:01:02.684 Information StartProcess lsb_release: output=Release:	12
2026-07-22 00:01:02.684 Information StartProcess lsb_release: output=Codename:	bookworm
2026-07-22 00:01:02.684 Information StartProcess dotnet --list-runtimes
2026-07-22 00:01:02.693 Information StartProcess dotnet: output=Microsoft.NETCore.App 8.0.8 [/usr/share/dotnet/shared/Microsoft.NETCore.App]
2026-07-22 00:01:02.693 Information StartProcess free -m
2026-07-22 00:01:02.700 Information StartProcess free: output=               total        used        free      shared  bu2026-07-22 00:01:02.700 Information StartProcess free: output=               total        used        free      shared  buff/cache   available
2026-07-22 00:01:02.700 Information StartProcess free: output=Mem:             960         371         356          32         42026-07-22 00:01:02.701 Information StartProcess df -T -text4 -tvfat -h
2026-07-22 00:01:02.710 Information StartProcess df: output=Filesystem     Type  Size  Used Avail Use% Mounted on
2026-07-22 00:01:02.710 Information StartProcess df: output=/dev/sda1      ext4   31G  7.6G   22G  27% /
2026-07-22 00:01:02.716 USerReports: Starting
2026-07-22 00:01:02.727 Information MapsOn: Starting
2026-07-22 00:01:02.735 Information  MapsOn: Adding Station: Westlands
2026-07-22 00:01:02.756 Information MapsOn: Before testing DoneToday after parsing: 21/07/2026 10:31:03 
2026-07-22 00:01:02.756 Information DateIsToday for thisDate: 21/07/2026 10:31:03 | thisDate.DayOfYear: 202 versus Now.DayOfYear: 203)
2026-07-22 00:01:02.766 Information DateIsToday: thisSpan: 13:29:59.7569130 | thisSpan.TotalDays = 0.5624971864930556
2026-07-22 00:01:02.767 Information MapsOn: Must NOT send signature, has been done already : 2026-07-21T10:31:03
2026-07-22 00:01:02.767 Information Fetch Map: Fetching the generated map
2026-07-22 00:01:02.767 Information GetUrlData Start: URL - https://meteo-wagenborgen.nl/maps.txt 
2026-07-22 00:01:03.688 Information Main: <!--
 This file is generated as part of CumulusUti
2026-07-22 00:01:03.689 Info2026-07-22 00:01:03.716 Information Main: <!--
 This file is generated as part of CumulusUti
2026-07-22 00:01:03.717 Information UserAskedData Starting...
2026-07-22 00:01:03.717 In2026-07-22 00:01:03.736 Information CustomLogs Webta2026-07-22 00:01:03.745 Information CustomLogs constructor: starting
2026-07-22 00:01:03.766 Information CustomLogs WebtagInfo constructor: number of defined Webtag Units: 400, everything OK. 
2026-07-22 00:01:03.767 Information Custom Logs constructor: stop
2026-07-22 00:01:03.792 DefineUsercharts: Parsing User charts definitions - starting
2026-07-22 00:01:03.792 Information Parsing User Charts Definitions : Chart Overview'
2026-07-22 00:01:03.813 Information Parsing User Charts Definitions : Chart Temperature'
2026-07-22 00:01:03.813 Information Parsing User Charts Definitions : Chart Wind'
2026-07-22 00:01:03.813 Information Parsing User Charts Definitions : Chart WindDirection'
2026-07-22 00:01:03.813 Information Parsing User Charts Definitions : Chart Rain'
2026-07-22 00:01:03.813 Information Parsing User Charts Definitions : Chart Humidity'
2026-07-22 00:01:03.813 Information Parsing User Charts Definitions : Chart Solar'
2026-07-22 00:01:03.813 Information Parsing User Charts Definitions : Chart DailyTemp'
2026-07-22 00:01:03.813 Information Parsing User Charts Definitions : Chart DailyPressure'
2026-07-22 00:01:03.816 Information Parsing User Charts: Evaluating Expression '(MinBarometer+MaxBarometer)/2'.
2026-07-22 00:01:03.838 Generating Compiler UserAskedData: Starting
2026-07-22 00:01:03.839 Information GenerateUserAskedData: timeStart = 21/07/2026 23:52:00; timeEnd = 22/07/2026 00:01:00
2026-07-22 00:01:03.840 Monthfile constructor: Using fixed path: | data/ |; file: | *log.txt
2026-07-22 00:01:032026-07-22 00:01:04.145 Information ReadMonthlyLogs: End
2026-07-22 00:01:04.160 Information Generate UserAskedData: Done2026-07-22 00:01:04.174 Information ReadMonthlyLogs: End
2026-07-22 00:01:04.184 Information Generate UserAskedData: DoneToday = 21/07/2026 19:11:04.
2026-07-22 00:01:04.184 Information DateIsToday for thisDate: 21/07/2026 19:11:04 | thisDate.DayOfYear: 202 versus Now.DayOfYear: 203)
2026-07-22 00:01:04.185 Information DateIsToday: thisSpan: 04:50:00.1848890 | thisSpan.TotalDays = 0.20139102880787038
2026-07-22 00:01:04.185 Information Generate UserAskedData: Must NOT generate the ALL Range.
2026-07-22 00:01:04.185 Information Generate UserAskedData - Loop over Chart: Overview)
2026-07-22 00:01:04.185 Information Generate UserAskedData - Testing temp into tempdata.json (Range is Recent)
2026-07-22 00:01:04.186 Information Generate UserAskedData - Testing dew into tempdata.json (Range is Recent)
2026-07-22 00:01:04.186 Information Generate UserAskedData - Testing press into pressdata.json (Range is Recent)
2026-07-22 00:01:04.186 Information Generate UserAskedData - Testing hum into humdata.json (Range is Recent)
2026-07-22 00:01:04.186 Information Generate UserAskedData - Testing SolarRad into solardata.json (Range is Recent)
2026-07-22 00:01:04.186 Information Generate UserAskedData - Testing rfall into raindata.json (Range is Recent)
2026-07-22 00:01:04.186 Information Generate UserAskedData - Loop over Chart: Temperature)
2026-07-22 00:01:04.186 Information Generate UserAskedData - Testing intemp into tempdata.json (Range is Recent)
2026-07-22 00:01:04.186 Information Generate UserAskedData - Testing temp into tempdata.json (Range is Recent)
2026-07-22 00:01:04.186 Information Generate UserAskedData - Testing feelslike into tempdata.json (Range is Recent)
2026-07-22 00:01:04.186 Information Generate UserAskedData - Testing dew into tempdata.json (Range is Recent)
2026-07-22 00:01:04.186 Information Generate UserAskedData - Loop over Chart: Wind)
2026-07-22 00:01:04.186 Information Generate UserAskedData - Testing wgust into winddata.json (Range is Recent)
2026-07-22 00:01:04.186 Information Generate UserAskedData - Testing wspeed into winddata.json (Range is Recent)
2026-07-22 00:01:04.186 Information Generate UserAskedData - Loop over Chart: WindDirection)
2026-07-22 00:01:04.186 Information Generate UserAskedData - Testing bearing into wdirdata.json (Range is Recent)
2026-07-22 00:01:04.186 Information Generate UserAskedData - Testing avgbearing into wdirdata.json (Range is Recent)
2026-07-22 00:01:04.186 Information Generate UserAskedData - Loop over Chart: Rain)
2026-07-22 00:01:04.186 Information Generate UserAskedData - Testing rfall into raindata.json (Range is Recent)
2026-07-22 00:01:04.186 Information Generate UserAskedData - Testing rrate into raindata.json (Range is Recent)
2026-07-22 00:01:04.186 Information Generate UserAskedData - Loop over Chart: Humidity)
2026-07-22 00:01:04.186 Information Generate UserAskedData - Testing hum into humdata.json (Range is Recent)
2026-07-22 00:01:04.186 Information Generate UserAskedData - Testing inhum into humdata.json (Range is Recent)
2026-07-22 00:01:04.186 Information Generate UserAskedData - Loop over Chart: Solar)
2026-07-22 00:01:04.186 Information Generate UserAskedData - Testing UV into solardata.json (Range is Recent)
2026-07-22 00:01:04.186 Information Generate UserAskedData - Testing SolarRad into solardata.json (Range is Recent)
2026-07-22 00:01:04.186 Information Generate UserAskedData - Testing CurrentSolarMax into solardata.json (Range is Recent)
2026-07-22 00:01:04.186 Information Generate UserAskedData - Loop over Chart: DailyTemp)
2026-07-22 00:01:04.186 Information Generate UserAskedData - Testing avgTemp into alldailytempdata.json (Range is Daily)
2026-07-22 00:01:04.186 Information Generate UserAskedData - Testing avgTemp into alldailytempdata.json (Range is Daily)
2026-07-22 00:01:04.186 Information Generate UserAskedData - Loop over Chart: DailyPressure)
2026-07-22 00:01:04.186 Information Generate UserAskedData - Testing minBaro into alldailypressdata.json (Range is Daily)
2026-07-22 00:01:04.186 Information Generate UserAskedData - Testing  into  (Range is Daily)
2026-07-22 00:01:04.186 Information DoAirLink / AirQualitySensor  = False / False
2026-07-22 00:01:04.186 Informati2026-07-22 00:01:04.323 Information PHP upload does not support compression
2026-07-22 00:01:04.324 Information UploadFil2026-07-22 00:01:04.329 Information PHP upload does not support compression
2026-07-22 00:01:04.330 Information UploadFile: Starting utils/maps.txt => maps.txt
2026-07-22 00:01:04.330 Information Up2026-07-22 00:01:04.333 Information PHP Upload: starting utils/maps.txt
2026-07-22 00:01:04.333 Information Incremental =2026-07-22 00:01:04.338 Information PHP Upload: starting ut2026-07-22 00:01:04.416 Information InetPhp: maps.txt: Response code = 200: OK
2026-07-22 00:01:04.416 Information InetPh2026-07-22 00:01:04.421 Information InetPhp: maps.txt: Response code = 200: OK
2026-07-22 00:01:04.421 Information InetPhp: maps.txt: Response text follows:
Opening text file maps.txt for replacement
Writing text file maps.txt
Write complete
2026-07-22 00:01:04.421 Information PHP UploadFile: Success
2026-07-22 00:01:04.421 Information UploadFile: Starting utils/systeminfoTable.txt => systeminfoTable.txt
2026-07-22 00:01:04.421 Information Upload File values: localfile: utils/systeminfoTable.txt
2026-07-22 00:01:04.421 Information Upload File values: remotefile: systeminfoTable.txt
2026-07-22 00:01:04.421 Information PHP Upload: starting utils/systeminfoTable.tx2026-07-22 00:01:04.454 Information InetPhp: systeminfoTable.txt: Response code = 200: OK
2026-07-22 00:01:04.454 Informa2026-07-22 00:01:04.461 Information InetPhp: systeminfoTable.txt: Response code = 200: OK
2026-07-22 00:01:04.461 Information InetPhp: systeminfoTable.txt: Response text follows:
Opening text file systeminfoTable.txt for replacement
Writing text file systeminfoTable.txt
Write complete
2026-07-22 00:01:04.461 Information PHP UploadFile: Success
2026-07-22 00:01:04.461 All done, Entering the finally section...; Closing down.
2026-07-22 00:01:04.461 Disposing Isup...
2026-07-22 00:01:04.462 Disposing Sup...
