2026-07-21 14:41:02.051 Information According to Inifile Info => Error: True, Warning: True, Info: True, Verbose: False, 
2026-07-21 14:41:02.081 CumulusUtils Initial: Shutting down the default listener
2026-07-21 14:41:02.081 Information CumulusUtils Initial: Shutting down the default listener
2026-07-21 14:41:02.134  CUstrings[xx].ini : CUstringsEN.ini looked for.
2026-07-21 14:41:02.157  CumulusUtils version: 7.1.1 
2026-07-21 14:41:02.157  CuSupport constructor : Unit Wind (m/s, mph2026-07-21 14:41:02.161  CumulusUtils version: 7.1.1 
2026-07-21 14:41:02.161  CuSupport constructor : Unit Wind (m/s, mph, km/h, kts): mph
2026-07-21 14:41:02.161  CuSupport constructor : Unit Pressure (mb,hPa,inHg): hPa
2026-07-21 14:41:02.162  CuSupport constructor : Unit Rain (mm,in): mm
2026-07-21 14:41:02.163  CuSupport constructor : Unit T (C,F): °C
2026-07-21 14:41:02.163  CuSupport2026-07-21 14:41:02.174 InetSupport: Constructor starting
2026-07-21 14:41:02.237 CumulusUtils : ----------------------------
2026-07-21 14:41:02.237 CumulusUtils : Entering Main
2026-07-21 14:41:02.247 HelpTexts: starting
2026-07-21 14:41:02.290 Information HelpTexts Contructor: stop
2026-07-21 14:41:02.340 CommandLineArgs : starting
2026-07-21 14:41:02.340  CommandLineArgs : handling arg: sysinfo
2026-07-21 14:41:02.341  CommandLineArgs : handling arg: UserAskedData
2026-07-21 14:41:02.341  CommandLineArgs : handling arg: UserReports
2026-07-21 14:41:02.341 Dayfile: Reading the dayfile.txt...
2026-07-21 14:41:02.426 Information CumulusUtils : Read dayfile.txt succesfully - 929 records
2026-07-21 14:41:02.447 Information SystemStatus : starting
2026-07-21 14:41:02.478 Information GetUrlData Start: URL - http://localhost:8998/api/tags/process.json?version&build&Prog2026-07-21 14:41:02.482 Information GetUrlData Start: URL - h2026-07-21 14:41:02.881 CumulusMX Version: 4.5.2 build 4105
2026-07-21 14:41:02.885 Information  SystemStatus: Found devic2026-07-21 14:41:02.889 CumulusMX Version: 4.5.2 build 4105
2026-07-21 14:41:02.892 Information  SystemStatus: Found device 12 GW1000/Ecowitt Local API
2026-07-21 14:41:02.898 Information ReplaceWebtagsPostAsync start:
2026-07-21 14:41:02.900 Information  PostUrl2026-07-21 14:41:02.933 Information PostUrlData success response : OK - OK
2026-07-21 14:41:02.937 SystemStatus : DoingUni2026-07-21 14:41:02.943 Information PostUrlData success response : OK2026-07-21 14:41:02.952 Information StartProcess cat /etc/os-release
2026-07-21 14:41:02.964 Information StartProcess cat: output=PRETTY_NAME="Debian GNU/Linux 12 (bookworm)"
2026-07-21 14:412026-07-21 14:41:02.970 Information StartProcess cat: output=PRETTY_NAME="Debian GNU/Linux 12 (bookworm)"
2026-07-21 14:41:02.970 Information StartProcess cat: output=NAME="Debian GNU/Linux"
2026-07-21 14:41:02.970 Information StartProcess cat: output=VERSION_ID="12"
2026-07-21 14:41:02.970 Information StartProcess cat: output=VERSION="12 (bookworm)"
2026-07-21 14:41:02.970 Information StartProcess cat: output=VERSION_CODENAME=bookworm
2026-07-21 14:41:02.970 Information StartProcess cat: output=ID=debian
2026-07-21 14:41:02.970 Information StartProcess cat: output=HOME_URL="https://www.debian.org/"
2026-07-21 14:41:02.970 Information StartProcess cat: output=SUPPORT_URL="https://www.debian.org/support"
2026-07-21 14:41:02.970 Information StartProcess cat: output=BUG_REPORT_URL="https://bugs.debian.org/"
2026-07-21 14:41:02.970 Information Found Linux NAME: PRETTY_NAME="Debian GNU/Linux 12 (bookworm)"
22026-07-21 14:41:02.974 Information StartProcess uptime: output=up 3 weeks, 3 days, 19 hours, 7 minutes
2026-07-21 14:41:02026-07-21 14:41:02.981 Information StartProcess uptime: output=up 3 weeks, 3 days, 19 hours, 7 minutes
2026-07-21 14:41:02.981 Information StartProcess lshw -quiet -class system
2026-07-21 14:41:02.983 Error System/Processor: Unknown (exception) - An error occurred trying to start process 'lshw' with working directory '/opt/CumulusMX'. No such file or directory
2026-07-22026-07-21 14:41:02.985 Information StartProcess uname: output=Linux 6.1.0-23-amd64 x86_64
2026-07-21 14:41:02.985 Informa2026-07-21 14:41:02.986 Informati2026-07-21 14:41:03.013 Information StartProcess lsb_release: output=Distributor ID:	Debian
2026-07-21 14:41:03.013 Inform2026-07-21 14:41:03.020 Information StartProcess lsb_release: output=Distributor ID:	Debian
2026-07-21 14:41:03.020 Information StartProcess lsb_release: output=Description:	Debian GNU/Linux 12 (bookworm)
2026-07-21 14:41:03.020 Information StartProcess lsb_release: output=Release:	12
2026-07-21 14:41:03.020 Information StartProcess lsb_release: output=Codename:	bookworm
2026-07-21 14:41:03.020 Information StartProcess dotnet --list-runtimes
2026-07-21 14:41:03.024 Information StartProcess dotnet: output=Microsoft.NE2026-07-21 14:41:03.028 Information StartProcess free: output=               total        used        free      shared  bu2026-07-21 14:41:03.031 Information StartProcess free: output=               total        used        free      shared  buff/cache   available
2026-07-21 14:41:03.031 Information StartProcess free: output=Mem:             960         372         417          32         348         588
2026-07-21 14:41:03.031 Information StartProcess free: ou2026-07-21 14:41:03.033 Information StartProcess df: output=Filesystem     Type  Size  Used Avail Use% Mounted on
2026-07-2026-07-21 14:41:03.041 Information StartProcess df: output=Filesystem     Type  Size  Used Avail Use% Mounted on
2026-07-21 14:41:03.042 Infor2026-07-21 14:41:03.051 Information MapsOn: Starting
2026-07-21 14:41:03.063 Information  MapsOn: Adding Station: Westlands
2026-07-21 14:41:03.075 Information MapsOn: Before testing DoneToday after parsing: 21/07/2026 10:31:03 
2026-07-21 14:41:2026-07-21 14:41:03.081 Information MapsOn: Before testing DoneToday after parsing: 21/07/2026 10:31:03 
2026-07-21 142026-07-21 14:41:03.088 Information DateIsToday: thisSpan: 04:10:00.0757655 | thisSpan.TotalDays = 0.17361198802662037
2022026-07-21 14:41:03.092 Information DateIsToday: thisSpan: 04:10:00.0823233 | thisSpan.TotalDays = 0.17361206392708334
2026-07-21 14:41:03.092 Information MapsOn: Must NOT send signatu2026-07-21 14:41:03.092 Information GetUrlData Start: URL - https://meteo-wagenborgen.nl/maps.txt 
2026-07-21 14:41:04.000 Information Main: <!--
 This file is generated as part of CumulusUti
2026-07-21 14:41:04.001 Infor2026-07-21 14:41:04.028 Information Main: <!--
 This file is generated as part of CumulusUti
2026-07-21 14:41:04.031 Information UserAskedData Starting...
2026-07-21 14:41:04.031 I2026-07-21 14:41:04.049 Information CustomLogs Webtag2026-07-21 14:41:04.065 Information CustomLogs constructor: starting
2026-07-21 14:41:04.078 Information CustomLogs WebtagInfo constructor: number of defined Webtag Units: 400, everything OK. 
2026-07-21 14:41:04.079 Infor2026-07-21 14:41:04.080 Information P2026-07-21 14:41:04.109 DefineUsercharts: Parsing User charts definitions - starting
2026-07-21 14:41:04.109 Information Parsing User Charts Definitions : Chart Overview'
2026-07-21 14:41:04.122 Information Parsing User Charts Definitions : Chart Temperature'
2026-07-21 14:41:04.122 Information Parsing User Charts Definitions : Chart Wind'
2026-07-21 14:41:04.122 Information Parsing User Charts Definitions : Chart WindDirection'
2026-07-21 14:41:04.122 Information Parsing User Charts Definitions : Chart Rain'
2026-07-21 14:41:04.122 Information Parsing User Charts Definitions : Chart Humidity'
2026-07-21 14:41:04.122 Information Parsing User Charts Definitions : Chart Solar'
2026-07-21 14:41:04.122 Information Parsing User Charts Definitions : Chart DailyTemp'
2026-07-21 14:41:04.123 Information Parsing User Charts Definitions : Chart Daily2026-07-212026-07-21 14:41:04.129 Information Parsing User Charts: Evaluating Expression '(MinBarometer+MaxBarometer)/2'.
2026-07-21 14:41:04.150 Generating Compiler UserAskedData: Starting
2026-07-21 14:41:04.153 Information GenerateUserAskedData: timeStart = 21/07/2026 14:32:00; timeEnd = 21/07/2026 14:41:00
2026-07-21 14:41:04.154 Monthfile constructor: Using fixed path: | data/ |; file: | *log.txt
2026-07-21 14:41:02026-07-21 14:41:04.451 Information ReadMonthlyLogs: End
2026-07-21 14:41:04.465 Information Generate UserAskedData: DoneT2026-07-21 14:41:04.483 Information ReadMonthlyLogs: End
2026-07-21 14:41:04.496 Information Generate UserAskedData: DoneToday = 20/07/2026 19:01:04.
2026-07-21 14:41:04.496 Information DateIsToday for thisDate: 20/07/2026 19:01:04 | thisDate.DayOfYear: 201 versus Now.DayOfYear: 202)
2026-07-21 14:41:04.496 Information DateIsToday: thisSpan: 19:40:00.4962333 | thisSpan.TotalDays = 0.8194501878854167
2026-07-21 14:41:04.496 Information Generate UserAskedData: Must NOT generate the ALL Range.
2026-07-21 14:41:04.496 Information Generate UserAskedData - Loop over Chart: Overview)
2026-07-21 14:41:04.497 Information Generate UserAskedData - Testing temp into tempdata.json (Range is Recent)
2026-07-21 14:41:04.497 Information Generate UserAskedData - Testing dew into tempdata.json (Range is Recent)
2026-07-21 14:41:04.497 Information Generate UserAskedData - Testing press into pressdata.json (Range is Recent)
2026-07-21 14:41:04.497 Information Generate UserAskedData - Testing hum into humdata.json (Range is Recent)
2026-07-21 14:41:04.497 Information Generate UserAskedData - Testing SolarRad into solardata.json (Range is Recent)
2026-07-21 14:41:04.497 Information Generate UserAskedData - Testing rfall into raindata.json (Range is Recent)
2026-07-21 14:41:04.497 Information Generate UserAskedData - Loop over Chart: Temperature)
2026-07-21 14:41:04.497 Information Generate UserAskedData - Testing intemp into tempdata.json (Range is Recent)
2026-07-21 14:41:04.497 Information Generate UserAskedData - Testing temp into tempdata.json (Range is Recent)
2026-07-21 14:41:04.497 Information Generate UserAskedData - Testing feelslike into tempdata.json (Range is Recent)
2026-07-21 14:41:04.497 Information Generate UserAskedData - Testing dew into tempdata.json (Range is Recent)
2026-07-21 14:41:04.497 Information Generate UserAskedData - Loop over Chart: Wind)
2026-07-21 14:41:04.497 Information Generate UserAskedData - Testing wgust into winddata.json (Range is Recent)
2026-07-21 14:41:04.497 Information Generate UserAskedData - Testing wspeed into winddata.json (Range is Recent)
2026-07-21 14:41:04.497 Information Generate UserAskedData - Loop over Chart: WindDirection)
2026-07-21 14:41:04.497 Information Generate UserAskedData - Testing bearing into wdirdata.json (Range is Recent)
2026-07-21 14:41:04.497 Information Generate UserAskedData - Testing avgbearing into wdirdata.json (Range is Recent)
2026-07-21 14:41:04.497 Information Generate UserAskedData - Loop over Chart: Rain)
2026-07-21 14:41:04.497 Information Generate UserAskedData - Testing rfall into raindata.json (Range is Recent)
2026-07-21 14:41:04.497 Information Generate UserAskedData - Testing rrate into raindata.json (Range is Recent)
2026-07-21 14:41:04.497 Information Generate UserAskedData - Loop over Chart: Humidity)
2026-07-21 14:41:04.497 Information Generate UserAskedData - Testing hum into humdata.json (Range is Recent)
2026-07-21 14:41:04.497 Information Generate UserAskedData - Testing inhum into humdata.json (Range is Recent)
2026-07-21 14:41:04.497 Information Generate UserAskedData - Loop over Chart: Solar)
2026-07-21 14:41:04.497 Information Generate UserAskedData - Testing UV into solardata.json (Range is Recent)
2026-07-21 14:41:04.497 Information Generate UserAskedData - Testing SolarRad into solardata.json (Range is Recent)
2026-07-21 14:41:04.497 Information Generate UserAskedData - Testing CurrentSolarMax into solardata.json (Range is Recent)
2026-07-21 14:41:04.497 Information Generate UserAskedData - Loop over Chart: DailyTemp)
2026-07-21 14:41:04.497 Information Generate UserAskedData - Testing avgTemp into alldailytempdata.json (Range is Daily)
2026-07-21 14:41:04.497 Information Generate UserAskedData - Testing avgTemp into alldailytempdata.json (Range is Daily)
2026-07-21 14:41:04.497 Information Generate UserAskedData - Loop over Chart: DailyPressure)
2026-07-21 14:41:04.497 Information Generate UserAskedData - Testing minBaro into alldailypressdata.json (Range is Daily)
2026-07-21 14:41:04.497 Information Generate UserAskedData - Testing  into  (Range is Daily)
2026-07-21 14:41:04.497 Information DoAirLink / AirQualitySensor  = False / False
2026-07-21 14:41:04.498 Informat2026-07-21 14:41:04.619 Information PHP upload does not support compression
2026-07-21 14:41:04.620 Information UploadFile2026-07-21 14:41:04.645 Information PHP upload does not support compression
2026-07-21 14:41:04.645 Information UploadFile: Starting utils/maps.txt => maps.txt
2026-07-21 14:41:04.645 Information Upload File values: localfile: utils/maps.txt
2026-07-21 14:41:04.645 Information Upload File values: remotefile: maps.txt
2026-07-21 14:41:04.650 Information PHP Upload: starting u2026-07-21 14:41:04.699 Information InetPhp: maps.txt: Response code = 200: OK
2026-07-21 14:41:04.699 Information InetPhp2026-07-21 14:41:04.727 Information InetPhp: maps.txt: Response code = 200: OK
2026-07-21 14:41:04.727 Information InetPhp: maps.txt: Response text follows:
Opening text file maps.txt for replacement
Writing text file maps.txt
Write complete
2026-07-21 14:41:04.727 Information PHP UploadFile: Success
2026-07-21 14:41:04.727 Information UploadFile: Starting utils/systeminfoTable.txt => systeminfoTable.txt
2026-07-21 14:41:04.727 Information Upload File values: localfile: utils/systeminfoTable.txt
2026-07-21 14:41:04.727 Information Upload File values: remotefile: systeminfoTable.txt
2026-07-21 14:41:04.727 Information PHP Upload: starting utils/systeminfoTable.t2026-07-21 14:41:04.731 Information InetPhp: systeminfoTable.txt: Response code = 200: OK
2026-07-21 14:41:04.731 Informat2026-07-21 14:41:04.757 Information InetPhp: systeminfoTable.txt: Response code = 200: OK
2026-07-21 14:41:04.758 Information InetPhp: systeminfoTable.txt: Response text follows:
Opening text file systeminfoTable.txt for replacement
Writing text file systeminfoTable.txt
Write complete
2026-07-21 14:41:04.758 Information PHP UploadFile: Success
2026-07-21 14:41:04.758 All done, Entering the finally section...; Closing down.
2026-07-21 14:41:04.758 Disposing Isup...
2026-07-21 14:41:04.758 Disposing Sup...
