2026-07-21 20:41:02.258 Information According to Inifile Info => Error: True, Warning: True, Info: True, Verbose: False, 
2026-07-21 20:41:02.293 CumulusUtils Initial: Shutting down the default listener
2026-07-21 20:41:02.293 Information Cumul2026-07-21 20:41:02.297 CumulusUtils Initial: Shutti2026-07-21 20:41:02.346  CUstrings[xx].ini : CUstringsEN.ini looked for.
2026-07-21 20:41:02.371  CumulusUtils version: 7.1.1 
2026-07-21 20:41:02.371  CuSupport constructor : Unit Wind (m/s, mph2026-07-21 20:41:02.375  CumulusUtils version: 7.1.1 
2026-07-21 20:41:02.375  CuSupport constructor : Unit Wind (m/s, mph, km/h, kts): mph
2026-07-21 20:41:02.375  CuSupp2026-07-21 20:41:02.376  CuSupport constructor : Unit T (C,F): °C
2026-07-21 20:41:02.377  CuSupport constructor : Unit Distance (m, mi, km, kn): mi
2026-07-21 20:41:02.377  CuSupport cons2026-07-21 20:41:02.380  CuSupport2026-07-21 20:41:02.392 InetSupport: Constructor starting
2026-07-21 20:41:02.456 CumulusUtils : ----------------------------
2026-07-21 20:41:02.456 CumulusUtils : Entering Main
2026-07-21 20:41:02.467 HelpTexts: starting
2026-07-21 20:41:02.510 Information HelpTexts Contructor: stop
2026-07-21 20:41:02.558 CommandLineArgs : starting
2026-07-21 20:41:02.558  CommandLineArgs : handling arg: sysinfo
2026-02026-07-21 20:41:02.561 CommandLineArgs : starting
2026-07-21 20:41:02.561  CommandLineArgs : handling arg: sysinfo
2026-07-21 20:41:02.561  CommandLineArgs : handling arg: UserAskedData
2026-072026-07-21 20:41:02.642 Information CumulusUtils : Read dayfile.txt succesfully - 929 records
2026-07-21 20:41:02.666 Information SystemStatus : starting
2026-07-21 20:41:02.700 Information GetUrlData Start: URL - http://localhost:8998/api/tags/process.json?version&build&ProgramUpTime&NewBuildAvailable&NewBuildNumber&CpuCount&CPUTemp 
2026-07-21 20:41:03.108 CumulusMX Version: 4.5.2 build 4105
2026-07-21 20:41:03.117 Information  SystemStatus: Found devic2026-07-21 20:41:03.120 CumulusMX Version: 4.5.2 build 4105
2026-07-21 20:41:03.127 Information  SystemStatus: Found device 12 GW1000/Ecowitt Local API
2026-07-21 20:41:03.129 Information ReplaceWebtagsPostAsync start:
2026-07-21 20:41:03.130 Information  PostUrl2026-07-21 20:41:03.162 Information PostUrlData success response : OK - OK
2026-07-21 20:41:03.169 SystemStatus : DoingUni2026-07-21 20:41:03.177 Information PostUrlData success response : OK2026-02026-07-21 20:41:03.185 SystemStatus : DoingUnix
2026-07-21 20:2026-07-21 20:41:03.197 Information StartProcess cat: output=PRETTY_NAME="Debian GNU/Linux 12 (bookworm)"
2026-07-21 20:412026-07-21 20:41:03.208 Information StartProcess cat: output=PRETTY_NAME="Debian GNU/Linux 12 (bookworm)"
2026-07-21 20:41:03.208 Information StartProcess cat: output=NAME="Debian GNU/Linux"
2026-07-21 20:41:03.208 Information StartProcess cat: output=VERSION_ID="12"
2026-07-21 20:41:03.208 Information StartProcess cat: output=VERSION="12 (bookworm)"
2026-07-21 20:41:03.208 Information StartProcess cat: output=VERSION_CODENAME=bookworm
2026-07-21 20:41:03.208 Information StartProcess cat: output=ID=debian
2026-07-21 20:41:03.208 Information StartProcess cat: output=HOME_URL="https://www.debian.org/"
2026-07-21 20:41:03.208 Information StartProcess cat: output=SUPPORT_URL="https://www.debian.org/support"
2026-07-21 20:41:03.208 Information StartProcess cat: output=BUG_REPORT_URL="https://bugs.debian.org/"
2026-07-21 20:41:03.209 Information Found Linux NAME: PRETTY_NAME="Debian GNU/Linux 12 (bookworm)"
2026-07-21 20:41:03.210 Information Using Linux dialect: Debian
2026-07-21 20:41:03.210 Information StartProcess uptime -p
2026-07-21 20:41:03.215 Information StartProcess uptime: output=up 3 weeks, 4 days, 1 hour, 7 minutes
2026-07-21 20:41:03.216 Information StartProcess lshw -quiet -class system
2026-07-21 20:41:03.218 Error System/Processor: Unknown (exception) - An error occurred trying to start process 'lshw' with working directory '/opt/CumulusMX'. No such file or directory
2026-07-21 20:41:03.219 Please install lshw (apt-get install lshw)
2026-07-21 20:41:03.219 Information StartProcess uname -s -r -m
2026-07-21 20:41:03.221 Informati2026-07-21 20:41:03.247 Information StartProcess lsb_release: output=Distributor ID:	Debian
2026-07-21 20:41:03.247 Inform2026-07-21 20:41:03.250 Information StartProcess lsb_release: output=Distributor ID:	Debian
2026-07-21 20:41:03.250 Information StartProcess lsb_release: output=Description:	Debian GNU/Linux 12 (bookworm)
2026-07-21 20:41:03.250 Information StartProcess lsb_release: output=Release:	12
2026-07-21 20:41:03.250 Information St2026-07-21 20:41:03.255 Information StartProcess dotnet: output=Microsoft.NETCore.App 8.0.8 [/usr/share/dotnet/shared/Micr2026-07-21 20:41:03.260 Information StartProcess dotnet: output=Microsoft.NE2026-07-21 20:41:03.263 Information StartProcess free: output=               total        used        free      shared  bu2026-07-21 20:41:03.266 Information StartProcess free: output=               total        used        free      shared  buff/cache   available
2026-07-21 20:41:03.266 Information StartProcess free: output=Mem:             960         380         393          32         32026-07-21 20:41:03.266 Information StartProcess df -T -text4 -tvfat -h
2026-07-21 20:41:03.268 Information StartProcess df: output=Filesystem     Type  Size  Used Avail Use% Mounted on
2026-07-2026-07-21 20:41:03.274 Information StartProcess df: output=Filesystem     Type  Size  Used Avail Use% Mounted on
2026-07-21 20:41:03.274 Infor2026-07-21 20:41:03.289 Information MapsOn: Starting
2026-07-21 20:41:03.300 Information  MapsOn: Adding Station: Westlands
2026-07-21 20:41:03.312 Information MapsOn: Before testing DoneToday after parsing: 21/07/2026 10:31:03 
2026-07-21 20:41:2026-07-21 20:41:03.320 Information MapsOn: Before testing DoneToday after parsing: 21/07/2026 10:31:03 
2026-07-21 202026-07-21 20:41:03.326 Information DateIsToday: thisSpan: 10:10:00.3125011 | thisSpan.TotalDays = 0.42361472802199074
2022026-07-21 20:41:03.334 Information DateIsToday: thisSpan: 10:10:00.3212856 | thisSpan.TotalDays = 0.4236148296944444
2026-07-21 20:41:03.334 Information MapsOn: Must NOT send signature, has been done already : 2026-07-21T10:31:03
2026-07-21 20:41:03.334 Information Fetch Map: Fetch2026-07-21 20:41:04.316 Information Main: <!--
 This file is generated as part of CumulusUti
2026-07-21 20:41:04.317 Information UserAskedData Starting...
2026-07-21 20:41:04.317 Information UserAskedData Doing the compiler stuff...
2026-07-21 20:41:04.342 Information CustomLogs constructor: starting
2026-07-21 20:41:04.363 Information CustomLogs WebtagInfo constructor: number of defined Webtag Units: 400, everything OK. 
2026-07-21 20:41:04.365 Information Custom Logs constructor: stop
2026-07-21 20:41:04.394 DefineUsercharts: Parsing User charts definitions - starting
2026-07-21 20:41:04.395 Information Parsing User Charts Definitions : Chart Overview'
2026-07-21 20:41:04.406 Information Parsing User Charts Definitions : Chart Temperature'
2026-07-21 20:41:04.406 Information Parsing User Charts Definitions : Chart Wind'
2026-07-21 20:41:04.406 Information Parsing User Charts Definitions : Chart WindDirection'
2026-07-21 20:41:04.406 Information Parsing User Charts Definitions : Chart Rain'
2026-07-21 20:41:04.406 Information Parsing User Charts Definitions : Chart Humidity'
2026-07-21 20:41:04.406 Information Parsing User Charts Definitions : Chart Solar'
2026-07-21 20:41:04.406 Information Parsing User Charts Definitions : Chart DailyTemp'
2026-07-21 20:41:04.407 Information Parsing User Charts Definitions : Chart DailyPressure'
2026-07-21 20:41:04.417 Information Parsing User Charts: Evaluating Expression '(MinBarometer+MaxBarometer)/2'.
2026-07-21 20:41:04.435 Generating Compiler UserAskedData: Starting
2026-07-21 20:41:04.441 Information GenerateUserAskedData: timeStart = 21/07/2026 20:32:00; timeEnd = 21/07/2026 20:41:00
2026-07-21 20:41:04.441 Monthfile constructor: Using fixed path: | data/ |; file: | *log.txt
2026-07-21 20:41:04.444 ReadPartialMonthlyLogs: Starting.
2026-07-21 20:41:04.452 Information ReadPartialMonthlyLogs: reading 202607log.txt
2026-07-21 20:41:04.764 Information ReadMonthlyLogs: End
2026-07-21 20:41:04.779 Information Generate UserAskedData: DoneToday = 21/07/2026 19:11:04.
2026-07-21 20:41:04.779 Information DateIsToday for thisDate: 21/07/2026 19:11:04 | thisDate.DayOfYear: 202 versus Now.DayOfYear: 202)
2026-07-21 20:41:04.779 Information DateIsToday: thisSpan: 01:30:00.7795651 | thisSpan.TotalDays = 0.06250902274421297
2026-07-21 20:41:04.779 Information Generate UserAskedData: Must NOT generate the ALL Range.
2026-07-21 20:41:04.779 Information Generate UserAskedData - Loop over Chart: Overview)
2026-07-21 20:41:04.782 Information Generate UserAskedData - Testing temp into tempdata.json (Range is Recent)
2026-07-21 20:41:04.782 Information Generate UserAskedData - Testing dew into tempdata.json (Range is Recent)
2026-07-21 20:41:04.782 Information Generate UserAskedData - Testing press into pressdata.json (Range is Recent)
2026-07-21 20:41:04.782 Information Generate UserAskedData - Testing hum into humdata.json (Range is Recent)
2026-07-21 20:41:04.782 Information Generate UserAskedData - Testing SolarRad into solardata.json (Range is Recent)
2026-07-21 20:41:04.783 Information Generate UserAskedData - Testing rfall into raindata.json (Range is Recent)
2026-07-21 20:41:04.783 Information Generate UserAskedData - Loop over Chart: Temperature)
2026-07-21 20:41:04.783 Information Generate UserAskedData - Testing intemp into tempdata.json (Range is Recent)
2026-07-21 20:41:04.783 Information Generate UserAskedData - Testing temp into tempdata.json (Range is Recent)
2026-07-21 20:41:04.783 Information Generate UserAskedData - Testing feelslike into tempdata.json (Range is Recent)
2026-07-21 20:41:04.783 Information Generate UserAskedData - Testing dew into tempdata.json (Range is Recent)
2026-07-21 20:41:04.783 Information Generate UserAskedData - Loop over Chart: Wind)
2026-07-21 20:41:04.783 Information Generate UserAskedData - Testing wgust into winddata.json (Range is Recent)
2026-07-21 20:41:04.783 Information Generate UserAskedData - Testing wspeed into winddata.json (Range is Recent)
2026-07-21 20:41:04.783 Information Generate UserAskedData - Loop over Chart: WindDirection)
2026-07-21 20:41:04.783 Information Generate UserAskedData - Testing bearing into wdirdata.json (Range is Recent)
2026-07-21 20:41:04.783 Information Generate UserAskedData - Testing avgbearing into wdirdata.json (Range is Recent)
2026-07-21 20:41:04.783 Information Generate UserAskedData - Loop over Chart: Rain)
2026-07-21 20:41:04.783 Information Generate UserAskedData - Testing rfall into raindata.json (Range is Recent)
2026-07-21 20:41:04.783 Information Generate UserAskedData - Testing rrate into raindata.json (Range is Recent)
2026-07-21 20:41:04.783 Information Generate UserAskedData - Loop over Chart: Humidity)
2026-07-21 20:41:04.783 Information Generate UserAskedData - Testing hum into humdata.json (Range is Recent)
2026-07-21 20:41:04.783 Information Generate UserAskedData - Testing inhum into humdata.json (Range is Recent)
2026-07-21 20:41:04.783 Information Generate UserAskedData - Loop over Chart: Solar)
2026-07-21 20:41:04.783 Information Generate UserAskedData - Testing UV into solardata.json (Range is Recent)
2026-07-21 20:41:04.783 Information Generate UserAskedData - Testing SolarRad into solardata.json (Range is Recent)
2026-07-21 20:41:04.783 Information Generate UserAskedData - Testing CurrentSolarMax into solardata.json (Range is Recent)
2026-07-21 20:41:04.783 Information Generate UserAskedData - Loop over Chart: DailyTemp)
2026-07-21 20:41:04.783 Information Generate UserAskedData - Testing avgTemp into alldailytempdata.json (Range is Daily)
2026-07-21 20:41:04.783 Information Generate UserAskedData - Testing avgTemp into alldailytempdata.json (Range is Daily)
2026-07-21 20:41:04.783 Information Generate UserAskedData - Loop over Chart: DailyPressure)
2026-07-21 20:41:04.783 Information Generate UserAskedData - Testing minBaro into alldailypressdata.json (Range is Daily)
2026-07-21 20:41:04.783 Information Generate UserAskedData - Testing  into  (Range is Daily)
2026-07-21 20:41:04.783 Information DoAirLink / AirQualitySensor  = False / False
2026-07-21 20:41:04.783 Information Uploading = maps.txt
2026-07-21 20:41:04.792 Testing PHP upload compression on https://jpickles.com/cutils/upload.php
2026-07-21 20:41:04.920 Information PHP upload does not support compression
2026-07-21 20:41:04.921 Information UploadFi2026-07-21 20:41:04.971 Information PHP upload does not support compression
2026-07-21 20:41:04.971 Information UploadFile: Starting utils/maps.txt => maps.txt
2026-07-21 20:41:04.971 Information Upload File values: localfile: utils/maps.txt
2026-07-21 20:41:04.971 Information Upload File values: remotefile: maps.txt
2026-07-21 20:41:04.975 Information PHP Upload: starting uti2026-07-21 20:41:05.004 Information InetPhp: maps.txt: Response code = 200: OK
2026-07-21 20:41:05.004 Information InetP2026-07-21 20:41:05.052 Information InetPhp: maps.txt: Response code = 200: OK
2026-07-21 20:41:05.052 Information InetPhp: maps.txt: Response text follows:
Opening text file maps.txt for replacement
Writing text file maps.txt
Write complete
2026-07-21 20:41:05.052 Information PHP UploadFile: Success
2026-07-21 20:41:05.052 Information UploadFile: Starting utils/systeminfoTable.txt => systeminfoTable.txt
2026-07-21 20:41:05.052 Information Upload File values: localfile: utils/systeminfoTable.txt
2026-07-21 20:41:05.052 Information Upload File values: remotefile: systeminfoTable.txt
2026-07-21 20:41:05.052 Information PHP Upload: starting utils/systeminfoTable.txt
2026-07-21 20:41:05.052 Information Incremental = False; filename = systeminfoTable.txt; ext = .txt; HoursInGraph = 72
2026-07-21 20:41:05.084 Information InetPhp: systeminfoTable.txt: Response code = 200: OK
2026-07-21 20:41:05.084 Information InetPhp: systeminfoTable.txt: Response text follows:
Opening text file systeminfoTable.txt for replacement
Writing text file systeminfoTable.txt
Write complete
2026-07-21 20:41:05.084 Information PHP UploadFile: Success
2026-07-21 20:41:05.084 All done, Entering the finally section...; Closing down.
2026-07-21 20:41:05.084 Disposing Isup...
2026-07-21 20:41:05.084 Disposing Sup...
