2026-07-22 11:11:01.578 Information According to Inifile Info => Error: True, Warning: True, Info: True, Verbose: False, 
2026-07-22 11:11:01.604 CumulusUtils Initial: Shutting down the default listener
2026-07-22 11:11:01.608 Information Cumul2026-07-22 11:11:01.613 CumulusUtils Initial: Shutti2026-07-22 11:11:01.660  CUstrings[xx].ini : CUstringsEN.ini looked for.
2026-07-22 11:11:01.690  CumulusUtils version: 7.1.1 
2026-07-22 11:11:01.691  CuSupport constructor : Unit Wind (m/s, mph2026-07-22 11:11:01.693  CumulusUtils version: 7.1.1 
2026-07-22 11:11:01.693  CuSupport constructor : Unit Wind (m/s, mph, km/h, kts): mph
2026-07-22 11:11:01.693  CuSupport constructor : Unit Pressure (mb,hPa,inHg): hPa
2026-07-22 11:112026-07-22 11:11:01.692  CuSupport constructor : Unit Distance (m, mi, km, kn): mi
2026-07-22 11:11:01.696  CuSupport constructor : Unit Height (m, ft): ft
2026-07-22 11:11:01.716 InetSupport: Constructor starting
2026-07-22 11:11:01.779 CumulusUtils : ----------------------------
2026-07-22 11:11:01.779 CumulusUtils : Entering Main
2026-07-22 11:11:01.793 HelpTexts: starting
2026-07-22 11:11:01.837 Information HelpTexts Contructor: stop
2026-07-22 11:11:01.887 CommandLineArgs : starting
2026-07-22 11:11:01.887  CommandLineArgs : handling arg: sysinfo
2026-07-22 11:11:01.887  CommandLineArgs : handling arg: UserAskedData
2026-07-22 11:11:01.887  CommandLineArgs : handling arg: UserReports
2026-07-22 11:11:01.888 Dayfile: Reading the dayfile.txt...
2026-07-22 11:11:01.970 Information CumulusUtils : Read dayfile.txt succesfully - 930 records
2026-07-22 11:11:01.999 Information SystemStatus : starting
2026-07-22 11:11:02.031 Information GetUrlData Start: URL - http://localhost:8998/api/tags/process.json?version&build&Prog2026-07-22 11:11:02.033 Information GetUrlData Start: URL - h2026-07-22 11:11:02.466 CumulusMX Version: 4.5.2 build 4105
2026-07-22 11:11:02.478 Information  SystemStatus: Found device 12 GW1000/Ecowitt Local API
2026-07-22 11:11:02.479 Information ReplaceWebtagsPostAsync start:
2026-07-22 11:11:02.485 Information  PostUrlData Start: http://localhost:8998/api/tags/process.txt 
2026-07-22 11:11:02.485 Information PostUrlData Calling PostAsync
2026-07-22 11:11:02.521 Information PostUrlData success response : OK - OK
2026-07-22 11:11:02.524 SystemStatus : DoingUni202026-07-22 11:11:02.531 Information SystemStatus : DoingUnix Start
2026-07-22 11:11:02.537 Information StartProcess cat /e2026-07-22 11:2026-07-22 11:11:02.549 Information StartProcess cat: output=PRETTY_NAME="Debian GNU/Linux 12 (bookworm)"
2026-07-22 11:112026-07-22 11:11:02.559 Information StartProcess cat: output=PRETTY_NAME="Debian GNU/Linux 12 (bookworm)"
2026-07-22 11:11:02.559 Information StartProcess cat: output=NAME="Debian GNU/Linux"
2026-07-22 11:11:02.559 Information StartProcess cat: output=VERSION_ID="12"
2026-07-22 11:11:02.559 Information StartProcess cat: output=VERSION="12 (bookworm)"
2026-07-22 11:11:02.559 Information StartProcess cat: output=VERSION_CODENAME=bookworm
2026-07-22 11:11:02.559 Information StartProcess cat: output=ID=debian
2026-07-22 11:11:02.559 Information StartProcess cat: output=HOME_URL="https://www.debian.org/"
2026-07-22 11:11:02.559 Information StartProcess cat: output=SUPPORT_URL="https://www.debian.org/support"
2026-07-22 11:11:02.559 Information StartProcess cat: output=BUG_REPORT_URL="https://bugs.debian.org/"
2026-07-22 11:11:02.560 Information Found Linux NAME: PRETTY_NAME="Debian GNU/Linux 12 (bookworm)"
22026-07-22 11:11:02.562 Information StartProcess uptime: output=up 3 weeks, 4 days, 15 hours, 37 minutes
2026-07-22 11:11:2026-07-22 11:11:02.569 Information StartProcess uptime: output=up 3 weeks, 4 days, 15 hours, 37 minutes
2026-07-22 11:11:02.570 Information StartProcess lshw -quiet -class system
2026-07-22 11:11:02.572 Error System/Processor: Unknown (exception) - An error occurred trying to start process 'lshw' with working directory '/opt/CumulusMX'. No such file or directory
2026-07-22 11:11:02.572 Please install lshw (apt-get install lshw)
2026-07-22 11:11:02.572 Informati2026-07-22 11:11:02.573 Informa2026-07-22 11:11:02.574 Informati2026-07-22 11:11:02.602 Information StartProcess lsb_release: output=Distributor ID:	Debian
2026-07-22 11:11:02.602 Inform2026-07-22 11:11:02.605 Information StartProcess lsb_release: output=Distributor ID:	Debian
2026-07-22 11:11:02.605 Information StartProcess lsb_release: output=Description:	Debian GNU/Linux 12 (bookworm)
2026-07-22 11:11:02.605 Information StartProcess lsb_release: output=Release:	12
2026-07-22 11:11:02.605 Information St2026-07-22 11:11:02.609 Information StartProcess dotnet: output=Microsoft.NETCore.App 8.0.8 [/usr/share/dotnet/shared/Micr2026-07-22 11:11:02.614 Information StartProcess dotnet: output=Microsoft.NE2026-07-22 11:11:02.618 Information StartProcess free: output=               total        used        free      shared  bu2026-07-22 11:11:02.621 Information StartProcess free: output=               total        used        free      shared  buff/cache   available
2026-07-22 11:11:02.621 Information StartProcess free: output=Mem:             960         357         464          31         309         603
2026-07-22 11:11:02.621 Information StartProcess free: ou2026-07-22 11:11:02.623 Information StartProcess df: output=Filesystem     Type  Size  Used Avail Use% Mounted on
2026-07-2026-07-22 11:11:02.630 Information StartProcess df: output=Filesystem     Type  Size  Used Avail Use% Mounted on
2026-07-22 11:11:02.630 Infor2026-07-22 11:11:02.646 Information MapsOn: Starting
2026-07-22 11:11:02.657 Information  MapsOn: Adding Station: Westlands
2026-07-22 11:11:02.674 Information MapsOn: Before testing DoneToday after parsing: 22/07/2026 10:41:02 
2026-07-22 11:11:02.675 Information DateIsToday for thisDate: 22/07/2026 10:41:02 | thisDate.DayOfYear: 203 versus Now.DayOfYear: 203)
2026-07-22 11:11:02.686 Information DateIsToday: thisSpan: 00:30:00.6751416 | thisSpan.TotalDays = 0.02084114747222222
2022026-07-22 11:11:02.689 Information DateIsToday: thisSpan: 00:30:00.6712031 | thisSpan.TotalDays = 0.020841101887731483
2026-07-22 11:11:02.690 Information MapsOn: Must NOT send signature, has been done already : 2026-07-22T10:41:02
2026-07-22 11:11:02.690 Information Fetch Map: Fet2026-07-22 11:11:03.656 Information Main: <!--
 This file is generated as part of CumulusUti
2026-07-22 11:11:03.657 Inform2026-07-22 11:11:03.664 Information Main: <!--
 This file is generated as part of CumulusUti
2026-07-22 11:11:2026-07-22 11:11:03.692 Information CustomLogs constructor: starting
2026-07-22 11:11:03.707 Information CustomLogs WebtagInfo constructor: number of defined Webtag Units: 400, everything OK. 22026-07-22 11:11:03.717 Information Custom Logs constructor: stop
2026-07-22 11:11:03.738 DefineUsercharts: Parsing User charts definitions - starting
2026-07-22 11:11:03.738 Information Pa2026-07-22 11:11:03.742 DefineUsercharts: Parsin2026-07-22 11:11:03.758 Information Parsing User Charts Definitions : Chart Temperature'
2026-07-22 11:11:03.759 Information Parsing User Charts Definitions : Chart Wind'
2026-07-22 11:11:03.759 Information Parsing User Charts Definitions : Chart WindDirection'
2026-07-22 11:11:03.759 Information Parsing User Charts Definitions : Chart Rain'
2026-07-22 11:11:03.759 Information Parsing User Charts Definitions : Chart Humidity'
2026-07-22 11:11:03.759 Information Parsing User Charts Definitions : Chart Solar'
2026-07-22 11:11:03.759 Information Parsing User Charts Definitions : Chart DailyTemp'
2026-07-22 11:11:03.764 Information Parsing User Charts Definitions : Chart DailyPressure'
2026-07-22 11:11:03.767 Information Parsing User Charts: Evaluating Expression '(MinBarometer+MaxBarometer)/2'.
2026-07-22 11:11:03.786 Generating Compiler UserAskedData: Starting
2026-07-22 11:11:03.787 Information GenerateUserAskedData: timeStart = 22/07/2026 11:02:00; timeEnd = 22/07/2026 11:11:00
2026-07-22 11:11:03.792 Monthfile constructor: Using fixed path: | data/ |; file: | *log.txt
2026-07-22 11:11:03.795 ReadPartialMonthlyLogs: Starting.
2026-07-22 11:11:03.812 Information ReadPartialMonthlyLogs: reading 202607log.txt
2026-07-22 11:11:04.134 Information ReadMonthlyLogs: End
2026-07-22 11:11:04.149 Information Generate UserAskedData: DoneToday = 21/07/2026 19:11:04.
2026-07-22 11:11:04.149 Information DateIsToday for thisDate: 21/07/2026 19:11:04 | thisDate.DayOfYear: 202 versus Now.DayOfYear: 203)
2026-07-22 11:11:04.149 Information DateIsToday: thisSpan: 16:00:00.1497004 | thisSpan.TotalDays = 0.6666683993101852
2026-07-22 11:11:04.149 Information Generate UserAskedData: Must NOT generate the ALL Range.
2026-07-22 11:11:04.149 Information Generate UserAskedData - Loop over Chart: Overview)
2026-07-22 11:11:04.150 Information Generate UserAskedData - Testing temp into tempdata.json (Range is Recent)
2026-07-22 11:11:04.150 Information Generate UserAskedData - Testing dew into tempdata.json (Range is Recent)
2026-07-22 11:11:04.150 Information Generate UserAskedData - Testing press into pressdata.json (Range is Recent)
2026-07-22 11:11:04.150 Information Generate UserAskedData - Testing hum into humdata.json (Range is Recent)
2026-07-22 11:11:04.150 Information Generate UserAskedData - Testing SolarRad into solardata.json (Range is Recent)
2026-07-22 11:11:04.150 Information Generate UserAskedData - Testing rfall into raindata.json (Range is Recent)
2026-07-22 11:11:04.150 Information Generate UserAskedData - Loop over Chart: Temperature)
2026-07-22 11:11:04.150 Information Generate UserAskedData - Testing intemp into tempdata.json (Range is Recent)
2026-07-22 11:11:04.150 Information Generate UserAskedData - Testing temp into tempdata.json (Range is Recent)
2026-07-22 11:11:04.150 Information Generate UserAskedData - Testing feelslike into tempdata.json (Range is Recent)
2026-07-22 11:11:04.150 Information Generate UserAskedData - Testing dew into tempdata.json (Range is Recent)
2026-07-22 11:11:04.150 Information Generate UserAskedData - Loop over Chart: Wind)
2026-07-22 11:11:04.150 Information Generate UserAskedData - Testing wgust into winddata.json (Range is Recent)
2026-07-22 11:11:04.150 Information Generate UserAskedData - Testing wspeed into winddata.json (Range is Recent)
2026-07-22 11:11:04.150 Information Generate UserAskedData - Loop over Chart: WindDirection)
2026-07-22 11:11:04.151 Information Generate UserAskedData - Testing bearing into wdirdata.json (Range is Recent)
2026-07-22 11:11:04.151 Information Generate UserAskedData - Testing avgbearing into wdirdata.json (Range is Recent)
2026-02026-07-22 11:11:04.148 Information Generate UserAskedData - Testing avgbearing into wdirdata.json (Range is Recent)
2026-07-22 11:11:04.152 Information Generate UserAskedData - Loop over Chart: Rain)
2026-07-22 11:11:04.152 Information Generate UserAskedData - Testing rfall into raindata.json (Range is Recent)
2026-07-22 11:11:04.152 Information Generate UserAskedData - Testing rrate into raindata.json (Range is Recent)
2026-07-22 11:11:04.152 Information Generate UserAskedData - Loop over Chart: Humidity)
2026-07-22 11:11:04.152 Information Generate UserAskedData - Testing hum into humdata.json (Range is Recent)
2026-07-22 11:11:04.152 Information Generate UserAskedData - Testing inhum into humdata.json (Range is Recent)
2026-07-22 11:11:04.152 Information Generate UserAskedData - Loop over Chart: Solar)
2026-07-22 11:11:04.152 Information Generate UserAskedData - Testing UV into solardata.json (Range is Recent)
2026-07-22 11:11:04.152 Information Generate UserAskedData - Testing SolarRad into solardata.json (Range is Recent)
2026-07-22 11:11:04.152 Information Generate UserAskedData - Testing CurrentSolarMax into solardata.json (Range is Recent)
2026-07-22 11:11:04.152 Information Generate UserAskedData - Loop over Chart: DailyTemp)
2026-07-22 11:11:04.152 Information Generate UserAskedData - Testing avgTemp into alldailytempdata.json (Range is Daily)
2026-07-22 11:11:04.152 Information Generate UserAskedData - Testing avgTemp into alldailytempdata.json (Range is Daily)
2026-07-22 11:11:04.152 Information Generate UserAskedData - Loop over Chart: DailyPressure)
2026-07-22 11:11:04.152 Information Generate UserAskedData - Testing minBaro into alldailypressdata.json (Range is Daily)
2026-07-22 11:11:04.152 Information Generate UserAskedData - Testing  into  (Range is Daily)
2026-07-22 11:112026-07-22 11:11:04.165 Testing PHP upload compression on https://jpickles.com/cutils/upload.php
2026-07-22 11:11:04.359 Information PHP upload does not support compression
2026-07-22 11:11:04.359 Information UploadFile: Starting utils/maps.txt => maps.txt
2026-07-22 11:11:04.359 Information Upload File values: localfile: utils/maps.txt
2026-07-22 11:11:04.359 Information Upload File values: remotefile: maps.txt
2026-07-22 11:11:04.363 Information PHP Upload: starting utils/maps.txt
2026-07-22 11:11:04.364 Information Incremental = False; filename = maps.txt; ext = .txt; HoursInGraph = 72
2026-07-22 11:11:04.441 Information InetPhp: maps.txt: Response code = 200: OK
2026-07-22 11:11:04.441 Information InetPhp: maps.txt: Response text follows:
Opening text file maps.txt for replacement
Writing text file maps.txt
Write complete
2026-07-22 11:11:04.441 Information PHP UploadFile: Success
2026-07-22 11:11:04.441 Information UploadFile: Starting utils/systeminfoTable.txt => systeminfoTable.txt
2026-07-22 11:11:04.441 Information Upload File values: localfile: utils/systeminfoTable.txt
2026-07-22 11:11:04.441 Information Upload File values: remotefile: systeminfoTable.txt
2026-07-22 11:11:04.441 Information PHP Upload: starting utils/systeminfoTable.txt
2026-07-22 11:11:04.441 Information Incremental = False; filename = systeminfoTable.txt; ext = .txt; HoursInGraph = 72
2026-07-22 11:11:04.472 Information InetPhp: systeminfoTable.txt: Response code = 200: OK
2026-07-22 11:11:04.472 Information InetPhp: systeminfoTable.txt: Response text follows:
Opening text file systeminfoTable.txt for replacement
Writing text file systeminfoTable.txt
Write complete
2026-07-22 11:11:04.472 Information PHP UploadFile: Success
2026-07-22 11:11:04.472 All done, Entering the finally section...; Closing down.
2026-07-22 11:11:04.472 Disposing Isup...
2026-07-22 11:11:04.472 Disposing Sup...
g the finally section...; Closing down.
2026-07-22 11:11:04.424 Disposing Isup...
2026-07-22 11:11:04.424 Disposing Sup...
