2026-07-21 11:51:02.218 Information According to Inifile Info => Error: True, Warning: True, Info: True, Verbose: False, 
2026-07-21 11:51:02.245 CumulusUtils Initial: Shutting down the default listener
2026-07-21 11:51:02.246 Information Cumul2026-07-21 11:51:02.249 CumulusUtils Initial: Shutti2026-07-21 11:51:02.296  CUstrings[xx].ini : CUstringsEN.ini looked for.
2026-07-21 11:51:02.319  CumulusUtils version: 7.1.1 
2026-07-21 11:51:02.319  CuSupport constructor : Unit Wind (m/s, mph2026-07-21 11:51:02.323  CumulusUtils version: 7.1.1 
2026-07-21 11:51:02.324  CuSupport constructor : Unit Wind (m/s, mph, km/h, kts): mph
2026-07-21 11:51:02.324  CuSupp2026-07-21 11:51:02.329  CuSupport constructor : Unit T (C,F): °C
2026-07-21 11:51:02.329  CuSupport constructor : Unit Distance (m, mi, km, kn): mi
2026-07-21 11:51:02.329  CuSupport constructor : Unit Height (m, ft): ft
2026-07-21 11:51:02.344 InetSupport: Constructor starting
2026-07-21 11:51:02.399 CumulusUtils : ----------------------------
2026-07-21 11:51:02.400 CumulusUtils : Entering Main
2026-07-21 11:51:02.408 HelpTexts: starting
2026-07-21 11:51:02.449 Information HelpTexts Contructor: stop
2026-07-21 11:51:02.495 CommandLineArgs : starting
2026-07-21 11:51:02.495  CommandLineArgs : handling arg: sysinfo
2026-02026-07-21 11:51:02.508 CommandLineArgs : starting
2026-07-21 11:51:02.508  CommandLineArgs : handling arg: sysinfo
2026-07-21 11:51:02.508  CommandLineArgs : handling arg: UserAskedData
2026-072026-07-21 11:51:02.591 Information CumulusUtils : Read dayfile.txt succesfully - 929 records
2026-07-21 11:51:02.621 Information SystemStatus : starting
2026-07-21 11:51:02.658 Information GetUrlData Start: URL - http://localhost:8998/api/tags/process.json?version&build&Prog2026-07-21 11:51:02.666 Information GetUrlData Start: URL - h2026-07-21 11:51:03.084 CumulusMX Version: 4.5.2 build 4105
2026-07-21 11:51:03.091 Information  SystemStatus: Found devic2026-07-21 11:51:03.088 Cumulu2026-07-21 11:51:03.097 Information ReplaceWebtagsPostAsync start:
2026-07-21 11:51:03.099 Information  PostUrlData Start:2026-07-21 11:51:03.101 Information ReplaceWebtagsPostAsync start:
2026-07-21 11:51:03.103 Information  PostUrl2026-07-21 11:51:03.146 Information PostUrlData success response : OK - OK
2026-07-21 11:51:03.154 SystemStatus : DoingUnix
2026-07-21 11:51:03.157 Information SystemStatus : DoingUnix Start
2026-02026-07-21 11:51:03.162 SystemStatus : DoingUnix
2026-07-21 11:2026-07-21 11:51:03.177 Information StartProcess cat: output=PRETTY_NAME="Debian GNU/Linux 12 (bookworm)"
2026-07-21 11:512026-07-21 11:51:03.186 Information StartProcess cat: output=PRETTY_NAME="Debian GNU/Linux 12 (bookworm)"
2026-07-21 11:51:03.186 Information StartProcess cat: output=NAME="Debian GNU/Linux"
2026-07-21 11:51:03.186 Information StartProcess cat: output=VERSION_ID="12"
2026-07-21 11:51:03.186 Information StartProcess cat: output=VERSION="12 (bookworm)"
2026-07-21 11:51:03.186 Information StartProcess cat: output=VERSION_CODENAME=bookworm
2026-07-21 11:51:03.187 Information StartProcess cat: output=ID=debian
2026-07-21 11:51:03.187 Information StartProcess cat: output=HOME_URL="https://www.debian.org/"
2026-07-21 11:51:03.187 Information StartProcess cat: output=SUPPORT_URL="https://www.debian.org/support"
2026-07-21 11:51:03.187 Information StartProcess cat: output=BUG_REPORT_URL="https://bugs.debian.org/"
2026-07-21 11:51:03.188 Information Found Linux NAME: PRETTY_NAME="Debian GNU/Linux 12 (bookworm)"
2026-07-21 11:51:03.189 Information Using Linux dialect: Debian
2026-07-21 11:51:03.189 Information StartP2026-07-21 11:51:2026-07-21 11:51:03.195 Information StartProcess uptime: output=up 3 weeks, 3 days, 16 hours, 17 minutes
2026-07-21 11:51:03.197 Information StartProcess lshw -quiet -class system
2026-07-21 11:51:03.199 Error System/Processor: Unknown (exception) - An error occurred trying to start process 'lshw' with working directory '/opt/CumulusMX'. No such file or directory
2026-07-21 11:51:03.199 Please install lshw (apt-get install lshw)
2026-07-21 11:51:03.199 Informati2026-07-21 11:51:03.200 Informa2026-07-21 11:51:03.202 Informati2026-07-21 11:51:03.229 Information StartProcess lsb_release: output=Distributor ID:	Debian
2026-07-21 11:51:03.229 Inform2026-07-21 11:51:03.237 Information StartProcess lsb_release: output=Distributor ID:	Debian
2026-07-21 11:51:03.237 Information StartProcess lsb_release: output=Description:	Debian GNU/Linux 12 (bookworm)
2026-07-21 11:51:03.237 Information StartProcess lsb_release: output=Release:	12
2026-07-21 11:51:03.237 Information StartProcess lsb_release: output=Codename:	bookworm
2026-07-21 11:51:03.237 Information StartProcess dotnet --list-runtimes
2026-07-21 11:51:03.241 Information StartProcess dotnet: output=Microsoft.NE2026-07-21 11:51:03.248 Information StartProcess free: output=               total        used        free      shared  bu2026-07-21 11:51:03.252 Information StartProcess free: output=               total        used        free      shared  buff/cache   available
2026-07-21 11:51:03.252 Information StartProcess free: output=Mem:             960         364         457          32         308         595
2026-07-21 11:51:03.252 Information StartProcess free: ou2026-07-21 11:51:03.254 Information StartProcess df: output=Filesystem     Type  Size  Used Avail Use% Mounted on
2026-07-2026-07-21 11:51:03.261 Information StartProcess df: output=Filesystem     Type  Size  Used Avail Use% Mounted on
2026-07-21 11:51:03.262 Infor2026-07-21 11:51:03.272 Information MapsOn: Starting
2026-07-21 11:51:03.276 Information  MapsOn: Adding Station: Westland202026-07-21 11:51:03.294 Information MapsOn: Before testing DoneToday after parsing: 21/07/2026 10:31:03 
2026-07-21 11:51:2026-07-21 11:51:03.301 Information MapsOn: Before testing DoneToday after parsing: 21/07/2026 10:31:03 
2026-07-21 112026-07-21 11:51:03.313 Information DateIsToday: thisSpan: 01:20:00.2948805 | thisSpan.TotalDays = 0.05555896852430556
2026-07-21 11:51:03.313 Information MapsOn: Must NOT send signature, has been done already : 2026-07-21T10:31:03
2026-07-22026-07-21 11:51:03.319 Information MapsOn: Must NOT send signature, has been done already : 2026-07-21T10:31:03
2026-07-21 11:51:03.319 Information Fetch Map: Fetc2026-07-21 11:51:04.292 Information Main: <!--
 This file is generated as part of CumulusUti
2026-07-21 11:51:04.293 Information UserAskedData Starting...
2026-07-21 11:51:04.293 Information UserAskedData Doing the compiler stuff...
2026-07-21 11:51:04.322 Information CustomLogs constructor: starting
2026-07-21 11:51:04.339 Information CustomLogs WebtagInfo constructor: number of defined Webtag Units: 400, everything OK. 
2026-07-21 11:51:04.344 Information Custom Logs constructor: stop
2026-07-21 11:51:04.369 DefineUsercharts: Parsing User charts definitions - starting
2026-07-21 11:51:04.370 Information Parsing User Charts Definitions : Chart Overview'
2026-07-21 11:51:04.385 Information Parsing User Charts Definitions : Chart Temperature'
2026-07-21 11:51:04.385 Information Parsing User Charts Definitions : Chart Wind'
2026-07-21 11:51:04.385 Information Parsing User Charts Definitions : Chart WindDirection'
2026-07-21 11:51:04.385 Information Parsing User Charts Definitions : Chart Rain'
2026-07-21 11:51:04.385 Information Parsing User Charts Definitions : Chart Humidity'
2026-07-21 11:51:04.385 Information Parsing User Charts Definitions : Chart Solar'
2026-07-21 11:51:04.385 Information Parsing User Charts Definitions : Chart DailyTemp'
2026-07-21 11:51:04.386 Information Parsing User Charts Definitions : Chart DailyPressure'
2026-07-21 11:51:04.388 Information Parsing User Charts: Evaluating Expression '(MinBarometer+MaxBarometer)/2'.
2026-07-21 11:51:04.411 Generating Compiler UserAskedData: Starting
2026-07-21 11:51:04.416 Information GenerateUserAskedData: timeStart = 21/07/2026 11:42:00; timeEnd = 21/07/2026 11:51:00
2026-07-21 11:51:04.417 Monthfile constructor: Using fixed path: | data/ |; file: | *log.txt
2026-07-21 11:51:04.419 ReadPartialMonthlyLogs: Starting.
2026-07-21 11:51:04.432 Information ReadPartialMonthlyLogs: reading 202607log.txt
2026-07-21 11:51:04.728 Information ReadMonthlyLogs: End
2026-07-21 11:51:04.739 Information Generate UserAskedData: DoneToday = 20/07/2026 19:01:04.
2026-07-21 11:51:04.740 Infor2026-07-21 11:51:04.743 Information Generate UserAskedData: DoneToday = 20/07/2026 19:01:04.
2026-07-21 11:51:04.744 Information DateIsToday for thisDate: 20/07/2026 19:01:04 | thisDate.DayOfYear: 201 versus Now.DayOfYear: 202)
2026-07-21 11:51:04.744 Information DateIsToday: thisSpan: 16:50:00.7440293 | thisSpan.TotalDays = 0.7013975003391204
2026-07-21 11:51:04.744 Information Generate UserAskedData:2026-07-21 11:51:04.745 Information Generate UserAskedData - Testing temp into tempdata.json (Range is Recent)
2026-07-21 2026-07-21 11:51:04.749 Information Generate UserAskedData - Testing temp into tempdata.json (Range is Recent)
2026-07-21 11:51:04.749 Information Generate UserAskedData - Testing dew into tempdata.json (Range is Recent)
2026-07-21 11:51:04.749 Information Generate UserAskedData - Testing press into pressdata.json (Range is Recent)
2026-07-21 11:51:04.749 Information Generate UserAskedData - Testing hum into humdata.json (Range is Recent)
2026-07-21 11:51:04.749 Information Generate UserAskedData - Testing SolarRad into solardata.json (Range is Recent)
2026-07-21 11:51:04.749 Information Generate UserAskedData - Testing rfall into raindata.json (Range is Recent)
2026-07-21 11:51:04.749 Information Generate UserAskedData - Loop over Chart: Temperature)
2026-07-21 11:51:04.749 Information Generate UserAskedData - Testing intemp into tempdata.json (Range is Recent)
2026-07-21 11:51:04.749 Information Generate UserAskedData - Testing temp into tempdata.json (Range is Recent)
2026-07-21 11:51:04.749 Information Generate UserAskedData - Testing feelslike into tempdata.json (Range is Recent)
2026-07-21 11:51:04.749 Information Generate UserAskedData - Testing dew into tempdata.json (Range is Recent)
2026-07-21 11:51:04.749 Information Generate UserAskedData - Loop over Chart: Wind)
2026-07-21 11:51:04.749 Information Generate UserAskedData - Testing wgust into winddata.json (Range is Recent)
2026-07-21 11:51:04.749 Information Generate UserAskedData - Testing wspeed into winddata.json (Range is Recent)
2026-07-21 11:51:04.749 Information Generate UserAskedData - Loop over Chart: WindDirection)
2026-07-21 11:51:04.749 Information Generate UserAskedData - Testing bearing into wdirdata.json (Range is Recent)
2026-07-21 11:51:04.749 Information Generate UserAskedData - Testing avgbearing into wdirdata.json (Range is Recent)
2026-07-21 11:51:04.749 Information Generate UserAskedData - Loop over Chart: Rain)
2026-07-21 11:51:04.749 Information Generate UserAskedData - Testing rfall into raindata.json (Range is Recent)
2026-07-21 11:51:04.749 Information Generate UserAskedData - Testing rrate into raindata.json (Range is Recent)
2026-07-21 11:51:04.749 Information Generate UserAskedData - Loop over Chart: Humidity)
2026-07-21 11:51:04.749 Information Generate UserAskedData - Testing hum into humdata.json (Range is Recent)
2026-07-21 11:51:04.749 Information Generate UserAskedData - Testing inhum into humdata.json (Range is Recent)
2026-07-21 11:51:04.749 Information Generate UserAskedData - Loop over Chart: Solar)
2026-07-21 11:51:04.749 Information Generate UserAskedData - Testing UV into solardata.json (Range is Recent)
2026-07-21 11:51:04.749 Information Generate UserAskedData - Testing SolarRad into solardata.json (Range is Recent)
2026-07-21 11:51:04.749 Information Generate UserAskedData - Testing CurrentSolarMax into solardata.json (Range is Recent)
2026-07-21 11:51:04.749 Information Generate UserAskedData - Loop over Chart: DailyTemp)
2026-07-21 11:51:04.749 Information Generate UserAskedData - Testing avgTemp into alldailytempdata.json (Range is Daily)
2026-07-21 11:51:04.749 Information Generate UserAskedData - Testing avgTemp into alldailytempdata.json (Range is Daily)
2026-07-21 11:51:04.749 Information Generate UserAskedData - Loop over Chart: DailyPressure)
2026-07-21 11:51:04.749 Information Generate UserAskedData - Testing minBaro into alldailypressdata.json (Range is Daily)
2026-07-21 11:51:04.749 Information Generate UserAskedData - Testing  into  (Range is Daily)
2026-07-21 11:51:2026-07-21 11:51:04.755 Testing PHP upload compression on https://jpickles.com/cutils/upload.php
2026-07-21 11:51:04.906 Information PHP upload does not support compression
2026-07-21 11:51:04.906 Information UploadFile: Starting utils/maps.txt => maps.txt
2026-07-21 11:51:04.906 Information Upload File values: localfile: utils/maps.txt
2026-07-21 11:51:04.906 Information Upload File values: remotefile: maps.txt
2026-07-21 11:51:04.914 Information PHP Upload: starting utils/maps.txt
2026-07-21 11:51:04.915 Information Incremental = False; filename = maps.txt; ext = .txt; HoursInGraph = 72
2026-07-21 11:51:04.999 Information InetPhp: maps.txt: Response code = 200: OK
2026-07-21 11:51:04.999 Information InetPhp: maps.txt: Response text follows:
Opening text file maps.txt for replacement
Writing text file maps.txt
Write complete
2026-07-21 11:51:05.000 Information PHP UploadFile: Success
2026-07-21 11:51:05.000 Information UploadFile: Starting utils/systeminfoTable.txt => systeminfoTable.txt
2026-07-21 11:51:05.000 Information Upload File values: localfile: utils/systeminfoTable.txt
2026-07-21 11:51:05.000 Information Upload File values: remotefile: systeminfoTable.txt
2026-07-21 11:51:05.000 Information PHP Upload: starting utils/systeminfoTable.txt
2026-07-21 11:51:05.000 Information Incremental = False; filename = systeminfoTable.txt; ext = .txt; HoursInGraph = 72
2026-07-21 11:51:05.036 Information InetPhp: systeminfoTable.txt: Response code = 200: OK
2026-07-21 11:51:05.036 Information InetPhp: systeminfoTable.txt: Response text follows:
Opening text file systeminfoTable.txt for replacement
Writing text file systeminfoTable.txt
Write complete
2026-07-21 11:51:05.036 Information PHP UploadFile: Success
2026-07-21 11:51:05.037 All done, Entering the finally section...; Closing down.
2026-07-21 11:51:05.037 Disposing Isup...
2026-07-21 11:51:05.037 Disposing Sup...
 the finally section...; Closing down.
2026-07-21 11:51:05.030 Disposing Isup...
2026-07-21 11:51:05.031 Disposing Sup...
