2026-07-20 18:31:01.601 Information According to Inifile Info => Error: True, Warning: True, Info: True, Verbose: False, 
2026-07-20 18:31:01.628 CumulusUtils Initial: Shutting down the default listener
2026-07-20 18:31:01.628 Information Cumul2026-07-20 18:31:01.636 CumulusUtils Initial: Shutti2026-07-20 18:31:01.679  CUstrings[xx].ini : CUstringsEN.ini looked for.
2026-07-20 18:31:01.710  CumulusUtils version: 7.1.1 
2026-07-20 18:31:01.710  CuSupport constructor : Unit Wind (m/s, mph2026-07-20 18:31:01.717  CumulusUtils version: 7.1.1 
2026-07-20 18:31:01.718  CuSupport constructor : Unit Wind (m/s, mph, km/h, kts): mph
2026-07-20 18:31:01.718  CuSupport constructor : Unit Pressure (mb,hPa,inHg): hPa
2026-07-20 18:31:01.718  CuSupport constructor : Unit Rain (mm,in): mm
2026-07-20 18:31:01.719  CuSupport constructor : Unit T (C,F): °C
2026-07-20 18:31:01.719  CuSupport2026-07-20 18:31:01.730 InetSupport: Constructor starting
2026-07-20 18:31:01.794 CumulusUtils : ----------------------------
2026-07-20 18:31:01.794 CumulusUtils : Entering Main
2026-07-20 18:31:01.803 HelpTexts: starting
2026-07-20 18:31:01.842 Information HelpTexts Contructor: stop
2026-07-20 18:31:01.883 CommandLineArgs : starting
2026-07-20 18:31:01.883  CommandLineArgs : handling arg: sysinfo
2026-02026-07-20 18:31:01.898 CommandLineArgs : starting
2026-07-20 18:31:01.898  CommandLineArgs : handling arg: sysinfo
2026-07-20 18:31:01.898  CommandLineArgs : handling arg: UserAskedData
2026-072026-07-20 18:31:01.972 Information CumulusUtils : Read dayfile.txt succesfully - 928 records
2026-07-20 18:31:01.996 Information SystemStatus : starting
2026-07-20 18:31:02.023 Information GetUrlData Start: URL - http://localhost:8998/api/tags/process.json?version&build&Prog2026-07-20 18:31:02.037 Information GetUrlData Start: URL - h2026-07-20 18:31:02.423 CumulusMX Version: 4.5.2 build 4105
2026-07-20 18:31:02.430 Information  SystemStatus: Found devic2026-07-20 18:31:02.446 CumulusMX Version: 4.5.2 build 4105
2026-07-20 18:31:02.454 Information  SystemStatus: Found device 12 GW1000/Ecowitt Local API
2026-07-20 18:31:02.455 Information ReplaceWebtagsPostAsync start:
2026-07-20 18:31:02.465 Information  PostUrl2026-07-20 18:31:02.478 Information PostUrlData success response : OK - OK
2026-07-20 18:31:02.481 SystemStatus : DoingUni2026-07-20 18:31:02.505 Information PostUrlData success response : OK - OK
2026-07-20 18:31:02.513 SystemStatus : DoingUnix
2026-07-20 18:31:02.515 Information SystemStatus : DoingUnix Start
2026-07-20 18:31:02.519 Information StartProcess cat /etc/os-release
2026-07-20 18:31:02.532 Information StartProcess cat: output=PRETTY_NAME="Debian GNU/Linux 12 (bookworm)"
2026-07-20 18:31:02.532 Information StartProcess cat: output=NAME="Debian GNU/Linux"
2026-07-20 18:31:02.533 Information StartProcess cat: output=VERSION_ID="12"
2026-07-20 18:31:02.533 Information StartProcess cat: output=VERSION="12 (bookworm)"
2026-07-20 18:31:02.533 Information StartProcess cat: output=VERSION_CODENAME=bookworm
2026-07-20 18:31:02.533 Information StartProcess cat: output=ID=debian
2026-07-20 18:31:02.533 Information StartProcess cat: output=HOME_URL="https://www.debian.org/"
2026-07-20 18:31:02.533 Information StartProcess cat: output=SUPPORT_URL="https://www.debian.org/support"
2026-07-20 18:31:02.533 Information StartProcess cat: output=BUG_REPORT_URL="https://bugs.debian.org/"
2026-07-20 18:31:02.534 Information Found Linux NAME: PRETTY_NAME="Debian GNU/Linux 12 (bookworm)"
2026-07-20 18:31:02.535 Information Using Linux dialect: Debian
2026-07-20 18:31:02.535 Information StartProcess uptime -p
2026-07-20 18:31:02.539 Information StartProcess uptime: output=up 3 weeks, 2 days, 22 hours, 57 minutes
2026-07-20 18:31:02.540 Information StartProcess lshw -quiet -class system
2026-07-20 18:31:02.543 Error System/Processor: Unknown (exception) - An error occurred trying to start process 'lshw' with working directory '/opt/CumulusMX'. No such file or directory
2026-07-20 18:31:02.543 Please install lshw (apt-get install lshw)
2026-07-20 18:31:02.543 Information StartProcess uname -s -r -m
2026-07-20 18:31:02.545 Informati2026-07-20 18:31:02.566 Information StartProcess lsb_release: output=Distributor ID:	Debian
2026-07-20 18:31:02.566 Inform2026-07-20 18:31:02.574 Information StartProcess lsb_release: output=Distributor ID:	Debian
2026-07-20 18:31:02.575 Information StartProcess lsb_release: output=Description:	Debian GNU/Linux 12 (bookworm)
2026-07-20 18:31:02.575 Information StartProcess lsb_release: output=Release:	12
2026-07-20 18:31:02.575 Information StartProcess lsb_release: output=Codename:	bookworm
2026-07-20 18:31:02.575 Information StartProcess dotnet --list-runtimes
2026-07-20 18:31:02.582 Information StartProcess dotnet: output=Microsoft.NETCore.App 8.0.8 [/usr/share/dotnet/shared/Microsoft.NETCore.App]
2026-07-20 18:31:02.584 Information StartProcess free -m
2026-07-20 18:31:02.591 Information StartProcess free: output=               total        used        free      shared  buff/cache   available
2026-07-20 18:31:02.591 Information StartProcess free: output=Mem:             960         374         404          29         357         585
2026-07-20 18:31:02.591 Information StartProcess free: output=Swap:            974          77         897
2026-07-20 18:31:02.595 Information StartProcess df -T -text4 -tvfat -h
2026-07-20 18:31:02.602 Information StartProcess df: output=Filesystem     Type  Size  Used Avail Use% Mounted on
2026-07-20 18:31:02.602 Information StartProcess df: output=/dev/sda1      ext4   2026-07-20 18:31:02.609 Information  MapsOn: Adding Station: Westland202026-07-20 18:31:02.626 Information MapsOn: Before testing DoneToday after parsing: 20/07/2026 10:31:03 
2026-07-20 18:31:2026-07-20 18:31:02.639 Information MapsOn: Before testing DoneToday after parsing: 20/07/2026 10:31:03 
2026-07-20 18:31:02.641 Information DateIsToday for thisDate: 20/07/2026 10:31:03 | thisDate.DayOfYear: 201 versus Now.DayOfYear: 201)
2026-07-20 18:31:02.649 Information DateIsToday: thisSpan: 07:59:59.6418262 | thisSpan.TotalDays = 0.3333291878032407
2026-07-20 18:31:02.650 Information MapsOn: Must NOT send signature, has been done already : 2026-07-20T10:31:03
2026-07-20 18:31:02.650 Information Fetch Map: Fet2026-07-20 18:31:03.566 Information Main: <!--
 This file is generated as part of CumulusUti
2026-07-20 18:31:03.567 Inform2026-07-20 18:31:03.575 Information Main: <!--
 This file is generated as part of CumulusUti
2026-07-20 18:31:2026-07-20 18:31:03.596 Information CustomLogs constructor: starting
2026-07-20 18:31:03.618 Information CustomLogs WebtagInfo constructor: number of defined Webtag Units: 400, everything OK. 2026-07-20 18:31:03.624 Information CustomLogs WebtagInfo construct2026-07-20 18:31:03.646 DefineUsercharts: Parsing User charts definitions - starting
2026-07-20 18:31:03.646 Information Pa2026-07-20 18:31:03.649 DefineUsercharts: Parsin2026-07-20 18:31:03.658 Information Parsing User Charts Definitions : Chart Temperature'
2026-07-20 18:31:03.658 Informatio2026-07-20 18:31:03.669 Information Parsing User Charts Definitions : Chart Temperature'
2026-07-20 18:31:03.669 Information Parsing User Charts Definitions : Chart Wind'
2026-07-20 18:31:03.669 Information Parsing User Charts Definitions : Chart WindDirection'
2026-07-20 18:31:03.669 Information Parsing User Charts Definitions : Chart Rain'
2026-07-20 18:31:03.669 Information Parsing User Charts Definitions : Chart Humidity'
2026-07-20 18:31:03.669 Information Parsing User Charts Definitions : Chart Solar'
2026-07-20 18:31:03.669 Information Parsing User Charts Definitions : Chart DailyTemp'
2026-07-20 18:31:03.670 Information Parsing User Charts Definitions : Chart Dail2026-07-20 18:31:03.686 Generating Compiler UserAskedData: Starting
2026-07-20 18:31:03.688 Information GenerateUserAskedDa2026-07-20 18:31:03.695 Generating Compiler UserAskedData: Starting
2026-07-20 18:31:03.696 Information GenerateUserAskedData: timeStart = 20/07/2026 18:22:00; timeEnd = 20/07/2026 18:31:00
2026-07-20 18:31:03.701 Monthfile constructor: Using fixed path: | data/ |; file: | *log.txt
2026-07-20 18:31:2026-07-20 18:31:03.985 Information ReadMonthlyLogs: End
2026-07-20 18:31:04.000 Information Generate UserAskedData: DoneToday = 19/07/2026 19:01:04.
2026-07-20 18:31:04.000 Inform2026-07-20 18:31:04.008 Information Generate UserAskedData: DoneToday = 19/07/2026 19:01:04.
2026-07-20 18:31:04.008 Information DateIsToday for thisDate: 19/07/2026 19:01:04 | thisDate.DayOfYear: 200 versus Now.DayOfYear: 201)
2026-07-20 18:31:04.012 Information DateIsToday: thisSpan: 23:30:00.0084477 | thisSpan.TotalDays = 0.9791667644409722
2026-07-20 18:31:04.012 Information Generate UserAskedData: Must NOT generate the ALL Range.
2026-07-20 18:31:04.012 Information Generate UserAskedData - Loop over Chart: Overview)
2026-07-20 18:31:04.013 Information Generate UserAskedData - Testing temp into tempdata.json (Range is Recent)
2026-07-20 18:31:04.013 Information Generate UserAskedData - Testing dew into tempdata.json (Range is Recent)
2026-07-20 18:31:04.013 Information Generate UserAskedData - Testing press into pressdata.json (Range is Recent)
2026-07-20 18:31:04.013 Information Generate UserAskedData - Testing hum into humdata.json (Range is Recent)
2026-07-20 18:31:04.013 Information Generate UserAskedData - Testing SolarRad into solardata.json (Range is Recent)
2026-07-20 18:31:04.013 Information Generate UserAskedData - Testing rfall into raindata.json (Range is Recent)
2026-07-20 18:31:04.013 Information Generate UserAskedData - Loop over Chart: Temperature)
2026-07-20 18:31:04.013 Information Generate UserAskedData - Testing intemp into tempdata.json (Range is Recent)
2026-07-20 18:31:04.013 Information Generate UserAskedData - Testing temp into tempdata.json (Range is Recent)
2026-07-20 18:31:04.013 Information Generate UserAskedData - Testing feelslike into tempdata.json (Range is Recent)
2026-07-20 18:31:04.013 Information Generate UserAskedData - Testing dew into tempdata.json (Range is Recent)
2026-07-20 18:31:04.013 Information Generate UserAskedData - Loop over Chart: Wind)
2026-07-20 18:31:04.013 Information Generate UserAskedData - Testing wgust into winddata.json (Range is Recent)
2026-07-20 18:31:04.013 Information Generate UserAskedData - Testing wspeed into winddata.json (Range is Recent)
2026-07-20 18:31:04.013 Information Generate UserAskedData - Loop over Chart: WindDirection)
2026-07-20 18:31:04.013 Information Generate UserAskedData - Testing bearing into wdirdata.json (Range is Recent)
2026-07-20 18:31:04.013 Information Generate UserAskedData - Testing avgbearing into wdirdata.json (Range is Recent)
2026-07-20 18:31:04.013 Information Generate UserAskedData - Loop over Chart: Rain)
2026-07-20 18:31:04.013 Information Generate UserAskedData - Testing rfall into raindata.json (Range is Recent)
2026-07-20 18:31:04.013 Information Generate UserAskedData - Testing rrate into raindata.json (Range is Recent)
2026-07-20 18:31:04.013 Information Generate UserAskedData - Loop over Chart: Humidity)
2026-07-20 18:31:04.013 Information Generate UserAskedData - Testing hum into humdata.json (Range is Recent)
2026-07-20 18:31:04.013 Information Generate UserAskedData - Testing inhum into humdata.json (Range is Recent)
2026-07-20 18:31:04.013 Information Generate UserAskedData - Loop over Chart: Solar)
2026-07-20 18:31:04.013 Information Generate UserAskedData - Testing UV into solardata.json (Range is Recent)
2026-07-20 18:31:04.013 Information Generate UserAskedData - Testing SolarRad into solardata.json (Range is Recent)
2026-07-20 18:31:04.014 Information Generate UserAskedData - Testing CurrentSolarMax into solardata.json (Range is Recent)
2026-07-20 18:31:04.014 Information Generate UserAskedData - Loop over Chart: DailyTemp)
2026-07-20 18:31:04.014 Information Generate UserAskedData - Testing avgTemp into alldailytempdata.json (Range is Daily)
2026-07-20 18:31:04.014 Information Generate UserAskedData - Testing avgTemp into alldailytempdata.json (Range is Daily)
2026-07-20 18:31:04.014 Information Generate UserAskedData - Loop over Chart: DailyPressure)
2026-07-20 18:31:04.014 Information Generate UserAskedData - Testing minBaro into alldailypressdata.json (Range is Daily)
2026-07-20 18:31:04.014 Information Generate UserAskedData - Testing  into  (Range is Daily)
2026-07-20 18:312026-07-20 18:31:04.016 Testing PHP upload compression on https://jpickles.com/cutils/upload.php
2026-07-20 18:31:04.154 Information PHP upload does not support compression
2026-07-20 18:31:04.154 Information UploadFile:2026-07-20 18:31:04.199 Information PHP upload does not support compression
2026-07-20 18:31:04.200 Information UploadFile: Starting utils/maps.txt => maps.txt
2026-07-20 18:31:04.200 Information Upload File values: localfile: utils/maps.txt
2026-07-20 18:31:04.200 Information Upload File values: remotefile: maps.txt
2026-07-20 18:31:04.204 Information PHP Upload: starting 2026-07-20 18:31:04.241 Information InetPhp: maps.txt: Response code = 200: OK
2026-07-20 18:31:04.241 Information InetPhp:2026-07-20 18:31:04.283 Information InetPhp: maps.txt: Response code = 200: OK
2026-07-20 18:31:04.283 Information InetPhp: maps.txt: Response text follows:
Opening text file maps.txt for replacement
Writing text file maps.txt
Write complete
2026-07-20 18:31:04.283 Information PHP UploadFile: Success
2026-07-20 18:31:04.283 Information UploadFile: Starting utils/systeminfoTable.txt => systeminfoTable.txt
2026-07-20 18:31:04.283 Information Upload File values: localfile: utils/systeminfoTable.txt
2026-07-20 18:31:04.283 Information Upload File values: remotefile: systeminfoTable.txt
2026-07-20 18:31:04.283 Information PHP Upload: starting utils/systeminfoTable.txt
2026-07-20 18:31:04.283 Information Incremental = False; filename = systeminfoTable.txt; ext = .txt; HoursInGraph = 72
2026-07-20 18:31:04.314 Information InetPhp: systeminfoTable.txt: Response code = 200: OK
2026-07-20 18:31:04.314 Information InetPhp: systeminfoTable.txt: Response text follows:
Opening text file systeminfoTable.txt for replacement
Writing text file systeminfoTable.txt
Write complete
2026-07-20 18:31:04.314 Information PHP UploadFile: Success
2026-07-20 18:31:04.314 All done, Entering the finally section...; Closing down.
2026-07-20 18:31:04.314 Disposing Isup...
2026-07-20 18:31:04.315 Disposing Sup...
