2026-07-22 15:41:01.942 Information According to Inifile Info => Error: True, Warning: True, Info: True, Verbose: False, 
2026-07-22 15:41:01.969 CumulusUtils Initial: Shutting down the default listener
2026-07-22 15:41:01.969 Information Cumul2026-07-22 15:41:01.969 CumulusUtils Initial: Shutti2026-07-22 15:41:02.019  CUstrings[xx].ini : CUstringsEN.ini looked for.
2026-07-22 15:41:02.050  CumulusUtils version: 7.1.1 
2026-07-22 15:41:02.050  CuSupport constructor : Unit Wind (m/s, mph, km/h, kts): mph
2026-07-22 15:41:02.050  CuSupport constructor : Unit Pressure (mb,hPa,inHg): hPa
2026-07-22 15:41:02.050  CuSupport constructor : Unit Rain (mm,in): mm
2026-07-22 15:41:02.051  CuSupport constructor : Unit T (C,F): °C
2026-07-22 15:41:02.051  CuSupport constructor : Unit Distance (m, mi, km, kn): mi
2026-07-22 15:41:02.051  CuSupport cons2026-07-22 15:41:02.052  CuSupport2026-07-22 15:41:02.066 InetSupport: Constructor starting
2026-07-22 15:41:02.128 CumulusUtils : ----------------------------
2026-07-22 15:41:02.128 CumulusUtils : Entering Main
2026-07-22 15:41:02.144 HelpTexts: starting
2026-07-22 15:41:02.183 Information HelpTexts Contructor: stop
2026-07-22 15:41:02.233 CommandLineArgs : starting
2026-07-22 15:41:02.233  CommandLineArgs : handling arg: sysinfo
2026-07-22 15:41:02.233  CommandLineArgs : handling arg: UserAskedData
2026-07-22 15:41:02.233  CommandLineArgs : handling arg: UserReports
2026-07-22 15:41:02.233 Dayfile: Reading the dayfile.txt...
2026-07-22 15:41:02.315 Information CumulusUtils : Read dayfile.txt succesfully - 930 records
2026-07-22 15:41:02.340 Information SystemStatus : starting
2026-07-22 15:41:02.371 Information GetUrlData Start: URL - http://localhost:8998/api/tags/process.json?version&build&Prog2026-07-22 15:41:02.375 Information GetUrlData Start: URL - h2026-07-22 15:41:02.785 CumulusMX Version: 4.5.2 build 4105
2026-07-22 15:41:02.793 Information  SystemStatus: Found devic2026-07-22 15:41:02.797 CumulusMX Version: 4.5.2 build 4105
2026-07-22 15:41:02.806 Information  SystemStatus: Found device 12 GW1000/Ecowitt Local API
2026-07-22 15:41:02.807 Information ReplaceWebtagsPostAsync start:
2026-07-22 15:41:02.811 Information  PostUrl2026-07-22 15:41:02.839 Information PostUrlData success response : OK - OK
2026-07-22 15:41:02.849 SystemStatus : DoingUnix
2026-07-22 15:41:02.851 Information SystemStatus : DoingUnix Start
2026-07-22 15:41:02.857 Information StartProcess cat /etc/os-release
2026-07-22 15:41:02.874 Information StartProcess cat: output=PRETTY_NAME="Debian GNU/Linux 12 (bookworm)"
2026-07-22 15:412026-07-22 15:41:02.879 Information StartProcess cat: output=PRETTY_NAME="Debian GNU/Linux 12 (bookworm)"
2026-07-22 15:41:02.879 Information StartProcess cat: output=NAME="Debian GNU/Linux"
2026-07-22 15:41:02.879 Information StartProcess cat: output=VERSION_ID="12"
2026-07-22 15:41:02.879 Information StartProcess cat: output=VERSION="12 (bookworm)"
2026-07-22 15:41:02.879 Information StartProcess cat: output=VERSION_CODENAME=bookworm
2026-07-22 15:41:02.880 Information StartProcess cat: output=ID=debian
2026-07-22 15:41:02.880 Information StartProcess cat: output=HOME_URL="https://www.debian.org/"
2026-07-22 15:41:02.880 Information StartProcess cat: output=SUPPORT_URL="https://www.debian.org/support"
2026-07-22 15:41:02.880 Information StartProcess cat: output=BUG_REPORT_URL="https://bugs.debian.org/"
2026-07-22 15:41:02.881 Information Found Linux NAME: PRETTY_NAME="Debian GNU/Linux 12 (bookworm)"
22026-07-22 15:41:02.885 Information StartProcess uptime: output=up 3 weeks, 4 days, 20 hours, 7 minutes
2026-07-22 15:41:02.888 Information StartProcess lshw -quiet -class system
2026-07-22 15:41:02.891 Error System/Processor:2026-07-22 15:41:02.892 Information StartProcess lshw -quiet -class system
2026-07-22 15:41:02.896 Error System/Processor: Unknown (exception) - An error occurred trying to start process 'lshw' with working directory '/opt/CumulusMX'. No such file or directory
2026-07-22026-07-22 15:41:02.899 Information StartProcess uname: output=Linux 6.1.0-23-amd64 x86_64
2026-07-22 15:41:02.899 Informa2026-07-22 15:41:02.901 Informati2026-07-22 15:41:02.927 Information StartProcess lsb_release: output=Distributor ID:	Debian
2026-07-22 15:41:02.927 Inform2026-07-22 15:41:02.931 Information StartProcess lsb_release: output=Distributor ID:	Debian
2026-07-22 15:41:02.931 Information StartProcess lsb_release: output=Description:	Debian GNU/Linux 12 (bookworm)
2026-07-22 15:41:02.931 Information StartProcess lsb_release: output=Release:	12
2026-07-22 15:41:02.931 Information St2026-07-22 15:41:02.935 Information StartProcess dotnet: output=Microsoft.NETCore.App 8.0.8 [/usr/share/dotnet/shared/Micr2026-07-22 15:41:022026-07-22 15:41:02.939 Information StartProcess free -m
2026-07-22 15:41:02.942 Information StartProcess free: output=               total        used        free      shared  bu2026-07-22 15:41:02.946 Information StartProcess free: output=               total        used        free      shared  buff/cache   available
2026-07-22 15:41:02.946 Information StartProcess free: output=Mem:             960         381         396          32         361         579
2026-07-22 15:41:02.946 Information StartProcess free: ou2026-07-22 15:41:02.948 Information StartProcess df: output=Filesystem     Type  Size  Used Avail Use% Mounted on
2026-07-2026-07-22 15:41:02.954 Information StartProcess df: output=Filesystem     Type  Size  Used Avail Use% Mounted on
2026-07-22 15:41:02.954 Infor2026-07-22 15:41:02.969 Information MapsOn: Starting
2026-07-22 15:41:02.977 Information  MapsOn: Adding Station: Westlands
2026-07-22 15:41:02.990 Information MapsOn: Before testing DoneToday after parsing: 22/07/2026 10:41:02 
2026-07-22 15:41:2026-07-22 15:41:02.996 Information MapsOn: Before testing DoneToday after parsing: 22/07/2026 10:41:02 
2026-07-22 152026-07-22 15:41:03.005 Information DateIsToday: thisSpan: 05:00:00.9910402 | thisSpan.TotalDays = 0.20834480370601852
2022026-07-22 15:41:03.011 Information DateIsToday: thisSpan: 05:00:01.0006769 | thisSpan.TotalDays = 0.20834491524189816
2026-07-22 15:41:03.011 Information MapsOn: Must NOT send signature, has been done already : 2026-07-22T10:41:02
2026-07-22 15:41:03.011 Information Fetch Map: Fetc2026-07-22 15:41:03.993 Information Main: <!--
 This file is generated as part of CumulusUti
2026-07-22 15:41:03.994 Information UserAskedData Starting...
2026-07-22 15:41:03.994 Information UserAskedData Doing the compiler stuff...
2026-07-22 15:41:04.029 Information CustomLogs constructor: starting
2026-07-22 15:41:04.054 Information CustomLogs WebtagInfo constructor: number of defined Webtag Units: 400, everything OK. 
2026-07-22 15:41:04.055 Information Custom Logs constructor: stop
2026-07-22 15:41:04.084 DefineUsercharts: Parsing User charts definitions - starting
2026-07-22 15:41:04.084 Information Parsing User Charts Definitions : Chart Overview'
2026-07-22 15:41:04.096 Information Parsing User Charts Definitions : Chart Temperature'
2026-07-22 15:41:04.096 Informati2026-07-22 15:41:04.099 Information Parsing User Charts Definitions : Chart Temperature'
2026-07-22 15:41:04.099 Information Parsing User Ch2026-07-22 15:41:04.096 Information Parsing User Charts Definitions : Chart Rain'
2026-07-22 15:41:04.104 Information Parsing User Charts Definitions : Chart Humidity'
2026-07-22 15:41:04.104 Information Parsing User Charts Definitions : Chart Solar'
2026-07-22 15:41:04.104 Information Parsing User Charts Definitions : Chart DailyTemp'
2026-07-22 15:41:04.105 Information Parsing User Charts Definitions : Chart DailyPressure'
2026-07-22 15:41:04.107 Information Parsing User Charts: Evaluating Expression '(MinBarometer+MaxBarometer)/2'.
2026-07-22 15:41:04.129 Generating Compiler UserAskedData: Starting
2026-07-22 15:41:04.131 Information GenerateUserAskedData: timeStart = 22/07/2026 15:32:00; timeEnd = 22/07/2026 15:41:00
2026-07-22 15:41:04.132 Monthfile constructor: Using fixed path: | data/ |; file: | *log.txt
2026-07-22 15:41:04.135 ReadPartialMonthlyLogs: Starting.
2026-07-22 15:41:04.144 Information ReadPartialMonthlyLogs: reading 202607log.txt
2026-07-22 15:41:04.153 Information UserAskedData: Failing in GenerateUSerAskedData - i.e. Compiler data)
2026-07-22 15:412026-07-22 15:41:04.355 Information ReadMonthlyLogs: End
2026-07-22 15:41:04.363 Information Generate UserAskedData: DoneToday = 21/07/2026 19:11:04.
2026-07-22 15:41:04.363 Information DateIsToday for thisDate: 21/07/2026 19:11:04 | thisDate.DayOfYear: 202 versus Now.DayOfYear: 203)
2026-07-22 15:41:04.363 Information DateIsToday: thisSpan: 20:30:00.3630767 | thisSpan.TotalDays = 0.8541708689432871
2026-07-22 15:41:04.363 Information Generate UserAskedData: Must NOT generate the ALL Range.
2026-07-22 15:41:04.363 Information Generate UserAskedData - Loop over Chart: Overview)
2026-07-22 15:41:04.364 Information Generate UserAskedData - Testing temp into tempdata.json (Range is Recent)
2026-07-22 15:41:04.364 Information Generate UserAskedData - Testing dew into tempdata.json (Range is Recent)
2026-07-22 15:41:04.364 Information Generate UserAskedData - Testing press into pressdata.json (Range is Recent)
2026-07-22 15:41:04.364 Information Generate2026-07-22 15:41:04.392 Information InetPhp: maps.txt: Response code = 200: OK
2026-07-22 15:41:04.393 Information InetPhp: maps.txt: Response text follows:
Opening text file maps.txt for replacement
Writing text file maps.txt
Write complete
2026-07-22 15:41:04.393 Information PHP UploadFile: Success
2026-07-22 15:41:04.393 Information UploadFile: Starting utils/systeminfoTable.txt => systeminfoTable.txt
2026-07-22 15:41:04.393 Information Upload File values: localfile: utils/systeminfoTable.txt
2026-07-22 15:41:04.393 Information Upload File values: remotefile: systeminfoTable.txt
2026-07-22 15:41:04.393 Information PHP Upload: starting utils/systeminfoTable.txt
2026-07-22 15:41:04.393 Information Incremental = False; filename = systeminfoTable.txt; ext = .txt; HoursInGraph = 72
2026-07-22 15:41:04.433 Information InetPhp: systeminfoTable.txt: Response code = 200: OK
2026-07-22 15:41:04.433 Information InetPhp: systeminfoTable.txt: Response text follows:
Opening text file systeminfoTable.txt for replacement
Writing text file systeminfoTable.txt
Write complete
2026-07-22 15:41:04.433 Information PHP UploadFile: Success
2026-07-22 15:41:04.433 All done, Entering the finally section...; Closing down.
2026-07-22 15:41:04.433 Disposing Isup...
2026-07-22 15:41:04.433 Disposing Sup...
ing bearing into wdirdata.json (Range is Recent)
2026-07-22 15:41:04.364 Information Generate UserAskedData - Testing avgbearing into wdirdata.json (Range is Recent)
2026-07-22 15:41:04.364 Information Generate UserAskedData - Loop over Chart: Rain)
2026-07-22 15:41:04.364 Information Generate UserAskedData - Testing rfall into raindata.json (Range is Recent)
2026-07-22 15:41:04.364 Information Generate UserAskedData - Testing rrate into raindata.json (Range is Recent)
2026-07-22 15:41:04.364 Information Generate UserAskedData - Loop over Chart: Humidity)
2026-07-22 15:41:04.364 Information Generate UserAskedData - Testing hum into humdata.json (Range is Recent)
2026-07-22 15:41:04.364 Information Generate UserAskedData - Testing inhum into humdata.json (Range is Recent)
2026-07-22 15:41:04.364 Information Generate UserAskedData - Loop over Chart: Solar)
2026-07-22 15:41:04.364 Information Generate UserAskedData - Testing UV into solardata.json (Range is Recent)
2026-07-22 15:41:04.364 Information Generate UserAskedData - Testing SolarRad into solardata.json (Range is Recent)
2026-07-22 15:41:04.364 Information Generate UserAskedData - Testing CurrentSolarMax into solardata.json (Range is Recent)
2026-07-22 15:41:04.364 Information Generate UserAskedData - Loop over Chart: DailyTemp)
2026-07-22 15:41:04.364 Information Generate UserAskedData - Testing avgTemp into alldailytempdata.json (Range is Daily)
2026-07-22 15:41:04.364 Information Generate UserAskedData - Testing avgTemp into alldailytempdata.json (Range is Daily)
2026-07-22 15:41:04.364 Information Generate UserAskedData - Loop over Chart: DailyPressure)
2026-07-22 15:41:04.364 Information Generate UserAskedData - Testing minBaro into alldailypressdata.json (Range is Daily)
2026-07-22 15:41:04.364 Information Generate UserAskedData - Testing  into  (Range is Daily)
2026-07-22 15:41:04.364 Information DoAirLink / AirQualitySensor  = False / False
2026-07-22 15:41:04.365 Information Uploading = maps.txt
2026-07-22 15:41:04.370 Testing PHP upload compression on https://jpickles.com/cutils/upload.php
2026-07-22 15:41:04.524 Information PHP upload does not support compression
2026-07-22 15:41:04.524 Information UploadFile: Starting utils/maps.txt => maps.txt
2026-07-22 15:41:04.524 Information Upload File values: localfile: utils/maps.txt
2026-07-22 15:41:04.524 Information Upload File values: remotefile: maps.txt
2026-07-22 15:41:04.528 Information PHP Upload: starting utils/maps.txt
2026-07-22 15:41:04.529 Information Incremental = False; filename = maps.txt; ext = .txt; HoursInGraph = 72
2026-07-22 15:41:04.609 Information InetPhp: maps.txt: Response code = 200: OK
2026-07-22 15:41:04.609 Information InetPhp: maps.txt: Response text follows:
Opening text file maps.txt for replacement
Writing text file maps.txt
Write complete
2026-07-22 15:41:04.609 Information PHP UploadFile: Success
2026-07-22 15:41:04.609 Information UploadFile: Starting utils/systeminfoTable.txt => systeminfoTable.txt
2026-07-22 15:41:04.609 Information Upload File values: localfile: utils/systeminfoTable.txt
2026-07-22 15:41:04.609 Information Upload File values: remotefile: systeminfoTable.txt
2026-07-22 15:41:04.609 Information PHP Upload: starting utils/systeminfoTable.txt
2026-07-22 15:41:04.610 Information Incremental = False; filename = systeminfoTable.txt; ext = .txt; HoursInGraph = 72
2026-07-22 15:41:04.643 Information InetPhp: systeminfoTable.txt: Response code = 200: OK
2026-07-22 15:41:04.643 Information InetPhp: systeminfoTable.txt: Response text follows:
Opening text file systeminfoTable.txt for replacement
Writing text file systeminfoTable.txt
Write complete
2026-07-22 15:41:04.643 Information PHP UploadFile: Success
2026-07-22 15:41:04.644 All done, Entering the finally section...; Closing down.
2026-07-22 15:41:04.644 Disposing Isup...
2026-07-22 15:41:04.644 Disposing Sup...
