2026-07-20 19:21:01.904 Information According to Inifile Info => Error: True, Warning: True, Info: True, Verbose: False, 
2026-07-20 19:21:01.940 CumulusUtils Initial: Shutting down the default listener
2026-07-20 19:21:01.941 Information CumulusUtils Initial: Shutting down the default listener
2026-07-20 19:21:01.966  CUstrings[xx].ini : CUstringsEN.ini looked for.
2026-07-20 19:21:01.978  CumulusUtils version: 7.1.1 
2026-07-20 19:21:01.978  CuSupport constructor : Unit Wind (m/s, mph, km/h, kts): mph
2026-07-20 19:21:01.978  CuSupport constructor : Unit Pressure (mb,hPa,inHg): hPa
2026-07-20 19:21:01.979  CuSupport constructor : Unit Rain (mm,in): mm
2026-07-20 19:21:01.979  CuSupport constructor : Unit T (C,F): °C
2026-07-20 19:21:01.979  CuSupport constructor : Unit Distance (m, mi, km, kn): mi
2026-07-20 19:21:01.980  CuSupport constructor : Unit Height (m, ft): ft
2026-07-20 19:21:01.987 InetSupport: Constructor starting
2026-07-20 19:21:02.019 CumulusUtils : ----------------------------
2026-07-20 19:21:02.019 CumulusUtils : Entering Main
2026-07-20 19:21:02.027 HelpTexts: starting
2026-07-20 19:21:02.046 Information HelpTexts Contructor: stop
2026-07-20 19:21:02.070 CommandLineArgs : starting
2026-07-20 19:21:02.070  CommandLineArgs : handling arg: sysinfo
2026-07-20 19:21:02.070  CommandLineArgs : handling arg: UserAskedData
2026-07-20 19:21:02.070  CommandLineArgs : handling arg: UserReports
2026-07-20 19:21:02.071 Dayfile: Reading the dayfile.txt...
2026-07-20 19:21:02.114 Information CumulusUtils : Read dayfile.txt succesfully - 928 records
2026-07-20 19:21:02.127 Information SystemStatus : starting
2026-07-20 19:21:02.142 Information GetUrlData Start: URL - http://localhost:8998/api/tags/process.json?version&build&ProgramUpTime&NewBuildAvailable&NewBuildNumber&CpuCount&CPUTemp 
2026-07-20 19:21:02.368 CumulusMX Version: 4.5.2 build 4105
2026-07-20 19:21:02.371 Information  SystemStatus: Found device 12 GW1000/Ecowitt Local API
2026-07-20 19:21:02.372 Information ReplaceWebtagsPostAsync start:
2026-07-20 19:21:02.375 Information  PostUrlData Start: http://localhost:8998/api/tags/process.txt 
2026-07-20 19:21:02.375 Information PostUrlData Calling PostAsync
2026-07-20 19:21:02.398 Information PostUrlData success response : OK - OK
2026-07-20 19:21:02.401 SystemStatus : DoingUnix
2026-07-20 19:21:02.402 Information SystemStatus : DoingUnix Start
2026-07-20 19:21:02.406 Information StartProcess cat /etc/os-release
2026-07-20 19:21:02.412 Information StartProcess cat: output=PRETTY_NAME="Debian GNU/Linux 12 (bookworm)"
2026-07-20 19:21:02.412 Information StartProcess cat: output=NAME="Debian GNU/Linux"
2026-07-20 19:21:02.412 Information StartProcess cat: output=VERSION_ID="12"
2026-07-20 19:21:02.412 Information StartProcess cat: output=VERSION="12 (bookworm)"
2026-07-20 19:21:02.412 Information StartProcess cat: output=VERSION_CODENAME=bookworm
2026-07-20 19:21:02.412 Information StartProcess cat: output=ID=debian
2026-07-20 19:21:02.412 Information StartProcess cat: output=HOME_URL="https://www.debian.org/"
2026-07-20 19:21:02.412 Information StartProcess cat: output=SUPPORT_URL="https://www.debian.org/support"
2026-07-20 19:21:02.412 Information StartProcess cat: output=BUG_REPORT_URL="https://bugs.debian.org/"
2026-07-20 19:21:02.414 Information Found Linux NAME: PRETTY_NAME="Debian GNU/Linux 12 (bookworm)"
2026-07-20 19:21:02.415 Information Using Linux dialect: Debian
2026-07-20 19:21:02.415 Information StartProcess uptime -p
2026-07-20 19:21:02.418 Information StartProcess uptime: output=up 3 weeks, 2 days, 23 hours, 47 minutes
2026-07-20 19:21:02.418 Information StartProcess lshw -quiet -class system
2026-07-20 19:21:02.420 Error System/Processor: Unknown (exception) - An error occurred trying to start process 'lshw' with working directory '/opt/CumulusMX'. No such file or directory
2026-07-20 19:21:02.421 Please install lshw (apt-get install lshw)
2026-07-20 19:21:02.421 Information StartProcess uname -s -r -m
2026-07-20 19:21:02.422 Information StartProcess uname: output=Linux 6.1.0-23-amd64 x86_64
2026-07-20 19:21:02.422 Information StartProcess lsb_release -a
2026-07-20 19:21:02.436 Information StartProcess lsb_release: output=Distributor ID:	Debian
2026-07-20 19:21:02.436 Information StartProcess lsb_release: output=Description:	Debian GNU/Linux 12 (bookworm)
2026-07-20 19:21:02.436 Information StartProcess lsb_release: output=Release:	12
2026-07-20 19:21:02.436 Information StartProcess lsb_release: output=Codename:	bookworm
2026-07-20 19:21:02.437 Information StartProcess dotnet --list-runtimes
2026-07-20 19:21:02.442 Information StartProcess dotnet: output=Microsoft.NETCore.App 8.0.8 [/usr/share/dotnet/shared/Microsoft.NETCore.App]
2026-07-20 19:21:02.442 Information StartProcess free -m
2026-07-20 19:21:02.445 Information StartProcess free: output=               total        used        free      shared  buff/cache   available
2026-07-20 19:21:02.445 Information StartProcess free: output=Mem:             960         342         434          20         351         618
2026-07-20 19:21:02.445 Information StartProcess free: output=Swap:            974          77         897
2026-07-20 19:21:02.446 Information StartProcess df -T -text4 -tvfat -h
2026-07-20 19:21:02.447 Information StartProcess df: output=Filesystem     Type  Size  Used Avail Use% Mounted on
2026-07-20 19:21:02.447 Information StartProcess df: output=/dev/sda1      ext4   31G  7.6G   22G  27% /
2026-07-20 19:21:02.450 USerReports: Starting
2026-07-20 19:21:02.457 Information MapsOn: Starting
2026-07-20 19:21:02.461 Information  MapsOn: Adding Station: Westlands
2026-07-20 19:21:02.469 Information MapsOn: Before testing DoneToday after parsing: 20/07/2026 10:31:03 
2026-07-20 19:21:02.470 Information DateIsToday for thisDate: 20/07/2026 10:31:03 | thisDate.DayOfYear: 201 versus Now.DayOfYear: 201)
2026-07-20 19:21:02.476 Information DateIsToday: thisSpan: 08:49:59.4703917 | thisSpan.TotalDays = 0.3680494258298611
2026-07-20 19:21:02.476 Information MapsOn: Must NOT send signature, has been done already : 2026-07-20T10:31:03
2026-07-20 19:21:02.476 Information Fetch Map: Fetching the generated map
2026-07-20 19:21:02.476 Information GetUrlData Start: URL - https://meteo-wagenborgen.nl/maps.txt 
2026-07-20 19:21:03.017 Information Main: <!--
 This file is generated as part of CumulusUti
2026-07-20 19:21:03.018 Information UserAskedData Starting...
2026-07-20 19:21:03.018 Information UserAskedData Doing the compiler stuff...
2026-07-20 19:21:03.035 Information CustomLogs constructor: starting
2026-07-20 19:21:03.044 Information CustomLogs WebtagInfo constructor: number of defined Webtag Units: 400, everything OK. 
2026-07-20 19:21:03.046 Information Custom Logs constructor: stop
2026-07-20 19:21:03.058 DefineUsercharts: Parsing User charts definitions - starting
2026-07-20 19:21:03.058 Information Parsing User Charts Definitions : Chart Overview'
2026-07-20 19:21:03.066 Information Parsing User Charts Definitions : Chart Temperature'
2026-07-20 19:21:03.066 Information Parsing User Charts Definitions : Chart Wind'
2026-07-20 19:21:03.066 Information Parsing User Charts Definitions : Chart WindDirection'
2026-07-20 19:21:03.068 Information Parsing User Charts Definitions : Chart Rain'
2026-07-20 19:21:03.068 Information Parsing User Charts Definitions : Chart Humidity'
2026-07-20 19:21:03.068 Information Parsing User Charts Definitions : Chart Solar'
2026-07-20 19:21:03.068 Information Parsing User Charts Definitions : Chart DailyTemp'
2026-07-20 19:21:03.068 Information Parsing User Charts Definitions : Chart DailyPressure'
2026-07-20 19:21:03.071 Information Parsing User Charts: Evaluating Expression '(MinBarometer+MaxBarometer)/2'.
2026-07-20 19:21:03.080 Generating Compiler UserAskedData: Starting
2026-07-20 19:21:03.082 Information GenerateUserAskedData: timeStart = 20/07/2026 19:12:00; timeEnd = 20/07/2026 19:21:00
2026-07-20 19:21:03.083 Monthfile constructor: Using fixed path: | data/ |; file: | *log.txt
2026-07-20 19:21:03.085 ReadPartialMonthlyLogs: Starting.
2026-07-20 19:21:03.089 Information ReadPartialMonthlyLogs: reading 202607log.txt
2026-07-20 19:21:03.242 Information ReadMonthlyLogs: End
2026-07-20 19:21:03.248 Information Generate UserAskedData: DoneToday = 20/07/2026 19:01:04.
2026-07-20 19:21:03.248 Information DateIsToday for thisDate: 20/07/2026 19:01:04 | thisDate.DayOfYear: 201 versus Now.DayOfYear: 201)
2026-07-20 19:21:03.249 Information DateIsToday: thisSpan: 00:19:59.2489525 | thisSpan.TotalDays = 0.01388019620949074
2026-07-20 19:21:03.249 Information Generate UserAskedData: Must NOT generate the ALL Range.
2026-07-20 19:21:03.249 Information Generate UserAskedData - Loop over Chart: Overview)
2026-07-20 19:21:03.250 Information Generate UserAskedData - Testing temp into tempdata.json (Range is Recent)
2026-07-20 19:21:03.250 Information Generate UserAskedData - Testing dew into tempdata.json (Range is Recent)
2026-07-20 19:21:03.250 Information Generate UserAskedData - Testing press into pressdata.json (Range is Recent)
2026-07-20 19:21:03.250 Information Generate UserAskedData - Testing hum into humdata.json (Range is Recent)
2026-07-20 19:21:03.250 Information Generate UserAskedData - Testing SolarRad into solardata.json (Range is Recent)
2026-07-20 19:21:03.250 Information Generate UserAskedData - Testing rfall into raindata.json (Range is Recent)
2026-07-20 19:21:03.250 Information Generate UserAskedData - Loop over Chart: Temperature)
2026-07-20 19:21:03.250 Information Generate UserAskedData - Testing intemp into tempdata.json (Range is Recent)
2026-07-20 19:21:03.250 Information Generate UserAskedData - Testing temp into tempdata.json (Range is Recent)
2026-07-20 19:21:03.250 Information Generate UserAskedData - Testing feelslike into tempdata.json (Range is Recent)
2026-07-20 19:21:03.250 Information Generate UserAskedData - Testing dew into tempdata.json (Range is Recent)
2026-07-20 19:21:03.250 Information Generate UserAskedData - Loop over Chart: Wind)
2026-07-20 19:21:03.250 Information Generate UserAskedData - Testing wgust into winddata.json (Range is Recent)
2026-07-20 19:21:03.250 Information Generate UserAskedData - Testing wspeed into winddata.json (Range is Recent)
2026-07-20 19:21:03.250 Information Generate UserAskedData - Loop over Chart: WindDirection)
2026-07-20 19:21:03.250 Information Generate UserAskedData - Testing bearing into wdirdata.json (Range is Recent)
2026-07-20 19:21:03.250 Information Generate UserAskedData - Testing avgbearing into wdirdata.json (Range is Recent)
2026-07-20 19:21:03.250 Information Generate UserAskedData - Loop over Chart: Rain)
2026-07-20 19:21:03.250 Information Generate UserAskedData - Testing rfall into raindata.json (Range is Recent)
2026-07-20 19:21:03.250 Information Generate UserAskedData - Testing rrate into raindata.json (Range is Recent)
2026-07-20 19:21:03.250 Information Generate UserAskedData - Loop over Chart: Humidity)
2026-07-20 19:21:03.250 Information Generate UserAskedData - Testing hum into humdata.json (Range is Recent)
2026-07-20 19:21:03.250 Information Generate UserAskedData - Testing inhum into humdata.json (Range is Recent)
2026-07-20 19:21:03.250 Information Generate UserAskedData - Loop over Chart: Solar)
2026-07-20 19:21:03.250 Information Generate UserAskedData - Testing UV into solardata.json (Range is Recent)
2026-07-20 19:21:03.250 Information Generate UserAskedData - Testing SolarRad into solardata.json (Range is Recent)
2026-07-20 19:21:03.250 Information Generate UserAskedData - Testing CurrentSolarMax into solardata.json (Range is Recent)
2026-07-20 19:21:03.250 Information Generate UserAskedData - Loop over Chart: DailyTemp)
2026-07-20 19:21:03.250 Information Generate UserAskedData - Testing avgTemp into alldailytempdata.json (Range is Daily)
2026-07-20 19:21:03.250 Information Generate UserAskedData - Testing avgTemp into alldailytempdata.json (Range is Daily)
2026-07-20 19:21:03.250 Information Generate UserAskedData - Loop over Chart: DailyPressure)
2026-07-20 19:21:03.250 Information Generate UserAskedData - Testing minBaro into alldailypressdata.json (Range is Daily)
2026-07-20 19:21:03.250 Information Generate UserAskedData - Testing  into  (Range is Daily)
2026-07-20 19:21:03.250 Information DoAirLink / AirQualitySensor  = False / False
2026-07-20 19:21:03.250 Information Uploading = maps.txt
2026-07-20 19:21:03.255 Testing PHP upload compression on https://jpickles.com/cutils/upload.php
2026-07-20 19:21:03.387 Information PHP upload does not support compression
2026-07-20 19:21:03.387 Information UploadFile: Starting utils/maps.txt => maps.txt
2026-07-20 19:21:03.387 Information Upload File values: localfile: utils/maps.txt
2026-07-20 19:21:03.387 Information Upload File values: remotefile: maps.txt
2026-07-20 19:21:03.392 Information PHP Upload: starting utils/maps.txt
2026-07-20 19:21:03.393 Information Incremental = False; filename = maps.txt; ext = .txt; HoursInGraph = 72
2026-07-20 19:21:03.472 Information InetPhp: maps.txt: Response code = 200: OK
2026-07-20 19:21:03.472 Information InetPhp: maps.txt: Response text follows:
Opening text file maps.txt for replacement
Writing text file maps.txt
Write complete
2026-07-20 19:21:03.472 Information PHP UploadFile: Success
2026-07-20 19:21:03.473 Information UploadFile: Starting utils/systeminfoTable.txt => systeminfoTable.txt
2026-07-20 19:21:03.473 Information Upload File values: localfile: utils/systeminfoTable.txt
2026-07-20 19:21:03.473 Information Upload File values: remotefile: systeminfoTable.txt
2026-07-20 19:21:03.473 Information PHP Upload: starting utils/systeminfoTable.txt
2026-07-20 19:21:03.473 Information Incremental = False; filename = systeminfoTable.txt; ext = .txt; HoursInGraph = 72
2026-07-20 19:21:03.509 Information InetPhp: systeminfoTable.txt: Response code = 200: OK
2026-07-20 19:21:03.509 Information InetPhp: systeminfoTable.txt: Response text follows:
Opening text file systeminfoTable.txt for replacement
Writing text file systeminfoTable.txt
Write complete
2026-07-20 19:21:03.509 Information PHP UploadFile: Success
2026-07-20 19:21:03.509 All done, Entering the finally section...; Closing down.
2026-07-20 19:21:03.509 Disposing Isup...
2026-07-20 19:21:03.510 Disposing Sup...
