2026-07-22 00:51:02.326 Information According to Inifile Info => Error: True, Warning: True, Info: True, Verbose: False, 
2026-07-22 00:51:02.353 CumulusUtils Initial: Shutting down the default listener
2026-07-22 00:51:02.353 Information CumulusUtils Initial: Shutting down the default listener
2026-07-22 00:51:02.412  CUstrings[xx].ini : CUstringsEN.ini looked for.
2026-07-22 00:51:02.441  CumulusUtils version: 7.1.1 
2026-07-22 00:51:02.442  CuSupport constructor : Unit Wind (m/s, mph2026-07-22 00:51:02.445  CumulusUtils version: 7.1.1 
2026-07-22 00:51:02.446  CuSupport constructor : Unit Wind (m/s, mph, km/h, kts): mph
2026-07-22 00:51:02.446  CuSupport constructor : Unit Pressure (mb,hPa,inHg): hPa
2026-07-22 00:51:02.446  CuSupport constructor : Unit Rain (mm,in): mm
2026-07-22 00:51:02.447  CuSupport constructor : Unit T (C,F): °C
2026-07-22 00:51:02.447  CuSupport2026-07-22 00:51:02.469 InetSupport: Constructor starting
2026-07-22 00:51:02.527 CumulusUtils : ----------------------------
2026-07-22 00:51:02.527 CumulusUtils : Entering Main
2026-07-22 00:51:02.536 HelpTexts: starting
2026-07-22 00:51:02.580 Information HelpTexts Contructor: stop
2026-07-22 00:51:02.619 CommandLineArgs : starting
2026-07-22 00:51:02.620  CommandLineArgs : handling arg: sysinfo
2026-02026-07-22 00:51:02.624 CommandLineArgs : starting
2026-07-22 00:51:02.624  CommandLineArgs : handling arg: sysinfo
2026-07-22 00:51:02026-07-22 00:51:02.625 Dayfile: Reading the dayfile.txt...
2026-07-22 00:51:02.713 Information CumulusUtils : Read dayfile.txt succesfully - 930 records
2026-07-22 00:51:02.741 Information SystemStatus : starting
2026-07-22 00:51:02.767 Information GetUrlData Start: URL - http://localhost:8998/api/tags/process.json?version&build&Prog2026-07-22 00:51:02.770 Information GetUrlData Start: URL - h2026-07-22 00:51:03.162 CumulusMX Version: 4.5.2 build 4105
2026-07-22 00:51:03.169 Information  SystemStatus: Found devic2026-07-22 00:51:03.174 CumulusMX Version: 4.5.2 build 4105
2026-07-22 00:51:03.182 Information  SystemStatus: Found device 12 GW1000/Ecowitt Local API
2026-07-22 00:51:03.182 Information ReplaceWebtagsPostAsync start:
2026-07-22 00:51:03.186 Information  PostUrl2026-07-22 00:51:03.219 Information PostUrlData success response : OK - OK
2026-07-22 00:51:03.229 SystemStatus : DoingUni2026-07-22 00:51:03.232 Information PostUrlData success response : OK2026-07-22 00:51:03.238 Information StartProcess cat /e2026-07-22 00:2026-07-22 00:51:03.256 Information StartProcess cat: output=PRETTY_NAME="Debian GNU/Linux 12 (bookworm)"
2026-07-22 00:512026-07-22 00:51:03.264 Information StartProcess cat: output=PRETTY_NAME="Debian GNU/Linux 12 (bookworm)"
2026-07-22 00:51:03.264 Information StartProcess cat: output=NAME="Debian GNU/Linux"
2026-07-22 00:51:03.264 Information StartProcess cat: output=VERSION_ID="12"
2026-07-22 00:51:03.264 Information StartProcess cat: output=VERSION="12 (bookworm)"
2026-07-22 00:51:03.264 Information StartProcess cat: output=VERSION_CODENAME=bookworm
2026-07-22 00:51:03.264 Information StartProcess cat: output=ID=debian
2026-07-22 00:51:03.264 Information StartProcess cat: output=HOME_URL="https://www.debian.org/"
2026-07-22 00:51:03.264 Information StartProcess cat: output=SUPPORT_URL="https://www.debian.org/support"
2026-07-22 00:51:03.264 Information StartProcess cat: output=BUG_REPORT_URL="https://bugs.debian.org/"
2026-07-22 00:51:03.265 Information Found Linux NAME: PRETTY_NAME="Debian GNU/Linux 12 (bookworm)"
22026-07-22 00:51:03.267 Information StartProcess uptime: output=up 3 weeks, 4 days, 5 hours, 17 minutes
2026-07-22 00:51:02026-07-22 00:51:03.274 Information StartProcess uptime: output=up 3 weeks, 4 days, 5 hours, 17 minutes
2026-07-22 00:51:03.276 Information StartProcess lshw -quiet -class system
2026-07-22 00:51:03.278 Error System/Processor: Unknown (exception) - An error occurred trying to start process 'lshw' with working directory '/opt/CumulusMX'. No such file or directory
2026-07-22 00:51:03.278 Please install lshw (apt-get install lshw)
2026-07-22 00:51:03.278 Informati2026-07-22 00:51:03.279 Informa2026-07-22 00:51:03.280 Informati2026-07-22 00:51:03.308 Information StartProcess lsb_release: output=Distributor ID:	Debian
2026-07-22 00:51:03.308 Inform2026-07-22 00:51:03.315 Information StartProcess lsb_release: output=Distributor ID:	Debian
2026-07-22 00:51:03.315 Information StartProcess lsb_release: output=Description:	Debian GNU/Linux 12 (bookworm)
2026-07-22 00:51:03.315 Information StartProcess lsb_release: output=Release:	12
2026-07-22 00:51:03.315 Information StartProcess lsb_release: output=Codename:	bookworm
2026-07-22 00:51:03.316 Information StartProcess dotnet --list-runtimes
2026-07-22 00:51:03.323 Information StartProcess dotnet: output=Microsoft.NETCore.App 8.0.8 [/usr/share/dotnet/shared/Microsoft.NETCore.App]
2026-07-22 00:51:03.323 Information StartProcess free -m
2026-07-22 00:51:03.328 Information StartProcess free: output=               total        used        free      shared  buff/cache   available
2026-07-22 00:51:03.328 Information StartProcess free: output=Mem:             960         377         346          32         416         582
2026-07-22 00:51:03.328 Information StartProcess free: ou2026-07-22 00:51:03.330 Information StartProcess df: output=Filesystem     Type  Size  Used Avail Use% Mounted on
2026-07-2026-07-22 00:51:03.336 Information StartProcess df: output=Filesystem     Type  Size  Used Avail Use% Mounted on
2026-07-22 00:51:03.336 Infor2026-07-22 00:51:03.345 Information MapsOn: Starting
2026-07-22 00:51:03.356 Information  MapsOn: Adding Station: Westlands
2026-07-22 00:51:03.372 Information MapsOn: Before testing DoneToday after parsing: 21/07/2026 10:31:03 
2026-07-22 00:51:2026-07-22 00:51:03.377 Information MapsOn: Before testing DoneToday after parsing: 21/07/2026 10:31:03 
2026-07-22 002026-07-22 00:51:03.383 Information DateIsToday: thisSpan: 14:20:00.3734649 | thisSpan.TotalDays = 0.5972265447326389
20262026-07-22 00:51:03.392 Information DateIsToday: thisSpan: 14:20:00.3784900 | thisSpan.TotalDays = 0.5972266028935185
2026-07-22 00:51:03.392 Information MapsOn: Must NOT send signature, has been done already : 2026-07-21T10:31:03
2026-07-22 00:51:03.392 Information Fetch Map: Fetc2026-07-22 00:51:04.293 Information Main: <!--
 This file is generated as part of CumulusUti
2026-07-22 00:51:04.294 Information UserAskedData Starting...
2026-07-22 00:51:04.294 Information UserAskedData Doing the compiler stuff...
2026-07-22 00:51:04.325 Information CustomLogs constructor: starting
2026-07-22 00:51:04.342 Information CustomLogs WebtagInfo constructor: number of defined Webtag Units: 400, everything OK. 
2026-07-22 00:51:04.343 Information Custom Logs constructor: stop
2026-07-22 00:51:04.372 DefineUsercharts: Parsing User charts definitions - starting
2026-07-22 00:51:04.372 Information Parsing User Charts Definitions : Chart Overview'
2026-07-22 00:51:04.388 Information Parsing User Charts Definitions : Chart Temperature'
2026-07-22 00:51:04.388 Information Parsing User Charts Definitions : Chart Wind'
2026-07-22 00:51:04.388 Information Parsing User Charts Definitions : Chart WindDirection'
2026-07-22 00:51:04.389 Information Parsing User Charts Definitions : Chart Rain'
2026-07-22 00:51:04.389 Information Parsing User Charts Definitions : Chart Humidity'
2026-07-22 00:51:04.389 Information Parsing User Charts Definitions : Chart Solar'
2026-07-22 00:51:04.389 Information Parsing User Charts Definitions : Chart DailyTemp'
2026-07-22 00:51:04.389 Information Parsing User Charts Definitions : Chart DailyPressure'
2026-07-22 00:51:04.391 Information Parsing User Charts: Evaluating Expression '(MinBarometer+MaxBarometer)/2'.
2026-07-22 00:51:04.413 Generating Compiler UserAskedData: Starting
2026-07-22 00:51:04.415 Information GenerateUserAskedData: timeStart = 22/07/2026 00:42:00; timeEnd = 22/07/2026 00:51:00
2026-07-22 00:51:04.415 Monthfile constructor: Using fixed path: | data/ |; file: | *log.txt
2026-07-22 00:51:04.422 ReadPartialMonthlyLogs: Starting.
2026-07-22 00:51:04.434 Information ReadPartialMonthlyLogs: reading 202607log.txt
2026-07-22 00:51:04.745 Information ReadMonthlyLogs: End
2026-07-22 00:51:04.752 Information Generate UserAskedData: DoneToday = 21/07/2026 19:11:04.
2026-07-22 00:51:04.752 Information DateIsToday for thisDate: 21/07/2026 19:11:04 | thisDate.DayOfYear: 202 versus Now.DayOfYear: 203)
2026-07-22 00:51:04.752 Information DateIsToday: thisSpan: 05:40:00.7522248 | thisSpan.TotalDays = 0.23611981741666666
2026-07-22 00:51:04.752 Information Generate UserAskedData: Must NOT generate the ALL Range.
2026-07-22 00:51:04.752 Information Generate UserAskedData - Loop over Chart: Overview)
2026-07-22 00:51:04.757 Information Generate UserAskedData - Testing temp into tempdata.json (Range is Recent)
2026-07-22 00:51:04.757 Information Generate UserAskedData - Testing dew into tempdata.json (Range is Recent)
2026-07-22 00:51:04.757 Information Generate UserAskedData - Testing press into pressdata.json (Range is Recent)
2026-07-22 00:51:04.757 Information Generate UserAskedData - Testing hum into humdata.json (Range is Recent)
2026-07-22 00:51:04.757 Information Generate UserAskedData - Testing SolarRad into solardata.json (Range is Recent)
2026-07-22 00:51:04.757 Information Generate UserAskedData - Testing rfall into raindata.json (Range is Recent)
2026-07-22 00:51:04.757 Information Generate UserAskedData - Loop over Chart: Temperature)
2026-07-22 00:51:04.757 Information Generate UserAskedData - Testing intemp into tempdata.json (Range is Recent)
2026-07-22 00:51:04.757 Information Generate UserAskedData - Testing temp into tempdata.json (Range is Recent)
2026-07-22 00:51:04.757 Information Generate UserAskedData - Testing feelslike into tempdata.json (Range is Recent)
2026-07-22 00:51:04.757 Information Generate UserAskedData - Testing dew into tempdata.json (Range is Recent)
2026-07-22 00:51:04.757 Information Generate UserAskedData - Loop over Chart: Wind)
2026-07-22 00:51:04.757 Information Generate UserAskedData - Testing wgust into winddata.json (Range is Recent)
2026-07-22 00:51:04.757 Information Generate UserAskedData - Testing wspeed into winddata.json (Range is Recent)
2026-07-22 00:51:04.757 Information Generate UserAskedData - Loop over Chart: WindDirection)
2026-07-22 00:51:04.757 Information Generate UserAskedData - Testing bearing into wdirdata.json (Range is Recent)
2026-07-22 00:51:04.757 Information Generate UserAskedData - Testing avgbearing into wdirdata.json (Range is Recent)
2026-07-22 00:51:04.757 Information Generate UserAskedData - Loop over Chart: Rain)
2026-07-22 00:51:04.757 Information Generate UserAskedData - Testing rfall into raindata.json (Range is Recent)
2026-07-22 00:51:04.757 Information Generate UserAskedData - Testing rrate into raindata.json (Range is Recent)
2026-07-22 00:51:04.757 Information Generate UserAskedData - Loop over Chart: Humidity)
2026-07-22 00:51:04.757 Information Generate UserAskedData - Testing hum into humdata.json (Range is Recent)
2026-07-22 00:51:04.757 Information Generate UserAskedData - Testing inhum into humdata.json (Range is Recent)
2026-07-22 00:51:04.757 Information Generate UserAskedData - Loop over Chart: Solar)
2026-07-22 00:51:04.757 Information Generate UserAskedData - Testing UV into solardata.json (Range is Recent)
2026-07-22 00:51:04.757 Information Generate UserAskedData - Testing SolarRad into solardata.json (Range is Recent)
2026-07-22 00:51:04.757 Information Generate UserAskedData - Testing CurrentSolarMax into solardata.json (Range is Recent)
2026-07-22 00:51:04.757 Information Generate UserAskedData - Loop over Chart: DailyTemp)
2026-07-22 00:51:04.757 Information Generate UserAskedData - Testing avgTemp into alldailytempdata.json (Range is Daily)
2026-07-22 00:51:04.757 Information Generate UserAskedData - Testing avgTemp into alldailytempdata.json (Range is Daily)
2026-07-22 00:51:04.757 Information Generate UserAskedData - Loop over Chart: DailyPressure)
2026-07-22 00:51:04.757 Information Generate UserAskedData - Testing minBaro into alldailypressdata.json (Range is Daily)
2026-07-22 00:51:04.757 Information Generate UserAskedData - Testing  into  (Range is Daily)
2026-07-22 00:51:04.757 Information DoAirLink / AirQualitySensor  = False / False
2026-07-22 00:51:04.758 Information Uploading = maps.txt
2026-07-22 00:51:04.769 Testing PHP upload compression on https://jpickles.com/cutils/upload.php
2026-07-22 00:51:04.955 Information PHP upload does not support compression
2026-07-22 00:51:04.956 Information UploadFile: Starting utils/maps.txt => maps.txt
2026-07-22 00:51:04.956 Information Upload File values: localfile: utils/maps.txt
2026-07-22 00:51:04.956 Information Upload File values: remotefile: maps.txt
2026-07-22 00:51:04.960 Information PHP Upload: starting utils/maps.txt
2026-07-22 00:51:04.961 Information Incremental = False; filename = maps.txt; ext = .txt; HoursInGraph = 72
2026-07-22 00:51:05.037 Information InetPhp: maps.txt: Response code = 200: OK
2026-07-22 00:51:05.037 Information InetPhp: maps.txt: Response text follows:
Opening text file maps.txt for replacement
Writing text file maps.txt
Write complete
2026-07-22 00:51:05.037 Information PHP UploadFile: Success
2026-07-22 00:51:05.037 Information UploadFile: Starting utils/systeminfoTable.txt => systeminfoTable.txt
2026-07-22 00:51:05.037 Information Upload File values: localfile: utils/systeminfoTable.txt
2026-07-22 00:51:05.037 Information Upload File values: remotefile: systeminfoTable.txt
2026-07-22 00:51:05.037 Information PHP Upload: starting utils/systeminfoTable.txt
2026-07-22 00:51:05.037 Information Incremental = False; filename = systeminfoTable.txt; ext = .txt; HoursInGraph = 72
2026-07-22 00:51:05.073 Information InetPhp: systeminfoTable.txt: Response code = 200: OK
2026-07-22 00:51:05.073 Information InetPhp: systeminfoTable.txt: Response text follows:
Opening text file systeminfoTable.txt for replacement
Writing text file systeminfoTable.txt
Write complete
2026-07-22 00:51:05.073 Information PHP UploadFile: Success
2026-07-22 00:51:05.073 All done, Entering the finally section...; Closing down.
2026-07-22 00:51:05.073 Disposing Isup...
2026-07-22 00:51:05.074 Disposing Sup...
 the finally section...; Closing down.
2026-07-22 00:51:05.021 Disposing Isup...
2026-07-22 00:51:05.021 Disposing Sup...
