2026-07-20 19:51:01.483 Information According to Inifile Info => Error: True, Warning: True, Info: True, Verbose: False, 
2026-07-20 19:51:01.522 CumulusUtils Initial: Shutting down the default listener
2026-07-20 19:51:01.522 Information Cumul2026-07-20 19:51:01.540 CumulusUtils Initial: Shutti2026-07-20 19:51:01.577  CUstrings[xx].ini : CUstringsEN.ini looked for.
2026-07-20 19:51:01.597  CumulusUtils version: 7.1.1 
2026-07-20 19:51:01.598  CuSupport constructor : Unit Wind (m/s, mph2026-07-20 19:51:01.614  CumulusUtils version: 7.1.1 
2026-07-20 19:51:01.615  CuSupport constructor : Unit Wind (m/s, mph, km/h, kts): mph
2026-07-20 19:51:01.615  CuSupport constructor : Unit Pressure (mb,hPa,inHg): hPa
2026-07-20 19:51:01.615  CuSupport constructor : Unit Rain (mm,in): mm
2026-07-20 19:51:01.616  CuSupport constructor : Unit T (C,F): °C
2026-07-20 19:51:01.616  CuSupport2026-07-20 19:51:01.619 InetSupport: Constructor 2026-07-22026-07-20 19:51:01.681 CumulusUtils : ----------------------------
2026-07-20 19:51:01.681 CumulusUtils : Entering Main
22026-07-20 19:51:01.692 CumulusUtils : ----2026-07-20 19:51:01.729 Information HelpTexts Contructor: stop
2026-07-20 19:51:01.775 CommandLineArgs : starting
2026-07-20 19:51:01.775  CommandLineArgs : handling arg: sysinfo
2026-02026-07-20 19:51:01.794 CommandLineArgs : starting
2026-07-20 19:51:01.794  CommandLineArgs : handling arg: sysinfo
2026-07-20 19:51:01.794  CommandLineArgs : handling arg: UserAskedData
2026-072026-07-20 19:51:01.866 Information CumulusUtils : Read dayfile.txt succesfully - 928 records
2026-07-20 19:51:01.888 Information SystemStatus : starting
2026-07-20 19:51:01.921 Information GetUrlData Start: URL - http://localhost:8998/api/tags/process.json?version&build&Prog2026-07-20 19:51:01.934 Information GetUrlData Start: URL - h2026-07-20 19:51:02.336 CumulusMX Version: 4.5.2 build 4105
2026-07-20 19:51:02.345 Information  SystemStatus: Found devic2026-07-20 19:51:02.358 CumulusMX Version: 4.5.2 build 4105
2026-07-20 19:51:02.364 Information  SystemStatus: Found device 12 GW1000/Ecowitt Local API
2026-07-20 19:51:02.365 Information ReplaceWebtagsPostAsync start:
2026-07-20 19:51:02.367 Information  PostUrl2026-07-20 19:51:02.391 Information PostUrlData success response : OK - OK
2026-07-20 19:51:02.397 SystemStatus : DoingUni2026-07-20 19:51:02.406 Information PostUrlData success response : OK2026-02026-07-20 19:51:02.413 SystemStatus : DoingUnix
2026-07-20 19:2026-07-20 19:51:02.422 Information StartProcess cat: output=PRETTY_NAME="Debian GNU/Linux 12 (bookworm)"
2026-07-20 19:512026-07-20 19:51:02.433 Information StartProcess cat: output=PRETTY_NAME="Debian GNU/Linux 12 (bookworm)"
2026-07-20 19:51:02.433 Information StartProcess cat: output=NAME="Debian GNU/Linux"
2026-07-20 19:51:02.433 Information StartProcess cat: output=VERSION_ID="12"
2026-07-20 19:51:02.433 Information StartProcess cat: output=VERSION="12 (bookworm)"
2026-07-20 19:51:02.433 Information StartProcess cat: output=VERSION_CODENAME=bookworm
2026-07-20 19:51:02.433 Information StartProcess cat: output=ID=debian
2026-07-20 19:51:02.433 Information StartProcess cat: output=HOME_URL="https://www.debian.org/"
2026-07-20 19:51:02.433 Information StartProcess cat: output=SUPPORT_URL="https://www.debian.org/support"
2026-07-20 19:51:02.433 Information StartProcess cat: output=BUG_REPORT_URL="https://bugs.debian.org/"
2026-07-20 19:51:02.435 Information Found Linux NAME: PRETTY_NAME="Debian GNU/Linux 12 (bookworm)"
2026-07-20 19:51:02.440 Information Using Linux dialect: Debian
2026-07-20 19:51:02.440 Information StartProcess uptime -p
2026-07-20 19:51:02.444 Information StartProcess uptime: output=up 3 weeks, 3 days, 17 minutes
2026-07-20 19:51:02.445 Information StartProcess lshw -quiet -class system
2026-07-20 19:51:02.447 Error System/Processor: Unknown (exception) - An error occurred trying to start process 'lshw' with working directory '/opt/CumulusMX'. No such file or directory
2026-07-20 19:51:02.447 Please install lshw (apt-get install lshw)
2026-07-20 19:51:02.447 Information StartProcess uname -s -r -m
2026-07-20 19:51:02.449 Informati2026-07-20 19:51:02.474 Information StartProcess lsb_release: output=Distributor ID:	Debian
2026-07-20 19:51:02.474 Inform2026-07-20 19:51:02.480 Information StartProcess lsb_release: output=Distributor ID:	Debian
2026-07-20 19:51:02.480 Information StartProcess lsb_release: output=Description:	Debian GNU/Linux 12 (bookworm)
2026-07-20 19:51:02.480 Information StartProcess lsb_release: output=Release:	12
2026-07-20 19:51:02.480 Information StartProcess lsb_release: output=Codename:	bookworm
2026-07-20 19:51:02.481 Information StartProcess dotnet --list-runtimes
2026-07-20 19:51:02.485 Information StartProcess dotnet: output=Microsoft.NE2026-07-20 19:51:02.488 Information StartProcess free: output=   2026-07-20 19:51:02.488 Information StartProcess free -m
2026-07-20 19:51:02.493 Information StartProcess free: output=               total        used        free      shared  buff/cache   available
2026-07-20 19:51:02.493 Information StartProcess free: output=Mem:             960         368         406          29         360         592
2026-07-20 19:51:02.493 Information StartProcess free: ou2026-07-20 19:51:02.494 Information StartProcess d2026-07-20 19:51:02.494 Information StartProcess df -T -text4 -tvfat -h
2026-07-20 19:51:02.501 Information StartProcess df: output=Filesystem     Type  Size  Used Avail Use% Mounted on
2026-07-20 19:51:02.501 Infor2026-07-20 19:51:02.511 Information MapsOn: Starting
2026-07-20 19:51:02.519 Information  MapsOn: Adding Station: Westland202026-07-20 19:51:02.534 Information MapsOn: Before testing DoneToday after parsing: 20/07/2026 10:31:03 
2026-07-20 19:51:2026-07-20 19:51:02.539 Information MapsOn: Before testing DoneToday after parsing: 20/07/2026 10:31:03 
2026-07-20 192026-07-20 19:51:02.550 Information DateIsToday: thisSpan: 09:19:59.5349614 | thisSpan.TotalDays = 0.38888350649768516
2022026-07-20 19:51:02.555 Information DateIsToday: thisSpan: 09:19:59.5400103 | thisSpan.TotalDays = 0.38888356493402776
2026-07-20 19:51:02.603 Information MapsOn: Must NOT send signature, has been done already : 2026-07-20T10:31:03
2026-07-20 19:51:02.603 Information Fetch Map: Fetc2026-07-20 19:51:03.441 Information Main: <!--
 This file is generated as part of CumulusUti
2026-07-20 19:51:03.442 Infor2026-07-20 19:51:03.512 Information Main: <!--
 This file is generated as part of CumulusUti
2026-07-20 19:51:03.513 Information UserAskedData Starting...
2026-07-20 19:51:03.513 Information UserAskedData Doing the compiler stuff...
2026-07-20 19:51:03.541 Information CustomLogs constructor: starting
2026-07-20 19:51:03.560 Information CustomLogs WebtagInfo constructor: number of defined Webtag Units: 400, everything OK. 
2026-07-20 19:51:03.562 Information Custom Logs constructor: stop
2026-07-20 19:51:03.586 DefineUsercharts: Parsing User charts definitions - starting
2026-07-20 19:51:03.586 Information Parsing User Charts Definitions : Chart Overview'
2026-07-20 19:51:03.604 Information Parsing User Charts Definitions : Chart Temperature'
2026-07-20 19:51:03.604 Information Parsing User Charts Definitions : Chart Wind'
2026-07-20 19:51:03.604 Information Parsing User Charts Definitions : Chart WindDirection'
2026-07-20 19:51:03.605 Information Parsing User Charts Definitions : Chart Rain'
2026-07-20 19:51:03.605 Information Parsing User Charts Definitions : Chart Humidity'
2026-07-20 19:51:03.605 Information Parsing User Charts Definitions : Chart Solar'
2026-07-20 19:51:03.605 Information Parsing User Charts Definitions : Chart DailyTemp'
2026-07-20 19:51:03.605 Information Parsing User Charts Definitions : Chart DailyPressure'
2026-07-20 19:51:03.607 Information Parsing User Charts: Evaluating Expression '(MinBarometer+MaxBarometer)/2'.
2026-07-20 19:51:03.633 Generating Compiler UserAskedData: Starting
2026-07-20 19:51:03.634 Information GenerateUserAskedData: timeStart = 20/07/2026 19:42:00; timeEnd = 20/07/2026 19:51:00
2026-07-20 19:51:03.635 Monthfile constructor: Using fixed path: | data/ |; file: | *log.txt
2026-07-20 19:51:02026-07-20 19:51:03.864 Information ReadMonthlyLogs: End
2026-07-20 19:51:03.872 Information Generate UserAskedData: DoneT2026-07-20 19:51:03.926 Information ReadMonthlyLogs: End
2026-07-20 19:51:03.933 Information Generate UserAskedData: DoneToday = 20/07/2026 19:01:04.
2026-07-20 19:51:03.933 Information DateIsToday for thisDate: 20/07/2026 19:01:04 | thisDate.DayOfYear: 201 versus Now.DayOfYear: 201)
2026-07-20 19:51:03.933 Information DateIsToday: thisSpan: 00:49:59.9334967 | thisSpan.TotalDays = 0.03472145250810185
2026-07-20 19:51:03.933 Information Generate UserAskedData: Must NOT generate the ALL Range.
2026-07-20 19:51:03.933 Information Generate UserAskedData - Loop over Chart: Overview)
2026-07-20 19:51:03.934 Information Generate UserAskedData - Testing temp into tempdata.json (Range is Recent)
2026-07-20 19:51:03.934 Information Generate UserAskedData - Testing dew into tempdata.json (Range is Recent)
2026-07-20 19:51:03.934 Information Generate UserAskedData - Testing press into pressdata.json (Range is Recent)
2026-07-20 19:51:03.934 Information Generate UserAskedData - Testing hum into humdata.json (Range is Recent)
2026-07-20 19:51:03.934 Information Generate UserAskedData - Testing SolarRad into solardata.json (Range is Recent)
2026-07-20 19:51:03.934 Information Generate UserAskedData - Testing rfall into raindata.json (Range is Recent)
2026-07-20 19:51:03.934 Information Generate UserAskedData - Loop over Chart: Temperature)
2026-07-20 19:51:03.934 Information Generate UserAskedData - Testing intemp into tempdata.json (Range is Recent)
2026-07-20 19:51:03.934 Information Generate UserAskedData - Testing temp into tempdata.json (Range is Recent)
2026-07-20 19:51:03.934 Information Generate UserAskedData - Testing feelslike into tempdata.json (Range is Recent)
2026-07-20 19:51:03.934 Information Generate UserAskedData - Testing dew into tempdata.json (Range is Recent)
2026-07-20 19:51:03.934 Information Generate UserAskedData - Loop over Chart: Wind)
2026-07-20 19:51:03.934 Information Generate UserAskedData - Testing wgust into winddata.json (Range is Recent)
2026-07-20 19:51:03.934 Information Generate UserAskedData - Testing wspeed into winddata.json (Range is Recent)
2026-07-20 19:51:03.934 Information Generate UserAskedData - Loop over Chart: WindDirection)
2026-07-20 19:51:03.934 Information Generate UserAskedData - Testing bearing into wdirdata.json (Range is Recent)
2026-07-20 19:51:03.934 Information Generate UserAskedData - Testing avgbearing into wdirdata.json (Range is Recent)
2026-07-20 19:51:03.934 Information Generate UserAskedData - Loop over Chart: Rain)
2026-07-20 19:51:03.934 Information Generate UserAskedData - Testing rfall into raindata.json (Range is Recent)
2026-07-20 19:51:03.934 Information Generate UserAskedData - Testing rrate into raindata.json (Range is Recent)
2026-07-20 19:51:03.934 Information Generate UserAskedData - Loop over Chart: Humidity)
2026-07-20 19:51:03.934 Information Generate UserAskedData - Testing hum into humdata.json (Range is Recent)
2026-07-20 19:51:03.934 Information Generate UserAskedData - Testing inhum into humdata.json (Range is Recent)
2026-07-20 19:51:03.934 Information Generate UserAskedData - Loop over Chart: Solar)
2026-07-20 19:51:03.934 Information Generate UserAskedData - Testing UV into solardata.json (Range is Recent)
2026-07-20 19:51:03.934 Information Generate UserAskedData - Testing SolarRad into solardata.json (Range is Recent)
2026-07-20 19:51:03.934 Information Generate UserAskedData - Testing CurrentSolarMax into solardata.json (Range is Recent)
2026-07-20 19:51:03.934 Information Generate UserAskedData - Loop over Chart: DailyTemp)
2026-07-20 19:51:03.934 Information Generate UserAskedData - Testing avgTemp into alldailytempdata.json (Range is Daily)
2026-07-20 19:51:03.934 Information Generate UserAskedData - Testing avgTemp into alldailytempdata.json (Range is Daily)
2026-07-20 19:51:03.934 Information Generate UserAskedData - Loop over Chart: DailyPressure)
2026-07-20 19:51:03.934 Information Generate UserAskedData - Testing minBaro into alldailypressdata.json (Range is Daily)
2026-07-20 19:51:03.934 Information Generate UserAskedData - Testing  into  (Range is Daily)
2026-07-20 19:51:03.935 Information DoAirLink / AirQualitySensor  = False / False
2026-07-20 19:51:03.935 Informati2026-07-20 19:51:04.029 Information PHP upload does not support compression
2026-07-20 19:51:04.030 Information UploadFil2026-07-20 19:51:04.071 Information PHP upload does not support compression
2026-07-20 19:51:04.071 Information UploadFile: Starting utils/maps.txt => maps.txt
2026-07-20 19:51:04.072 Information Upload File values: localfile: utils/maps.txt
2026-07-20 19:51:04.072 Information Upload File values: remotefile: maps.txt
2026-07-20 19:51:04.077 Information PHP Upload: starting ut2026-07-20 19:51:04.111 Information InetPhp: maps.txt: Response code = 200: OK
2026-07-20 19:51:04.111 Information InetPh2026-07-20 19:51:04.179 Information InetPhp: maps.txt: Response code = 200: OK
2026-07-20 19:51:04.179 Information InetPhp: maps.txt: Response text follows:
Opening text file maps.txt for replacement
Writing text file maps.txt
Write complete
2026-07-20 19:51:04.179 Information PHP UploadFile: Success
2026-07-20 19:51:04.180 Information UploadFile: Starting utils/systeminfoTable.txt => systeminfoTable.txt
2026-07-20 19:51:04.180 Information Upload File values: localfile: utils/systeminfoTable.txt
2026-07-20 19:51:04.180 Information Upload File values: remotefile: systeminfoTable.txt
2026-07-20 19:51:04.180 Information PHP Upload: starting utils/systeminfoTable.txt
2026-07-20 19:51:04.180 Information Incremental = False; filename = systeminfoTable.txt; ext = .txt; HoursInGraph = 72
2026-07-20 19:51:04.209 Information InetPhp: systeminfoTable.txt: Response code = 200: OK
2026-07-20 19:51:04.209 Information InetPhp: systeminfoTable.txt: Response text follows:
Opening text file systeminfoTable.txt for replacement
Writing text file systeminfoTable.txt
Write complete
2026-07-20 19:51:04.209 Information PHP UploadFile: Success
2026-07-20 19:51:04.209 All done, Entering the finally section...; Closing down.
2026-07-20 19:51:04.209 Disposing Isup...
2026-07-20 19:51:04.209 Disposing Sup...
