2026-07-21 23:31:01.646 Information According to Inifile Info => Error: True, Warning: True, Info: True, Verbose: False, 
2026-07-21 23:31:01.668 CumulusUtils Initial: Shutting down the default listener
2026-07-21 23:31:01.668 Information Cumul2026-07-21 23:31:01.678 CumulusUtils Initial: Shutti2026-07-21 23:31:01.724  CUstrings[xx].ini : CUstringsEN.ini looked for.
2026-07-21 23:31:01.748  CumulusUtils version: 7.1.1 
2026-07-21 23:31:01.748  CuSupport constructor : Unit Wind (m/s, mph, km/h, kts): mph
2026-07-21 23:31:01.749  CuSupport constructor : Unit Pressure (mb,hPa,inHg): hPa
2026-07-21 23:31:01.749  CuSupport constructor : Unit Rain (mm,in): mm
2026-07-21 23:31:01.749  CuSupport constructor : Unit T (C,F): °C
2026-07-21 23:31:01.750  CuSupport constructor : Unit D2026-07-21 23:31:01.752  CuSupport constructor : Unit T (C,F): °C
2026-07-21 23:31:01.753  CuSupport2026-07-21 23:31:01.766 InetSupport: Constructor starting
2026-07-21 23:31:01.830 CumulusUtils : ----------------------------
2026-07-21 23:31:01.830 CumulusUtils : Entering Main
2026-07-21 23:31:01.839 HelpTexts: starting
2026-07-21 23:31:01.886 Information HelpTexts Contructor: stop
2026-07-21 23:31:01.940 CommandLineArgs : starting
2026-07-21 23:31:01.940  CommandLineArgs : handling arg: sysinfo
2026-02026-07-21 23:31:01.956 CommandLineArgs : starting
2026-07-21 23:31:01.956  CommandLineArgs : handling arg: sysinfo
2026-07-21 23:31:01.956  CommandLineArgs : handling arg: UserAskedData
2026-072026-07-21 23:31:02.035 Information CumulusUtils : Read dayfile.txt succesfully - 929 records
2026-07-21 23:31:02.070 Information SystemStatus : starting
2026-07-21 23:31:02.100 Information GetUrlData Start: URL - http://localhost:8998/api/tags/process.json?version&build&Prog2026-07-21 23:31:02.110 Information GetUrlData Start: URL - h2026-07-21 23:31:02.507 CumulusMX Version: 4.5.2 build 4105
2026-07-21 23:31:02.516 Information  SystemStatus: Found devic2026-07-21 23:31:02.521 CumulusMX Version: 4.5.2 build 4105
2026-07-21 23:31:02.530 Information  SystemStatus: Found device 12 GW1000/Ecowitt Local API
2026-07-21 23:31:02.531 Information ReplaceWebtagsPostAsync start:
2026-07-21 23:31:02.533 Information  PostUrl2026-07-21 23:31:02.566 Information PostUrlData success response : OK - OK
2026-07-21 23:31:02.573 SystemStatus : DoingUni2026-07-21 23:31:02.580 Information PostUrlData success response : OK2026-02026-07-21 23:31:02.587 SystemStatus : DoingUnix
2026-07-21 23:2026-07-21 23:31:02.599 Information StartProcess cat: output=PRETTY_NAME="Debian GNU/Linux 12 (bookworm)"
2026-07-21 23:312026-07-21 23:31:02.613 Information StartProcess cat: output=PRETTY_NAME="Debian GNU/Linux 12 (bookworm)"
2026-07-21 23:31:02.613 Information StartProcess cat: output=NAME="Debian GNU/Linux"
2026-07-21 23:31:02.613 Information StartProcess cat: output=VERSION_ID="12"
2026-07-21 23:31:02.613 Information StartProcess cat: output=VERSION="12 (bookworm)"
2026-07-21 23:31:02.613 Information StartProcess cat: output=VERSION_CODENAME=bookworm
2026-07-21 23:31:02.613 Information StartProcess cat: output=ID=debian
2026-07-21 23:31:02.613 Information StartProcess cat: output=HOME_URL="https://www.debian.org/"
2026-07-21 23:31:02.613 Information StartProcess cat: output=SUPPORT_URL="https://www.debian.org/support"
2026-07-21 23:31:02.613 Information StartProcess cat: output=BUG_REPORT_URL="https://bugs.debian.org/"
2026-07-21 23:31:02.614 Information Found Linux NAME: PRETTY_NAME="Debian GNU/Linux 12 (bookworm)"
2026-07-21 23:31:02.615 Information Using Linux dialect: Debian
2026-07-21 23:31:02.615 Information StartProcess uptime -p
2026-07-21 23:31:02.620 Information StartProcess uptime: output=up 3 weeks, 4 days, 3 hours, 57 minutes
2026-07-21 23:31:02.620 Information StartProcess lshw -quiet -class system
2026-07-21 23:31:02.622 Error System/Processor: Unknown (exception) - An error occurred trying to start process 'lshw' with working directory '/opt/CumulusMX'. No such file or directory
2026-07-21 23:31:02.623 Please install lshw (apt-get install lshw)
2026-07-21 23:31:02.623 Information StartProcess uname -s -r -m
2026-07-21 23:31:02.625 Informati2026-07-21 23:31:02.649 Information StartProcess lsb_release: output=Distributor ID:	Debian
2026-07-21 23:31:02.649 Inform2026-07-21 23:31:02.655 Information StartProcess lsb_release: output=Distributor ID:	Debian
2026-07-21 23:31:02.655 Information StartProcess lsb_release: output=Description:	Debian GNU/Linux 12 (bookworm)
2026-07-21 23:31:02.655 Information StartProcess lsb_release: output=Release:	12
2026-07-21 23:31:02.655 Information StartProcess lsb_release: output=Codename:	bookworm
2026-07-21 23:31:02.656 Information StartProcess dotnet --list-runtimes
2026-07-21 23:31:02.663 Information StartProcess dotnet: output=Microsoft.NETCore.App 8.0.8 [/usr/share/dotnet/shared/Microsoft.NETCore.App]
2026-07-21 23:31:02.663 Information StartProcess free -m
2026-07-21 23:31:02.667 Information StartProcess free: output=               total        used        free      shared  buff/cache   available
2026-07-21 23:31:02.667 Information StartProcess free: output=Mem:             960         378         390          32         371         582
2026-07-21 23:31:02.667 Information StartProcess free: ou2026-07-21 23:31:02.668 Information StartProcess d2026-07-21 23:31:02.669 Information StartProcess df -T -text4 -tvfat -h
2026-07-21 23:31:02.677 Information StartProcess df: output=Filesystem     Type  Size  Used Avail Use% Mounted on
2026-07-21 23:31:02.677 Infor2026-07-21 23:31:02.689 Information MapsOn: Starting
2026-07-21 23:31:02.697 Information  MapsOn: Adding Station: Westlands
2026-07-21 23:31:02.710 Information MapsOn: Before testing DoneToday after parsing: 21/07/2026 10:31:03 
2026-07-21 23:31:2026-07-21 23:31:02.714 Information MapsOn: Before testing DoneToday after parsing: 21/07/2026 10:31:03 
2026-07-21 232026-07-21 23:31:02.725 Information DateIsToday: thisSpan: 12:59:59.7112935 | thisSpan.TotalDays = 0.54166332515625
2026-02026-07-21 23:31:02.730 Information DateIsToday: thisSpan: 12:59:59.7155356 | thisSpan.TotalDays = 0.5416633742546296
2026-07-21 23:31:02.730 Information MapsOn: Must NOT send signature, has been done already : 2026-07-21T10:31:03
2026-07-21 23:31:02.730 Information Fetch Map: Fe2026-07-21 23:31:03.699 Information Main: <!--
 This file is generated as part of CumulusUti
2026-07-21 23:31:03.700 Information UserAskedData Starting...
2026-07-21 23:31:03.700 Information UserAskedData Doing the compiler stuff...
2026-07-21 23:31:03.734 Information CustomLogs constructor: starting
2026-07-21 23:31:03.747 Information CustomLogs WebtagInfo constructor: number of defined Webtag Units: 400, everything OK. 
2026-07-21 23:31:03.752 Information Custom Logs constructor: stop
2026-07-21 23:31:03.772 DefineUsercharts: Parsing User charts definitions - starting
2026-07-21 23:31:03.776 Information Parsing User Charts Definitions : Chart Overview'
2026-07-21 23:31:03.796 Information Parsing User Charts Definitions : Chart Temperature'
2026-07-21 23:31:03.796 Information Parsing User Charts Definitions : Chart Wind'
2026-07-21 23:31:03.796 Information Parsing User Charts Definitions : Chart WindDirection'
2026-07-21 23:31:03.796 Information Parsing User Charts Definitions : Chart Rain'
2026-07-21 23:31:03.796 Information Parsing User Charts Definitions : Chart Humidity'
2026-07-21 23:31:03.796 Information Parsing User Charts Definitions : Chart Solar'
2026-07-21 23:31:03.796 Information Parsing User Charts Definitions : Chart DailyTemp'
2026-07-21 23:31:03.796 Information Parsing User Charts Definitions : Chart DailyPressure'
2026-07-21 23:31:03.804 Information Parsing User Charts: Evaluating Expression '(MinBarometer+MaxBarometer)/2'.
2026-07-21 23:31:03.819 Generating Compiler UserAskedData: Starting
2026-07-21 23:31:03.825 Information GenerateUserAskedData: timeStart = 21/07/2026 23:22:00; timeEnd = 21/07/2026 23:31:00
2026-07-21 23:31:03.825 Monthfile constructor: Using fixed path: | data/ |; file: | *log.txt
2026-07-21 23:31:03.827 ReadPartialMonthlyLogs: Starting.
2026-07-21 23:31:03.840 Information ReadPartialMonthlyLogs: reading 202607log.txt
2026-07-21 23:31:04.154 Information ReadMonthlyLogs: End
2026-07-21 23:31:04.172 Information Generate UserAskedData: DoneToday = 21/07/2026 19:11:04.
2026-07-21 23:31:04.172 Information DateIsToday for thisDate: 21/07/2026 19:11:04 | thisDate.DayOfYear: 202 versus Now.DayOfYear: 202)
2026-07-21 23:31:04.172 Information DateIsToday: thisSpan: 04:20:00.1721999 | thisSpan.TotalDays = 0.1805575486099537
2026-07-21 23:31:04.172 Information Generate UserAskedData: Must NOT generate the ALL Range.
2026-07-21 23:31:04.172 Information Generate UserAskedData - Loop over Chart: Overview)
2026-07-21 23:31:04.173 Information Generate UserAskedData - Testing temp into tempdata.json (Range is Recent)
2026-07-21 23:31:04.173 Information Generate UserAskedData - Testing dew into tempdata.json (Range is Recent)
2026-07-21 23:31:04.173 Information Generate UserAskedData - Testing press into pressdata.json (Range is Recent)
2026-07-21 23:31:04.173 Information Generate UserAskedData - Testing hum into humdata.json (Range is Recent)
2026-07-21 23:31:04.173 Information Generate UserAskedData - Testing SolarRad into solardata.json (Range is Recent)
2026-07-21 23:31:04.173 Information Generate UserAskedData - Testing rfall into raindata.json (Range is Recent)
2026-07-21 23:31:04.173 Information Generate UserAskedData - Loop over Chart: Temperature)
2026-07-21 23:31:04.173 Information Generate UserAskedData - Testing intemp into tempdata.json (Range is Recent)
2026-07-21 23:31:04.173 Information Generate UserAskedData - Testing temp into tempdata.json (Range is Recent)
2026-07-21 23:31:04.173 Information Generate UserAskedData - Testing feelslike into tempdata.json (Range is Recent)
2026-07-21 23:31:04.173 Information Generate UserAskedData - Testing dew into tempdata.json (Range is Recent)
2026-07-21 23:31:04.173 Information Generate UserAskedData - Loop over Chart: Wind)
2026-07-21 23:31:04.173 Information Generate UserAskedData - Testing wgust into winddata.json (Range is Recent)
2026-07-21 23:31:04.173 Information Generate UserAskedData - Testing wspeed into winddata.json (Range is Recent)
2026-07-21 23:31:04.173 Information Generate UserAskedData - Loop over Chart: WindDirection)
2026-07-21 23:31:04.173 Information Generate UserAskedData - Testing bearing into wdirdata.json (Range is Recent)
2026-07-21 23:31:04.173 Information Generate UserAskedData - Testing avgbearing into wdirdata.json (Range is Recent)
2026-07-21 23:31:04.173 Information Generate UserAskedData - Loop over Chart: Rain)
2026-07-21 23:31:04.173 Information Generate UserAskedData - Testing rfall into raindata.json (Range is Recent)
2026-07-21 23:31:04.173 Information Generate UserAskedData - Testing rrate into raindata.json (Range is Recent)
2026-07-21 23:31:04.173 Information Generate UserAskedData - Loop over Chart: Humidity)
2026-07-21 23:31:04.173 Information Generate UserAskedData - Testing hum into humdata.json (Range is Recent)
2026-07-21 23:31:04.173 Information Generate UserAskedData - Testing inhum into humdata.json (Range is Recent)
2026-07-21 23:31:04.173 Information Generate UserAskedData - Loop over Chart: Solar)
2026-07-21 23:31:04.173 Information Generate UserAskedData - Testing UV into solardata.json (Range is Recent)
2026-07-21 23:31:04.173 Information Generate UserAskedData - Testing SolarRad into solardata.json (Range is Recent)
2026-07-21 23:31:04.173 Information Generate UserAskedData - Testing CurrentSolarMax into solardata.json (Range is Recent)
2026-07-21 23:31:04.173 Information Generate UserAskedData - Loop over Chart: DailyTemp)
2026-07-21 23:31:04.173 Information Generate UserAskedData - Testing avgTemp into alldailytempdata.json (Range is Daily)
2026-07-21 23:31:04.173 Information Generate UserAskedData - Testing avgTemp into alldailytempdata.json (Range is Daily)
2026-07-21 23:31:04.173 Information Generate UserAskedData - Loop over Chart: DailyPressure)
2026-07-21 23:31:04.173 Information Generate UserAskedData - Testing minBaro into alldailypressdata.json (Range is Daily)
2026-07-21 23:31:04.173 Information Generate UserAskedData - Testing  into  (Range is Daily)
2026-07-21 23:31:04.173 Information DoAirLink / AirQualitySensor  = False / False
2026-07-21 23:31:04.174 Information Uploading = maps.txt
2026-07-21 23:31:04.179 Testing PHP upload compression on https://jpickles.com/cutils/upload.php
2026-07-21 23:31:04.311 Information PHP upload does not support compression
2026-07-21 23:31:04.312 Information UploadFile: Starting utils/maps.txt => maps.txt
2026-07-21 23:31:04.312 Information Upload File values: localfile: utils/maps.txt
2026-07-21 23:31:04.312 Information Upload File values: remotefile: maps.txt
2026-07-21 23:31:04.318 Information PHP Upload: starting utils/maps.txt
2026-07-21 23:31:04.319 Information Incremental = False; filename = maps.txt; ext = .txt; HoursInGraph = 72
2026-07-21 23:31:04.393 Information InetPhp: maps.txt: Response code = 200: OK
2026-07-21 23:31:04.393 Information InetPhp: maps.txt: Response text follows:
Opening text file maps.txt for replacement
Writing text file maps.txt
Write complete
2026-07-21 23:31:04.393 Information PHP UploadFile: Success
2026-07-21 23:31:04.393 Information UploadFile: Starting utils/systeminfoTable.txt => systeminfoTable.txt
2026-07-21 23:31:04.393 Information Upload File values: localfile: utils/systeminfoTable.txt
2026-07-21 23:31:04.393 Information Upload File values: remotefile: systeminfoTable.txt
2026-07-21 23:31:04.393 Information PHP Upload: starting utils/systeminfoTable.txt
2026-07-21 23:31:04.394 Information Incremental = False; filename = systeminfoTable.txt; ext = .txt; HoursInGraph = 72
2026-07-21 23:31:04.424 Information InetPhp: systeminfoTable.txt: Response code = 200: OK
2026-07-21 23:31:04.424 Information InetPhp: systeminfoTable.txt: Response text follows:
Opening text file systeminfoTable.txt for replacement
Writing text file systeminfoTable.txt
Write complete
2026-07-21 23:31:04.424 Information PHP UploadFile: Success
2026-07-21 23:31:04.424 All done, Entering the finally section...; Closing down.
2026-07-21 23:31:04.424 Disposing Isup...
2026-07-21 23:31:04.425 Disposing Sup...
ing the finally section...; Closing down.
2026-07-21 23:31:04.417 Disposing Isup...
2026-07-21 23:31:04.417 Disposing Sup...
