2026-07-22 15:21:01.354 Information According to Inifile Info => Error: True, Warning: True, Info: True, Verbose: False, 
2026-07-22 15:21:01.379 CumulusUtils Initial: Shutting down the default listener
2026-07-22 15:21:01.379 Information CumulusUtils Initial: Shutting down the default listener
2026-07-22 15:21:01.434  CUstrings[xx].ini : CUstringsEN.ini looked for.
2026-07-22 15:21:01.463  CumulusUtils version: 7.1.1 
2026-07-22 15:21:01.463  CuSupport constructor : Unit Wind (m/s, mph, km/h, kts): mph
2026-07-22 15:21:01.463  CuSupport constructor : Unit Pressure (mb,hPa,inHg): hPa
2026-07-22 15:21:01.463  CuSupport constructor : Unit Rain (mm,in): mm
2026-07-22 15:21:01.464  CuSupport constructor : Unit T (C,F): °C
2026-07-22 15:21:01.469  CuSupport constructor : Unit Distance (m, mi, km, kn): mi
2026-07-22 15:21:01.470  CuSupport constructor : Unit Height (m, ft): ft
2026-07-22 15:21:01.485 InetSupport: Constructor starting
2026-07-22 15:21:01.553 CumulusUtils : ----------------------------
2026-07-22 15:21:01.553 CumulusUtils : Entering Main
2026-07-22 15:21:01.563 HelpTexts: starting
2026-07-22 15:21:01.609 Information HelpTexts Contructor: stop
2026-07-22 15:21:01.657 CommandLineArgs : starting
2026-07-22 15:21:01.657  CommandLineArgs : handling arg: sysinfo
2026-07-22 15:21:01.657  CommandLineArgs : handling arg: UserAskedData
2026-07-22 15:21:01.657  CommandLineArgs : handling arg: UserReports
2026-07-22 15:21:01.658 Dayfile: Reading the dayfile.txt...
2026-07-22 15:21:01.747 Information CumulusUtils : Read dayfile.txt succesfully - 930 records
2026-07-22 15:21:01.771 Information SystemStatus : starting
2026-07-22 15:21:01.814 Information GetUrlData Start: URL - http://localhost:8998/api/tags/process.json?version&build&ProgramUpTime&NewBuildAvailable&NewBuildNumber&CpuCount&CPUTemp 
2026-07-22 15:21:02.231 CumulusMX Version: 4.5.2 build 4105
2026-07-22 15:21:02.240 Information  SystemStatus: Found device 12 GW1000/Ecowitt Local API
2026-07-22 15:21:02.241 Information ReplaceWebtagsPostAsync start:
2026-07-22 15:21:02.243 Information  PostUrlData Start: http://localhost:8998/api/tags/process.txt 
2026-07-22 15:21:02.243 Information PostUrlData Calling PostAsync
2026-07-22 15:21:02.293 Information PostUrlData success response : OK - OK
2026-07-22 15:21:02.296 SystemStatus : DoingUnix
2026-07-22 15:21:02.302 Information SystemStatus : DoingUnix Start
2026-07-22 15:21:02.308 Information StartProcess cat /etc/os-release
2026-07-22 15:21:02.321 Information StartProcess cat: output=PRETTY_NAME="Debian GNU/Linux 12 (bookworm)"
2026-07-22 15:21:02.321 Information StartProcess cat: output=NAME="Debian GNU/Linux"
2026-07-22 15:21:02.321 Information StartProcess cat: output=VERSION_ID="12"
2026-07-22 15:21:02.321 Information StartProcess cat: output=VERSION="12 (bookworm)"
2026-07-22 15:21:02.321 Information StartProcess cat: output=VERSION_CODENAME=bookworm
2026-07-22 15:21:02.321 Information StartProcess cat: output=ID=debian
2026-07-22 15:21:02.321 Information StartProcess cat: output=HOME_URL="https://www.debian.org/"
2026-07-22 15:21:02.321 Information StartProcess cat: output=SUPPORT_URL="https://www.debian.org/support"
2026-07-22 15:21:02.321 Information StartProcess cat: output=BUG_REPORT_URL="https://bugs.debian.org/"
2026-07-22 15:21:02.321 Information Found Linux NAME: PRETTY_NAME="Debian GNU/Linux 12 (bookworm)"
2026-07-22 15:21:02.322 Information Using Linux dialect: Debian
2026-07-22 15:21:02.323 Information StartProcess uptime -p
2026-07-22 15:21:02.326 Information StartProcess uptime: output=up 3 weeks, 4 days, 19 hours, 47 minutes
2026-07-22 15:21:02.328 Information StartProcess lshw -quiet -class system
2026-07-22 15:21:02.331 Error System/Processor: Unknown (exception) - An error occurred trying to start process 'lshw' with working directory '/opt/CumulusMX'. No such file or directory
2026-07-22 15:21:02.331 Please install lshw (apt-get install lshw)
2026-07-22 15:21:02.331 Information StartProcess uname -s -r -m
2026-07-22 15:21:02.336 Information StartProcess uname: output=Linux 6.1.0-23-amd64 x86_64
2026-07-22 15:21:02.337 Information StartProcess lsb_release -a
2026-07-22 15:21:02.362 Information StartProcess lsb_release: output=Distributor ID:	Debian
2026-07-22 15:21:02.362 Information StartProcess lsb_release: output=Description:	Debian GNU/Linux 12 (bookworm)
2026-07-22 15:21:02.362 Information StartProcess lsb_release: output=Release:	12
2026-07-22 15:21:02.362 Information StartProcess lsb_release: output=Codename:	bookworm
2026-07-22 15:21:02.363 Information StartProcess dotnet --list-runtimes
2026-07-22 15:21:02.368 Information StartProcess dotnet: output=Microsoft.NETCore.App 8.0.8 [/usr/share/dotnet/shared/Microsoft.NETCore.App]
2026-07-22 15:21:02.371 Information StartProcess free -m
2026-07-22 15:21:02.376 Information StartProcess free: output=               total        used        free      shared  buff/cache   available
2026-07-22 15:21:02.376 Information StartProcess free: output=Mem:             960         379         399          32         360         581
2026-07-22 15:21:02.376 Information StartProcess free: output=Swap:            974          75         899
2026-07-22 15:21:02.377 Information StartProcess df -T -text4 -tvfat -h
2026-07-22 15:21:02.382 Information StartProcess df: output=Filesystem     Type  Size  Used Avail Use% Mounted on
2026-07-22 15:21:02.382 Information StartProcess df: output=/dev/sda1      ext4   31G  7.6G   22G  27% /
2026-07-22 15:21:02.386 USerReports: Starting
2026-07-22 15:21:02.400 Information MapsOn: Starting
2026-07-22 15:21:02.404 Information  MapsOn: Adding Station: Westlands
2026-07-22 15:21:02.422 Information MapsOn: Before testing DoneToday after parsing: 22/07/2026 10:41:02 
2026-07-22 15:21:02.422 Information DateIsToday for thisDate: 22/07/2026 10:41:02 | thisDate.DayOfYear: 203 versus Now.DayOfYear: 203)
2026-07-22 15:21:02.436 Information DateIsToday: thisSpan: 04:40:00.4228719 | thisSpan.TotalDays = 0.1944493387951389
2026-07-22 15:21:02.436 Information MapsOn: Must NOT send signature, has been done already : 2026-07-22T10:41:02
2026-07-22 15:21:02.436 Information Fetch Map: Fetching the generated map
2026-07-22 15:21:02.436 Information GetUrlData Start: URL - https://meteo-wagenborgen.nl/maps.txt 
2026-07-22 15:21:03.360 Information Main: <!--
 This file is generated as part of CumulusUti
2026-07-22 15:21:03.361 Information UserAskedData Starting...
2026-07-22 15:21:03.361 Information UserAskedData Doing the compiler stuff...
2026-07-22 15:21:03.396 Information CustomLogs constructor: starting
2026-07-22 15:21:03.414 Information CustomLogs WebtagInfo constructor: number of defined Webtag Units: 400, everything OK. 
2026-07-22 15:21:03.415 Information Custom Logs constructor: stop
2026-07-22 15:21:03.447 DefineUsercharts: Parsing User charts definitions - starting
2026-07-22 15:21:03.447 Information Parsing User Charts Definitions : Chart Overview'
2026-07-22 15:21:03.458 Information Parsing User Charts Definitions : Chart Temperature'
2026-07-22 15:21:03.458 Information Parsing User Charts Definitions : Chart Wind'
2026-07-22 15:21:03.459 Information Parsing User Charts Definitions : Chart WindDirection'
2026-07-22 15:21:03.459 Information Parsing User Charts Definitions : Chart Rain'
2026-07-22 15:21:03.459 Information Parsing User Charts Definitions : Chart Humidity'
2026-07-22 15:21:03.459 Information Parsing User Charts Definitions : Chart Solar'
2026-07-22 15:21:03.459 Information Parsing User Charts Definitions : Chart DailyTemp'
2026-07-22 15:21:03.459 Information Parsing User Charts Definitions : Chart DailyPressure'
2026-07-22 15:21:03.466 Information Parsing User Charts: Evaluating Expression '(MinBarometer+MaxBarometer)/2'.
2026-07-22 15:21:03.489 Generating Compiler UserAskedData: Starting
2026-07-22 15:21:03.490 Information GenerateUserAskedData: timeStart = 22/07/2026 15:12:00; timeEnd = 22/07/2026 15:21:00
2026-07-22 15:21:03.491 Monthfile constructor: Using fixed path: | data/ |; file: | *log.txt
2026-07-22 15:21:03.497 ReadPartialMonthlyLogs: Starting.
2026-07-22 15:21:03.509 Information ReadPartialMonthlyLogs: reading 202607log.txt
2026-07-22 15:21:03.841 Information ReadMonthlyLogs: End
2026-07-22 15:21:03.860 Information Generate UserAskedData: DoneToday = 21/07/2026 19:11:04.
2026-07-22 15:21:03.861 Information DateIsToday for thisDate: 21/07/2026 19:11:04 | thisDate.DayOfYear: 202 versus Now.DayOfYear: 203)
2026-07-22 15:21:03.861 Information DateIsToday: thisSpan: 20:09:59.8610183 | thisSpan.TotalDays = 0.8402761691932871
2026-07-22 15:21:03.861 Information Generate UserAskedData: Must NOT generate the ALL Range.
2026-07-22 15:21:03.861 Information Generate UserAskedData - Loop over Chart: Overview)
2026-07-22 15:21:03.862 Information Generate UserAskedData - Testing temp into tempdata.json (Range is Recent)
2026-07-22 15:21:03.862 Information Generate UserAskedData - Testing dew into tempdata.json (Range is Recent)
2026-07-22 15:21:03.862 Information Generate UserAskedData - Testing press into pressdata.json (Range is Recent)
2026-07-22 15:21:03.862 Information Generate UserAskedData - Testing hum into humdata.json (Range is Recent)
2026-07-22 15:21:03.862 Information Generate UserAskedData - Testing SolarRad into solardata.json (Range is Recent)
2026-07-22 15:21:03.862 Information Generate UserAskedData - Testing rfall into raindata.json (Range is Recent)
2026-07-22 15:21:03.862 Information Generate UserAskedData - Loop over Chart: Temperature)
2026-07-22 15:21:03.862 Information Generate UserAskedData - Testing intemp into tempdata.json (Range is Recent)
2026-07-22 15:21:03.862 Information Generate UserAskedData - Testing temp into tempdata.json (Range is Recent)
2026-07-22 15:21:03.862 Information Generate UserAskedData - Testing feelslike into tempdata.json (Range is Recent)
2026-07-22 15:21:03.862 Information Generate UserAskedData - Testing dew into tempdata.json (Range is Recent)
2026-07-22 15:21:03.862 Information Generate UserAskedData - Loop over Chart: Wind)
2026-07-22 15:21:03.862 Information Generate UserAskedData - Testing wgust into winddata.json (Range is Recent)
2026-07-22 15:21:03.862 Information Generate UserAskedData - Testing wspeed into winddata.json (Range is Recent)
2026-07-22 15:21:03.862 Information Generate UserAskedData - Loop over Chart: WindDirection)
2026-07-22 15:21:03.862 Information Generate UserAskedData - Testing bearing into wdirdata.json (Range is Recent)
2026-07-22 15:21:03.862 Information Generate UserAskedData - Testing avgbearing into wdirdata.json (Range is Recent)
2026-07-22 15:21:03.862 Information Generate UserAskedData - Loop over Chart: Rain)
2026-07-22 15:21:03.862 Information Generate UserAskedData - Testing rfall into raindata.json (Range is Recent)
2026-07-22 15:21:03.862 Information Generate UserAskedData - Testing rrate into raindata.json (Range is Recent)
2026-07-22 15:21:03.862 Information Generate UserAskedData - Loop over Chart: Humidity)
2026-07-22 15:21:03.862 Information Generate UserAskedData - Testing hum into humdata.json (Range is Recent)
2026-07-22 15:21:03.862 Information Generate UserAskedData - Testing inhum into humdata.json (Range is Recent)
2026-07-22 15:21:03.862 Information Generate UserAskedData - Loop over Chart: Solar)
2026-07-22 15:21:03.862 Information Generate UserAskedData - Testing UV into solardata.json (Range is Recent)
2026-07-22 15:21:03.862 Information Generate UserAskedData - Testing SolarRad into solardata.json (Range is Recent)
2026-07-22 15:21:03.862 Information Generate UserAskedData - Testing CurrentSolarMax into solardata.json (Range is Recent)
2026-07-22 15:21:03.862 Information Generate UserAskedData - Loop over Chart: DailyTemp)
2026-07-22 15:21:03.862 Information Generate UserAskedData - Testing avgTemp into alldailytempdata.json (Range is Daily)
2026-07-22 15:21:03.862 Information Generate UserAskedData - Testing avgTemp into alldailytempdata.json (Range is Daily)
2026-07-22 15:21:03.862 Information Generate UserAskedData - Loop over Chart: DailyPressure)
2026-07-22 15:21:03.862 Information Generate UserAskedData - Testing minBaro into alldailypressdata.json (Range is Daily)
2026-07-22 15:21:03.862 Information Generate UserAskedData - Testing  into  (Range is Daily)
2026-07-22 15:21:03.862 Information DoAirLink / AirQualitySensor  = False / False
2026-07-22 15:21:03.863 Information Uploading = maps.txt
2026-07-22 15:21:03.874 Testing PHP upload compression on https://jpickles.com/cutils/upload.php
2026-07-22 15:21:04.024 Information PHP upload does not support compression
2026-07-22 15:21:04.024 Information UploadFile: Starting utils/maps.txt => maps.txt
2026-07-22 15:21:04.024 Information Upload File values: localfile: utils/maps.txt
2026-07-22 15:21:04.024 Information Upload File values: remotefile: maps.txt
2026-07-22 15:21:04.032 Information PHP Upload: starting utils/maps.txt
2026-07-22 15:21:04.033 Information Incremental = False; filename = maps.txt; ext = .txt; HoursInGraph = 72
2026-07-22 15:21:04.117 Information InetPhp: maps.txt: Response code = 200: OK
2026-07-22 15:21:04.117 Information InetPhp: maps.txt: Response text follows:
Opening text file maps.txt for replacement
Writing text file maps.txt
Write complete
2026-07-22 15:21:04.117 Information PHP UploadFile: Success
2026-07-22 15:21:04.117 Information UploadFile: Starting utils/systeminfoTable.txt => systeminfoTable.txt
2026-07-22 15:21:04.117 Information Upload File values: localfile: utils/systeminfoTable.txt
2026-07-22 15:21:04.117 Information Upload File values: remotefile: systeminfoTable.txt
2026-07-22 15:21:04.117 Information PHP Upload: starting utils/systeminfoTable.txt
2026-07-22 15:21:04.117 Information Incremental = False; filename = systeminfoTable.txt; ext = .txt; HoursInGraph = 72
2026-07-22 15:21:04.154 Information InetPhp: systeminfoTable.txt: Response code = 200: OK
2026-07-22 15:21:04.154 Information InetPhp: systeminfoTable.txt: Response text follows:
Opening text file systeminfoTable.txt for replacement
Writing text file systeminfoTable.txt
Write complete
2026-07-22 15:21:04.154 Information PHP UploadFile: Success
2026-07-22 15:21:04.155 All done, Entering the finally section...; Closing down.
2026-07-22 15:21:04.155 Disposing Isup...
2026-07-22 15:21:04.155 Disposing Sup...
