2026-07-21 14:31:01.801 Information According to Inifile Info => Error: True, Warning: True, Info: True, Verbose: False, 
2026-07-21 14:31:01.830 CumulusUtils Initial: Shutting down the default listener
2026-07-21 14:31:01.830 Information CumulusUtils Initial: Shutting down the default listener
2026-07-21 14:31:01.879  CUstrings[xx].ini : CUstringsEN.ini looked for.
2026-07-21 14:31:01.892  CumulusUtils version: 7.1.1 
2026-07-21 14:31:01.893  CuSupport constructor : Unit Wind (m/s, mph, km/h, kts): mph
2026-07-21 14:31:01.893  CuSupport constructor : Unit Pressure (mb,hPa,inHg): hPa
2026-07-21 14:31:01.893  CuSupport constructor : Unit Rain (mm,in): mm
2026-07-21 14:31:01.894  CuSupport constructor : Unit T (C,F): °C
2026-07-21 14:31:01.894  CuSupport constructor : Unit Distance (m, mi, km, kn): mi
2026-07-21 14:31:01.894  CuSupport constructor : Unit Height (m, ft): ft
2026-07-21 14:31:01.902 InetSupport: Constructor starting
2026-07-21 14:31:01.932 CumulusUtils : ----------------------------
2026-07-21 14:31:01.932 CumulusUtils : Entering Main
2026-07-21 14:31:01.943 HelpTexts: starting
2026-07-21 14:31:01.962 Information HelpTexts Contructor: stop
2026-07-21 14:31:01.986 CommandLineArgs : starting
2026-07-21 14:31:01.986  CommandLineArgs : handling arg: sysinfo
2026-07-21 14:31:01.986  CommandLineArgs : handling arg: UserAskedData
2026-07-21 14:31:01.986  CommandLineArgs : handling arg: UserReports
2026-07-21 14:31:01.987 Dayfile: Reading the dayfile.txt...
2026-07-21 14:31:02.030 Information CumulusUtils : Read dayfile.txt succesfully - 929 records
2026-07-21 14:31:02.043 Information SystemStatus : starting
2026-07-21 14:31:02.058 Information GetUrlData Start: URL - http://localhost:8998/api/tags/process.json?version&build&ProgramUpTime&NewBuildAvailable&NewBuildNumber&CpuCount&CPUTemp 
2026-07-21 14:31:02.419 CumulusMX Version: 4.5.2 build 4105
2026-07-21 14:31:02.427 Information  SystemStatus: Found device 12 GW1000/Ecowitt Local API
2026-07-21 14:31:02.428 Information ReplaceWebtagsPostAsync start:
2026-07-21 14:31:02.438 Information  PostUrlData Start: http://localhost:8998/api/tags/process.txt 
2026-07-21 14:31:02.438 Information PostUrlData Calling PostAsync
2026-07-21 14:31:02.475 Information PostUrlData success response : OK - OK
2026-07-21 14:31:02.481 SystemStatus : DoingUnix
2026-07-21 14:31:02.483 Information SystemStatus : DoingUnix Start
2026-07-21 14:31:02.490 Information StartProcess cat /etc/os-release
2026-07-21 14:31:02.503 Information StartProcess cat: output=PRETTY_NAME="Debian GNU/Linux 12 (bookworm)"
2026-07-21 14:31:02.503 Information StartProcess cat: output=NAME="Debian GNU/Linux"
2026-07-21 14:31:02.503 Information StartProcess cat: output=VERSION_ID="12"
2026-07-21 14:31:02.504 Information StartProcess cat: output=VERSION="12 (bookworm)"
2026-07-21 14:31:02.504 Information StartProcess cat: output=VERSION_CODENAME=bookworm
2026-07-21 14:31:02.504 Information StartProcess cat: output=ID=debian
2026-07-21 14:31:02.504 Information StartProcess cat: output=HOME_URL="https://www.debian.org/"
2026-07-21 14:31:02.504 Information StartProcess cat: output=SUPPORT_URL="https://www.debian.org/support"
2026-07-21 14:31:02.504 Information StartProcess cat: output=BUG_REPORT_URL="https://bugs.debian.org/"
2026-07-21 14:31:02.505 Information Found Linux NAME: PRETTY_NAME="Debian GNU/Linux 12 (bookworm)"
2026-07-21 14:31:02.506 Information Using Linux dialect: Debian
2026-07-21 14:31:02.506 Information StartProcess uptime -p
2026-07-21 14:31:02.513 Information StartProcess uptime: output=up 3 weeks, 3 days, 18 hours, 57 minutes
2026-07-21 14:31:02.517 Information StartProcess lshw -quiet -class system
2026-07-21 14:31:02.519 Error System/Processor: Unknown (exception) - An error occurred trying to start process 'lshw' with working directory '/opt/CumulusMX'. No such file or directory
2026-07-21 14:31:02.519 Please install lshw (apt-get install lshw)
2026-07-21 14:31:02.519 Information StartProcess uname -s -r -m
2026-07-21 14:31:02.523 Information StartProcess uname: output=Linux 6.1.0-23-amd64 x86_64
2026-07-21 14:31:02.523 Information StartProcess lsb_release -a
2026-07-21 14:31:02.589 Information StartProcess lsb_release: output=Distributor ID:	Debian
2026-07-21 14:31:02.589 Information StartProcess lsb_release: output=Description:	Debian GNU/Linux 12 (bookworm)
2026-07-21 14:31:02.589 Information StartProcess lsb_release: output=Release:	12
2026-07-21 14:31:02.589 Information StartProcess lsb_release: output=Codename:	bookworm
2026-07-21 14:31:02.589 Information StartProcess dotnet --list-runtimes
2026-07-21 14:31:02.599 Information StartProcess dotnet: output=Microsoft.NETCore.App 8.0.8 [/usr/share/dotnet/shared/Microsoft.NETCore.App]
2026-07-21 14:31:02.599 Information StartProcess free -m
2026-07-21 14:31:02.608 Information StartProcess free: output=               total        used        free      shared  buff/cache   available
2026-07-21 14:31:02.609 Information StartProcess free: output=Mem:             960         369         421          30         346         591
2026-07-21 14:31:02.609 Information StartProcess free: output=Swap:            974          76         898
2026-07-21 14:31:02.609 Information StartProcess df -T -text4 -tvfat -h
2026-07-21 14:31:02.613 Information StartProcess df: output=Filesystem     Type  Size  Used Avail Use% Mounted on
2026-07-21 14:31:02.613 Information StartProcess df: output=/dev/sda1      ext4   31G  7.6G   22G  27% /
2026-07-21 14:31:02.619 USerReports: Starting
2026-07-21 14:31:02.633 Information MapsOn: Starting
2026-07-21 14:31:02.641 Information  MapsOn: Adding Station: Westlands
2026-07-21 14:31:02.656 Information MapsOn: Before testing DoneToday after parsing: 21/07/2026 10:31:03 
2026-07-21 14:31:02.656 Information DateIsToday for thisDate: 21/07/2026 10:31:03 | thisDate.DayOfYear: 202 versus Now.DayOfYear: 202)
2026-07-21 14:31:02.668 Information DateIsToday: thisSpan: 03:59:59.6566995 | thisSpan.TotalDays = 0.16666269328125
2026-07-21 14:31:02.678 Information MapsOn: Must NOT send signature, has been done already : 2026-07-21T10:31:03
2026-07-21 14:31:02.679 Information Fetch Map: Fetching the generated map
2026-07-21 14:31:02.679 Information GetUrlData Start: URL - https://meteo-wagenborgen.nl/maps.txt 
2026-07-21 14:31:03.608 Information Main: <!--
 This file is generated as part of CumulusUti
2026-07-21 14:31:03.609 Information UserAskedData Starting...
2026-07-21 14:31:03.609 Information UserAskedData Doing the compiler stuff...
2026-07-21 14:31:03.638 Information CustomLogs constructor: starting
2026-07-21 14:31:03.656 Information CustomLogs WebtagInfo constructor: number of defined Webtag Units: 400, everything OK. 
2026-07-21 14:31:03.662 Information Custom Logs constructor: stop
2026-07-21 14:31:03.686 DefineUsercharts: Parsing User charts definitions - starting
2026-07-21 14:31:03.686 Information Parsing User Charts Definitions : Chart Overview'
2026-07-21 14:31:03.698 Information Parsing User Charts Definitions : Chart Temperature'
2026-07-21 14:31:03.698 Information Parsing User Charts Definitions : Chart Wind'
2026-07-21 14:31:03.698 Information Parsing User Charts Definitions : Chart WindDirection'
2026-07-21 14:31:03.699 Information Parsing User Charts Definitions : Chart Rain'
2026-07-21 14:31:03.699 Information Parsing User Charts Definitions : Chart Humidity'
2026-07-21 14:31:03.699 Information Parsing User Charts Definitions : Chart Solar'
2026-07-21 14:31:03.699 Information Parsing User Charts Definitions : Chart DailyTemp'
2026-07-21 14:31:03.699 Information Parsing User Charts Definitions : Chart DailyPressure'
2026-07-21 14:31:03.705 Information Parsing User Charts: Evaluating Expression '(MinBarometer+MaxBarometer)/2'.
2026-07-21 14:31:03.724 Generating Compiler UserAskedData: Starting
2026-07-21 14:31:03.726 Information GenerateUserAskedData: timeStart = 21/07/2026 14:22:00; timeEnd = 21/07/2026 14:31:00
2026-07-21 14:31:03.727 Monthfile constructor: Using fixed path: | data/ |; file: | *log.txt
2026-07-21 14:31:03.729 ReadPartialMonthlyLogs: Starting.
2026-07-21 14:31:03.733 Information ReadPartialMonthlyLogs: reading 202607log.txt
2026-07-21 14:31:03.948 Information ReadMonthlyLogs: End
2026-07-21 14:31:03.961 Information Generate UserAskedData: DoneToday = 20/07/2026 19:01:04.
2026-07-21 14:31:03.962 Information DateIsToday for thisDate: 20/07/2026 19:01:04 | thisDate.DayOfYear: 201 versus Now.DayOfYear: 202)
2026-07-21 14:31:03.962 Information DateIsToday: thisSpan: 19:29:59.9620154 | thisSpan.TotalDays = 0.812499560363426
2026-07-21 14:31:03.962 Information Generate UserAskedData: Must NOT generate the ALL Range.
2026-07-21 14:31:03.962 Information Generate UserAskedData - Loop over Chart: Overview)
2026-07-21 14:31:03.963 Information Generate UserAskedData - Testing temp into tempdata.json (Range is Recent)
2026-07-21 14:31:03.963 Information Generate UserAskedData - Testing dew into tempdata.json (Range is Recent)
2026-07-21 14:31:03.963 Information Generate UserAskedData - Testing press into pressdata.json (Range is Recent)
2026-07-21 14:31:03.963 Information Generate UserAskedData - Testing hum into humdata.json (Range is Recent)
2026-07-21 14:31:03.963 Information Generate UserAskedData - Testing SolarRad into solardata.json (Range is Recent)
2026-07-21 14:31:03.963 Information Generate UserAskedData - Testing rfall into raindata.json (Range is Recent)
2026-07-21 14:31:03.963 Information Generate UserAskedData - Loop over Chart: Temperature)
2026-07-21 14:31:03.963 Information Generate UserAskedData - Testing intemp into tempdata.json (Range is Recent)
2026-07-21 14:31:03.963 Information Generate UserAskedData - Testing temp into tempdata.json (Range is Recent)
2026-07-21 14:31:03.963 Information Generate UserAskedData - Testing feelslike into tempdata.json (Range is Recent)
2026-07-21 14:31:03.963 Information Generate UserAskedData - Testing dew into tempdata.json (Range is Recent)
2026-07-21 14:31:03.963 Information Generate UserAskedData - Loop over Chart: Wind)
2026-07-21 14:31:03.963 Information Generate UserAskedData - Testing wgust into winddata.json (Range is Recent)
2026-07-21 14:31:03.963 Information Generate UserAskedData - Testing wspeed into winddata.json (Range is Recent)
2026-07-21 14:31:03.963 Information Generate UserAskedData - Loop over Chart: WindDirection)
2026-07-21 14:31:03.963 Information Generate UserAskedData - Testing bearing into wdirdata.json (Range is Recent)
2026-07-21 14:31:03.963 Information Generate UserAskedData - Testing avgbearing into wdirdata.json (Range is Recent)
2026-07-21 14:31:03.963 Information Generate UserAskedData - Loop over Chart: Rain)
2026-07-21 14:31:03.963 Information Generate UserAskedData - Testing rfall into raindata.json (Range is Recent)
2026-07-21 14:31:03.963 Information Generate UserAskedData - Testing rrate into raindata.json (Range is Recent)
2026-07-21 14:31:03.963 Information Generate UserAskedData - Loop over Chart: Humidity)
2026-07-21 14:31:03.963 Information Generate UserAskedData - Testing hum into humdata.json (Range is Recent)
2026-07-21 14:31:03.963 Information Generate UserAskedData - Testing inhum into humdata.json (Range is Recent)
2026-07-21 14:31:03.963 Information Generate UserAskedData - Loop over Chart: Solar)
2026-07-21 14:31:03.963 Information Generate UserAskedData - Testing UV into solardata.json (Range is Recent)
2026-07-21 14:31:03.963 Information Generate UserAskedData - Testing SolarRad into solardata.json (Range is Recent)
2026-07-21 14:31:03.963 Information Generate UserAskedData - Testing CurrentSolarMax into solardata.json (Range is Recent)
2026-07-21 14:31:03.963 Information Generate UserAskedData - Loop over Chart: DailyTemp)
2026-07-21 14:31:03.963 Information Generate UserAskedData - Testing avgTemp into alldailytempdata.json (Range is Daily)
2026-07-21 14:31:03.963 Information Generate UserAskedData - Testing avgTemp into alldailytempdata.json (Range is Daily)
2026-07-21 14:31:03.963 Information Generate UserAskedData - Loop over Chart: DailyPressure)
2026-07-21 14:31:03.963 Information Generate UserAskedData - Testing minBaro into alldailypressdata.json (Range is Daily)
2026-07-21 14:31:03.963 Information Generate UserAskedData - Testing  into  (Range is Daily)
2026-07-21 14:31:03.963 Information DoAirLink / AirQualitySensor  = False / False
2026-07-21 14:31:03.964 Information Uploading = maps.txt
2026-07-21 14:31:03.978 Testing PHP upload compression on https://jpickles.com/cutils/upload.php
2026-07-21 14:31:04.120 Information PHP upload does not support compression
2026-07-21 14:31:04.120 Information UploadFile: Starting utils/maps.txt => maps.txt
2026-07-21 14:31:04.120 Information Upload File values: localfile: utils/maps.txt
2026-07-21 14:31:04.120 Information Upload File values: remotefile: maps.txt
2026-07-21 14:31:04.128 Information PHP Upload: starting utils/maps.txt
2026-07-21 14:31:04.129 Information Incremental = False; filename = maps.txt; ext = .txt; HoursInGraph = 72
2026-07-21 14:31:04.212 Information InetPhp: maps.txt: Response code = 200: OK
2026-07-21 14:31:04.212 Information InetPhp: maps.txt: Response text follows:
Opening text file maps.txt for replacement
Writing text file maps.txt
Write complete
2026-07-21 14:31:04.212 Information PHP UploadFile: Success
2026-07-21 14:31:04.212 Information UploadFile: Starting utils/systeminfoTable.txt => systeminfoTable.txt
2026-07-21 14:31:04.212 Information Upload File values: localfile: utils/systeminfoTable.txt
2026-07-21 14:31:04.212 Information Upload File values: remotefile: systeminfoTable.txt
2026-07-21 14:31:04.212 Information PHP Upload: starting utils/systeminfoTable.txt
2026-07-21 14:31:04.212 Information Incremental = False; filename = systeminfoTable.txt; ext = .txt; HoursInGraph = 72
2026-07-21 14:31:04.249 Information InetPhp: systeminfoTable.txt: Response code = 200: OK
2026-07-21 14:31:04.249 Information InetPhp: systeminfoTable.txt: Response text follows:
Opening text file systeminfoTable.txt for replacement
Writing text file systeminfoTable.txt
Write complete
2026-07-21 14:31:04.249 Information PHP UploadFile: Success
2026-07-21 14:31:04.249 All done, Entering the finally section...; Closing down.
2026-07-21 14:31:04.249 Disposing Isup...
2026-07-21 14:31:04.250 Disposing Sup...
