2026-07-21 15:41:01.423 Information According to Inifile Info => Error: True, Warning: True, Info: True, Verbose: False, 
2026-07-21 15:41:01.454 CumulusUtils Initial: Shutting down the default listener
2026-07-21 15:41:01.454 Information CumulusUtils Initial: Shutting down the default listener
2026-07-21 15:41:01.504  CUstrings[xx].ini : CUstringsEN.ini looked for.
2026-07-21 15:41:01.531  CumulusUtils version: 7.1.1 
2026-07-21 15:41:01.531  CuSupport constructor : Unit Wind (m/s, mph, km/h, kts): mph
2026-07-21 15:41:01.531  CuSupport constructor : Unit Pressure (mb,hPa,inHg): hPa
2026-07-21 15:41:01.531  CuSupport constructor : Unit Rain (mm,in): mm
2026-07-21 15:41:01.532  CuSupport constructor : Unit T (C,F): °C
2026-07-21 15:41:01.536  CuSupport constructor : Unit Distance (m, mi, km, kn): mi
2026-07-21 15:41:01.537  CuSupport constructor : Unit Height (m, ft): ft
2026-07-21 15:41:01.552 InetSupport: Constructor starting
2026-07-21 15:41:01.612 CumulusUtils : ----------------------------
2026-07-21 15:41:01.612 CumulusUtils : Entering Main
2026-07-21 15:41:01.620 HelpTexts: starting
2026-07-21 15:41:01.659 Information HelpTexts Contructor: stop
2026-07-21 15:41:01.713 CommandLineArgs : starting
2026-07-21 15:41:01.713  CommandLineArgs : handling arg: sysinfo
2026-07-21 15:41:01.713  CommandLineArgs : handling arg: UserAskedData
2026-07-21 15:41:01.713  CommandLineArgs : handling arg: UserReports
2026-07-21 15:41:01.714 Dayfile: Reading the dayfile.txt...
2026-07-21 15:41:01.798 Information CumulusUtils : Read dayfile.txt succesfully - 929 records
2026-07-21 15:41:01.824 Information SystemStatus : starting
2026-07-21 15:41:01.855 Information GetUrlData Start: URL - http://localhost:8998/api/tags/process.json?version&build&ProgramUpTime&NewBuildAvailable&NewBuildNumber&CpuCount&CPUTemp 
2026-07-21 15:41:02.254 CumulusMX Version: 4.5.2 build 4105
2026-07-21 15:41:02.262 Information  SystemStatus: Found device 12 GW1000/Ecowitt Local API
2026-07-21 15:41:02.263 Information ReplaceWebtagsPostAsync start:
2026-07-21 15:41:02.269 Information  PostUrlData Start: http://localhost:8998/api/tags/process.txt 
2026-07-21 15:41:02.269 Information PostUrlData Calling PostAsync
2026-07-21 15:41:02.305 Information PostUrlData success response : OK - OK
2026-07-21 15:41:02.314 SystemStatus : DoingUnix
2026-07-21 15:41:02.318 Information SystemStatus : DoingUnix Start
2026-07-21 15:41:02.325 Information StartProcess cat /etc/os-release
2026-07-21 15:41:02.339 Information StartProcess cat: output=PRETTY_NAME="Debian GNU/Linux 12 (bookworm)"
2026-07-21 15:41:02.339 Information StartProcess cat: output=NAME="Debian GNU/Linux"
2026-07-21 15:41:02.339 Information StartProcess cat: output=VERSION_ID="12"
2026-07-21 15:41:02.339 Information StartProcess cat: output=VERSION="12 (bookworm)"
2026-07-21 15:41:02.339 Information StartProcess cat: output=VERSION_CODENAME=bookworm
2026-07-21 15:41:02.339 Information StartProcess cat: output=ID=debian
2026-07-21 15:41:02.339 Information StartProcess cat: output=HOME_URL="https://www.debian.org/"
2026-07-21 15:41:02.339 Information StartProcess cat: output=SUPPORT_URL="https://www.debian.org/support"
2026-07-21 15:41:02.339 Information StartProcess cat: output=BUG_REPORT_URL="https://bugs.debian.org/"
2026-07-21 15:41:02.341 Information Found Linux NAME: PRETTY_NAME="Debian GNU/Linux 12 (bookworm)"
2026-07-21 15:41:02.342 Information Using Linux dialect: Debian
2026-07-21 15:41:02.342 Information StartProcess uptime -p
2026-07-21 15:41:02.350 Information StartProcess uptime: output=up 3 weeks, 3 days, 20 hours, 7 minutes
2026-07-21 15:41:02.351 Information StartProcess lshw -quiet -class system
2026-07-21 15:41:02.353 Error System/Processor: Unknown (exception) - An error occurred trying to start process 'lshw' with working directory '/opt/CumulusMX'. No such file or directory
2026-07-21 15:41:02.353 Please install lshw (apt-get install lshw)
2026-07-21 15:41:02.353 Information StartProcess uname -s -r -m
2026-07-21 15:41:02.356 Information StartProcess uname: output=Linux 6.1.0-23-amd64 x86_64
2026-07-21 15:41:02.356 Information StartProcess lsb_release -a
2026-07-21 15:41:02.393 Information StartProcess lsb_release: output=Distributor ID:	Debian
2026-07-21 15:41:02.393 Information StartProcess lsb_release: output=Description:	Debian GNU/Linux 12 (bookworm)
2026-07-21 15:41:02.393 Information StartProcess lsb_release: output=Release:	12
2026-07-21 15:41:02.393 Information StartProcess lsb_release: output=Codename:	bookworm
2026-07-21 15:41:02.394 Information StartProcess dotnet --list-runtimes
2026-07-21 15:41:02.399 Information StartProcess dotnet: output=Microsoft.NETCore.App 8.0.8 [/usr/share/dotnet/shared/Microsoft.NETCore.App]
2026-07-21 15:41:02.400 Information StartProcess free -m
2026-07-21 15:41:02.406 Information StartProcess free: output=               total        used        free      shared  buff/cache   available
2026-07-21 15:41:02.406 Information StartProcess free: output=Mem:             960         375         411          32         352         585
2026-07-21 15:41:02.406 Information StartProcess free: output=Swap:            974          75         899
2026-07-21 15:41:02.407 Information StartProcess df -T -text4 -tvfat -h
2026-07-21 15:41:02.411 Information StartProcess df: output=Filesystem     Type  Size  Used Avail Use% Mounted on
2026-07-21 15:41:02.411 Information StartProcess df: output=/dev/sda1      ext4   31G  7.6G   22G  27% /
2026-07-21 15:41:02.416 USerReports: Starting
2026-07-21 15:41:02.424 Information MapsOn: Starting
2026-07-21 15:41:02.437 Information  MapsOn: Adding Station: Westlands
2026-07-21 15:41:02.450 Information MapsOn: Before testing DoneToday after parsing: 21/07/2026 10:31:03 
2026-07-21 15:41:02.450 Information DateIsToday for thisDate: 21/07/2026 10:31:03 | thisDate.DayOfYear: 202 versus Now.DayOfYear: 202)
2026-07-21 15:41:02.464 Information DateIsToday: thisSpan: 05:09:59.4509021 | thisSpan.TotalDays = 0.21527142247800926
2026-07-21 15:41:02.468 Information MapsOn: Must NOT send signature, has been done already : 2026-07-21T10:31:03
2026-07-21 15:41:02.468 Information Fetch Map: Fetching the generated map
2026-07-21 15:41:02.468 Information GetUrlData Start: URL - https://meteo-wagenborgen.nl/maps.txt 
2026-07-21 15:41:03.322 Information Main: <!--
 This file is generated as part of CumulusUti
2026-07-21 15:41:03.324 Information UserAskedData Starting...
2026-07-21 15:41:03.324 Information UserAskedData Doing the compiler stuff...
2026-07-21 15:41:03.347 Information CustomLogs constructor: starting
2026-07-21 15:41:03.373 Information CustomLogs WebtagInfo constructor: number of defined Webtag Units: 400, everything OK. 
2026-07-21 15:41:03.375 Information Custom Logs constructor: stop
2026-07-21 15:41:03.399 DefineUsercharts: Parsing User charts definitions - starting
2026-07-21 15:41:03.400 Information Parsing User Charts Definitions : Chart Overview'
2026-07-21 15:41:03.416 Information Parsing User Charts Definitions : Chart Temperature'
2026-07-21 15:41:03.420 Information Parsing User Charts Definitions : Chart Wind'
2026-07-21 15:41:03.421 Information Parsing User Charts Definitions : Chart WindDirection'
2026-07-21 15:41:03.421 Information Parsing User Charts Definitions : Chart Rain'
2026-07-21 15:41:03.421 Information Parsing User Charts Definitions : Chart Humidity'
2026-07-21 15:41:03.421 Information Parsing User Charts Definitions : Chart Solar'
2026-07-21 15:41:03.421 Information Parsing User Charts Definitions : Chart DailyTemp'
2026-07-21 15:41:03.421 Information Parsing User Charts Definitions : Chart DailyPressure'
2026-07-21 15:41:03.424 Information Parsing User Charts: Evaluating Expression '(MinBarometer+MaxBarometer)/2'.
2026-07-21 15:41:03.447 Generating Compiler UserAskedData: Starting
2026-07-21 15:41:03.452 Information GenerateUserAskedData: timeStart = 21/07/2026 15:32:00; timeEnd = 21/07/2026 15:41:00
2026-07-21 15:41:03.453 Monthfile constructor: Using fixed path: | data/ |; file: | *log.txt
2026-07-21 15:41:03.456 ReadPartialMonthlyLogs: Starting.
2026-07-21 15:41:03.469 Information ReadPartialMonthlyLogs: reading 202607log.txt
2026-07-21 15:41:03.775 Information ReadMonthlyLogs: End
2026-07-21 15:41:03.787 Information Generate UserAskedData: DoneToday = 20/07/2026 19:01:04.
2026-07-21 15:41:03.787 Information DateIsToday for thisDate: 20/07/2026 19:01:04 | thisDate.DayOfYear: 201 versus Now.DayOfYear: 202)
2026-07-21 15:41:03.787 Information DateIsToday: thisSpan: 20:39:59.7876972 | thisSpan.TotalDays = 0.8611086539027778
2026-07-21 15:41:03.787 Information Generate UserAskedData: Must NOT generate the ALL Range.
2026-07-21 15:41:03.787 Information Generate UserAskedData - Loop over Chart: Overview)
2026-07-21 15:41:03.792 Information Generate UserAskedData - Testing temp into tempdata.json (Range is Recent)
2026-07-21 15:41:03.792 Information Generate UserAskedData - Testing dew into tempdata.json (Range is Recent)
2026-07-21 15:41:03.792 Information Generate UserAskedData - Testing press into pressdata.json (Range is Recent)
2026-07-21 15:41:03.792 Information Generate UserAskedData - Testing hum into humdata.json (Range is Recent)
2026-07-21 15:41:03.792 Information Generate UserAskedData - Testing SolarRad into solardata.json (Range is Recent)
2026-07-21 15:41:03.792 Information Generate UserAskedData - Testing rfall into raindata.json (Range is Recent)
2026-07-21 15:41:03.792 Information Generate UserAskedData - Loop over Chart: Temperature)
2026-07-21 15:41:03.792 Information Generate UserAskedData - Testing intemp into tempdata.json (Range is Recent)
2026-07-21 15:41:03.792 Information Generate UserAskedData - Testing temp into tempdata.json (Range is Recent)
2026-07-21 15:41:03.792 Information Generate UserAskedData - Testing feelslike into tempdata.json (Range is Recent)
2026-07-21 15:41:03.792 Information Generate UserAskedData - Testing dew into tempdata.json (Range is Recent)
2026-07-21 15:41:03.792 Information Generate UserAskedData - Loop over Chart: Wind)
2026-07-21 15:41:03.792 Information Generate UserAskedData - Testing wgust into winddata.json (Range is Recent)
2026-07-21 15:41:03.793 Information Generate UserAskedData - Testing wspeed into winddata.json (Range is Recent)
2026-07-21 15:41:03.793 Information Generate UserAskedData - Loop over Chart: WindDirection)
2026-07-21 15:41:03.793 Information Generate UserAskedData - Testing bearing into wdirdata.json (Range is Recent)
2026-07-21 15:41:03.793 Information Generate UserAskedData - Testing avgbearing into wdirdata.json (Range is Recent)
2026-07-21 15:41:03.793 Information Generate UserAskedData - Loop over Chart: Rain)
2026-07-21 15:41:03.793 Information Generate UserAskedData - Testing rfall into raindata.json (Range is Recent)
2026-07-21 15:41:03.793 Information Generate UserAskedData - Testing rrate into raindata.json (Range is Recent)
2026-07-21 15:41:03.793 Information Generate UserAskedData - Loop over Chart: Humidity)
2026-07-21 15:41:03.793 Information Generate UserAskedData - Testing hum into humdata.json (Range is Recent)
2026-07-21 15:41:03.793 Information Generate UserAskedData - Testing inhum into humdata.json (Range is Recent)
2026-07-21 15:41:03.793 Information Generate UserAskedData - Loop over Chart: Solar)
2026-07-21 15:41:03.793 Information Generate UserAskedData - Testing UV into solardata.json (Range is Recent)
2026-07-21 15:41:03.793 Information Generate UserAskedData - Testing SolarRad into solardata.json (Range is Recent)
2026-07-21 15:41:03.793 Information Generate UserAskedData - Testing CurrentSolarMax into solardata.json (Range is Recent)
2026-07-21 15:41:03.793 Information Generate UserAskedData - Loop over Chart: DailyTemp)
2026-07-21 15:41:03.793 Information Generate UserAskedData - Testing avgTemp into alldailytempdata.json (Range is Daily)
2026-07-21 15:41:03.793 Information Generate UserAskedData - Testing avgTemp into alldailytempdata.json (Range is Daily)
2026-07-21 15:41:03.793 Information Generate UserAskedData - Loop over Chart: DailyPressure)
2026-07-21 15:41:03.793 Information Generate UserAskedData - Testing minBaro into alldailypressdata.json (Range is Daily)
2026-07-21 15:41:03.793 Information Generate UserAskedData - Testing  into  (Range is Daily)
2026-07-21 15:41:03.793 Information DoAirLink / AirQualitySensor  = False / False
2026-07-21 15:41:03.793 Information Uploading = maps.txt
2026-07-21 15:41:03.802 Testing PHP upload compression on https://jpickles.com/cutils/upload.php
2026-07-21 15:41:03.935 Information PHP upload does not support compression
2026-07-21 15:41:03.936 Information UploadFile: Starting utils/maps.txt => maps.txt
2026-07-21 15:41:03.936 Information Upload File values: localfile: utils/maps.txt
2026-07-21 15:41:03.936 Information Upload File values: remotefile: maps.txt
2026-07-21 15:41:03.942 Information PHP Upload: starting utils/maps.txt
2026-07-21 15:41:03.942 Information Incremental = False; filename = maps.txt; ext = .txt; HoursInGraph = 72
2026-07-21 15:41:04.019 Information InetPhp: maps.txt: Response code = 200: OK
2026-07-21 15:41:04.019 Information InetPhp: maps.txt: Response text follows:
Opening text file maps.txt for replacement
Writing text file maps.txt
Write complete
2026-07-21 15:41:04.019 Information PHP UploadFile: Success
2026-07-21 15:41:04.019 Information UploadFile: Starting utils/systeminfoTable.txt => systeminfoTable.txt
2026-07-21 15:41:04.019 Information Upload File values: localfile: utils/systeminfoTable.txt
2026-07-21 15:41:04.019 Information Upload File values: remotefile: systeminfoTable.txt
2026-07-21 15:41:04.020 Information PHP Upload: starting utils/systeminfoTable.txt
2026-07-21 15:41:04.020 Information Incremental = False; filename = systeminfoTable.txt; ext = .txt; HoursInGraph = 72
2026-07-21 15:41:04.050 Information InetPhp: systeminfoTable.txt: Response code = 200: OK
2026-07-21 15:41:04.050 Information InetPhp: systeminfoTable.txt: Response text follows:
Opening text file systeminfoTable.txt for replacement
Writing text file systeminfoTable.txt
Write complete
2026-07-21 15:41:04.050 Information PHP UploadFile: Success
2026-07-21 15:41:04.050 All done, Entering the finally section...; Closing down.
2026-07-21 15:41:04.050 Disposing Isup...
2026-07-21 15:41:04.051 Disposing Sup...
