2026-07-20 17:31:01.402 Information According to Inifile Info => Error: True, Warning: True, Info: True, Verbose: False, 
2026-07-20 17:31:01.424 CumulusUtils Initial: Shutting down the default listener
2026-07-20 17:31:01.424 Information Cumul2026-07-20 17:31:01.426 CumulusUtils Initial: Shutti2026-07-20 17:31:01.480  CUstrings[xx].ini : CUstringsEN.ini looked for.
2026-07-20 17:31:01.506  CumulusUtils version: 7.1.1 
2026-07-20 17:31:01.507  CuSupport constructor : Unit Wind (m/s, mph, km/h, kts): mph
2026-07-20 17:31:01.507  CuSupport constructor : Unit Pressure (mb,hPa,inHg): hPa
2026-07-20 17:31:01.507  CuSupport constructor : Unit Rain (mm,in): mm
2026-07-20 17:31:01.508  CuSupport constructor : Unit T (C,F): °C
2026-07-20 17:31:01.508  CuSupport constructor : Unit Distance (m, mi, km, kn): mi
2026-07-20 17:31:01.512  CuSupport constructor : Unit Height (m, ft): ft
2026-07-20 17:31:01.529 InetSupport: Constructor starting
2026-07-20 17:31:01.590 CumulusUtils : ----------------------------
2026-07-20 17:31:01.590 CumulusUtils : Entering Main
2026-07-20 17:31:01.599 HelpTexts: starting
2026-07-20 17:31:01.643 Information HelpTexts Contructor: stop
2026-07-20 17:31:01.687 CommandLineArgs : starting
2026-07-20 17:31:01.687  CommandLineArgs : handling arg: sysinfo
2026-02026-07-20 17:31:01.693 CommandLineArgs : starting
2026-07-20 17:31:01.694  CommandLineArgs : handling arg: sysinfo
2026-07-20 17:31:01.694  CommandLineArgs : handling arg: UserAskedData
2026-072026-07-20 17:31:01.778 Information CumulusUtils : Read dayfile.txt succesfully - 928 records
2026-07-20 17:31:01.802 Information SystemStatus : starting
2026-07-20 17:31:01.830 Information GetUrlData Start: URL - http://localhost:8998/api/tags/process.json?version&build&Prog2026-07-20 17:31:01.837 Information GetUrlData Start: URL - h2026-07-20 17:31:02.258 CumulusMX Version: 4.5.2 build 4105
2026-07-20 17:31:02.267 Information  SystemStatus: Found device 12 GW1000/Ecowitt Local API
2026-07-20 17:31:02.268 Inform2026-07-20 17:31:02.273 Information  SystemStatus: Found device 12 GW1000/Ecowitt Local API
2026-07-20 17:31:02.274 Information ReplaceWebtagsPostAsync start:
2026-07-20 17:31:02.279 Information  PostUrl2026-07-20 17:31:02.318 Information PostUrlData success response : OK - OK
2026-07-20 17:31:02.327 SystemStatus : DoingUnix
2026-07-20 17:31:02.332 Information SystemStatus : DoingUnix Start
2026-07-20 17:31:02.335 Information StartProcess cat /etc/os-release
2026-07-20 17:31:02.348 Information StartProcess cat: output=PRETTY_NAME="Debian GNU/Linux 12 (bookworm)"
2026-07-20 17:312026-07-20 17:31:02.355 Information StartProcess cat: output=PRETTY_NAME="Debian GNU/Linux 12 (bookworm)"
2026-07-20 17:31:02.355 Information StartProcess cat: output=NAME="Debian GNU/Linux"
2026-07-20 17:31:02.355 Information StartProcess cat: output=VERSION_ID="12"
2026-07-20 17:31:02.355 Information StartProcess cat: output=VERSION="12 (bookworm)"
2026-07-20 17:31:02.355 Information StartProcess cat: output=VERSION_CODENAME=bookworm
2026-07-20 17:31:02.355 Information StartProcess cat: output=ID=debian
2026-07-20 17:31:02.355 Information StartProcess cat: output=HOME_URL="https://www.debian.org/"
2026-07-20 17:31:02.355 Information StartProcess cat: output=SUPPORT_URL="https://www.debian.org/support"
2026-07-20 17:31:02.355 Information StartProcess cat: output=BUG_REPORT_URL="https://bugs.debian.org/"
2026-07-20 17:31:02.355 Information Found Linux NAME: PRETTY_NAME="Debian GNU/Linux 12 (bookworm)"
22026-07-20 17:31:02.359 Information StartProcess uptime: output=up 3 weeks, 2 days, 21 hours, 57 minutes
2026-07-20 17:31:2026-07-20 17:31:02.365 Information StartProcess uptime: output=up 3 weeks, 2 days, 21 hours, 57 minutes
2026-07-20 17:31:02.366 Information StartProcess lshw -quiet -class system
2026-07-20 17:31:02.368 Error System/Processor: Unknown (exception) - An error occurred trying to start process 'lshw' with working directory '/opt/CumulusMX'. No such file or directory
2026-07-22026-07-20 17:31:02.370 Information StartProcess uname: output=Linux 6.1.0-23-amd64 x86_64
2026-07-20 17:31:02.370 Informa2026-07-20 17:31:02.371 Informati2026-07-20 17:31:02.401 Information StartProcess lsb_release: output=Distributor ID:	Debian
2026-07-20 17:31:02.401 Inform2026-07-20 17:31:02.402 Information StartProcess lsb_release: output=Distributor ID:	Debian
2026-07-20 17:31:02.402 Information StartProcess lsb_release: output=Description:	Debian GNU/Linux 12 (bookworm)
2026-07-20 17:31:02.402 Information StartProcess lsb_release: output=Release:	12
2026-07-20 17:31:02.402 Information St2026-07-20 17:31:02.406 Information StartProcess dotnet: output=Microsoft.NETCore.App 8.0.8 [/usr/share/dotnet/shared/Micr2026-07-20 17:31:02.411 Information StartProcess dotnet: output=Microsoft.NE2026-07-20 17:31:02.414 Information StartProcess free: output=               total        used        free      shared  bu2026-07-20 17:31:02.417 Information StartProcess free: output=               total        used        free      shared  buff/cache   available
2026-07-20 17:31:02.417 Information StartProcess free: output=Mem:             960         370         411          29         354         590
2026-07-20 17:31:02.417 Information StartProcess free: ou2026-07-20 17:31:02.419 Information StartProcess df: output=Filesystem     Type  Size  Used Avail Use% Mounted on
2026-07-2026-07-20 17:31:02.425 Information StartProcess df: output=Filesystem     Type  Size  Used Avail Use% Mounted on
2026-07-20 17:31:02.425 Infor2026-07-20 17:31:02.440 Information MapsOn: Starting
2026-07-20 17:31:02.446 Information  MapsOn: Adding Station: Westlands
2026-07-20 17:31:02.463 Information MapsOn: Before testing DoneToday after parsing: 20/07/2026 10:31:03 
2026-07-20 17:31:2026-07-20 17:31:02.468 Information MapsOn: Before testing DoneToday after parsing: 20/07/2026 10:31:03 
2026-07-20 172026-07-20 17:31:02.479 Information DateIsToday: thisSpan: 06:59:59.4635757 | thisSpan.TotalDays = 0.29166045805208335
2022026-07-20 17:31:02.483 Information DateIsToday: thisSpan: 06:59:59.4735359 | thisSpan.TotalDays = 0.29166057333217593
2026-07-20 17:31:02.483 Information MapsOn: Must NOT send signature, has been done already : 2026-07-20T10:31:03
2026-07-20 17:31:02.483 Information Fetch Map: Fetc2026-07-20 17:31:03.449 Information Main: <!--
 This file is generated as part of CumulusUti
2026-07-20 17:31:03.451 Infor2026-07-20 17:31:03.454 Information Main: <!--
 This file is generated as part of CumulusUti
2026-07-20 17:31:02026-07-20 17:31:03.479 Information CustomLogs constructor: starting
2026-07-20 17:31:03.504 Information CustomLogs WebtagInfo constructor: number of defined Webtag Units: 400, everything OK. 
2026-07-20 17:31:03.505 Information Custom Logs constructor: stop
2026-07-20 17:31:03.525 DefineUsercharts: Parsing User charts definitions - starting
2026-07-20 17:31:03.526 Information P2026-07-20 17:31:03.531 DefineUsercharts: Parsing2026-07-20 17:31:03.546 Information Parsing User Charts Definitions : Chart Temperature'
2026-07-20 17:31:03.546 Information Parsing User Charts Definitions : Chart Wind'
2026-07-20 17:31:03.546 Information Parsing User Charts Definitions : Chart WindDirection'
2026-07-20 17:31:03.546 Information Parsing User Charts Definitions : Chart Rain'
2026-07-20 17:31:03.546 Information Pars2026-07-20 17:31:03.548 Information Parsing User Charts Definitions : Chart Rain'
2026-07-20 17:31:03.548 Information Parsing User Charts Definitions : Chart Humidity'
2026-07-20 17:31:03.548 Information Parsing User Charts Definitions : Chart Solar'
2026-07-20 17:31:03.548 Information Parsing User Charts 2026-07-20 17:31:03.553 Information Parsing User Charts: Evaluating Expression '(MinBarometer+MaxBarometer)/2'.
2026-07-20 17:31:03.568 Generating Compiler UserAskedData: Starting
2026-07-20 17:31:03.573 Information GenerateUserAskedD2026-07-20 17:31:03.576 Generating Compiler UserAskedData: Starting
2026-07-20 17:31:03.578 Information GenerateUserAskedData: timeStart = 20/07/2026 17:22:00; timeEnd = 20/07/2026 17:31:00
2026-07-20 17:31:03.579 Month2026-07-20 17:31:03.589 Information ReadPartialMonthlyLogs: reading 202607log.txt
2026-07-20 17:31:03.870 Information ReadMonthlyLogs: End
2026-07-20 17:31:03.886 Information Generate UserAskedData: DoneToday = 19/07/2026 19:01:04.
2026-07-20 17:31:03.886 Infor2026-07-20 17:31:03.891 Information Generate UserAskedData: DoneToday = 19/07/2026 19:01:04.
2026-07-20 17:31:03.891 Information DateIsToday for thisDate: 19/07/2026 19:01:04 | thisDate.DayOfYear: 200 versus Now.DayOfYear: 201)
2026-07-20 17:31:03.892 Information DateIsToday: thisSpan: 22:29:59.8919545 | thisSpan.TotalDays = 0.9374987494733796
2026-07-20 17:31:03.892 Information Generate UserAskedData: Must NOT generate the ALL Range.
2026-07-20 17:31:03.892 Information Generate UserAskedData - Loop over Chart: Overview)
2026-07-20 17:31:03.897 Information Generate UserAskedData - Testing temp into tempdata.json (Range is Recent)
2026-07-20 17:31:03.898 Information Generate UserAskedData - Testing dew into tempdata.json (Range is Recent)
2026-07-20 17:31:03.898 Information Generate UserAskedData - Testing press into pressdata.json (Range is Recent)
2026-07-20 17:31:03.898 Information Generate UserAskedData - Testing hum into humdata.json (Range is Recent)
2026-07-20 17:31:03.898 Information Generate UserAskedData - Testing SolarRad into solardata.json (Range is Recent)
2026-07-20 17:31:03.898 Information Generate UserAskedData - Testing rfall into raindata.json (Range is Recent)
2026-07-20 17:31:03.898 Information Generate UserAskedData - Loop over Chart: Temperature)
2026-07-20 17:31:03.898 Information Generate UserAskedData - Testing intemp into tempdata.json (Range is Recent)
2026-07-20 17:31:03.898 Information Generate UserAskedData - Testing temp into tempdata.json (Range is Recent)
2026-07-20 17:31:03.898 Information Generate UserAskedData - Testing feelslike into tempdata.json (Range is Recent)
2026-07-20 17:31:03.898 Information Generate UserAskedData - Testing dew into tempdata.json (Range is Recent)
2026-07-20 17:31:03.898 Information Generate UserAskedData - Loop over Chart: Wind)
2026-07-20 17:31:03.898 Information Generate UserAskedData - Testing wgust into winddata.json (Range is Recent)
2026-07-20 17:31:03.898 Information Generate UserAskedData - Testing wspeed into winddata.json (Range is Recent)
2026-07-20 17:31:03.898 Information Generate UserAskedData - Loop over Chart: WindDirection)
2026-07-20 17:31:03.898 Information Generate UserAskedData - Testing bearing into wdirdata.json (Range is Recent)
2026-07-20 17:31:03.898 Information Generate UserAskedData - Testing avgbearing into wdirdata.json (Range is Recent)
2026-07-20 17:31:03.898 Information Generate UserAskedData - Loop over Chart: Rain)
2026-07-20 17:31:03.898 Information Generate UserAskedData - Testing rfall into raindata.json (Range is Recent)
2026-07-20 17:31:03.898 Information Generate UserAskedData - Testing rrate into raindata.json (Range is Recent)
2026-07-20 17:31:03.898 Information Generate UserAskedData - Loop over Chart: Humidity)
2026-07-20 17:31:03.898 Information Generate UserAskedData - Testing hum into humdata.json (Range is Recent)
2026-07-20 17:31:03.898 Information Generate UserAskedData - Testing inhum into humdata.json (Range is Recent)
2026-07-20 17:31:03.898 Information Generate UserAskedData - Loop over Chart: Solar)
2026-07-20 17:31:03.898 Information Generate UserAskedData - Testing UV into solardata.json (Range is Recent)
2026-07-20 17:31:03.898 Information Generate UserAskedData - Testing SolarRad into solardata.json (Range is Recent)
2026-07-20 17:31:03.898 Information Generate UserAskedData - Testing CurrentSolarMax into solardata.json (Range is Recent)
2026-07-20 17:31:03.898 Information Generate UserAskedData - Loop over Chart: DailyTemp)
2026-07-20 17:31:03.898 Information Generate UserAskedData - Testing avgTemp into alldailytempdata.json (Range is Daily)
2026-07-20 17:31:03.898 Information Generate UserAskedData - Testing avgTemp into alldailytempdata.json (Range is Daily)
2026-07-20 17:31:03.898 Information Generate UserAskedData - Loop over Chart: DailyPressure)
2026-07-20 17:31:03.898 Information Generate UserAskedData - Testing minBaro into alldailypressdata.json (Range is Daily)
2026-07-20 17:31:03.898 Information Generate UserAskedData - Testing  into  (Range is Daily)
2026-07-20 17:31:2026-07-20 17:31:03.905 Testing PHP upload compression on https://jpickles.com/cutils/upload.php
2026-07-20 17:31:04.029 Information PHP upload does not support compression
2026-07-20 17:31:04.030 Information UploadFile2026-07-20 17:31:04.037 Information PHP upload does not support compression
2026-07-20 17:31:04.037 Information UploadFile: Starting utils/maps.txt => maps.txt
2026-07-20 17:31:04.037 Information Upload File values: localfile: utils/maps.txt
2026-07-20 17:31:04.037 Information Upload File values: remotefile: maps.txt
2026-07-20 17:31:04.042 Information PHP Upload: starting u2026-07-20 17:31:04.121 Information InetPhp: maps.txt: Response code = 200: OK
2026-07-20 17:31:04.121 Information InetPhp2026-07-20 17:31:04.128 Information InetPhp: maps.txt: Response code = 200: OK
2026-07-20 17:31:04.129 Information InetPhp: maps.txt: Response text follows:
Opening text file maps.txt for replacement
Writing text file maps.txt
Write complete
2026-07-20 17:31:04.129 Information PHP UploadFile: Success
2026-07-20 17:31:04.129 Information UploadFile: Starting utils/systeminfoTable.txt => systeminfoTable.txt
2026-07-20 17:31:04.129 Information Upload File values: localfile: utils/systeminfoTable.txt
2026-07-20 17:31:04.129 Information Upload File values: remotefile: systeminfoTable.txt
2026-07-20 17:31:04.129 Information PHP Upload: starting utils/systeminfoTable.t2026-07-20 17:31:04.151 Information InetPhp: systeminfoTable.txt: Response code = 200: OK
2026-07-20 17:31:04.151 Informat2026-07-20 17:31:04.159 Information InetPhp: systeminfoTable.txt: Response code = 200: OK
2026-07-20 17:31:04.159 Information InetPhp: systeminfoTable.txt: Response text follows:
Opening text file systeminfoTable.txt for replacement
Writing text file systeminfoTable.txt
Write complete
2026-07-20 17:31:04.159 Information PHP UploadFile: Success
2026-07-20 17:31:04.159 All done, Entering the finally section...; Closing down.
2026-07-20 17:31:04.159 Disposing Isup...
2026-07-20 17:31:04.160 Disposing Sup...
