2026-07-21 16:11:01.478 Information According to Inifile Info => Error: True, Warning: True, Info: True, Verbose: False, 
2026-07-21 16:11:01.504 CumulusUtils Initial: Shutting down the default listener
2026-07-21 16:11:01.504 Information Cumul2026-07-21 16:11:01.513 CumulusUtils Initial: Shutti2026-07-21 16:11:01.555  CUstrings[xx].ini : CUstringsEN.ini looked for.
2026-07-21 16:11:01.580  CumulusUtils version: 7.1.1 
2026-07-21 16:11:01.580  CuSupport constructor : Unit Wind (m/s, mph2026-07-21 16:11:01.589  CumulusUtils version: 7.1.1 
2026-07-21 16:11:01.589  CuSupport constructor : Unit Wind (m/s, mph, km/h, kts): mph
2026-07-21 16:11:01.590  CuSupport constructor : Unit Pressure (mb,hPa,inHg): hPa
2026-07-21 16:11:01.590  CuSupport constructor : Unit Rain (mm,in): mm
2026-07-21 16:11:01.590  CuSupport constructor : Unit T (C,F): °C
2026-07-21 16:11:01.591  CuSupport2026-07-21 16:11:01.601 InetSupport: Constructor starting
2026-07-21 16:11:01.663 CumulusUtils : ----------------------------
2026-07-21 16:11:01.663 CumulusUtils : Entering Main
2026-07-21 16:11:01.671 HelpTexts: starting
2026-07-21 16:11:01.713 Information HelpTexts Contructor: stop
2026-07-21 16:11:01.761 CommandLineArgs : starting
2026-07-21 16:11:01.761  CommandLineArgs : handling arg: sysinfo
2026-02026-07-21 16:11:01.767 CommandLineArgs : starting
2026-07-21 16:11:01.767  CommandLineArgs : handling arg: sysinfo
2026-07-21 16:11:01.767  CommandLineArgs : handling arg: UserAskedData
2026-072026-07-21 16:11:01.848 Information CumulusUtils : Read dayfile.txt succesfully - 929 records
2026-07-21 16:11:01.873 Information SystemStatus : starting
2026-07-21 16:11:01.904 Information GetUrlData Start: URL - http://localhost:8998/api/tags/process.json?version&build&Prog2026-07-21 16:11:01.910 Information GetUrlData Start: URL - h2026-07-21 16:11:02.325 CumulusMX Version: 4.5.2 build 4105
2026-07-21 16:11:02.334 Information  SystemStatus: Found device 12 GW1000/Ecowitt Local API
2026-07-21 16:11:02.335 Information ReplaceWebtagsPostAsync start:
2026-07-21 16:11:02.337 Information  PostUrlData Start: http://localhost:8998/api/tags/process.txt 
2026-07-21 16:11:02.332026-07-21 16:11:02.341 Information  PostUrl2026-07-21 16:11:02.381 Information PostUrlData success response : OK - OK
2026-07-21 16:11:02.386 SystemStatus : DoingUnix
2026-07-21 16:11:02.387 Information SystemStatus : DoingUnix Start
2026-07-21 16:11:02.394 Information StartProcess cat /etc/os-release
2026-07-21 16:11:02.410 Information StartProcess cat: output=PRETTY_NAME="Debian GNU/Linux 12 (bookworm)"
2026-07-21 16:11:02.410 Information StartProcess cat: output=NAME="Debian GNU/Linux"
2026-07-21 16:11:02.410 Information StartProcess cat: output=VERSION_ID="12"
2026-07-21 16:11:02.410 Information StartProcess cat: output=VERSION="12 (bookworm)"
2026-07-21 16:11:02.410 Information StartProcess cat: output=VERSION_CODENAME=bookworm
2026-07-21 16:11:02.410 Information StartProcess cat: output=ID=debian
2026-07-21 16:11:02.410 Information StartProcess cat: output=HOME_URL="https://www.debian.org/"
2026-07-21 16:11:02.410 Information StartProcess cat: output=SUPPORT_URL="https://www.debian.org/support"
2026-07-21 16:11:02.410 Information StartProcess cat: output=BUG_REPORT_URL="https://bugs.debian.org/"
2026-07-21 16:11:02.410 Information Found Linux NAME: PRETTY_NAME="Debian GNU/Linux 12 (bookworm)"
2026-07-21 16:11:02.411 Information Using Linux dialect: Debian
2026-07-21 16:11:02.411 Information StartProcess uptime -p
2026-07-21 16:11:02.421 Information StartProcess uptime: output=up 3 weeks, 3 days, 20 hours, 37 minutes
2026-07-21 16:11:02.422 Information StartProcess lshw -quiet -class system
2026-07-21 16:11:02.425 Error System/Processor: Unknown (exception) - An error occurred trying to start process 'lshw' with working directory '/opt/CumulusMX'. No such file or directory
2026-07-21 16:11:02.425 Please install lshw (apt-get install lshw)
2026-07-21 16:11:02.425 Information StartProcess uname -s -r -m
2026-07-21 16:11:02.426 Information StartProcess uname: output=Linux 6.1.0-23-amd64 x86_64
2026-07-21 16:11:02.427 Information StartProcess lsb_release -a
2026-07-21 16:11:02.455 Information StartProcess lsb_release: output=Distributor ID:	Debian
2026-07-21 16:11:02.455 Information StartProcess lsb_release: output=Description:	Debian GNU/Linux 12 (bookworm)
2026-07-21 16:11:02.455 Information StartProcess lsb_release: output=Release:	12
2026-07-21 16:11:02.456 Information StartProcess lsb_release: output=Codename:	bookworm
2026-07-21 16:11:02.456 Information StartProcess dotnet --list-runtimes
2026-07-21 16:11:02.464 Information StartProcess dotnet: output=Microsoft.NETCore.App 8.0.8 [/usr/share/dotnet/shared/Microsoft.NETCore.App]
2026-07-21 16:11:02.464 Information StartProcess free -m
2026-07-21 16:11:02.470 Information StartProcess free: output=               total        used        free      shared  buff/cache   available
2026-07-21 16:11:02.470 Information StartProcess free: output=Mem:             960         370         415          32         353         589
2026-07-21 16:11:02.470 Information StartProcess free: output=Swap:            974          75         899
2026-07-21 16:11:02.470 Information StartProcess df -T -text4 -tvfat -h
2026-07-21 16:11:02.478 Information StartProcess df: output=Filesystem     Type  Size  Used Avail Use% Mounted on
2026-07-21 16:11:02.478 Information StartProcess df: output=/dev/sda1      ext4   31G  7.6G   22G  27% /
2026-07-21 16:11:02.483 USerReports: Starting
2026-07-21 16:11:02.496 Information MapsOn: Starting
2026-07-21 16:11:02.501 Information  MapsOn: Adding Station: Westlands
2026-07-21 16:11:02.518 Information MapsOn: Before testing DoneToday after parsing: 21/07/2026 10:31:03 
2026-07-21 16:11:02.519 Information DateIsToday for thisDate: 21/07/2026 10:31:03 | thisDate.DayOfYear: 202 versus Now.DayOfYear: 202)
2026-07-21 16:11:02.529 Information DateIsToday: thisSpan: 05:39:59.5190091 | thisSpan.TotalDays = 0.23610554408680556
2026-07-21 16:11:02.529 Information MapsOn: Must NOT send signature, has been done already : 2026-07-21T10:31:03
2026-07-21 16:11:02.529 Information Fetch Map: Fetching the generated map
2026-07-21 16:11:02.530 Information GetUrlData Start: URL - https://meteo-wagenborgen.nl/maps.txt 
2026-07-21 16:11:03.448 Information Main: <!--
 This file is generated as part of CumulusUti
2026-07-21 16:11:03.449 Infor2026-07-21 16:11:03.469 Information Main: <!--
 This file is generated as part of CumulusUti
2026-07-21 16:11:02026-07-21 16:11:03.485 Information CustomLogs constructor: starting
2026-07-21 16:11:03.507 Information CustomLogs WebtagInfo constructor: number of defined Webtag Units: 400, everything OK.2026-07-21 16:11:03.522 Information CustomLogs WebtagInfo constructo2026-07-21 16:11:03.532 DefineUsercharts: Parsing User charts definitions - starting
2026-07-21 16:11:03.532 Information P2026-07-21 16:11:03.548 DefineUsercharts: Parsing2026-07-21 16:11:03.549 Information Parsing User Charts Definitions : Chart Temperature'
2026-07-21 16:11:03.549 Informati2026-07-21 16:11:03.564 Information Parsing User Charts Definitions : Chart Temperature'
2026-07-21 16:11:03.564 Information Parsing User Charts Definitions : Chart Wind'
2026-07-21 16:11:03.564 Information Parsing User Charts Definitions : Chart WindDirection'
2026-07-21 16:11:03.565 Information Parsing User Charts Definitions : Chart Rain'
2026-07-21 16:11:03.565 Information Parsing User Charts Definitions : Chart Humidity'
2026-07-21 16:11:03.565 Information Parsing User Charts Definitions : Chart Solar'
2026-07-21 16:11:03.565 Information Parsing User Charts Definitions : Chart DailyTemp'
2026-07-21 16:11:03.565 Information Parsing User Charts Definitions : Chart Daily2026-07-21 16:11:03.574 Generating Compiler UserAskedData: Starting
2026-07-21 16:11:03.575 Information GenerateUserAskedD2026-07-21 16:11:03.590 Generating Compiler UserAskedData: Starting
2026-07-21 16:11:03.592 Information GenerateUserAskedData: timeStart = 21/07/2026 16:02:00; timeEnd = 21/07/2026 16:11:00
2026-07-21 16:11:03.597 Monthfile constructor: Using fixed path: | data/ |; file: | *log.txt
2026-07-21 16:11:02026-07-21 16:11:03.903 Information ReadMonthlyLogs: End
2026-07-21 16:11:03.922 Information Generate UserAskedData: DoneT2026-07-21 16:11:03.928 Information ReadMonthlyLogs: End
2026-07-21 16:11:03.938 Information Generate UserAskedData: DoneToday = 20/07/2026 19:01:04.
2026-07-21 16:11:03.938 Information DateIsToday for thisDate: 20/07/2026 19:01:04 | thisDate.DayOfYear: 201 versus Now.DayOfYear: 202)
2026-07-21 16:11:03.938 Information DateIsToday: thisSpan: 21:09:59.9384497 | thisSpan.TotalDays = 0.881943732056713
2026-07-21 16:11:03.938 Information Generate UserAskedData: Must NOT generate the ALL Range.
2026-07-21 16:11:03.938 Information Generate UserAskedData - Loop over Chart: Overview)
2026-07-21 16:11:03.940 Information Generate UserAskedData - Testing temp into tempdata.json (Range is Recent)
2026-07-21 16:11:03.940 Information Generate UserAskedData - Testing dew into tempdata.json (Range is Recent)
2026-07-21 16:11:03.940 Information Generate UserAskedData - Testing press into pressdata.json (Range is Recent)
2026-07-21 16:11:03.940 Information Generate UserAskedData - Testing hum into humdata.json (Range is Recent)
2026-07-21 16:11:03.940 Information Generate UserAskedData - Testing SolarRad into solardata.json (Range is Recent)
2026-07-21 16:11:03.940 Information Generate UserAskedData - Testing rfall into raindata.json (Range is Recent)
2026-07-21 16:11:03.940 Information Generate UserAskedData - Loop over Chart: Temperature)
2026-07-21 16:11:03.940 Information Generate UserAskedData - Testing intemp into tempdata.json (Range is Recent)
2026-07-21 16:11:03.940 Information Generate UserAskedData - Testing temp into tempdata.json (Range is Recent)
2026-07-21 16:11:03.940 Information Generate UserAskedData - Testing feelslike into tempdata.json (Range is Recent)
2026-07-21 16:11:03.940 Information Generate UserAskedData - Testing dew into tempdata.json (Range is Recent)
2026-07-21 16:11:03.940 Information Generate UserAskedData - Loop over Chart: Wind)
2026-07-21 16:11:03.940 Information Generate UserAskedData - Testing wgust into winddata.json (Range is Recent)
2026-07-21 16:11:03.940 Information Generate UserAskedData - Testing wspeed into winddata.json (Range is Recent)
2026-07-21 16:11:03.943 Information Generate UserAskedData - Loop over Chart: WindDirection)
2026-07-21 16:11:03.943 Information Generate UserAskedData - Testing bearing into wdirdata.json (Range is Recent)
2026-07-21 16:11:03.943 Information Generate UserAskedData - Testing avgbearing into wdirdata.json (Range is Recent)
2026-07-21 16:11:03.943 Information Generate UserAskedData - Loop over Chart: Rain)
2026-07-21 16:11:03.943 Information Generate UserAskedData - Testing rfall into raindata.json (Range is Recent)
2026-07-21 16:11:03.943 Information Generate UserAskedData - Testing rrate into raindata.json (Range is Recent)
2026-07-21 16:11:03.943 Information Generate UserAskedData - Loop over Chart: Humidity)
2026-07-21 16:11:03.943 Information Generate UserAskedData - Testing hum into humdata.json (Range is Recent)
2026-07-21 16:11:03.943 Information Generate UserAskedData - Testing inhum into humdata.json (Range is Recent)
2026-07-21 16:11:03.943 Information Generate UserAskedData - Loop over Chart: Solar)
2026-07-21 16:11:03.943 Information Generate UserAskedData - Testing UV into solardata.json (Range is Recent)
2026-07-21 16:11:03.943 Information Generate UserAskedData - Testing SolarRad into solardata.json (Range is Recent)
2026-07-21 16:11:03.943 Information Generate UserAskedData - Testing CurrentSolarMax into solardata.json (Range is Recent)
2026-07-21 16:11:03.943 Information Generate UserAskedData - Loop over Chart: DailyTemp)
2026-07-21 16:11:03.943 Information Generate UserAskedData - Testing avgTemp into alldailytempdata.json (Range is Daily)
2026-07-21 16:11:03.943 Information Generate UserAskedData - Testing avgTemp into alldailytempdata.json (Range is Daily)
2026-07-21 16:11:03.943 Information Generate UserAskedData - Loop over Chart: DailyPressure)
2026-07-21 16:11:03.943 Information Generate UserAskedData - Testing minBaro into alldailypressdata.json (Range is Daily)
2026-07-21 16:11:03.943 Information Generate UserAskedData - Testing  into  (Range is Daily)
2026-07-21 16:11:03.943 Information DoAirLink / AirQualitySensor  = False / False
2026-07-21 16:11:03.943 Informati2026-07-21 16:11:04.128 Information PHP upload does not support compression
2026-07-21 16:11:04.128 Information UploadFile: Starting utils/maps.txt => maps.txt
2026-07-21 16:11:04.128 Information Upload File values: localfile: utils/maps.txt
2026-07-21 16:11:04.128 Information Upload File values: remotefile: maps.txt
2026-07-21 16:11:04.132 Information PHP Upload: starting utils/maps.txt
2026-07-21 16:11:04.134 Information Incremental = False; filename = maps.txt; ext = .txt; HoursInGraph = 72
2026-07-21 16:11:04.209 Information InetPhp: maps.txt: Response code = 200: OK
2026-07-21 16:11:04.210 Information InetPhp: maps.txt: Response text follows:
Opening text file maps.txt for replacement
Writing text file maps.txt
Write complete
2026-07-21 16:11:04.210 Information PHP UploadFile: Success
2026-07-21 16:11:04.210 Information UploadFile: Starting utils/systeminfoTable.txt => systeminfoTable.txt
2026-07-21 16:11:04.210 Information Upload File values: localfile: utils/systeminfoTable.txt
2026-07-21 16:11:04.210 Information Upload File values: remotefile: systeminfoTable.txt
2026-07-21 16:11:04.210 Information PHP Upload: starting utils/systeminfoTable.txt
2026-07-21 16:11:04.210 Information Incremental = False; filename = systeminfoTable.txt; ext = .txt; HoursInGraph = 72
2026-07-21 16:11:04.248 Information InetPhp: systeminfoTable.txt: Response code = 200: OK
2026-07-21 16:11:04.248 Information InetPhp: systeminfoTable.txt: Response text follows:
Opening text file systeminfoTable.txt for replacement
Writing text file systeminfoTable.txt
Write complete
2026-07-21 16:11:04.248 Information PHP UploadFile: Success
2026-07-21 16:11:04.249 All done, Entering the finally section...; Closing down.
2026-07-21 16:11:04.249 Disposing Isup...
2026-07-21 16:11:04.249 Disposing Sup...
the finally section...; Closing down.
2026-07-21 16:11:04.194 Disposing Isup...
2026-07-21 16:11:04.194 Disposing Sup...
