2026-07-21 11:41:01.595 Information According to Inifile Info => Error: True, Warning: True, Info: True, Verbose: False, 
2026-07-21 11:41:01.620 CumulusUtils Initial: Shutting down the default listener
2026-07-21 11:41:01.624 Information CumulusUtils Initial: Shutting down the default listener
2026-07-21 11:41:01.673  CUstrings[xx].ini : CUstringsEN.ini looked for.
2026-07-21 11:41:01.698  CumulusUtils version: 7.1.1 
2026-07-21 11:41:01.699  CuSupport constructor : Unit Wind (m/s, mph, km/h, kts): mph
2026-07-21 11:41:01.699  CuSupport constructor : Unit Pressure (mb,hPa,inHg): hPa
2026-07-21 11:41:01.699  CuSupport constructor : Unit Rain (mm,in): mm
2026-07-21 11:41:01.700  CuSupport constructor : Unit T (C,F): °C
2026-07-21 11:41:01.700  CuSupport constructor : Unit D2026-07-21 11:41:01.701  CuS2026-07-21 11:41:01.704  CuSupport constructor : Unit Height (m, ft): ft
2026-07-21 11:41:01.716 InetSupport: Constructor starting
2026-07-21 11:41:01.777 CumulusUtils : ----------------------------
2026-07-21 11:41:01.777 CumulusUtils : Entering Main
2026-07-21 11:41:01.790 HelpTexts: starting
2026-07-21 11:41:01.828 Information HelpTexts Contructor: stop
2026-07-21 11:41:01.872 CommandLineArgs : starting
2026-07-21 11:41:01.872  CommandLineArgs : handling arg: sysinfo
2026-02026-07-21 11:41:01.877 CommandLineArgs : starting
2026-07-21 11:41:01.877  CommandLineArgs : handling arg: sysinfo
2026-07-21 11:41:02026-07-21 11:41:01.879 Dayfile: Reading the dayfile.txt...
2026-07-21 11:41:01.959 Information CumulusUtils : Read dayfile.txt succesfully - 929 records
2026-07-21 11:41:01.984 Information SystemStatus : starting
2026-07-21 11:41:02.015 Information GetUrlData Start: URL - http://localhost:8998/api/tags/process.json?version&build&Prog2026-07-21 11:41:02.020 Information GetUrlData Start: URL - h2026-07-21 11:41:02.415 CumulusMX Version: 4.5.2 build 4105
2026-07-21 11:41:02.422 Information  SystemStatus: Found device 12 GW1000/Ecowitt Local API
2026-07-21 11:41:02.423 Inform2026-07-21 11:41:02.428 Information  2026-07-21 11:41:02.430 Information  PostUrlData Start:2026-07-21 11:41:02.433 Information ReplaceWebtagsPostAsync start:
2026-07-21 11:41:02.435 Information  PostUrl2026-07-21 11:41:02.456 Information PostUrlData success response : OK - OK
2026-07-21 11:41:02.469 SystemStatus : DoingUni2026-07-21 11:41:02.476 Information PostUrlData success response : OK - OK
2026-07-21 11:41:02.483 SystemStatus : DoingUnix
2026-07-21 11:2026-07-21 11:41:02.490 Information StartProcess cat:2026-07-21 11:41:02.492 Information StartProcess cat /etc/os-release
2026-07-21 11:41:02.508 Information StartProcess cat: output=PRETTY_NAME="Debian GNU/Linux 12 (bookworm)"
2026-07-21 11:41:02.508 Information StartProcess cat: output=NAME="Debian GNU/Linux"
2026-07-21 11:41:02.508 Information StartProcess cat: output=VERSION_ID="12"
2026-07-21 11:41:02.508 Information StartProcess cat: output=VERSION="12 (bookworm)"
2026-07-21 11:41:02.508 Information StartProcess cat: output=VERSION_CODENAME=bookworm
2026-07-21 11:41:02.508 Information StartProcess cat: output=ID=debian
2026-07-21 11:41:02.508 Information StartProcess cat: output=HOME_URL="https://www.debian.org/"
2026-07-21 11:41:02.508 Information StartProcess cat: output=SUPPORT_URL="https://www.debian.org/support"
2026-07-21 11:41:02.508 Information StartProcess cat: output=BUG_REPORT_URL="https://bugs.debian.org/"
2026-07-21 11:41:02.508 Information Found Linux NAME: PRETTY_NAME="Debian GNU/Linux 12 (bookworm)"
2026-07-21 11:41:02.509 Information Using Linux dialect: Debian
2026-07-21 11:41:02.509 Information StartProcess uptime -p
2026-07-21 11:41:02.514 Information StartProcess uptime: output=up 3 weeks, 3 days, 16 hours, 7 minutes
2026-07-21 11:41:02.515 Information StartProcess lshw -quiet -class system
2026-07-21 11:41:02.517 Error System/Processor: Unknown (exception) - An error occurred trying to start process 'lshw' with working directory '/opt/CumulusMX'. No such file or directory
2026-07-21 11:41:02.517 Please install lshw (apt-get install lshw)
2026-07-21 11:41:02.517 Information StartProcess uname -s -r -m
2026-07-21 11:41:02.519 Informati2026-07-21 11:41:02.544 Information StartProcess lsb_release: output=Distributor ID:	Debian
2026-07-21 11:41:02.545 Inform2026-07-21 11:41:02.551 Information StartProcess lsb_release: output=Distributor ID:	Debian
2026-07-21 11:41:02.551 Information StartProcess lsb_release: output=Description:	Debian GNU/Linux 12 (bookworm)
2026-07-21 11:41:02.551 Information StartProcess lsb_release: output=Release:	12
2026-07-21 11:41:02.551 Information StartProcess lsb_release: output=Codename:	bookworm
2026-07-21 11:41:02.552 Information StartProcess dotnet --list-runtimes
2026-07-21 11:41:02.559 Information StartProcess dotnet: output=Microsoft.NETCore.App 8.0.8 [/usr/share/dotnet/shared/Microsoft.NETCore.App]
2026-07-21 11:41:02.559 Information StartProcess free -m
2026-07-21 11:41:02.563 Information StartProcess free: output=               total        used        free      shared  buff/cache   available
2026-07-21 11:41:02.563 Information StartProcess free: output=Mem:             960         361         460          32         307         598
2026-07-21 11:41:02.563 Information StartProcess free: ou2026-07-21 11:41:02.564 Information StartProcess d2026-07-21 11:41:02.569 Information StartProcess df -T -text4 -tvfat -h
2026-07-21 11:41:02.574 Information StartProcess df: output=Filesystem     Type  Size  Used Avail Use% Mounted on
2026-07-21 11:41:02.574 Infor2026-07-21 11:41:02.581 Information MapsOn: Starting
2026-07-21 11:41:02.588 Information  MapsOn: Adding Station: Westland202026-07-21 11:41:02.604 Information MapsOn: Before testing DoneToday after parsing: 21/07/2026 10:31:03 
2026-07-21 11:41:2026-07-21 11:41:02.614 Information MapsOn: Before testing DoneToday after parsing: 21/07/2026 10:31:03 
2026-07-21 112026-07-21 11:41:02.619 Information DateIsToday: thisSpan: 01:09:59.6056595 | thisSpan.TotalDays = 0.0486065469849537
20262026-07-21 11:41:02.628 Information DateIsToday: thisSpan: 01:09:59.6148357 | thisSpan.TotalDays = 0.048606653190972224
2026-07-21 11:41:02.628 Information MapsOn: Must NOT send signature, has been done already : 2026-07-21T10:31:03
2026-07-21 11:41:02.628 Information Fetch Map: Fe2026-07-21 11:41:03.622 Information Main: <!--
 This file is generated as part of CumulusUti
2026-07-21 11:41:03.623 Informa2026-07-21 11:41:03.630 Information Main: <!--
 This file is generated as part of CumulusUti
2026-07-21 11:412026-07-21 11:41:03.651 Information CustomLogs constructor: starting
2026-07-21 11:41:03.670 Information CustomLogs WebtagInfo constructor: number of defined Webtag Units: 400, everything OK. 
2026-07-21 11:41:03.680 Information CustomLogs WebtagInfo construc2026-07-21 11:41:03.699 DefineUsercharts: Parsing User charts definitions - starting
2026-07-21 11:41:03.699 Information Par2026-07-21 11:41:03.702 DefineUsercharts: Parsi2026-07-21 11:41:03.715 Information Parsing User Charts Definitions : Chart Temperature'
2026-07-21 11:41:03.715 Information2026-07-21 11:41:03.718 Information Parsing User Charts Definitions : Chart Temperature'
2026-07-21 11:41:03.718 Information Parsing User Charts Definitions : Chart Wind'
2026-07-21 11:41:03.718 Information Parsing User Charts Definitions : Chart WindDirection'
2026-07-21 11:41:03.718 Information Parsing User Charts Definitions : Chart Rain'
2026-07-21 11:41:03.718 Information Parsing User Charts Definitions : Chart Humidity'
2026-07-21 11:41:03.718 Information Parsing User Charts Definitions : Chart Solar'
2026-07-21 11:41:03.718 Information Parsing User Chart2026-07-21 11:41:03.721 Information Parsing User Charts: Evaluating Expression '(MinBarometer+MaxBarometer)/2'.
2026-07-21 11:41:03.736 Generating Compiler UserAskedData: Starting
2026-07-21 11:41:03.745 Information GenerateUserAskedData: timeStart = 21/07/2026 11:32:00; timeEnd = 21/07/2026 11:41:00
202026-07-21 11:41:03.744 Information GenerateUserAskedData: timeStart = 21/07/2026 11:32:00; timeEnd = 21/07/2026 11:41:00
2026-07-21 11:41:03.749 Mon2026-07-21 11:41:03.756 Information ReadPartialMonthlyLogs: reading 202607log.txt
2026-07-21 11:41:04.056 Information ReadMonthlyLogs: End
2026-07-21 11:41:04.067 Information Generate UserAskedData: DoneTod2026-07-21 11:41:04.071 Information ReadMonthlyLogs: End
2026-07-21 11:41:04.082 Information Generate UserAskedData: DoneToday = 20/07/2026 19:01:04.
2026-07-21 11:41:04.082 Information DateIsToday for thisDate: 20/07/2026 19:01:04 | thisDate.DayOfYear: 201 versus Now.DayOfYear: 202)
2026-07-21 11:41:04.082 Information DateIsToday: thisSpan: 16:40:00.0827105 | thisSpan.TotalDays = 0.6944454017418982
2026-07-21 11:41:04.082 Information Generate UserAskedData: Must NOT generate the ALL Range.
2026-07-21 11:41:04.082 Information Generate UserAskedData - Loop over Chart: Overview)
2026-07-21 11:41:04.083 Information Generate UserAskedData - Testing temp into tempdata.json (Range is Recent)
2026-07-21 11:41:04.083 Information Generate UserAskedData - Testing dew into tempdata.json (Range is Recent)
2026-07-21 11:41:04.083 Information Generate UserAskedData - Testing press into pressdata.json (Range is Recent)
2026-07-21 11:41:04.083 Information Generate UserAskedData - Testing hum into humdata.json (Range is Recent)
2026-07-21 11:41:04.083 Information Generate UserAskedData - Testing SolarRad into solardata.json (Range is Recent)
2026-07-21 11:41:04.083 Information Generate UserAskedData - Testing rfall into raindata.json (Range is Recent)
2026-07-21 11:41:04.083 Information Generate UserAskedData - Loop over Chart: Temperature)
2026-07-21 11:41:04.083 Information Generate UserAskedData - Testing intemp into tempdata.json (Range is Recent)
2026-07-21 11:41:04.083 Information Generate UserAskedData - Testing temp into tempdata.json (Range is Recent)
2026-07-21 11:41:04.083 Information Generate UserAskedData - Testing feelslike into tempdata.json (Range is Recent)
2026-07-21 11:41:04.083 Information Generate UserAskedData - Testing dew into tempdata.json (Range is Recent)
2026-07-21 11:41:04.084 Information Generate UserAskedData - Loop over Chart: Wind)
2026-07-21 11:41:04.084 Information Generate UserAskedData - Testing wgust into winddata.json (Range is Recent)
2026-07-21 11:41:04.084 Information Generate UserAskedData - Testing wspeed into winddata.json (Range is Recent)
2026-07-21 11:41:04.084 Information Generate UserAskedData - Loop over Chart: WindDirection)
2026-07-21 11:41:04.084 Information Generate UserAskedData - Testing bearing into wdirdata.json (Range is Recent)
2026-07-21 11:41:04.084 Information Generate UserAskedData - Testing avgbearing into wdirdata.json (Range is Recent)
2026-07-21 11:41:04.084 Information Generate UserAskedData - Loop over Chart: Rain)
2026-07-21 11:41:04.084 Information Generate UserAskedData - Testing rfall into raindata.json (Range is Recent)
2026-07-21 11:41:04.084 Information Generate UserAskedData - Testing rrate into raindata.json (Range is Recent)
2026-07-21 11:41:04.084 Information Generate UserAskedData - Loop over Chart: Humidity)
2026-07-21 11:41:04.084 Information Generate UserAskedData - Testing hum into humdata.json (Range is Recent)
2026-07-21 11:41:04.084 Information Generate UserAskedData - Testing inhum into humdata.json (Range is Recent)
2026-07-21 11:41:04.084 Information Generate UserAskedData - Loop over Chart: Solar)
2026-07-21 11:41:04.084 Information Generate UserAskedData - Testing UV into solardata.json (Range is Recent)
2026-07-21 11:41:04.084 Information Generate UserAskedData - Testing SolarRad into solardata.json (Range is Recent)
2026-07-21 11:41:04.084 Information Generate UserAskedData - Testing CurrentSolarMax into solardata.json (Range is Recent)
2026-07-21 11:41:04.084 Information Generate UserAskedData - Loop over Chart: DailyTemp)
2026-07-21 11:41:04.084 Information Generate UserAskedData - Testing avgTemp into alldailytempdata.json (Range is Daily)
2026-07-21 11:41:04.084 Information Generate UserAskedData - Testing avgTemp into alldailytempdata.json (Range is Daily)
2026-07-21 11:41:04.084 Information Generate UserAskedData - Loop over Chart: DailyPressure)
2026-07-21 11:41:04.084 Information Generate UserAskedData - Testing minBaro into alldailypressdata.json (Range is Daily)
2026-07-21 11:41:04.084 Information Generate UserAskedData - Testing  into  (Range is Daily)
2026-07-21 11:42026-07-21 11:41:04.086 Testing PHP upload compression on https://j2026-07-21 11:41:04.088 Inform2026-07-21 11:41:04.222 Information PHP upload does not support compression
2026-07-21 11:41:04.222 Information UploadFile: 2026-07-21 11:41:04.224 Information PHP upload does not support compression
2026-07-21 11:41:04.228 Information UploadFile: Starting utils/maps.txt => maps.txt
2026-07-21 11:41:04.228 Information Upload File values: localfile: utils/maps.txt
2026-07-21 11:41:04.228 Information Upload File values: remotefile: maps.txt
2026-07-21 11:41:04.236 Information PHP Upload: starting2026-07-21 11:41:04.319 Information InetPhp: maps.txt: Response code = 200: OK
2026-07-21 11:41:04.319 Information InetPhp: maps.txt: Response text follows:
Opening text file maps.txt for replacement
Writing text file maps.txt
Write complete
2026-07-21 11:41:04.319 Information PHP UploadFile: Success
2026-07-21 11:41:04.319 Information UploadFile: Starting utils/systeminfoTable.txt => systeminfoTable.txt
2026-07-21 11:41:04.319 Information Upload File values: localfile: utils/systeminfoTable.txt
2026-07-21 11:41:04.319 Information Upload File values: remotefile: systeminfoTable.txt
2026-07-21 11:41:04.319 Information PHP Upload: starting utils/systeminfoTable.txt
2026-07-21 11:41:04.320 Information Incremental = False; filename = systeminfoTable.txt; ext = .txt; HoursInGraph = 72
2026-07-21 11:41:04.352 Information InetPhp: systeminfoTable.txt: Response code = 200: OK
2026-07-21 11:41:04.352 Informatio2026-07-21 11:41:04.355 Information InetPhp: systeminfoTable.txt: Response code = 200: OK
2026-07-21 11:41:04.355 Information InetPhp: systeminfoTable.txt: Response text follows:
Opening text file systeminfoTable.txt for replacement
Writing text file systeminfoTable.txt
Write complete
2026-07-21 11:41:04.355 Information PHP UploadFile: Success
2026-07-21 11:41:04.355 All done, Entering the finally section...; Closing down.
2026-07-21 11:41:04.355 Disposing Isup...
2026-07-21 11:41:04.355 Disposing Sup...
