2026-07-21 17:51:01.927 Information According to Inifile Info => Error: True, Warning: True, Info: True, Verbose: False, 
2026-07-21 17:51:01.951 CumulusUtils Initial: Shutting down the default listener
2026-07-21 17:51:01.951 Information Cumul2026-07-21 17:51:01.963 CumulusUtils Initial: Shutti2026-07-21 17:51:02.012  CUstrings[xx].ini : CUstringsEN.ini looked for.
2026-07-21 17:51:02.037  CumulusUtils version: 7.1.1 
2026-07-21 17:51:02.037  CuSupport constructor : Unit Wind (m/s, mph2026-07-21 17:51:02.043  CumulusUtils version: 7.1.1 
2026-07-21 17:51:02.043  CuSupport constructor : Unit Wind (m/s, mph, km/h, kts): mph
2026-07-21 17:51:02.043  CuSupport constructor : Unit Pressure (mb,hPa,inHg): hPa
2026-07-21 17:51:02.043  CuSupport constructor : Unit Rain (mm,in): mm
2026-07-21 17:51:02.044  CuSupport constructor : Unit T (C,F): °C
2026-07-21 17:51:02.044  CuSupport2026-07-21 17:51:02.058 InetSupport: Constructor starting
2026-07-21 17:51:02.120 CumulusUtils : ----------------------------
2026-07-21 17:51:02.120 CumulusUtils : Entering Main
2026-07-21 17:51:02.131 HelpTexts: starting
2026-07-21 17:51:02.172 Information HelpTexts Contructor: stop
2026-07-21 17:51:02.222 CommandLineArgs : starting
2026-07-21 17:51:02.222  CommandLineArgs : handling arg: sysinfo
2026-02026-07-21 17:51:02.227 CommandLineArgs : starting
2026-07-21 17:51:02.227  CommandLineArgs : handling arg: sysinfo
2026-07-21 17:51:02.227  CommandLineArgs : handling arg: UserAskedData
2026-072026-07-21 17:51:02.321 Information CumulusUtils : Read dayfile.txt succesfully - 929 records
2026-07-21 17:51:02.342 Information SystemStatus : starting
2026-07-21 17:51:02.374 Information GetUrlData Start: URL - http://localhost:8998/api/tags/process.json?version&build&Prog2026-07-21 17:51:02.380 Information GetUrlData Start: URL - h2026-07-21 17:51:02.804 CumulusMX Version: 4.5.2 build 4105
2026-07-21 17:51:02.808 Information  SystemStatus: Found device 12 GW1000/Ecowitt Local API
2026-07-21 17:51:02.817 Information ReplaceWebtagsPostAsync start:
2026-07-21 17:51:02.819 Information  PostUrlData Start: http://localhost:8998/api/tags/process.txt 
2026-07-21 17:51:02.819 Information PostUrlData Calling PostAsync
2026-07-21 17:51:02.862 Information PostUrlData success response : OK - OK
2026-07-21 17:51:02.869 SystemStatus : DoingUnix
2026-07-21 17:51:02.871 Information SystemStatus : DoingUnix Start
2026-07-21 17:51:02.881 Information StartProcess cat /etc/os-release
2026-07-21 17:51:02.892 Information StartProcess cat: output=PRETTY_NAME="Debian GNU/Linux 12 (bookworm)"
2026-07-21 17:51:02.892 Information StartProcess cat: output=NAME="Debian GNU/Linux"
2026-07-21 17:51:02.892 Information StartProcess cat: output=VERSION_ID="12"
2026-07-21 17:51:02.892 Information StartProcess cat: output=VERSION="12 (bookworm)"
2026-07-21 17:51:02.892 Information StartProcess cat: output=VERSION_CODENAME=bookworm
2026-07-21 17:51:02.892 Information StartProcess cat: output=ID=debian
2026-07-21 17:51:02.892 Information StartProcess cat: output=HOME_URL="https://www.debian.org/"
2026-07-21 17:51:02.892 Information StartProcess cat: output=SUPPORT_URL="https://www.debian.org/support"
2026-07-21 17:51:02.892 Information StartProcess cat: output=BUG_REPORT_URL="https://bugs.debian.org/"
2026-07-21 17:51:02.896 Information Found Linux NAME: PRETTY_NAME="Debian GNU/Linux 12 (bookworm)"
2026-07-21 17:51:02.897 Information Using Linux dialect: Debian
2026-07-21 17:51:02.897 Information StartProcess uptime -p
2026-07-21 17:51:02.902 Information StartProcess uptime: output=up 3 weeks, 3 days, 22 hours, 17 minutes
2026-07-21 17:51:02.907 Information StartProcess lshw -quiet -class system
2026-07-21 17:51:02.909 Error System/Processor: Unknown (exception) - An error occurred trying to start process 'lshw' with working directory '/opt/CumulusMX'. No such file or directory
2026-07-21 17:51:02.909 Please install lshw (apt-get install lshw)
2026-07-21 17:51:02.909 Information StartProcess uname -s -r -m
2026-07-21 17:51:02.912 Information StartProcess uname: output=Linux 6.1.0-23-amd64 x86_64
2026-07-21 17:51:02.912 Information StartProcess lsb_release -a
2026-07-21 17:51:02.943 Information StartProcess lsb_release: output=Distributor ID:	Debian
2026-07-21 17:51:02.943 Information StartProcess lsb_release: output=Description:	Debian GNU/Linux 12 (bookworm)
2026-07-21 17:51:02.943 Information StartProcess lsb_release: output=Release:	12
2026-07-21 17:51:02.943 Information StartProcess lsb_release: output=Codename:	bookworm
2026-07-21 17:51:02.943 Information StartProcess dotnet --list-runtimes
2026-07-21 17:51:02.950 Information StartProcess dotnet: output=Microsoft.NETCore.App 8.0.8 [/usr/share/dotnet/shared/Microsoft.NETCore.App]
2026-07-21 17:51:02.951 Information StartProcess free -m
2026-07-21 17:51:02.957 Information StartProcess free: output=               total        used        free      shared  buff/cache   available
2026-07-21 17:51:02.958 Information StartProcess free: output=Mem:             960         372         409          32         357         588
2026-07-21 17:51:02.958 Information StartProcess free: output=Swap:            974          75         899
2026-07-21 17:51:02.958 Information StartProcess df -T -text4 -tvfat -h
2026-07-21 17:51:02.966 Information StartProcess df: output=Filesystem     Type  Size  Used Avail Use% Mounted on
2026-07-21 17:51:02.966 Information StartProcess df: output=/dev/sda1      ext4   31G  7.6G   22G  27% /
2026-07-21 17:51:02.972 USerReports: Starting
2026-07-21 17:51:02.987 Information MapsOn: Starting
2026-07-21 17:51:02.991 Information  MapsOn: Adding Station: Westlands
2026-07-21 17:51:03.010 Information MapsOn: Before testing DoneToday after parsing: 21/07/2026 10:31:03 
2026-07-21 17:51:03.011 Information DateIsToday for thisDate: 21/07/2026 10:31:03 | thisDate.DayOfYear: 202 versus Now.DayOfYear: 202)
2026-07-21 17:51:03.022 Information DateIsToday: thisSpan: 07:20:00.0111307 | thisSpan.TotalDays = 0.3055556843831019
2026-07-21 17:51:03.022 Information MapsOn: Must NOT send signature, has been done already : 2026-07-21T10:31:03
2026-07-21 17:51:03.022 Information Fetch Map: Fetching the generated map
2026-07-21 17:51:03.022 Information GetUrlData Start: URL - https://meteo-wagenborgen.nl/maps.txt 
2026-07-21 17:51:03.954 Information Main: <!--
 This file is generated as part of CumulusUti
2026-07-21 17:51:03.955 Infor2026-07-21 17:51:03.957 Information Main: <!--
 This file is generated as part of CumulusUti
2026-07-21 17:51:02026-07-21 17:51:03.984 Information CustomLogs constructor: starting
2026-07-21 17:51:04.004 Information CustomLogs WebtagInfo constructor: number of defined Webtag Units: 400, everything OK.2026-07-21 17:51:04.009 Information CustomLogs WebtagInfo constructo2026-07-21 17:51:04.030 DefineUsercharts: Parsing User charts definitions - starting
2026-07-21 17:51:04.030 Information P2026-07-21 17:51:04.034 DefineUsercharts: Parsing2026-07-21 17:51:04.047 Information Parsing User Charts Definitions : Chart Temperature'
2026-07-21 17:51:04.047 Informati2026-07-21 17:51:04.057 Information Parsing User Charts Definitions : Chart Temperature'
2026-07-21 17:51:04.057 Information Parsing User Charts Definitions : Chart Wind'
2026-07-21 17:51:04.057 Information Parsing User Charts Definitions : Chart WindDirection'
2026-07-21 17:51:04.057 Information Parsing User Charts Definitions : Chart Rain'
2026-07-21 17:51:04.057 Information Parsing User Charts Definitions : Chart Humidity'
2026-07-21 17:51:04.057 Information Parsing User Charts Definitions : Chart Solar'
2026-07-21 17:51:04.057 Information Parsing User Charts Definitions : Chart DailyTemp'
2026-07-21 17:51:04.058 Information Parsing User Charts Definitions : Chart Daily2026-07-21 17:51:04.076 Generating Compiler UserAskedData: Starting
2026-07-21 17:51:04.077 Information GenerateUserAskedD2026-07-21 17:51:04.082 Generating Compiler UserAskedData: Starting
2026-07-21 17:51:04.084 Information GenerateUserAskedData: timeStart = 21/07/2026 17:42:00; timeEnd = 21/07/2026 17:51:00
2026-07-21 17:51:04.088 Month2026-07-21 17:51:04.091 Information ReadPartialMonthlyLogs: reading 202607log.txt
2026-07-21 17:51:04.401 Information ReadMonthlyLogs: End
2026-07-21 17:51:04.413 Information Generate UserAskedData: DoneT2026-07-21 17:51:04.417 Information ReadMonthlyLogs: End
2026-07-21 17:51:04.432 Information Generate UserAskedData: DoneToday = 20/07/2026 19:01:04.
2026-07-21 17:51:04.432 Information DateIsToday for thisDate: 20/07/2026 19:01:04 | thisDate.DayOfYear: 201 versus Now.DayOfYear: 202)
2026-07-21 17:51:04.432 Information DateIsToday: thisSpan: 22:50:00.4328259 | thisSpan.TotalDays = 0.9513938984479167
2026-07-21 17:51:04.432 Information Generate UserAskedData: Must NOT generate the ALL Range.
2026-07-21 17:51:04.432 Information Generate UserAskedData - Loop over Chart: Overview)
2026-07-21 17:51:04.434 Information Generate UserAskedData - Testing temp into tempdata.json (Range is Recent)
2026-07-21 17:51:04.434 Information Generate UserAskedData - Testing dew into tempdata.json (Range is Recent)
2026-07-21 17:51:04.434 Information Generate UserAskedData - Testing press into pressdata.json (Range is Recent)
2026-07-21 17:51:04.434 Information Generate UserAskedData - Testing hum into humdata.json (Range is Recent)
2026-07-21 17:51:04.434 Information Generate UserAskedData - Testing SolarRad into solardata.json (Range is Recent)
2026-07-21 17:51:04.434 Information Generate UserAskedData - Testing rfall into raindata.json (Range is Recent)
2026-07-21 17:51:04.434 Information Generate UserAskedData - Loop over Chart: Temperature)
2026-07-21 17:51:04.434 Information Generate UserAskedData - Testing intemp into tempdata.json (Range is Recent)
2026-07-21 17:51:04.434 Information Generate UserAskedData - Testing temp into tempdata.json (Range is Recent)
2026-07-21 17:51:04.434 Information Generate UserAskedData - Testing feelslike into tempdata.json (Range is Recent)
2026-07-21 17:51:04.434 Information Generate UserAskedData - Testing dew into tempdata.json (Range is Recent)
2026-07-21 17:51:04.434 Information Generate UserAskedData - Loop over Chart: Wind)
2026-07-21 17:51:04.434 Information Generate UserAskedData - Testing wgust into winddata.json (Range is Recent)
2026-07-21 17:51:04.434 Information Generate UserAskedData - Testing wspeed into winddata.json (Range is Recent)
2026-07-21 17:51:04.434 Information Generate UserAskedData - Loop over Chart: WindDirection)
2026-07-21 17:51:04.434 Information Generate UserAskedData - Testing bearing into wdirdata.json (Range is Recent)
2026-07-21 17:51:04.434 Information Generate UserAskedData - Testing avgbearing into wdirdata.json (Range is Recent)
2026-07-21 17:51:04.434 Information Generate UserAskedData - Loop over Chart: Rain)
2026-07-21 17:51:04.434 Information Generate UserAskedData - Testing rfall into raindata.json (Range is Recent)
2026-07-21 17:51:04.434 Information Generate UserAskedData - Testing rrate into raindata.json (Range is Recent)
2026-07-21 17:51:04.434 Information Generate UserAskedData - Loop over Chart: Humidity)
2026-07-21 17:51:04.434 Information Generate UserAskedData - Testing hum into humdata.json (Range is Recent)
2026-07-21 17:51:04.434 Information Generate UserAskedData - Testing inhum into humdata.json (Range is Recent)
2026-07-21 17:51:04.434 Information Generate UserAskedData - Loop over Chart: Solar)
2026-07-21 17:51:04.434 Information Generate UserAskedData - Testing UV into solardata.json (Range is Recent)
2026-07-21 17:51:04.434 Information Generate UserAskedData - Testing SolarRad into solardata.json (Range is Recent)
2026-07-21 17:51:04.434 Information Generate UserAskedData - Testing CurrentSolarMax into solardata.json (Range is Recent)
2026-07-21 17:51:04.434 Information Generate UserAskedData - Loop over Chart: DailyTemp)
2026-07-21 17:51:04.434 Information Generate UserAskedData - Testing avgTemp into alldailytempdata.json (Range is Daily)
2026-07-21 17:51:04.434 Information Generate UserAskedData - Testing avgTemp into alldailytempdata.json (Range is Daily)
2026-07-21 17:51:04.434 Information Generate UserAskedData - Loop over Chart: DailyPressure)
2026-07-21 17:51:04.434 Information Generate UserAskedData - Testing minBaro into alldailypressdata.json (Range is Daily)
2026-07-21 17:51:04.434 Information Generate UserAskedData - Testing  into  (Range is Daily)
2026-07-21 17:51:04.434 Information DoAirLink / AirQualitySensor  = False / False
2026-07-21 17:51:04.434 Informa2026-07-21 17:51:04.557 Information PHP upload does not support compression
2026-07-21 17:51:04.557 Information UploadFile:2026-07-21 17:51:04.569 Information PHP upload does not support compression
2026-07-21 17:51:04.569 Information UploadFile: Starting utils/maps.txt => maps.txt
2026-07-21 17:51:04.569 Information Upload File values: localfile: utils/maps.txt
2026-07-21 17:51:04.569 Information Upload File values: remotefile: maps.txt
2026-07-21 17:51:04.576 Information PHP Upload: starting 2026-07-21 17:51:04.638 Information InetPhp: maps.txt: Response code = 200: OK
2026-07-21 17:51:04.638 Information InetPhp:2026-07-21 17:51:04.648 Information InetPhp: maps.txt: Response code = 200: OK
2026-07-21 17:51:04.648 Information InetPhp: maps.txt: Response text follows:
Opening text file maps.txt for replacement
Writing text file maps.txt
Write complete
2026-07-21 17:51:04.648 Information PHP UploadFile: Success
2026-07-21 17:51:04.648 Information UploadFile: Starting utils/systeminfoTable.txt => systeminfoTable.txt
2026-07-21 17:51:04.648 Information Upload File values: localfile: utils/systeminfoTable.txt
2026-07-21 17:51:04.648 Information Upload File values: remotefile: systeminfoTable.txt
2026-07-21 17:51:04.648 Information PHP Upload: starting utils/systeminfoTable.2026-07-21 17:51:04.677 Information InetPhp: systeminfoTable.txt: Response code = 200: OK
2026-07-21 17:51:04.677 Informati2026-07-21 17:51:04.683 Information InetPhp: systeminfoTable.txt: Response code = 200: OK
2026-07-21 17:51:04.683 Information InetPhp: systeminfoTable.txt: Response text follows:
Opening text file systeminfoTable.txt for replacement
Writing text file systeminfoTable.txt
Write complete
2026-07-21 17:51:04.683 Information PHP UploadFile: Success
2026-07-21 17:51:04.683 All done, Entering the finally section...; Closing down.
2026-07-21 17:51:04.683 Disposing Isup...
2026-07-21 17:51:04.683 Disposing Sup...
