2026-07-22 09:01:01.518 Information According to Inifile Info => Error: True, Warning: True, Info: True, Verbose: False, 
2026-07-22 09:01:01.543 CumulusUtils Initial: Shutting down the default listener
2026-07-22 09:01:01.543 Information Cumul2026-07-22 09:01:01.547 CumulusUtils Initial: Shutti2026-07-22 09:01:01.598  CUstrings[xx].ini : CUstringsEN.ini looked for.
2026-07-22 09:01:01.625  CumulusUtils version: 7.1.1 
2026-07-22 09:01:01.626  CuSupport constructor : Unit Wind (m/s, mph, km/h, kts): mph
2026-07-22 09:01:01.626  CuSupport constructor : Unit Pressure (mb,hPa,inHg): hPa
2026-07-22 09:01:01.626  CuSupport constructor : Unit Rain (mm,in): mm
2026-07-22 09:01:01.627  CuSupport constructor : Unit T (C,F): °C
2026-07-22 09:01:01.627  CuSupport constructor : Unit D2026-07-22 09:01:01.629  CuSupport constructor : Unit T (C,F): °C
2026-07-22 09:01:01.629  CuSupport2026-07-22 09:01:01.639 InetSupport: Constructor starting
2026-07-22 09:01:01.705 CumulusUtils : ----------------------------
2026-07-22 09:01:01.705 CumulusUtils : Entering Main
2026-07-22 09:01:01.716 HelpTexts: starting
2026-07-22 09:01:01.755 Information HelpTexts Contructor: stop
2026-07-22 09:01:01.800 CommandLineArgs : starting
2026-07-22 09:01:01.800  CommandLineArgs : handling arg: sysinfo
2026-02026-07-22 09:01:01.802 CommandLineArgs : starting
2026-07-22 09:01:01.802  CommandLineArgs : handling arg: sysinfo
2026-07-22 09:01:02026-07-22 09:01:01.805 Dayfile: Reading the dayfile.txt...
2026-07-22 09:01:01.889 Information CumulusUtils : Read dayfile.txt succesfully - 930 records
2026-07-22 09:01:01.915 Information SystemStatus : starting
2026-07-22 09:01:01.943 Information GetUrlData Start: URL - http://localhost:8998/api/tags/process.json?version&build&Prog2026-07-22 09:01:01.945 Information GetUrlData Start: URL - h2026-07-22 09:01:02.357 CumulusMX Version: 4.5.2 build 4105
2026-07-22 09:01:02.364 Information  SystemStatus: Found device 12 GW1000/Ecowitt Local API
2026-07-22 09:01:02.366 Inform2026-07-22 09:01:02.368 Information  SystemStatus: Found device 12 GW1000/Ecowitt Local API
2026-07-22 09:01:02.369 Information ReplaceWebtagsPostAsync start:
2026-07-22 09:01:02.372 Information  PostUrl2026-07-22 09:01:02.417 Information PostUrlData success response : OK - OK
2026-07-22 09:01:02.425 SystemStatus : DoingUnix
2026-07-22 09:01:02.427 Information SystemStatus : DoingUnix Start
2026-07-22 09:01:02.435 Information StartProcess cat /etc/os-release
2026-07-22 09:01:02.442 Information StartProcess cat: output=PRETTY_NAME="Debian GNU/Linux 12 (bookworm)"
2026-07-22 09:012026-07-22 09:01:02.447 Information StartProcess cat: output=PRETTY_NAME="Debian GNU/Linux 12 (bookworm)"
2026-07-22 09:01:02.447 Information StartProcess cat: output=NAME="Debian GNU/Linux"
2026-07-22 09:01:02.447 Information StartProcess cat: output=VERSION_ID="12"
2026-07-22 09:01:02.447 Information StartProcess cat: output=VERSION="12 (bookworm)"
2026-07-22 09:01:02.447 Information StartProcess cat: output=VERSION_CODENAME=bookworm
2026-07-22 09:01:02.447 Information StartProcess cat: output=ID=debian
2026-07-22 09:01:02.447 Information StartProcess cat: output=HOME_URL="https://www.debian.org/"
2026-07-22 09:01:02.447 Information StartProcess cat: output=SUPPORT_URL="https://www.debian.org/support"
2026-07-22 09:01:02.447 Information StartProcess cat: output=BUG_REPORT_URL="https://bugs.debian.org/"
2026-07-22 09:01:02.448 Information Found Linux NAME: PRETTY_NAME="Debian GNU/Linux 12 (bookworm)"
22026-07-22 09:01:02.455 Information StartProcess uptime: output=up 3 weeks, 4 days, 13 hours, 27 minutes
2026-07-22 09:01:02.461 Information StartProcess lshw -quiet -class system
2026-07-22 09:01:02.463 Error System/Processor: Unknown (exception) - An error occurred trying to start process 'lshw' with working directory '/opt/CumulusMX'. No such file or directory
2026-07-22 09:01:02.463 Please install lshw (apt-get install lshw)
2026-07-22 09:01:02.463 Information StartProcess uname -s -r -m
2026-07-22 09:01:02.468 Information StartProcess uname: output=Linux 6.1.0-23-amd64 x86_64
2026-07-22 09:01:02.468 Information StartProcess lsb_release -a
2026-07-22 09:01:02.497 Information StartProcess lsb_release: output=Distributor ID:	Debian
2026-07-22 09:01:02.497 Information StartProcess lsb_release: output=Description:	Debian GNU/Linux 12 (bookworm)
2026-07-22 09:01:02.497 Information StartProcess lsb_release: output=Release:	12
2026-07-22 09:01:02.497 Information StartProcess lsb_release: output=Codename:	bookworm
2026-07-22 09:01:02.498 Information StartProcess dotnet --list-runtimes
2026-07-22 09:01:02.505 Information StartProcess dotnet: output=Microsoft.NETCore.App 8.0.8 [/usr/share/dotnet/shared/Microsoft.NETCore.App]
2026-07-22 09:01:02.505 Information StartProcess free -m
2026-07-22 09:01:02.510 Information StartProcess free: output=               total        used        free      shared  bu2026-07-22 09:01:02.511 Information StartProcess free: output=               total        used        free      shared  buff/cache   available
2026-07-22 09:01:02.511 Information StartProcess free: output=Mem:             960         366         463          31         32026-07-22 09:01:02.512 Information StartProcess df -T -text4 -tvfat -h
2026-07-22 09:01:02.521 Information StartProcess df: output=Filesystem     Type  Size  Used Avail Use% Mounted on
2026-07-22 09:01:02.522 Information StartProcess df: output=/dev/sda1      ext4   31G  7.6G   22G  27% /
2026-07-22 09:01:02.524 USerReports: Starting
2026-07-22 09:01:02.537 Information MapsOn: Starting
2026-07-22 09:01:02.544 Information  MapsOn: Adding Station: Westlands
2026-07-22 09:01:02.558 Information MapsOn: Before testing DoneToday after parsing: 21/07/2026 10:31:03 
2026-07-22 09:01:2026-07-22 09:01:02.561 Information MapsOn: Before testing DoneToday after parsing: 21/07/2026 10:31:03 
2026-07-22 092026-07-22 09:01:02.573 Information DateIsToday: thisSpan: 22:29:59.5594203 | thisSpan.TotalDays = 0.9374949006979166
20262026-07-22 09:01:02.576 Information DateIsToday: thisSpan: 22:29:59.5623394 | thisSpan.TotalDays = 0.9374949344837963
2026-07-22 09:01:02.576 Information MapsOn: Must NOT send signature, has been done already : 2026-07-21T10:31:03
2026-07-22 09:01:02.577 Information Fetch Map: Fetc2026-07-22 09:01:03.582 Information Main: <!--
 This file is generated as part of CumulusUti
2026-07-22 09:01:03.583 Infor2026-07-22 09:01:03.588 Information Main: <!--
 This file is generated as part of CumulusUti
2026-07-22 09:01:02026-07-22 09:01:03.614 Information CustomLogs constructor: starting
2026-07-22 09:01:03.628 Information CustomLogs WebtagInfo constructor: number of defined Webtag Units: 400, everything OK.2026-07-22 09:01:03.639 Information CustomLogs WebtagInfo constructo2026-07-22 09:01:03.658 DefineUsercharts: Parsing User charts definitions - starting
2026-07-22 09:01:03.658 Information P2026-07-22 09:01:03.669 DefineUsercharts: Parsing2026-07-22 09:01:03.677 Information Parsing User Charts Definitions : Chart Temperature'
2026-07-22 09:01:03.678 Informati2026-07-22 09:01:03.681 Information Parsing User Charts Definitions : Chart Temperature'
2026-07-22 09:01:03.681 Information Parsing User Charts Definitions : Chart Wind'
2026-07-22 09:01:03.681 Information Parsing User Charts Definitions : Chart WindDirection'
2026-07-22 09:01:03.681 Information Parsing User Charts Definitions : Chart Rain'
2026-07-22 09:01:03.681 Information Parsing User Charts Definitions : Chart Humidity'
2026-07-22 09:01:03.681 Information Parsing User Charts Definitions : Chart Solar'
2026-07-22 09:01:03.681 Information Parsing User Charts 2026-07-22 09:01:03.684 Information Parsing User Charts: Evaluating Expression '(MinBarometer+MaxBarometer)/2'.
2026-07-22 09:01:03.699 Generating Compiler UserAskedData: Starting
2026-07-22 09:01:03.704 Information GenerateUserAskedD2026-07-22 09:01:03.710 Generating Compiler UserAskedData: Starting
2026-07-22 09:01:03.711 Information GenerateUserAskedData: timeStart = 22/07/2026 08:52:00; timeEnd = 22/07/2026 09:01:00
2026-07-22 09:01:03.712 Month2026-07-22 09:01:03.716 Information ReadPartialMonthlyLogs: read2026-07-22 09:01:02026-07-22 09:01:04.041 Information ReadMonthlyLogs: End
2026-07-22 09:01:04.057 Information Generate UserAskedData: DoneToday = 21/07/2026 19:11:04.
2026-07-22 09:01:04.057 Infor2026-07-22 09:01:04.062 Information Generate UserAskedData: DoneToday = 21/07/2026 19:11:04.
2026-07-22 09:01:04.062 Information DateIsToday for thisDate: 21/07/2026 19:11:04 | thisDate.DayOfYear: 202 versus Now.DayOfYear: 203)
2026-07-22 09:01:04.062 Information DateIsToday: thisSpan: 13:50:00.0621164 | thisSpan.TotalDays = 0.5763896078287037
2026-07-22 09:01:04.062 Information Generate UserAskedData: Must NOT generate the ALL Range.
2026-07-22 09:01:04.062 Information Generate UserAskedData - Loop over Chart: Overview)
2026-07-22 09:01:04.063 Information Generate UserAskedData - Testing temp into tempdata.json (Range is Recent)
2026-07-22 09:01:04.063 Information Generate UserAskedData - Testing dew into tempdata.json (Range is Recent)
2026-07-22 09:01:04.063 Information Generate UserAskedData - Testing press into pressdata.json (Range is Recent)
2026-07-22 09:01:04.063 Information Generate UserAskedData - Testing hum into humdata.json (Range is Recent)
2026-07-22 09:01:04.063 Information Generate UserAskedData - Testing SolarRad into solardata.json (Range is Recent)
2026-07-22 09:01:04.063 Information Generate UserAskedData - Testing rfall into raindata.json (Range is Recent)
2026-07-22 09:01:04.063 Information Generate UserAskedData - Loop over Chart: Temperature)
2026-07-22 09:01:04.063 Information Generate UserAskedData - Testing intemp into tempdata.json (Range is Recent)
2026-07-22 09:01:04.063 Information Generate UserAskedData - Testing temp into tempdata.json (Range is Recent)
2026-07-22 09:01:04.063 Information Generate UserAskedData - Testing feelslike into tempdata.json (Range is Recent)
2026-07-22 09:01:04.063 Information Generate UserAskedData - Testing dew into tempdata.json (Range is Recent)
2026-07-22 09:01:04.063 Information Generate UserAskedData - Loop over Chart: Wind)
2026-07-22 09:01:04.063 Information Generate UserAskedData - Testing wgust into winddata.json (Range is Recent)
2026-07-22 09:01:04.063 Information Generate UserAskedData - Testing wspeed into winddata.json (Range is Recent)
2026-07-22 09:01:04.063 Information Generate UserAskedData - Loop over Chart: WindDirection)
2026-07-22 09:01:04.063 Information Generate UserAskedData - Testing bearing into wdirdata.json (Range is Recent)
2026-07-22 09:01:04.063 Information Generate UserAskedData - Testing avgbearing into wdirdata.json (Range is Recent)
2026-07-22 09:01:04.063 Information Generate UserAskedData - Loop over Chart: Rain)
2026-07-22 09:01:04.063 Information Generate UserAskedData - Testing rfall into raindata.json (Range is Recent)
2026-07-22 09:01:04.063 Information Generate UserAskedData - Testing rrate into raindata.json (Range is Recent)
2026-07-22 09:01:04.063 Information Generate UserAskedData - Loop over Chart: Humidity)
2026-07-22 09:01:04.063 Information Generate UserAskedData - Testing hum into humdata.json (Range is Recent)
2026-07-22 09:01:04.063 Information Generate UserAskedData - Testing inhum into humdata.json (Range is Recent)
2026-07-22 09:01:04.063 Information Generate UserAskedData - Loop over Chart: Solar)
2026-07-22 09:01:04.063 Information Generate UserAskedData - Testing UV into solardata.json (Range is Recent)
2026-07-22 09:01:04.063 Information Generate UserAskedData - Testing SolarRad into solardata.json (Range is Recent)
2026-07-22 09:01:04.063 Information Generate UserAskedData - Testing CurrentSolarMax into solardata.json (Range is Recent)
2026-07-22 09:01:04.063 Information Generate UserAskedData - Loop over Chart: DailyTemp)
2026-07-22 09:01:04.063 Information Generate UserAskedData - Testing avgTemp into alldailytempdata.json (Range is Daily)
2026-07-22 09:01:04.063 Information Generate UserAskedData - Testing avgTemp into alldailytempdata.json (Range is Daily)
2026-07-22 09:01:04.063 Information Generate UserAskedData - Loop over Chart: DailyPressure)
2026-07-22 09:01:04.063 Information Generate UserAskedData - Testing minBaro into alldailypressdata.json (Range is Daily)
2026-07-22 09:01:04.063 Information Generate UserAskedData - Testing  into  (Range is Daily)
2026-07-22 09:01:2026-07-22 09:01:04.072 Testing PHP upload compression on https://jpickles.com/cutils/upload.php
2026-07-22 09:01:04.191 Information PHP upload does not support compression
2026-07-22 09:01:04.191 Information UploadFile2026-07-22 09:01:04.215 Information PHP upload does not support compression
2026-07-22 09:01:04.216 Information UploadFile: Starting utils/maps.txt => maps.txt
2026-07-22 09:01:04.216 Information Upload File values: localfile: utils/maps.txt
2026-07-22 09:01:04.216 Information Upload File values: remotefile: maps.txt
2026-07-22 09:01:04.220 Information PHP Upload: starting u2026-07-22 09:01:04.274 Information InetPhp: maps.txt: Response code = 200: OK
2026-07-22 09:01:04.274 Information InetPhp2026-07-22 09:01:04.302 Information InetPhp: maps.txt: Response code = 200: OK
2026-07-22 09:01:04.302 Information InetPhp: maps.txt: Response text follows:
Opening text file maps.txt for replacement
Writing text file maps.txt
Write complete
2026-07-22 09:01:04.302 Information PHP UploadFile: Success
2026-07-22 09:01:04.302 Information UploadFile: Starting utils/systeminfoTable.txt => systeminfoTable.txt
2026-07-22 09:01:04.302 Information Upload File values: localfile: utils/systeminfoTable.txt
2026-07-22 09:01:04.302 Information Upload File values: remotefile: systeminfoTable.txt
2026-07-22 09:01:04.302 Information PHP Upload: starting utils/systeminfoTable.t2026-07-22 09:01:04.305 Information InetPhp: systeminfoTable.txt: Response code = 200: OK
2026-07-22 09:01:04.305 Informat2026-07-22 09:01:04.334 Information InetPhp: systeminfoTable.txt: Response code = 200: OK
2026-07-22 09:01:04.334 Information InetPhp: systeminfoTable.txt: Response text follows:
Opening text file systeminfoTable.txt for replacement
Writing text file systeminfoTable.txt
Write complete
2026-07-22 09:01:04.334 Information PHP UploadFile: Success
2026-07-22 09:01:04.334 All done, Entering the finally section...; Closing down.
2026-07-22 09:01:04.334 Disposing Isup...
2026-07-22 09:01:04.335 Disposing Sup...
