2026-07-21 05:21:02.346 Information According to Inifile Info => Error: True, Warning: True, Info: True, Verbose: False, 
2026-07-21 05:21:02.380 CumulusUtils Initial: Shutting down the default listener
2026-07-21 05:21:02.380 Information CumulusUtils Initial: Shutting down the default listener
2026-07-21 05:21:02.429  CUstrings[xx].ini : CUstringsEN.ini looked for.
2026-07-21 05:21:02.451  CumulusUtils version: 7.1.1 
2026-07-21 05:21:02.451  CuSupport constructor : Unit Wind (m/s, mph2026-07-21 05:21:02.464  CumulusUtils version: 7.1.1 
2026-07-21 05:21:02.464  CuSupport constructor : Unit Wind (m/s, mph, km/h, kts): mph
2026-07-21 05:21:02.464  CuSupport constructor : Unit Pressure (mb,hPa,inHg): hPa
2026-07-21 05:21:02.464  CuSupport constructor : Unit Rain (mm,in): mm
2026-07-21 05:21:02.465  CuSupport constructor : Unit T (C,F): °C
2026-07-21 05:21:02.465  CuSupport2026-07-21 05:21:02.477 InetSupport: Constructor starting
2026-07-21 05:21:02.541 CumulusUtils : ----------------------------
2026-07-21 05:21:02.541 CumulusUtils : Entering Main
2026-07-21 05:21:02.551 HelpTexts: starting
2026-07-21 05:21:02.588 Information HelpTexts Contructor: stop
2026-07-21 05:21:02.640 CommandLineArgs : starting
2026-07-21 05:21:02.641  CommandLineArgs : handling arg: sysinfo
2026-02026-07-21 05:21:02.651 CommandLineArgs : starting
2026-07-21 05:21:02.651  CommandLineArgs : handling arg: sysinfo
2026-07-21 05:21:02.651  CommandLineArgs : handling arg: UserAskedData
2026-072026-07-21 05:21:02.731 Information CumulusUtils : Read dayfile.txt succesfully - 929 records
2026-07-21 05:21:02.751 Information SystemStatus : starting
2026-07-21 05:21:02.788 Information GetUrlData Start: URL - http://localhost:8998/api/tags/process.json?version&build&Prog2026-07-21 05:21:02.798 Information GetUrlData Start: URL - h2026-07-21 05:21:03.221 CumulusMX Version: 4.5.2 build 4105
2026-07-21 05:21:03.228 Information  SystemStatus: Found devic2026-07-21 05:21:03.231 CumulusMX Version: 4.5.2 build 4105
2026-07-21 05:21:03.239 Information  SystemStatus: Found device 12 GW1000/Ecowitt Local API
2026-07-21 05:21:03.240 Information ReplaceWebtagsPostAsync start:
2026-07-21 05:21:03.246 Information  PostUrl2026-07-21 05:21:03.272 Information PostUrlData success response : OK - OK
2026-07-21 05:21:03.289 SystemStatus : DoingUni2026-07-21 05:21:03.296 Information PostUrlData success response : OK2026-02026-07-21 05:21:03.303 SystemStatus : DoingUnix
2026-07-21 05:2026-07-21 05:21:03.316 Information StartProcess cat: output=PRETTY_NAME="Debian GNU/Linux 12 (bookworm)"
2026-07-21 05:212026-07-21 05:21:03.330 Information StartProcess cat: output=PRETTY_NAME="Debian GNU/Linux 12 (bookworm)"
2026-07-21 05:21:03.330 Information StartProcess cat: output=NAME="Debian GNU/Linux"
2026-07-21 05:21:03.330 Information StartProcess cat: output=VERSION_ID="12"
2026-07-21 05:21:03.330 Information StartProcess cat: output=VERSION="12 (bookworm)"
2026-07-21 05:21:03.330 Information StartProcess cat: output=VERSION_CODENAME=bookworm
2026-07-21 05:21:03.330 Information StartProcess cat: output=ID=debian
2026-07-21 05:21:03.330 Information StartProcess cat: output=HOME_URL="https://www.debian.org/"
2026-07-21 05:21:03.330 Information StartProcess cat: output=SUPPORT_URL="https://www.debian.org/support"
2026-07-21 05:21:03.330 Information StartProcess cat: output=BUG_REPORT_URL="https://bugs.debian.org/"
2026-07-21 05:21:03.331 Information Found Linux NAME: PRETTY_NAME="Debian GNU/Linux 12 (bookworm)"
2026-07-21 05:21:03.332 Information Using Linux dialect: Debian
2026-07-21 05:21:03.332 Information StartProcess uptime -p
2026-07-21 05:21:03.337 Information StartProcess uptime: output=up 3 weeks, 3 days, 9 hours, 47 minutes
2026-07-21 05:21:03.338 Information StartProcess lshw -quiet -class system
2026-07-21 05:21:03.340 Error System/Processor: Unknown (exception) - An error occurred trying to start process 'lshw' with working directory '/opt/CumulusMX'. No such file or directory
2026-07-21 05:21:03.340 Please install lshw (apt-get install lshw)
2026-07-21 05:21:03.340 Information StartProcess uname -s -r -m
2026-07-21 05:21:03.342 Informati2026-07-21 05:21:03.368 Information StartProcess lsb_release: output=Distributor ID:	Debian
2026-07-21 05:21:03.368 Inform2026-07-21 05:21:03.371 Information StartProcess lsb_release: output=Distributor ID:	Debian
2026-07-21 05:21:03.371 Information StartProcess lsb_release: output=Description:	Debian GNU/Linux 12 (bookworm)
2026-07-21 05:21:03.371 Information StartProcess lsb_release: output=Release:	12
2026-07-21 05:21:03.371 Information St2026-07-21 05:21:03.377 Information StartProcess dotnet: output=Microsoft.NETCore.App 8.0.8 [/usr/share/dotnet/shared/Micr2026-07-21 05:21:032026-07-21 05:21:03.379 Information StartProcess free -m
2026-07-21 05:21:03.383 Information StartProcess free: output=               total        used        free      shared  bu2026-07-21 05:21:03.386 Information StartProcess free: output=               total        used        free      shared  buff/cache   available
2026-07-21 05:21:03.386 Information StartProcess free: output=Mem:             960         366         523          30         238         594
2026-07-21 05:21:03.386 Information StartProcess free: ou2026-07-21 05:21:03.388 Information StartProcess df: output=Filesystem     Type  Size  Used Avail Use% Mounted on
2026-07-2026-07-21 05:21:03.394 Information StartProcess df: output=Filesystem     Type  Size  Used Avail Use% Mounted on
2026-07-21 05:21:03.394 Infor2026-07-21 05:21:03.409 Information MapsOn: Starting
2026-07-21 05:21:03.415 Information  MapsOn: Adding Station: Westlands
2026-07-21 05:21:03.432 Information MapsOn: Before testing DoneToday after parsing: 20/07/2026 10:31:03 
2026-07-21 05:21:03.437 Information DateIsToday for thisDate: 20/07/2026 10:31:03 | thisDate.DayOfYear: 201 versus Now.DayOfYear: 202)
2026-07-21 05:21:03.447 Information DateIsToday: thisSpan: 18:50:00.4370150 | thisSpan.TotalDays = 0.7847272802662038
20262026-07-21 05:21:03.450 Information DateIsToday: thisSpan: 18:50:00.4350900 | thisSpan.TotalDays = 0.7847272579861111
2026-07-21 05:21:03.450 Information MapsOn: Must NOT send signature, has been done already : 2026-07-20T10:31:03
2026-07-21 05:21:03.450 Information Fetch Map: Fetc2026-07-21 05:21:04.353 Information Main: <!--
 This file is generated as part of CumulusUti
2026-07-21 05:21:04.355 Information UserAskedData Starting...
2026-07-21 05:21:04.355 Information UserAskedData Doing the compiler stuff...
2026-07-21 05:21:04.386 Information CustomLogs constructor: starting
2026-07-21 05:21:04.404 Information CustomLogs WebtagInfo constructor: number of defined Webtag Units: 400, everything OK. 
2026-07-21 05:21:04.405 Information Custom Logs constructor: stop
2026-07-21 05:21:04.430 DefineUsercharts: Parsing User charts definitions - starting
2026-07-21 05:21:04.430 Information Parsing User Charts Definitions : Chart Overview'
2026-07-21 05:21:04.450 Information Parsing User Charts Definitions : Chart Temperature'
2026-07-21 05:21:04.450 Information Parsing User Charts Definitions : Chart Wind'
2026-07-21 05:21:04.450 Information Parsing User Charts Definitions : Chart WindDirection'
2026-07-21 05:21:04.451 Information Parsing User Charts Definitions : Chart Rain'
2026-07-21 05:21:04.451 Information Parsing User Charts Definitions : Chart Humidity'
2026-07-21 05:21:04.451 Information Parsing User Charts Definitions : Chart Solar'
2026-07-21 05:21:04.451 Information Parsing User Charts Definitions : Chart DailyTemp'
2026-07-21 05:21:04.451 Information Parsing User Charts Definitions : Chart DailyPressure'
2026-07-21 05:21:04.457 Information Parsing User Charts: Evaluating Expression '(MinBarometer+MaxBarometer)/2'.
2026-07-21 05:21:04.480 Generating Compiler UserAskedData: Starting
2026-07-21 05:21:04.482 Information GenerateUserAskedData: timeStart = 21/07/2026 05:12:00; timeEnd = 21/07/2026 05:21:00
2026-07-21 05:21:04.482 Monthfile constructor: Using fixed path: | data/ |; file: | *log.txt
2026-07-21 05:21:04.489 ReadPartialMonthlyLogs: Starting.
2026-07-21 05:21:04.494 Information ReadPartialMonthlyLogs: reading 202607log.txt
2026-07-21 05:21:04.790 Information ReadMonthlyLogs: End
2026-07-21 05:21:04.808 Information Generate UserAskedData: DoneToday = 20/07/2026 19:01:04.
2026-07-21 05:21:04.808 Information DateIsToday for thisDate: 20/07/2026 19:01:04 | thisDate.DayOfYear: 201 versus Now.DayOfYear: 202)
2026-07-21 05:21:04.808 Information DateIsToday: thisSpan: 10:20:00.8082867 | thisSpan.TotalDays = 0.43056491072569447
2026-07-21 05:21:04.808 Information Generate UserAskedData: Must NOT generate the ALL Range.
2026-07-21 05:21:04.808 Information Generate UserAskedData - Loop over Chart: Overview)
2026-07-21 05:21:04.812 Information Generate UserAskedData - Testing temp into tempdata.json (Range is Recent)
2026-07-21 05:21:04.812 Information Generate UserAskedData - Testing dew into tempdata.json (Range is Recent)
2026-07-21 05:21:04.812 Information Generate UserAskedData - Testing press into pressdata.json (Range is Recent)
2026-07-21 05:21:04.812 Information Generate UserAskedData - Testing hum into humdata.json (Range is Recent)
2026-07-21 05:21:04.812 Information Generate UserAskedData - Testing SolarRad into solardata.json (Range is Recent)
2026-07-21 05:21:04.812 Information Generate UserAskedData - Testing rfall into raindata.json (Range is Recent)
2026-07-21 05:21:04.812 Information Generate UserAskedData - Loop over Chart: Temperature)
2026-07-21 05:21:04.812 Information Generate UserAskedData - Testing intemp into tempdata.json (Range is Recent)
2026-07-21 05:21:04.812 Information Generate UserAskedData - Testing temp into tempdata.json (Range is Recent)
2026-07-21 05:21:04.812 Information Generate UserAskedData - Testing feelslike into tempdata.json (Range is Recent)
2026-07-21 05:21:04.812 Information Generate UserAskedData - Testing dew into tempdata.json (Range is Recent)
2026-07-21 05:21:04.812 Information Generate UserAskedData - Loop over Chart: Wind)
2026-07-21 05:21:04.812 Information Generate UserAskedData - Testing wgust into winddata.json (Range is Recent)
2026-07-21 05:21:04.812 Information Generate UserAskedData - Testing wspeed into winddata.json (Range is Recent)
2026-07-21 05:21:04.812 Information Generate UserAskedData - Loop over Chart: WindDirection)
2026-07-21 05:21:04.812 Information Generate UserAskedData - Testing bearing into wdirdata.json (Range is Recent)
2026-07-21 05:21:04.812 Information Generate UserAskedData - Testing avgbearing into wdirdata.json (Range is Recent)
2026-07-21 05:21:04.812 Information Generate UserAskedData - Loop over Chart: Rain)
2026-07-21 05:21:04.812 Information Generate UserAskedData - Testing rfall into raindata.json (Range is Recent)
2026-07-21 05:21:04.812 Information Generate UserAskedData - Testing rrate into raindata.json (Range is Recent)
2026-07-21 05:21:04.812 Information Generate UserAskedData - Loop over Chart: Humidity)
2026-07-21 05:21:04.813 Information Generate UserAskedData - Testing hum into humdata.json (Range is Recent)
2026-07-21 05:21:04.813 Information Generate UserAskedData - Testing inhum into humdata.json (Range is Recent)
2026-07-21 05:21:04.813 Information Generate UserAskedData - Loop over Chart: Solar)
2026-07-21 05:21:04.813 Information Generate UserAskedData - Testing UV into solardata.json (Range is Recent)
2026-07-21 05:21:04.813 Information Generate UserAskedData - Testing SolarRad into solardata.json (Range is Recent)
2026-07-21 05:21:04.813 Information Generate UserAskedData - Testing CurrentSolarMax into solardata.json (Range is Recent)
2026-07-21 05:21:04.813 Information Generate UserAskedData - Loop over Chart: DailyTemp)
2026-07-21 05:21:04.813 Information Generate UserAskedData - Testing avgTemp into alldailytempdata.json (Range is Daily)
2026-07-21 05:21:04.813 Information Generate UserAskedData - Testing avgTemp into alldailytempdata.json (Range is Daily)
2026-07-21 05:21:04.813 Information Generate UserAskedData - Loop over Chart: DailyPressure)
2026-07-21 05:21:04.813 Information Generate UserAskedData - Testing minBaro into alldailypressdata.json (Range is Daily)
2026-07-21 05:21:04.813 Information Generate UserAskedData - Testing  into  (Range is Daily)
2026-07-21 05:21:04.813 Information DoAirLink / AirQualitySensor  = False / False
2026-07-21 05:21:04.813 Information Uploading = maps.txt
2026-07-21 05:21:04.822 Testing PHP upload compression on https://jpickles.com/cutils/upload.php
2026-07-21 05:21:04.955 Information PHP upload does not support compression
2026-07-21 05:21:04.955 Information UploadFi2026-07-21 05:21:04.962 Information PHP upload does not support compression
2026-07-21 05:21:04.963 Information UploadFile: Starting utils/maps.txt => maps.txt
2026-07-21 05:21:04.963 Information Upload File values: localfile: utils/maps.txt
2026-07-21 05:21:04.963 Information Upload File values: remotefile: maps.txt
2026-07-21 05:21:04.967 Information PHP Upload: starting uti2026-07-21 05:21:05.042 Information InetPhp: maps.txt: Response code = 200: OK
2026-07-21 05:21:05.042 Information InetP2026-07-21 05:21:05.051 Information InetPhp: maps.txt: Response code = 200: OK
2026-07-21 05:21:05.051 Information InetPhp: maps.txt: Response text follows:
Opening text file maps.txt for replacement
Writing text file maps.txt
Write complete
2026-07-21 05:21:05.051 Information PHP UploadFile: Success
2026-07-21 05:21:05.051 Information UploadFile: Starting utils/systeminfoTable.txt => systeminfoTable.txt
2026-07-21 05:21:05.051 Information Upload File values: localfile: utils/systeminfoTable.txt
2026-07-21 05:21:05.051 Information Upload File values: remotefile: systeminfoTable.txt
2026-07-21 05:21:05.051 Information PHP Upload: starting utils/systeminfoTable.txt2026-07-21 05:21:05.072 Information InetPhp: systeminfoTable.txt: Response code = 200: OK
2026-07-21 05:21:05.072 Inform2026-07-21 05:21:05.088 Information InetPhp: systeminfoTable.txt: Response code = 200: OK
2026-07-21 05:21:05.088 Information InetPhp: systeminfoTable.txt: Response text follows:
Opening text file systeminfoTable.txt for replacement
Writing text file systeminfoTable.txt
Write complete
2026-07-21 05:21:05.088 Information PHP UploadFile: Success
2026-07-21 05:21:05.089 All done, Entering the finally section...; Closing down.
2026-07-21 05:21:05.089 Disposing Isup...
2026-07-21 05:21:05.089 Disposing Sup...
