2026-07-21 18:51:02.161 Information According to Inifile Info => Error: True, Warning: True, Info: True, Verbose: False, 
2026-07-21 18:51:02.191 CumulusUtils Initial: Shutting down the default listener
2026-07-21 18:51:02.191 Information Cumul2026-07-21 18:51:02.194 CumulusUtils Initial: Shutti2026-07-21 18:51:02.254  CUstrings[xx].ini : CUstringsEN.ini looked for.
2026-07-21 18:51:02.279  CumulusUtils version: 7.1.1 
2026-07-21 18:51:02.284  CuSupport constructor : Unit Wind (m/s, mph, km/h, kts): mph
2026-07-21 18:51:02.284  CuSupport constructor : Unit Pressure (mb,hPa,inHg): hPa
2026-07-21 18:51:02.284  CuSupport constructor : Unit Rain (mm,in): mm
2026-07-21 18:51:02.285  CuSupport constructor : Unit T (C,F): °C
2026-07-21 18:51:02.286  CuSupport constructor : Unit D2026-07-21 18:51:02.289  CuSupport constructor : Unit T (C,F): °C
2026-07-21 18:51:02.289  CuSupport2026-07-21 18:51:02.302 InetSupport: Constructor starting
2026-07-21 18:51:02.359 CumulusUtils : ----------------------------
2026-07-21 18:51:02.359 CumulusUtils : Entering Main
2026-07-21 18:51:02.367 HelpTexts: starting
2026-07-21 18:51:02.402 Information HelpTexts Contructor: stop
2026-07-21 18:51:02.450 CommandLineArgs : starting
2026-07-21 18:51:02.450  CommandLineArgs : handling arg: sysinfo
2026-02026-07-21 18:51:02.463 CommandLineArgs : starting
2026-07-21 18:51:02.464  CommandLineArgs : handling arg: sysinfo
2026-07-21 18:51:02.464  CommandLineArgs : handling arg: UserAskedData
2026-072026-07-21 18:51:02.536 Information CumulusUtils : Read dayfile.txt succesfully - 929 records
2026-07-21 18:51:02.562 Information SystemStatus : starting
2026-07-21 18:51:02.594 Information GetUrlData Start: URL - http://localhost:8998/api/tags/process.json?version&build&Prog2026-07-21 18:51:02.607 Information GetUrlData Start: URL - h2026-07-21 18:51:02.997 CumulusMX Version: 4.5.2 build 4105
2026-07-21 18:51:03.009 Information  SystemStatus: Found devic2026-07-21 18:51:03.014 CumulusMX Version: 4.5.2 build 4105
2026-07-21 18:51:03.025 Information  SystemStatus: Found device 12 GW1000/Ecowitt Local API
2026-07-21 18:51:03.026 Information ReplaceWebtagsPostAsync start:
2026-07-21 18:51:03.034 Information  PostUrl2026-07-21 18:51:03.040 Information PostUrlData success response : OK - OK
2026-07-21 18:51:03.047 SystemStatus : DoingUni2026-07-21 18:51:03.070 Information PostUrlData success response : OK - OK
2026-07-21 18:51:03.078 SystemStatus : DoingUnix
2026-07-21 18:51:03.080 Information SystemStatus : DoingUnix Start
2026-07-21 18:51:03.086 Information StartProcess cat /etc/os-release
2026-07-21 18:51:03.096 Information StartProcess cat: output=PRETTY_NAME="Debian GNU/Linux 12 (bookworm)"
2026-07-21 18:51:03.096 Information StartProcess cat: output=NAME="Debian GNU/Linux"
2026-07-21 18:51:03.096 Information StartProcess cat: output=VERSION_ID="12"
2026-07-21 18:51:03.097 Information StartProcess cat: output=VERSION="12 (bookworm)"
2026-07-21 18:51:03.097 Information StartProcess cat: output=VERSION_CODENAME=bookworm
2026-07-21 18:51:03.097 Information StartProcess cat: output=ID=debian
2026-07-21 18:51:03.097 Information StartProcess cat: output=HOME_URL="https://www.debian.org/"
2026-07-21 18:51:03.097 Information StartProcess cat: output=SUPPORT_URL="https://www.debian.org/support"
2026-07-21 18:51:03.097 Information StartProcess cat: output=BUG_REPORT_URL="https://bugs.debian.org/"
2026-07-21 18:51:03.098 Information Found Linux NAME: PRETTY_NAME="Debian GNU/Linux 12 (bookworm)"
2026-07-21 18:51:03.100 Information Using Linux dialect: Debian
2026-07-21 18:51:03.100 Information StartProcess uptime -p
2026-07-21 18:51:03.104 Information StartProcess uptime: output=up 3 weeks, 3 days, 23 hours, 17 minutes
2026-07-21 18:51:03.105 Information StartProcess lshw -quiet -class system
2026-07-21 18:51:03.108 Error System/Processor: Unknown (exception) - An error occurred trying to start process 'lshw' with working directory '/opt/CumulusMX'. No such file or directory
2026-07-21 18:51:03.108 Please install lshw (apt-get install lshw)
2026-07-21 18:51:03.108 Information StartProcess uname -s -r -m
2026-07-21 18:51:03.110 Informati2026-07-21 18:51:03.130 Information StartProcess lsb_release: output=Distributor ID:	Debian
2026-07-21 18:51:03.130 Inform2026-07-21 18:51:03.142 Information StartProcess lsb_release: output=Distributor ID:	Debian
2026-07-21 18:51:03.142 Information StartProcess lsb_release: output=Description:	Debian GNU/Linux 12 (bookworm)
2026-07-21 18:51:03.142 Information StartProcess lsb_release: output=Release:	12
2026-07-21 18:51:03.142 Information StartProcess lsb_release: output=Codename:	bookworm
2026-07-21 18:51:03.143 Information StartProcess dotnet --list-runtimes
2026-07-21 18:51:03.147 Information StartProcess dotnet: output=Microsoft.NETCore.App 8.0.8 [/usr/share/dotnet/shared/Microsoft.NETCore.App]
2026-07-21 18:51:03.148 Information StartProcess free -m
2026-07-21 18:51:03.158 Information StartProcess free: output=               total        used        free      shared  buff/cache   available
2026-07-21 18:51:03.158 Information StartProcess free: output=Mem:             960         372         407          32         359         588
2026-07-21 18:51:03.158 Information StartProcess free: output=Swap:            974          75         899
2026-07-21 18:51:03.160 Information StartProcess df -T -text4 -tvfat -h
2026-07-21 18:51:03.165 Information StartProcess df: output=Filesystem     Type  Size  Used Avail Use% Mounted on
2026-07-21 18:51:03.165 Information StartProcess df: output=/dev/sda1      ext4   2026-07-21 18:51:03.172 Information  MapsOn: Adding Station: Westland202026-07-21 18:51:03.188 Information MapsOn: Before 2026-07-21 18:51:03.193 Information  MapsOn: Adding Station: Westlands
2026-07-21 18:51:03.206 Information MapsOn: Before testing DoneToday after parsing: 21/07/2026 10:31:03 
2026-07-21 18:51:03.206 Information DateIsToday for thisDate: 21/07/2026 10:31:03 | thisDate.DayOfYear: 202 versus Now.DayOfYear: 202)
2026-07-21 18:51:03.215 Information DateIsToday: thisSpan: 08:20:00.2067919 | thisSpan.TotalDays = 0.34722461564699075
2026-07-21 18:51:03.216 Information MapsOn: Must NOT send signature, has been done already : 2026-07-21T10:31:03
2026-07-21 18:51:03.216 Information Fetch Map: Fet2026-07-21 18:51:04.154 Information Main: <!--
 This file is generated as part of CumulusUti
2026-07-21 18:51:04.155 Inform2026-07-21 18:51:04.179 Information Main: <!--
 This file is generated as part of CumulusUti
2026-07-21 18:51:2026-07-21 18:51:04.186 Information CustomLogs constructor: starting
2026-07-21 18:51:04.199 Information CustomLogs WebtagI2026-07-21 18:51:04.206 Information CustomLogs constructor: starting
2026-07-21 18:51:04.226 Information CustomLogs WebtagInfo construct2026-07-21 18:51:04.231 DefineUsercharts: Parsing User charts definitions - starting
2026-07-21 18:51:04.231 Information Pa2026-07-21 18:51:04.251 DefineUsercharts: Parsing User charts definitions - starting
2026-07-21 18:51:04.251 Information Parsing User Charts Definitions : Chart Overview'
2026-07-21 18:51:04.270 Information Parsing User Charts Definitions : Chart Temperature'
2026-07-21 18:51:04.270 Information Parsing User Charts Definitions : Chart Wind'
2026-07-21 18:51:04.270 Information Parsing User Charts Definitions : Chart WindDirection'
2026-07-21 18:51:04.270 Information Parsing User Charts Definitions : Chart Rain'
2026-07-21 18:51:04.270 Information Parsing User Charts Definitions : Chart Humidity'
2026-07-21 18:51:04.271 Information Parsing User Charts Definitions : Chart Solar'
2026-07-21 18:51:04.271 Information Parsing User Charts Definitions : Chart DailyTemp'
2026-07-21 18:51:04.271 Information Parsing User Charts Definitions : Chart Dail2026-07-21 2026-07-21 18:51:04.278 Information Parsing User Charts: Evaluating Expression '(MinBarometer+MaxBarometer)/2'.
2026-07-21 18:51:04.301 Generating Compiler UserAskedData: Starting
2026-07-21 18:51:04.302 Information GenerateUserAskedData: timeStart = 21/07/2026 18:42:00; timeEnd = 21/07/2026 18:51:00
2026-07-21 18:51:04.303 Monthfile constructor: Using fixed path: | data/ |; file: | *log.txt
2026-07-21 18:51:2026-07-21 18:51:04.601 Information ReadMonthlyLogs: End
2026-07-21 18:51:04.616 Information Generate UserAskedData: DoneTo2026-07-21 18:51:04.633 Information ReadMonthlyLogs: End
2026-07-21 18:51:04.644 Information Generate UserAskedData: DoneToday = 20/07/2026 19:01:04.
2026-07-21 18:51:04.644 Information DateIsToday for thisDate: 20/07/2026 19:01:04 | thisDate.DayOfYear: 201 versus Now.DayOfYear: 202)
2026-07-21 18:51:04.645 Information DateIsToday: thisSpan: 23:50:00.6444429 | thisSpan.TotalDays = 0.9930630143854167
2026-07-21 18:51:04.645 Information Generate UserAskedData: Must NOT generate the ALL Range.
2026-07-21 18:51:04.645 Information Generate UserAskedData - Loop over Chart: Overview)
2026-07-21 18:51:04.646 Information Generate UserAskedData - Testing temp into tempdata.json (Range is Recent)
2026-07-21 18:51:04.646 Information Generate UserAskedData - Testing dew into tempdata.json (Range is Recent)
2026-07-21 18:51:04.646 Information Generate UserAskedData - Testing press into pressdata.json (Range is Recent)
2026-07-21 18:51:04.646 Information Generate UserAskedData - Testing hum into humdata.json (Range is Recent)
2026-07-21 18:51:04.646 Information Generate UserAskedData - Testing SolarRad into solardata.json (Range is Recent)
2026-07-21 18:51:04.646 Information Generate UserAskedData - Testing rfall into raindata.json (Range is Recent)
2026-07-21 18:51:04.646 Information Generate UserAskedData - Loop over Chart: Temperature)
2026-07-21 18:51:04.646 Information Generate UserAskedData - Testing intemp into tempdata.json (Range is Recent)
2026-07-21 18:51:04.646 Information Generate UserAskedData - Testing temp into tempdata.json (Range is Recent)
2026-07-21 18:51:04.646 Information Generate UserAskedData - Testing feelslike into tempdata.json (Range is Recent)
2026-07-21 18:51:04.646 Information Generate UserAskedData - Testing dew into tempdata.json (Range is Recent)
2026-07-21 18:51:04.646 Information Generate UserAskedData - Loop over Chart: Wind)
2026-07-21 18:51:04.646 Information Generate UserAskedData - Testing wgust into winddata.json (Range is Recent)
2026-07-21 18:51:04.646 Information Generate UserAskedData - Testing wspeed into winddata.json (Range is Recent)
2026-07-21 18:51:04.646 Information Generate UserAskedData - Loop over Chart: WindDirection)
2026-07-21 18:51:04.646 Information Generate UserAskedData - Testing bearing into wdirdata.json (Range is Recent)
2026-07-21 18:51:04.646 Information Generate UserAskedData - Testing avgbearing into wdirdata.json (Range is Recent)
2026-07-21 18:51:04.646 Information Generate UserAskedData - Loop over Chart: Rain)
2026-07-21 18:51:04.646 Information Generate UserAskedData - Testing rfall into raindata.json (Range is Recent)
2026-07-21 18:51:04.646 Information Generate UserAskedData - Testing rrate into raindata.json (Range is Recent)
2026-07-21 18:51:04.646 Information Generate UserAskedData - Loop over Chart: Humidity)
2026-07-21 18:51:04.646 Information Generate UserAskedData - Testing hum into humdata.json (Range is Recent)
2026-07-21 18:51:04.646 Information Generate UserAskedData - Testing inhum into humdata.json (Range is Recent)
2026-07-21 18:51:04.646 Information Generate UserAskedData - Loop over Chart: Solar)
2026-07-21 18:51:04.646 Information Generate UserAskedData - Testing UV into solardata.json (Range is Recent)
2026-07-21 18:51:04.646 Information Generate UserAskedData - Testing SolarRad into solardata.json (Range is Recent)
2026-07-21 18:51:04.646 Information Generate UserAskedData - Testing CurrentSolarMax into solardata.json (Range is Recent)
2026-07-21 18:51:04.646 Information Generate UserAskedData - Loop over Chart: DailyTemp)
2026-07-21 18:51:04.646 Information Generate UserAskedData - Testing avgTemp into alldailytempdata.json (Range is Daily)
2026-07-21 18:51:04.646 Information Generate UserAskedData - Testing avgTemp into alldailytempdata.json (Range is Daily)
2026-07-21 18:51:04.646 Information Generate UserAskedData - Loop over Chart: DailyPressure)
2026-07-21 18:51:04.646 Information Generate UserAskedData - Testing minBaro into alldailypressdata.json (Range is Daily)
2026-07-21 18:51:04.646 Information Generate UserAskedData - Testing  into  (Range is Daily)
2026-07-21 18:51:04.646 Information DoAirLink / AirQualitySensor  = False / False
2026-07-21 18:51:04.646 Informa2026-07-21 18:51:04.771 Information PHP upload does not support compression
2026-07-21 18:51:04.771 Information UploadFile:2026-07-21 18:51:04.784 Information PHP upload does not support compression
2026-07-21 18:51:04.784 Information UploadFile: Starting utils/maps.txt => maps.txt
2026-07-21 18:51:04.784 Information Upload File values: localfile: utils/maps.txt
2026-07-21 18:51:04.784 Information Upload File values: remotefile: maps.txt
2026-07-21 18:51:04.790 Information PHP Upload: starting 2026-07-21 18:51:04.854 Information InetPhp: maps.txt: Response code = 200: OK
2026-07-21 18:51:04.855 Information InetPhp:2026-07-21 18:51:04.868 Information InetPhp: maps.txt: Response code = 200: OK
2026-07-21 18:51:04.868 Information InetPhp: maps.txt: Response text follows:
Opening text file maps.txt for replacement
Writing text file maps.txt
Write complete
2026-07-21 18:51:04.868 Information PHP UploadFile: Success
2026-07-21 18:51:04.868 Information UploadFile: Starting utils/systeminfoTable.txt => systeminfoTable.txt
2026-07-21 18:51:04.868 Information Upload File values: localfile: utils/systeminfoTable.txt
2026-07-21 18:51:04.868 Information Upload File values: remotefile: systeminfoTable.txt
2026-07-21 18:51:04.868 Information PHP Upload: starting utils/systeminfoTable.2026-07-21 18:51:04.886 Information InetPhp: systeminfoTable.txt: Response code = 200: OK
2026-07-21 18:51:04.887 Informati2026-07-21 18:51:04.900 Information InetPhp: systeminfoTable.txt: Response code = 200: OK
2026-07-21 18:51:04.900 Information InetPhp: systeminfoTable.txt: Response text follows:
Opening text file systeminfoTable.txt for replacement
Writing text file systeminfoTable.txt
Write complete
2026-07-21 18:51:04.900 Information PHP UploadFile: Success
2026-07-21 18:51:04.900 All done, Entering the finally section...; Closing down.
2026-07-21 18:51:04.900 Disposing Isup...
2026-07-21 18:51:04.901 Disposing Sup...
