2026-07-22 03:11:01.582 Information According to Inifile Info => Error: True, Warning: True, Info: True, Verbose: False, 
2026-07-22 03:11:01.610 CumulusUtils Initial: Shutting down the default listener
2026-07-22 03:11:01.610 Information Cumul2026-07-22 03:11:01.618 CumulusUtils Initial: Shutti2026-07-22 03:11:01.662  CUstrings[xx].ini : CUstringsEN.ini looked for.
2026-07-22 03:11:01.687  CumulusUtils version: 7.1.1 
2026-07-22 03:11:01.687  CuSupport constructor : Unit Wind (m/s, mph2026-07-22 03:11:01.695  CumulusUtils version: 7.1.1 
2026-07-22 03:11:01.696  CuSupport constructor : Unit Wind (m/s, mph, km/h, kts): mph
2026-07-22 03:11:01.696  CuSupp2026-07-22 03:11:01.696  CuSupport constructor : Un2026-07-22 03:11:01.700  CuSupport constructor : Unit Rain (mm,in): mm
2026-07-22 03:11:01.701  CuSupport constructor : Unit T (C,F): °C
2026-07-22 03:11:01.701  CuSupport2026-07-22 03:11:01.712 InetSupport: Constructor starting
2026-07-22 03:11:01.784 CumulusUtils : ----------------------------
2026-07-22 03:11:01.784 CumulusUtils : Entering Main
2026-07-22 03:11:01.795 HelpTexts: starting
2026-07-22 03:11:01.838 Information HelpTexts Contructor: stop
2026-07-22 03:11:01.893 CommandLineArgs : starting
2026-07-22 03:11:01.893  CommandLineArgs : handling arg: sysinfo
2026-07-22 03:11:01.893  CommandLineArgs : handling arg: UserAskedData
2026-07-22 03:11:01.893  CommandLineArgs : handling arg: UserReports
2026-07-22 03:11:01.894 Dayfile: Reading the dayfile.txt...
2026-07-22 03:11:01.989 Information CumulusUtils : Read dayfile.txt succesfully - 930 records
2026-07-22 03:11:02.014 Information SystemStatus : starting
2026-07-22 03:11:02.047 Information GetUrlData Start: URL - http://localhost:8998/api/tags/process.json?version&build&ProgramUpTime&NewBuildAvailable&NewBuildNumber&CpuCount&CPUTemp 
2026-07-22 03:11:02.476 CumulusMX Version: 4.5.2 build 4105
2026-07-22 03:11:02.480 Information  SystemStatus: Found device 12 GW1000/Ecowitt Local API
2026-07-22 03:11:02.485 Information ReplaceWebtagsPostAsync start:
2026-07-22 03:11:02.487 Information  PostUrlData Start: http://localhost:8998/api/tags/process.txt 
2026-07-22 03:11:02.482026-07-22 03:11:02.489 Information  PostUrl2026-07-22 03:11:02.537 Information PostUrlData success response : OK - OK
2026-07-22 03:11:02.545 SystemStatus : DoingUnix
2026-07-22 03:11:02.547 Information SystemStatus : DoingUnix Start
2026-07-22 03:11:02.553 Information StartProcess cat /etc/os-release
2026-07-22 03:11:02.566 Information StartProcess cat: output=PRETTY_NAME="Debian GNU/Linux 12 (bookworm)"
2026-07-22 03:11:02.567 Information StartProcess cat: output=NAME="Debian GNU/Linux"
2026-07-22 03:11:02.567 Information StartProcess cat: output=VERSION_ID="12"
2026-07-22 03:11:02.567 Information StartProcess cat: output=VERSION="12 (bookworm)"
2026-07-22 03:11:02.567 Information StartProcess cat: output=VERSION_CODENAME=bookworm
2026-07-22 03:11:02.567 Information StartProcess cat: output=ID=debian
2026-07-22 03:11:02.567 Information StartProcess cat: output=HOME_URL="https://www.debian.org/"
2026-07-22 03:11:02.567 Information StartProcess cat: output=SUPPORT_URL="https://www.debian.org/support"
2026-07-22 03:11:02.567 Information StartProcess cat: output=BUG_REPORT_URL="https://bugs.debian.org/"
2026-07-22 03:11:02.567 Information Found Linux NAME: PRETTY_NAME="Debian GNU/Linux 12 (bookworm)"
2026-07-22 03:11:02.568 Information Using Linux dialect: Debian
2026-07-22 03:11:02.568 Information StartProcess uptime -p
2026-07-22 03:11:02.577 Information StartProcess uptime: output=up 3 weeks, 4 days, 7 hours, 37 minutes
2026-07-22 03:11:02.579 Information StartProcess lshw -quiet -class system
2026-07-22 03:11:02.581 Error System/Processor: Unknown (exception) - An error occurred trying to start process 'lshw' with working directory '/opt/CumulusMX'. No such file or directory
2026-07-22 03:11:02.581 Please install lshw (apt-get install lshw)
2026-07-22 03:11:02.581 Information StartProcess uname -s -r -m
2026-07-22 03:11:02.584 Information StartProcess uname: output=Linux 6.1.0-23-amd64 x86_64
2026-07-22 03:11:02.584 Information StartProcess lsb_release -a
2026-07-22 03:11:02.619 Information StartProcess lsb_release: output=Distributor ID:	Debian
2026-07-22 03:11:02.619 Information StartProcess lsb_release: output=Description:	Debian GNU/Linux 12 (bookworm)
2026-07-22 03:11:02.619 Information StartProcess lsb_release: output=Release:	12
2026-07-22 03:11:02.619 Information StartProcess lsb_release: output=Codename:	bookworm
2026-07-22 03:11:02.620 Information StartProcess dotnet --list-runtimes
2026-07-22 03:11:02.624 Information StartProcess dotnet: output=Microsoft.NETCore.App 8.0.8 [/usr/share/dotnet/shared/Microsoft.NETCore.App]
2026-07-22 03:11:02.628 Information StartProcess free -m
2026-07-22 03:11:02.631 Information StartProcess free: output=               total        used        free      shared  buff/cache   available
2026-07-22 03:11:02.631 Information StartProcess free: output=Mem:             960         362         530          31         239         598
2026-07-22 03:11:02.631 Information StartProcess free: output=Swap:            974          76         898
2026-07-22 03:11:02.633 Information StartProcess df -T -text4 -tvfat -h
2026-07-22 03:11:02.642 Information StartProcess df: output=Filesystem     Type  Size  Used Avail Use% Mounted on
2026-07-22 03:11:02.642 Information StartProcess df: output=/dev/sda1      ext4   31G  7.6G   22G  27% /
2026-07-22 03:11:02.645 USerReports: Starting
2026-07-22 03:11:02.655 Information MapsOn: Starting
2026-07-22 03:11:02.663 Information  MapsOn: Adding Station: Westlands
2026-07-22 03:11:02.683 Information MapsOn: Before testing DoneToday after parsing: 21/07/2026 10:31:03 
2026-07-22 03:11:02.683 Information DateIsToday for thisDate: 21/07/2026 10:31:03 | thisDate.DayOfYear: 202 versus Now.DayOfYear: 203)
2026-07-22 03:11:02.697 Information DateIsToday: thisSpan: 16:39:59.6837786 | thisSpan.TotalDays = 0.694440784474537
2026-07-22 03:11:02.698 Information MapsOn: Must NOT send signature, has been done already : 2026-07-21T10:31:03
2026-07-22 03:11:02.698 Information Fetch Map: Fetching the generated map
2026-07-22 03:11:02.698 Information GetUrlData Start: URL - https://meteo-wagenborgen.nl/maps.txt 
2026-07-22 03:11:03.629 Information Main: <!--
 This file is generated as part of CumulusUti
2026-07-22 03:11:03.630 Inform2026-07-22 03:11:03.653 Information Main: <!--
 This file is generated as part of CumulusUti
2026-07-22 03:11:2026-07-22 03:11:03.660 Information CustomLogs constructor: starting
2026-07-22 03:11:03.681 Information CustomLogs WebtagI2026-07-22 03:11:03.684 Information CustomLogs constructor: starting
2026-07-22 03:11:03.702 Information CustomLogs WebtagInfo construct2026-07-22 03:11:03.705 DefineUsercharts: Parsing User charts definitions - starting
2026-07-22 03:11:03.706 Information Pa2026-07-22 03:11:03.732 DefineUsercharts: Parsing User charts definitions - starting
2026-07-22 03:11:03.732 Information Parsing User Charts Definitions : Chart Overview'
2026-07-22 03:11:03.748 Information Parsing User Charts Definitions : Chart Temperature'
2026-07-22 03:11:03.748 Information Parsing User Charts Definitions : Chart Wind'
2026-07-22 03:11:03.748 Information Parsing User Charts Definitions : Chart WindDirection'
2026-07-22 03:11:03.749 Information Parsing User Charts Definitions : Chart Rain'
2026-07-22 03:11:03.749 Information Parsing User Charts Definitions : Chart Humidity'
2026-07-22 03:11:03.749 Information Parsing User Charts Definitions : Chart Solar'
2026-07-22 03:11:03.749 Information Parsing User Charts Definitions : Chart DailyTemp'
2026-07-22 03:11:03.749 Information Parsing User Charts Definitions : Chart DailyPressure'
2026-07-22 03:11:03.751 Information Parsing User Charts: 2026-07-22 03:11:03.752 Information GenerateUserAskedDa2026-07-22 03:11:03.778 Generating Compiler UserAskedData: Starting
2026-07-22 03:11:03.779 Information GenerateUserAskedData: timeStart = 22/07/2026 03:02:00; timeEnd = 22/07/2026 03:11:00
2026-07-22 03:11:03.780 Monthfile constructor: Using fixed path: | data/ |; file: | *log.txt
2026-07-22 03:11:2026-07-22 03:11:04.084 Information ReadMonthlyLogs: End
2026-07-22 03:11:04.098 Information Generate UserAskedData: DoneTo2026-07-22 03:11:04.114 Information ReadMonthlyLogs: End
2026-07-22 03:11:04.125 Information Generate UserAskedData: DoneToday = 21/07/2026 19:11:04.
2026-07-22 03:11:04.125 Information DateIsToday for thisDate: 21/07/2026 19:11:04 | thisDate.DayOfYear: 202 versus Now.DayOfYear: 203)
2026-07-22 03:11:04.125 Information DateIsToday: thisSpan: 08:00:00.1254590 | thisSpan.TotalDays = 0.3333347854050926
2026-07-22 03:11:04.125 Information Generate UserAskedData: Must NOT generate the ALL Range.
2026-07-22 03:11:04.125 Information Generate UserAskedData - Loop over Chart: Overview)
2026-07-22 03:11:04.126 Information Generate UserAskedData - Testing temp into tempdata.json (Range is Recent)
2026-07-22 03:11:04.126 Information Generate UserAskedData - Testing dew into tempdata.json (Range is Recent)
2026-07-22 03:11:04.126 Information Generate UserAskedData - Testing press into pressdata.json (Range is Recent)
2026-07-22 03:11:04.126 Information Generate UserAskedData - Testing hum into humdata.json (Range is Recent)
2026-07-22 03:11:04.126 Information Generate UserAskedData - Testing SolarRad into solardata.json (Range is Recent)
2026-07-22 03:11:04.126 Information Generate UserAskedData - Testing rfall into raindata.json (Range is Recent)
2026-07-22 03:11:04.126 Information Generate UserAskedData - Loop over Chart: Temperature)
2026-07-22 03:11:04.126 Information Generate UserAskedData - Testing intemp into tempdata.json (Range is Recent)
2026-07-22 03:11:04.126 Information Generate UserAskedData - Testing temp into tempdata.json (Range is Recent)
2026-07-22 03:11:04.126 Information Generate UserAskedData - Testing feelslike into tempdata.json (Range is Recent)
2026-07-22 03:11:04.126 Information Generate UserAskedData - Testing dew into tempdata.json (Range is Recent)
2026-07-22 03:11:04.126 Information Generate UserAskedData - Loop over Chart: Wind)
2026-07-22 03:11:04.126 Information Generate UserAskedData - Testing wgust into winddata.json (Range is Recent)
2026-07-22 03:11:04.126 Information Generate UserAskedData - Testing wspeed into winddata.json (Range is Recent)
2026-07-22 03:11:04.126 Information Generate UserAskedData - Loop over Chart: WindDirection)
2026-07-22 03:11:04.126 Information Generate UserAskedData - Testing bearing into wdirdata.json (Range is Recent)
2026-07-22 03:11:04.126 Information Generate UserAskedData - Testing avgbearing into wdirdata.json (Range is Recent)
2026-07-22 03:11:04.126 Information Generate UserAskedData - Loop over Chart: Rain)
2026-07-22 03:11:04.126 Information Generate UserAskedData - Testing rfall into raindata.json (Range is Recent)
2026-07-22 03:11:04.126 Information Generate UserAskedData - Testing rrate into raindata.json (Range is Recent)
2026-07-22 03:11:04.126 Information Generate UserAskedData - Loop over Chart: Humidity)
2026-07-22 03:11:04.126 Information Generate UserAskedData - Testing hum into humdata.json (Range is Recent)
2026-07-22 03:11:04.127 Information Generate UserAskedData - Testing inhum into humdata.json (Range is Recent)
2026-07-22 03:11:04.127 Information Generate UserAskedData - Loop over Chart: Solar)
2026-07-22 03:11:04.127 Information Generate UserAskedData - Testing UV into solardata.json (Range is Recent)
2026-07-22 03:11:04.127 Information Generate UserAskedData - Testing SolarRad into solardata.json (Range is Recent)
2026-07-22 03:11:04.127 Information Generate UserAskedData - Testing CurrentSolarMax into solardata.json (Range is Recent)
2026-07-22 03:11:04.127 Information Generate UserAskedData - Loop over Chart: DailyTemp)
2026-07-22 03:11:04.127 Information Generate UserAskedData - Testing avgTemp into alldailytempdata.json (Range is Daily)
2026-07-22 03:11:04.127 Information Generate UserAskedData - Testing avgTemp into alldailytempdata.json (Range is Daily)
2026-07-22 03:11:04.127 Information Generate UserAskedData - Loop over Chart: DailyPressure)
2026-07-22 03:11:04.127 Information Generate UserAskedData - Testing minBaro into alldailypressdata.json (Range is Daily)
2026-07-22 03:11:04.127 Information Generate UserAskedData - Testing  into  (Range is Daily)
2026-07-22 03:11:04.127 Information DoAirLink / AirQualitySensor  = False / False
2026-07-22 03:11:04.127 Informat2026-07-22 03:11:04.262 Information PHP upload does not support compression
2026-07-22 03:11:04.263 Information UploadFile2026-07-22 03:11:04.268 Information PHP upload does not support compression
2026-07-22 03:11:04.268 Information UploadFile: Starting utils/maps.txt => maps.txt
2026-07-22 03:11:04.268 Information U2026-07-22 03:11:04.273 Information PHP Upload: starting utils/maps.txt
2026-07-22 03:11:04.273 Information Incremental = 2026-07-22 03:11:04.272 Information PHP Upload: starting u2026-07-22 03:11:04.355 Information InetPhp: maps.txt: Response code = 200: OK
2026-07-22 03:11:04.355 Information InetPhp: maps.txt: Response text follows:
Opening text file maps.txt for replacement
Writing text file maps.txt
Write complete
2026-07-22 03:11:04.355 Information PHP UploadFile: Success
2026-07-22 03:11:04.355 Information UploadFile: Starting utils/systeminfoTable.txt => systeminfoTable.txt
2026-07-22 03:11:04.355 Information Upload File values: localfile: utils/systeminfoTable.txt
2026-07-22 03:11:04.355 Information Upload File values: remotefile: systeminfoTable.txt
2026-07-22 03:11:04.355 Information PHP Upload: starting utils/systeminfoTable.txt
2026-07-22 03:11:04.356 Information Incremental = False; filename = systeminfoTable.txt; ext = .txt; HoursInGraph = 72
2026-07-22 03:11:04.385 Information InetPhp: systeminfoTable.txt: Response code = 200: OK
2026-07-22 03:11:04.386 Informat2026-07-22 03:11:04.391 Information InetPhp: systeminfoTable.txt: Response code = 200: OK
2026-07-22 03:11:04.391 Information InetPhp: systeminfoTable.txt: Response text follows:
Opening text file systeminfoTable.txt for replacement
Writing text file systeminfoTable.txt
Write complete
2026-07-22 03:11:04.391 Information PHP UploadFile: Success
2026-07-22 03:11:04.391 All done, Entering the finally section...; Closing down.
2026-07-22 03:11:04.391 Disposing Isup...
2026-07-22 03:11:04.392 Disposing Sup...
