2026-07-20 21:51:02.194 Information According to Inifile Info => Error: True, Warning: True, Info: True, Verbose: False, 
2026-07-20 21:51:02.218 CumulusUtils Initial: Shutting down the default listener
2026-07-20 21:51:02.219 Information Cumul2026-07-20 21:51:02.223 CumulusUtils Initial: Shutti2026-07-20 21:51:02.276  CUstrings[xx].ini : CUstringsEN.ini looked for.
2026-07-20 21:51:02.302  CumulusUtils version: 7.1.1 
2026-07-20 21:51:02.302  CuSupport constructor : Unit Wind (m/s, mph2026-07-20 21:51:02.304  CumulusUtils version: 7.1.1 
2026-07-20 21:51:02.304  CuSupport constructor : Unit Wind (m/s, mph, km/h, kts): mph
2026-07-20 21:51:02.305  CuSupport constructor : Unit Pressure (mb,hPa,inHg): hPa
2026-07-20 21:51:02.305  CuSupport constructor : Unit Rain (mm,in): mm
2026-07-20 21:51:02.305  CuSupport constructor : Unit T (C,F): °C
2026-07-20 21:51:02.306  CuSupport2026-07-20 21:51:02.315 InetSupport: Constructor starting
2026-07-20 21:51:02.384 CumulusUtils : ----------------------------
2026-07-20 21:51:02.385 CumulusUtils : Entering Main
2026-07-20 21:51:02.395 HelpTexts: starting
2026-07-20 21:51:02.434 Information HelpTexts Contructor: stop
2026-07-20 21:51:02.483 CommandLineArgs : starting
2026-07-20 21:51:02.483  CommandLineArgs : handling arg: sysinfo
2026-02026-07-20 21:51:02.489 CommandLineArgs : starting
2026-07-20 21:51:02.489  CommandLineArgs : handling arg: sysinfo
2026-07-20 21:51:02.489  CommandLineArgs : handling arg: UserAskedData
2026-072026-07-20 21:51:02.575 Information CumulusUtils : Read dayfile.txt succesfully - 928 records
2026-07-20 21:51:02.601 Information SystemStatus : starting
2026-07-20 21:51:02.633 Information GetUrlData Start: URL - http://localhost:8998/api/tags/process.json?version&build&Prog2026-07-20 21:51:02.641 Information GetUrlData Start: URL - h2026-07-20 21:51:03.058 CumulusMX Version: 4.5.2 build 4105
2026-07-20 21:51:03.069 Information  SystemStatus: Found device 12 GW1000/Ecowitt Local API
2026-07-20 21:51:03.070 Inform2026-07-20 21:51:03.073 Information  2026-07-20 21:51:03.077 Information  PostUrlData Start: http://localhost:8998/api/tags/process.txt 
2026-07-20 21:51:03.072026-07-20 21:51:03.084 Information  PostUrl2026-07-20 21:51:03.119 Information PostUrlData success response : OK - OK
2026-07-20 21:51:03.127 SystemStatus : DoingUnix
2026-07-20 21:51:03.129 Information SystemStatus : DoingUnix Start
2026-02026-07-20 21:51:03.133 SystemStatus : DoingUnix
2026-07-20 21:2026-07-20 21:51:03.149 Information StartProcess cat: output=PRETTY_NAME="Debian GNU/Linux 12 (bookworm)"
2026-07-20 21:512026-07-20 21:51:03.155 Information StartProcess cat: output=PRETTY_NAME="Debian GNU/Linux 12 (bookworm)"
2026-07-20 21:51:03.155 Information StartProcess cat: output=NAME="Debian GNU/Linux"
2026-07-20 21:51:03.155 Information StartProcess cat: output=VERSION_ID="12"
2026-07-20 21:51:03.155 Information StartProcess cat: output=VERSION="12 (bookworm)"
2026-07-20 21:51:03.155 Information StartProcess cat: output=VERSION_CODENAME=bookworm
2026-07-20 21:51:03.155 Information StartProcess cat: output=ID=debian
2026-07-20 21:51:03.155 Information StartProcess cat: output=HOME_URL="https://www.debian.org/"
2026-07-20 21:51:03.155 Information StartProcess cat: output=SUPPORT_URL="https://www.debian.org/support"
2026-07-20 21:51:03.155 Information StartProcess cat: output=BUG_REPORT_URL="https://bugs.debian.org/"
2026-07-20 21:51:03.155 Information Found Linux NAME: PRETTY_NAME="Debian GNU/Linux 12 (bookworm)"
22026-07-20 21:51:03.160 Information StartProcess uptime: output=up 3 weeks, 3 days, 2 hours, 17 minutes
2026-07-20 21:51:02026-07-20 21:51:03.166 Information StartProcess uptime: output=up 3 weeks, 3 days, 2 hours, 17 minutes
2026-07-20 21:51:03.166 Information StartProcess lshw -quiet -class system
2026-07-20 21:51:03.169 Error System/Processor: Unknown (exception) - An error occurred trying to start process 'lshw' with working directory '/opt/CumulusMX'. No such file or directory
2026-07-22026-07-20 21:51:03.170 Information StartProcess uname: output=Linux 6.1.0-23-amd64 x86_64
2026-07-20 21:51:03.170 Informa2026-07-20 21:51:03.172 Informati2026-07-20 21:51:03.199 Information StartProcess lsb_release: output=Distributor ID:	Debian
2026-07-20 21:51:03.199 Inform2026-07-20 21:51:03.204 Information StartProcess lsb_release: output=Distributor ID:	Debian
2026-07-20 21:51:03.204 Information StartProcess lsb_release: output=Description:	Debian GNU/Linux 12 (bookworm)
2026-07-20 21:51:03.204 Information StartProcess lsb_release: output=Release:	12
2026-07-20 21:51:03.204 Information St2026-07-20 21:51:03.208 Information StartProcess dotnet: output=Microsoft.NETCore.App 8.0.8 [/usr/share/dotnet/shared/Micr2026-07-20 21:51:03.211 Information StartProcess dotnet: output=Microsoft.NE2026-07-20 21:51:03.214 Information StartProcess free: output=               total        used        free      shared  bu2026-07-20 21:51:03.217 Information StartProcess free: output=               total        used        free      shared  buff/cache   available
2026-07-20 21:51:03.217 Information StartProcess free: output=Mem:             960         378         392          30         367         582
2026-07-20 21:51:03.217 Information StartProcess free: ou2026-07-20 21:51:03.219 Information StartProcess df: output=Filesystem     Type  Size  Used Avail Use% Mounted on
2026-07-2026-07-20 21:51:03.226 Information StartProcess df: output=Filesystem     Type  Size  Used Avail Use% Mounted on
2026-07-20 21:51:03.226 Infor2026-07-20 21:51:03.241 Information MapsOn: Starting
2026-07-20 21:51:03.249 Information  MapsOn: Adding Station: Westlands
2026-07-20 21:51:03.272 Information MapsOn: Before testing DoneToday after parsing: 20/07/2026 10:31:03 
2026-07-20 21:51:03.273 Information DateIsToday for thisDate: 20/07/2026 10:31:03 | thisDate.DayOfYear: 201 versus Now.DayOfYear: 201)
2026-07-20 21:51:03.283 Information DateIsToday: thisSpan: 11:20:00.2732542 | thisSpan.TotalDays = 0.47222538488657406
2022026-07-20 21:51:03.288 Information DateIsToday: thisSpan: 11:20:00.2668721 | thisSpan.TotalDays = 0.4722253110196759
2026-07-20 21:51:03.288 Information MapsOn: Must NOT send signature, has been done already : 2026-07-20T10:31:03
2026-07-20 21:51:03.288 Information Fetch Map: Fetch2026-07-20 21:51:04.220 Information Main: <!--
 This file is generated as part of CumulusUti
2026-07-20 21:51:04.221 Information UserAskedData Starting...
2026-07-20 21:51:04.221 Information UserAskedData Doing the compiler stuff...
2026-07-20 21:51:04.251 Information CustomLogs constructor: starting
2026-07-20 21:51:04.285 Information CustomLogs WebtagInfo constructor: number of defined Webtag Units: 400, everything OK. 
2026-07-20 21:51:04.286 Information Custom Logs constructor: stop
2026-07-20 21:51:04.313 DefineUsercharts: Parsing User charts definitions - starting
2026-07-20 21:51:04.314 Information Parsing User Charts Definitions : Chart Overview'
2026-07-20 21:51:04.334 Information Parsing User Charts Definitions : Chart Temperature'
2026-07-20 21:51:04.334 Information Parsing User Charts Definitions : Chart Wind'
2026-07-20 21:51:04.334 Information Parsing User Charts Definitions : Chart WindDirection'
2026-07-20 21:51:04.334 Information Parsing User Charts Definitions : Chart Rain'
2026-07-20 21:51:04.334 Information Parsing User Charts Definitions : Chart Humidity'
2026-07-20 21:51:04.334 Information Parsing User Charts Definitions : Chart Solar'
2026-07-20 21:51:04.334 Information Parsing User Charts Definitions : Chart DailyTemp'
2026-07-20 21:51:04.334 Information Parsing User Charts Definitions : Chart DailyPressure'
2026-07-20 21:51:04.342 Information Parsing User Charts: Evaluating Expression '(MinBarometer+MaxBarometer)/2'.
2026-07-20 21:51:04.360 Generating Compiler UserAskedData: Starting
2026-07-20 21:51:04.361 Information GenerateUserAskedData: timeStart = 20/07/2026 21:42:00; timeEnd = 20/07/2026 21:51:00
2026-07-20 21:51:04.362 Monthfile constructor: Using fixed path: | data/ |; file: | *log.txt
2026-07-20 21:51:04.364 ReadPartialMonthlyLogs: Starting.
2026-07-20 21:51:04.377 Information ReadPartialMonthlyLogs: reading 202607log.txt
2026-07-20 21:51:04.663 Information ReadMonthlyLogs: End
2026-07-20 21:51:04.674 Information Generate UserAskedData: DoneToday = 20/07/2026 19:01:04.
2026-07-20 21:51:04.674 Information DateIsToday for thisDate: 20/07/2026 19:01:04 | thisDate.DayOfYear: 201 versus Now.DayOfYear: 201)
2026-07-20 21:51:04.674 Information DateIsToday: thisSpan: 02:50:00.6742123 | thisSpan.TotalDays = 0.11806335893865741
2026-07-20 21:51:04.674 Information Generate UserAskedData: Must NOT generate the ALL Range.
2026-07-20 21:51:04.674 Information Generate UserAskedData - Loop over Chart: Overview)
2026-07-20 21:51:04.675 Information Generate UserAskedData - Testing temp into tempdata.json (Range is Recent)
2026-07-20 21:51:04.675 Information Generate UserAskedData - Testing dew into tempdata.json (Range is Recent)
2026-07-20 21:51:04.675 Information Generate UserAskedData - Testing press into pressdata.json (Range is Recent)
2026-07-20 21:51:04.675 Information Generate UserAskedData - Testing hum into humdata.json (Range is Recent)
2026-07-20 21:51:04.675 Information Generate UserAskedData - Testing SolarRad into solardata.json (Range is Recent)
2026-07-20 21:51:04.675 Information Generate UserAskedData - Testing rfall into raindata.json (Range is Recent)
2026-07-20 21:51:04.675 Information Generate UserAskedData - Loop over Chart: Temperature)
2026-07-20 21:51:04.675 Information Generate UserAskedData - Testing intemp into tempdata.json (Range is Recent)
2026-07-20 21:51:04.675 Information Generate UserAskedData - Testing temp into tempdata.json (Range is Recent)
2026-07-20 21:51:04.675 Information Generate UserAskedData - Testing feelslike into tempdata.json (Range is Recent)
2026-07-20 21:51:04.675 Information Generate UserAskedData - Testing dew into tempdata.json (Range is Recent)
2026-07-20 21:51:04.675 Information Generate UserAskedData - Loop over Chart: Wind)
2026-07-20 21:51:04.675 Information Generate UserAskedData - Testing wgust into winddata.json (Range is Recent)
2026-07-20 21:51:04.675 Information Generate UserAskedData - Testing wspeed into winddata.json (Range is Recent)
2026-07-20 21:51:04.675 Information Generate UserAskedData - Loop over Chart: WindDirection)
2026-07-20 21:51:04.675 Information Generate UserAskedData - Testing bearing into wdirdata.json (Range is Recent)
2026-07-20 21:51:04.675 Information Generate UserAskedData - Testing avgbearing into wdirdata.json (Range is Recent)
2026-07-20 21:51:04.675 Information Generate UserAskedData - Loop over Chart: Rain)
2026-07-20 21:51:04.675 Information Generate UserAskedData - Testing rfall into raindata.json (Range is Recent)
2026-07-20 21:51:04.675 Information Generate UserAskedData - Testing rrate into raindata.json (Range is Recent)
2026-07-20 21:51:04.675 Information Generate UserAskedData - Loop over Chart: Humidity)
2026-07-20 21:51:04.675 Information Generate UserAskedData - Testing hum into humdata.json (Range is Recent)
2026-07-20 21:51:04.675 Information Generate UserAskedData - Testing inhum into humdata.json (Range is Recent)
2026-07-20 21:51:04.675 Information Generate UserAskedData - Loop over Chart: Solar)
2026-07-20 21:51:04.675 Information Generate UserAskedData - Testing UV into solardata.json (Range is Recent)
2026-07-20 21:51:04.675 Information Generate UserAskedData - Testing SolarRad into solardata.json (Range is Recent)
2026-07-20 21:51:04.675 Information Generate UserAskedData - Testing CurrentSolarMax into solardata.json (Range is Recent)
2026-07-20 21:51:04.675 Information Generate UserAskedData - Loop over Chart: DailyTemp)
2026-07-20 21:51:04.675 Information Generate UserAskedData - Testing avgTemp into alldailytempdata.json (Range is Daily)
2026-07-20 21:51:04.675 Information Generate UserAskedData - Testing avgTemp into alldailytempdata.json (Range is Daily)
2026-07-20 21:51:04.675 Information Generate UserAskedData - Loop over Chart: DailyPressure)
2026-07-20 21:51:04.675 Information Generate UserAskedData - Testing minBaro into alldailypressdata.json (Range is Daily)
2026-07-20 21:51:04.675 Information Generate UserAskedData - Testing  into  (Range is Daily)
2026-07-20 21:51:04.675 Information DoAirLink / AirQualitySensor  = False / False
2026-07-20 21:51:04.679 Information Uploading = maps.txt
2026-07-20 21:51:04.687 Testing PHP upload compression on https://jpickles.com/cutils/upload.php
2026-07-20 21:51:04.813 Information PHP upload does not support compression
2026-07-20 21:51:04.813 Information UploadFile: Starting utils/maps.txt => maps.txt
2026-07-20 21:51:04.813 Information Upload File values: localfile: utils/maps.txt
2026-07-20 21:51:04.813 Information Upload File values: remotefile: maps.txt
2026-07-20 21:51:04.822 Information PHP Upload: starting utils/maps.txt
2026-07-20 21:51:04.822 Information Incremental = False; filename = maps.txt; ext = .txt; HoursInGraph = 72
2026-07-20 21:51:04.904 Information InetPhp: maps.txt: Response code = 200: OK
2026-07-20 21:51:04.904 Information InetPhp: maps.txt: Response text follows:
Opening text file maps.txt for replacement
Writing text file maps.txt
Write complete
2026-07-20 21:51:04.904 Information PHP UploadFile: Success
2026-07-20 21:51:04.904 Information UploadFile: Starting utils/systeminfoTable.txt => systeminfoTable.txt
2026-07-20 21:51:04.904 Information Upload File values: localfile: utils/systeminfoTable.txt
2026-07-20 21:51:04.904 Information Upload File values: remotefile: systeminfoTable.txt
2026-07-20 21:51:04.904 Information PHP Upload: starting utils/systeminfoTable.txt
2026-07-20 21:51:04.905 Information Incremental = False; filename = systeminfoTable.txt; ext = .txt; HoursInGraph = 72
2026-07-20 21:51:04.943 Information InetPhp: systeminfoTable.txt: Response code = 200: OK
2026-07-20 21:51:04.944 Information InetPhp: systeminfoTable.txt: Response text follows:
Opening text file systeminfoTable.txt for replacement
Writing text file systeminfoTable.txt
Write complete
2026-07-20 21:51:04.944 Information PHP UploadFile: Success
2026-07-20 21:51:04.944 All done, Entering the finally section...; Closing down.
2026-07-20 21:51:04.944 Disposing Isup...
2026-07-20 21:51:04.944 Disposing Sup...
the finally section...; Closing down.
2026-07-20 21:51:04.940 Disposing Isup...
2026-07-20 21:51:04.941 Disposing Sup...
