2026-07-22 11:41:01.998 Information According to Inifile Info => Error: True, Warning: True, Info: True, Verbose: False, 
2026-07-22 11:41:02.023 CumulusUtils Initial: Shutting down the default listener
2026-07-22 11:41:02.023 Information CumulusUtils Initial: Shutting down the default listener
2026-07-22 11:41:02.074  CUstrings[xx].ini : CUstringsEN.ini looked for.
2026-07-22 11:41:02.103  CumulusUtils version: 7.1.1 
2026-07-22 11:41:02.103  CuSupport constructor : Unit Wind (m/s, mph, km/h, kts): mph
2026-07-22 11:41:02.103  CuSupport constructor : Unit Pressure (mb,hPa,inHg): hPa
2026-07-22 11:41:02.104  CuSupport constructor : Unit Rain (mm,in): mm
2026-07-22 11:41:02.108  CuSupport constructor : Unit T (C,F): °C
2026-07-22 11:41:02.108  CuSupport constructor : Unit Distance (m, mi, km, kn): mi
2026-07-22 11:41:02.109  CuSupport constructor : Unit Height (m, ft): ft
2026-07-22 11:41:02.122 InetSupport: Constructor starting
2026-07-22 11:41:02.195 CumulusUtils : ----------------------------
2026-07-22 11:41:02.195 CumulusUtils : Entering Main
2026-07-22 11:41:02.203 HelpTexts: starting
2026-07-22 11:41:02.248 Information HelpTexts Contructor: stop
2026-07-22 11:41:02.300 CommandLineArgs : starting
2026-07-22 11:41:02.300  CommandLineArgs : handling arg: sysinfo
2026-07-22 11:41:02.301  CommandLineArgs : handling arg: UserAskedData
2026-07-22 11:41:02.301  CommandLineArgs : handling arg: UserReports
2026-07-22 11:41:02.301 Dayfile: Reading the dayfile.txt...
2026-07-22 11:41:02.390 Information CumulusUtils : Read dayfile.txt succesfully - 930 records
2026-07-22 11:41:02.412 Information SystemStatus : starting
2026-07-22 11:41:02.448 Information GetUrlData Start: URL - http://localhost:8998/api/tags/process.json?version&build&ProgramUpTime&NewBuildAvailable&NewBuildNumber&CpuCount&CPUTemp 
2026-07-22 11:41:02.880 CumulusMX Version: 4.5.2 build 4105
2026-07-22 11:41:02.883 Information  SystemStatus: Found device 12 GW1000/Ecowitt Local API
2026-07-22 11:41:02.888 Information ReplaceWebtagsPostAsync start:
2026-07-22 11:41:02.890 Information  PostUrlData Start: http://localhost:8998/api/tags/process.txt 
2026-07-22 11:41:02.891 Information PostUrlData Calling PostAsync
2026-07-22 11:41:02.942 Information PostUrlData success response : OK - OK
2026-07-22 11:41:02.945 SystemStatus : DoingUnix
2026-07-22 11:41:02.947 Information SystemStatus : DoingUnix Start
2026-07-22 11:41:02.953 Information StartProcess cat /etc/os-release
2026-07-22 11:41:02.971 Information StartProcess cat: output=PRETTY_NAME="Debian GNU/Linux 12 (bookworm)"
2026-07-22 11:41:02.971 Information StartProcess cat: output=NAME="Debian GNU/Linux"
2026-07-22 11:41:02.971 Information StartProcess cat: output=VERSION_ID="12"
2026-07-22 11:41:02.971 Information StartProcess cat: output=VERSION="12 (bookworm)"
2026-07-22 11:41:02.971 Information StartProcess cat: output=VERSION_CODENAME=bookworm
2026-07-22 11:41:02.971 Information StartProcess cat: output=ID=debian
2026-07-22 11:41:02.971 Information StartProcess cat: output=HOME_URL="https://www.debian.org/"
2026-07-22 11:41:02.971 Information StartProcess cat: output=SUPPORT_URL="https://www.debian.org/support"
2026-07-22 11:41:02.971 Information StartProcess cat: output=BUG_REPORT_URL="https://bugs.debian.org/"
2026-07-22 11:41:02.971 Information Found Linux NAME: PRETTY_NAME="Debian GNU/Linux 12 (bookworm)"
2026-07-22 11:41:02.976 Information Using Linux dialect: Debian
2026-07-22 11:41:02.976 Information StartProcess uptime -p
2026-07-22 11:41:02.981 Information StartProcess uptime: output=up 3 weeks, 4 days, 16 hours, 7 minutes
2026-07-22 11:41:02.982 Information StartProcess lshw -quiet -class system
2026-07-22 11:41:02.985 Error System/Processor: Unknown (exception) - An error occurred trying to start process 'lshw' with working directory '/opt/CumulusMX'. No such file or directory
2026-07-22 11:41:02.985 Please install lshw (apt-get install lshw)
2026-07-22 11:41:02.985 Information StartProcess uname -s -r -m
2026-07-22 11:41:02.988 Information StartProcess uname: output=Linux 6.1.0-23-amd64 x86_64
2026-07-22 11:41:02.988 Information StartProcess lsb_release -a
2026-07-22 11:41:03.022 Information StartProcess lsb_release: output=Distributor ID:	Debian
2026-07-22 11:41:03.022 Information StartProcess lsb_release: output=Description:	Debian GNU/Linux 12 (bookworm)
2026-07-22 11:41:03.022 Information StartProcess lsb_release: output=Release:	12
2026-07-22 11:41:03.022 Information StartProcess lsb_release: output=Codename:	bookworm
2026-07-22 11:41:03.023 Information StartProcess dotnet --list-runtimes
2026-07-22 11:41:03.030 Information StartProcess dotnet: output=Microsoft.NETCore.App 8.0.8 [/usr/share/dotnet/shared/Microsoft.NETCore.App]
2026-07-22 11:41:03.030 Information StartProcess free -m
2026-07-22 11:41:03.044 Information StartProcess free: output=               total        used        free      shared  buff/cache   available
2026-07-22 11:41:03.044 Information StartProcess free: output=Mem:             960         371         448          31         312         589
2026-07-22 11:41:03.044 Information StartProcess free: output=Swap:            974          75         899
2026-07-22 11:41:03.044 Information StartProcess df -T -text4 -tvfat -h
2026-07-22 11:41:03.050 Information StartProcess df: output=Filesystem     Type  Size  Used Avail Use% Mounted on
2026-07-22 11:41:03.050 Information StartProcess df: output=/dev/sda1      ext4   31G  7.6G   22G  27% /
2026-07-22 11:41:03.052 USerReports: Starting
2026-07-22 11:41:03.066 Information MapsOn: Starting
2026-07-22 11:41:03.073 Information  MapsOn: Adding Station: Westlands
2026-07-22 11:41:03.092 Information MapsOn: Before testing DoneToday after parsing: 22/07/2026 10:41:02 
2026-07-22 11:41:03.093 Information DateIsToday for thisDate: 22/07/2026 10:41:02 | thisDate.DayOfYear: 203 versus Now.DayOfYear: 203)
2026-07-22 11:41:03.104 Information DateIsToday: thisSpan: 01:00:01.0934945 | thisSpan.TotalDays = 0.04167932285300926
2026-07-22 11:41:03.104 Information MapsOn: Must NOT send signature, has been done already : 2026-07-22T10:41:02
2026-07-22 11:41:03.105 Information Fetch Map: Fetching the generated map
2026-07-22 11:41:03.105 Information GetUrlData Start: URL - https://meteo-wagenborgen.nl/maps.txt 
2026-07-22 11:41:04.147 Information Main: <!--
 This file is generated as part of CumulusUti
2026-07-22 11:41:04.148 Information UserAskedData Starting...
2026-07-22 11:41:04.148 Information UserAskedData Doing the compiler stuff...
2026-07-22 11:41:04.180 Information CustomLogs constructor: starting
2026-07-22 11:41:04.198 Information CustomLogs WebtagInfo constructor: number of defined Webtag Units: 400, everything OK. 
2026-07-22 11:41:04.199 Information Custom Logs constructor: stop
2026-07-22 11:41:04.227 DefineUsercharts: Parsing User charts definitions - starting
2026-07-22 11:41:04.228 Information Parsing User Charts Definitions : Chart Overview'
2026-07-22 11:41:04.239 Information Parsing User Charts Definitions : Chart Temperature'
2026-07-22 11:41:04.239 Information Parsing User Charts Definitions : Chart Wind'
2026-07-22 11:41:04.239 Information Parsing User Charts Definitions : Chart WindDirection'
2026-07-22 11:41:04.239 Information Parsing User Charts Definitions : Chart Rain'
2026-07-22 11:41:04.239 Information Parsing User Charts Definitions : Chart Humidity'
2026-07-22 11:41:04.239 Information Parsing User Charts Definitions : Chart Solar'
2026-07-22 11:41:04.240 Information Parsing User Charts Definitions : Chart DailyTemp'
2026-07-22 11:41:04.240 Information Parsing User Charts Definitions : Chart DailyPressure'
2026-07-22 11:41:04.250 Information Parsing User Charts: Evaluating Expression '(MinBarometer+MaxBarometer)/2'.
2026-07-22 11:41:04.269 Generating Compiler UserAskedData: Starting
2026-07-22 11:41:04.270 Information GenerateUserAskedData: timeStart = 22/07/2026 11:32:00; timeEnd = 22/07/2026 11:41:00
2026-07-22 11:41:04.271 Monthfile constructor: Using fixed path: | data/ |; file: | *log.txt
2026-07-22 11:41:04.277 ReadPartialMonthlyLogs: Starting.
2026-07-22 11:41:04.290 Information ReadPartialMonthlyLogs: reading 202607log.txt
2026-07-22 11:41:04.290 Information UserAskedData: Failing in GenerateUSerAskedData - i.e. Compiler data)
2026-07-22 11:41:04.290 Information UserAskedData: Message The process cannot access the file '/opt/CumulusMX/data/copy_202607log.txt' because it is being used by another process.)
2026-07-22 11:41:04.290 Information UserAskedData: Continuing
2026-07-22 11:41:04.290 Information DoAirLink / AirQualitySensor  = False / False
2026-07-22 11:41:04.291 Information Uploading = maps.txt
2026-07-22 11:41:04.300 Testing PHP upload compression on https://jpickles.com/cutils/upload.php
2026-07-22 11:41:04.442 Information PHP upload does not support compression
2026-07-22 11:41:04.442 Information UploadFile: Starting utils/maps.txt => maps.txt
2026-07-22 11:41:04.442 Information Upload File values: localfile: utils/maps.txt
2026-07-22 11:41:04.442 Information Upload File values: remotefile: maps.txt
2026-07-22 11:41:04.447 Information PHP Upload: starting utils/maps.txt
2026-07-22 11:41:04.447 Information Incremental = False; filename = maps.txt; ext = .txt; HoursInGraph = 72
2026-07-22 11:41:04.534 Information InetPhp: maps.txt: Response code = 200: OK
2026-07-22 11:41:04.534 Information InetPhp: maps.txt: Response text follows:
Opening text file maps.txt for replacement
Writing text file maps.txt
Write complete
2026-07-22 11:41:04.534 Information PHP UploadFile: Success
2026-07-22 11:41:04.534 Information UploadFile: Starting utils/systeminfoTable.txt => systeminfoTable.txt
2026-07-22 11:41:04.534 Information Upload File values: localfile: utils/systeminfoTable.txt
2026-07-22 11:41:04.534 Information Upload File values: remotefile: systeminfoTable.txt
2026-07-22 11:41:04.534 Information PHP Upload: starting utils/systeminfoTable.txt
2026-07-22 11:41:04.534 Information Incremental = False; filename = systeminfoTable.txt; ext = .txt; HoursInGraph = 72
2026-07-22 11:41:04.563 Information InetPhp: systeminfoTable.txt: Response code = 200: OK
2026-07-22 11:41:04.563 Information InetPhp: systeminfoTable.txt: Response text follows:
Opening text file systeminfoTable.txt for replacement
Writing text file systeminfoTable.txt
Write complete
2026-07-22 11:41:04.563 Information PHP UploadFile: Success
2026-07-22 11:41:04.563 All done, Entering the finally section...; Closing down.
2026-07-22 11:41:04.563 Disposing Isup...
2026-07-22 11:41:04.564 Disposing Sup...
