2026-07-22 13:51:02.034 Information According to Inifile Info => Error: True, Warning: True, Info: True, Verbose: False, 
2026-07-22 13:51:02.059 CumulusUtils Initial: Shutting down the default listener
2026-07-22 13:51:02.059 Information Cumul2026-07-22 13:51:02.063 CumulusUtils Initial: Shutti2026-07-22 13:51:02.112  CUstrings[xx].ini : CUstringsEN.ini looked for.
2026-07-22 13:51:02.140  CumulusUtils version: 7.1.1 
2026-07-22 13:51:02.141  CuSupport constructor : Unit Wind (m/s, mph, km/h, kts): mph
2026-07-22 13:51:02.141  CuSupport constructor : Unit Pressure (mb,hPa,inHg): hPa
2026-07-22 13:51:02.141  CuSupport constructor : Unit Rain (mm,in): mm
2026-07-22 13:51:02.142  CuSupport constructor : Unit T (C,F): °C
2026-07-22 13:51:02.142  CuSupport constructor : Unit D2026-07-22 13:51:02.145  CuSupport constructor : Unit T (C,F): °C
2026-07-22 13:51:02.145  CuSupport2026-07-22 13:51:02.158 InetSupport: Constructor starting
2026-07-22 13:51:02.218 CumulusUtils : ----------------------------
2026-07-22 13:51:02.218 CumulusUtils : Entering Main
2026-07-22 13:51:02.227 HelpTexts: starting
2026-07-22 13:51:02.267 Information HelpTexts Contructor: stop
2026-07-22 13:51:02.319 CommandLineArgs : starting
2026-07-22 13:51:02.319  CommandLineArgs : handling arg: sysinfo
2026-07-22 13:51:02.319  CommandLineArgs : handling arg: UserAskedData
2026-07-22 13:51:02.319  CommandLineArgs : handling arg: UserReports
2026-07-22 13:51:02.320 Dayfile: Reading the dayfile.txt...
2026-07-22 13:51:02.404 Information CumulusUtils : Read dayfile.txt succesfully - 930 records
2026-07-22 13:51:02.431 Information SystemStatus : starting
2026-07-22 13:51:02.466 Information GetUrlData Start: URL - http://localhost:8998/api/tags/process.json?version&build&ProgramUpTime&NewBuildAvailable&NewBuildNumber&CpuCount&CPUTemp 
2026-07-22 13:51:02.902 CumulusMX Version: 4.5.2 build 4105
2026-07-22 13:51:02.906 Information  SystemStatus: Found device 12 GW1000/Ecowitt Local API
2026-07-22 13:51:02.907 Inform2026-07-22 13:51:02.910 Information  2026-07-22 13:51:02.913 Information  PostUrlData Start: http://localhost:8998/api/tags/process.txt 
2026-07-22 13:51:02.912026-07-22 13:51:02.918 Information  PostUrl2026-07-22 13:51:02.955 Information PostUrlData success response : OK - OK
2026-07-22 13:51:02.966 SystemStatus : DoingUnix
2026-07-22 13:51:02.968 Information SystemStatus : DoingUnix Start
2026-07-22 13:51:02.971 Information StartProcess cat /etc/os-release
2026-07-22 13:51:02.987 Information StartProcess cat: output=PRETTY_NAME="Debian GNU/Linux 12 (bookworm)"
2026-07-22 13:51:02.987 Information StartProcess cat: output=NAME="Debian GNU/Linux"
2026-07-22 13:51:02.987 Information StartProcess cat: output=VERSION_ID="12"
2026-07-22 13:51:02.987 Information StartProcess cat: output=VERSION="12 (bookworm)"
2026-07-22 13:51:02.987 Information StartProcess cat: output=VERSION_CODENAME=bookworm
2026-07-22 13:51:02.987 Information StartProcess cat: output=ID=debian
2026-07-22 13:51:02.987 Information StartProcess cat: output=HOME_URL="https://www.debian.org/"
2026-07-22 13:51:02.987 Information StartProcess cat: output=SUPPORT_URL="https://www.debian.org/support"
2026-07-22 13:51:02.987 Information StartProcess cat: output=BUG_REPORT_URL="https://bugs.debian.org/"
2026-07-22 13:51:02.987 Information Found Linux NAME: PRETTY_NAME="Debian GNU/Linux 12 (bookworm)"
2026-07-22 13:51:02.988 Information Using Linux dialect: Debian
2026-07-22 13:51:02.991 Information StartProcess uptime -p
2026-07-22 13:51:02.996 Information StartProcess uptime: output=up 3 weeks, 4 days, 18 hours, 17 minutes
2026-07-22 13:51:03.002 Information StartProcess lshw -quiet -class system
2026-07-22 13:51:03.004 Error System/Processor: Unknown (exception) - An error occurred trying to start process 'lshw' with working directory '/opt/CumulusMX'. No such file or directory
2026-07-22 13:51:03.004 Please install lshw (apt-get install lshw)
2026-07-22 13:51:03.004 Information StartProcess uname -s -r -m
2026-07-22 13:51:03.007 Information StartProcess uname: output=Linux 6.1.0-23-amd64 x86_64
2026-07-22 13:51:03.007 Information StartProcess lsb_release -a
2026-07-22 13:51:03.041 Information StartProcess lsb_release: output=Distributor ID:	Debian
2026-07-22 13:51:03.041 Information StartProcess lsb_release: output=Description:	Debian GNU/Linux 12 (bookworm)
2026-07-22 13:51:03.041 Information StartProcess lsb_release: output=Release:	12
2026-07-22 13:51:03.041 Information StartProcess lsb_release: output=Codename:	bookworm
2026-07-22 13:51:03.042 Information StartProcess dotnet --list-runtimes
2026-07-22 13:51:03.047 Information StartProcess dotnet: output=Microsoft.NETCore.App 8.0.8 [/usr/share/dotnet/shared/Microsoft.NETCore.App]
2026-07-22 13:51:03.048 Information StartProcess free -m
2026-07-22 13:51:03.053 Information StartProcess free: output=               total        used        free      shared  buff/cache   available
2026-07-22 13:51:03.053 Information StartProcess free: output=Mem:             960         371         418          32         348         589
2026-07-22 13:51:03.053 Information StartProcess free: output=Swap:            974          75         899
2026-07-22 13:51:03.055 Information StartProcess df -T -text4 -tvfat -h
2026-07-22 13:51:03.062 Information StartProcess df: output=Filesystem     Type  Size  Used Avail Use% Mounted on
2026-07-22 13:51:03.062 Information StartProcess df: output=/dev/sda1      ext4   31G  7.6G   22G  27% /
2026-07-22 13:51:03.065 USerReports: Starting
2026-07-22 13:51:03.075 Information MapsOn: Starting
2026-07-22 13:51:03.086 Information  MapsOn: Adding Station: Westlands
2026-07-22 13:51:03.102 Information MapsOn: Before testing DoneToday after parsing: 22/07/2026 10:41:02 
2026-07-22 13:51:03.102 Information DateIsToday for thisDate: 22/07/2026 10:41:02 | thisDate.DayOfYear: 203 versus Now.DayOfYear: 203)
2026-07-22 13:51:03.114 Information DateIsToday: thisSpan: 03:10:01.1028749 | thisSpan.TotalDays = 0.1319572092002315
2026-07-22 13:51:03.114 Information MapsOn: Must NOT send signature, has been done already : 2026-07-22T10:41:02
2026-07-22 13:51:03.114 Information Fetch Map: Fetching the generated map
2026-07-22 13:51:03.114 Information GetUrlData Start: URL - https://meteo-wagenborgen.nl/maps.txt 
2026-07-22 13:51:04.010 Information Main: <!--
 This file is generated as part of CumulusUti
2026-07-22 13:51:04.012 Inform2026-07-22 13:51:04.044 Information Main: <!--
 This file is generated as part of CumulusUti
2026-07-22 13:51:2026-07-22 13:51:04.052 Information CustomLogs constructor: starting
2026-07-22 13:51:04.067 Information CustomLogs WebtagI2026-07-22 13:51:04.078 Information CustomLogs constructor: starting
2026-07-22 13:51:04.097 Information CustomLogs WebtagInfo constructor: number of defined Webtag Units: 400, everything OK. 
2026-07-22 13:51:04.098 Information Custom Logs constructor: stop
2026-07-22 13:51:04.121 DefineUsercharts: Parsing User charts definitions - starting
2026-07-22 13:51:04.121 Information Parsing User Charts Definitions : Chart Overview'
2026-07-22 13:51:04.141 Information Parsing User Charts Definitions : Chart Temperature'
2026-07-22 13:51:04.141 Information Parsing User Charts Definitions : Chart Wind'
2026-07-22 13:51:04.141 Information Parsing User Charts Definitions : Chart WindDirection'
2026-07-22 13:51:04.141 Information Parsing User Charts Definitions : Chart Rain'
2026-07-22 13:51:04.141 Information Parsing User Charts Definitions : Chart Humidity'
2026-07-22 13:51:04.141 Information Parsing User Charts Definitions : Chart Solar'
2026-07-22 13:51:04.141 Information Parsing User Charts Definitions : Chart DailyTemp'
2026-07-22 13:51:04.141 Information Parsing User Charts Definitions : Chart DailyPressure'
2026-07-22 13:51:04.143 Information Parsing User Charts: Evaluating Expression '(MinBarometer+MaxBarometer)/2'.
2026-07-22 13:51:04.163 Generating Compiler UserAskedData: Starting
2026-07-22 13:51:04.164 Information GenerateUserAskedData: timeStart = 22/07/2026 13:42:00; timeEnd = 22/07/2026 13:51:00
2026-07-22 13:51:04.169 Monthfile constructor: Using fixed path: | data/ |; file: | *log.txt
2026-07-22 13:51:2026-07-22 13:51:04.482 Information ReadMonthlyLogs: End
2026-07-22 13:51:04.497 Information Generate UserAskedData: DoneTo2026-07-22 13:51:04.516 Information ReadMonthlyLogs: End
2026-07-22 13:51:04.528 Information Generate UserAskedData: DoneToday = 21/07/2026 19:11:04.
2026-07-22 13:51:04.528 Information DateIsToday for thisDate: 21/07/2026 19:11:04 | thisDate.DayOfYear: 202 versus Now.DayOfYear: 203)
2026-07-22 13:51:04.528 Information DateIsToday: thisSpan: 18:40:00.5283810 | thisSpan.TotalDays = 0.7777838932986111
2026-07-22 13:51:04.528 Information Generate UserAskedData: Must NOT generate the ALL Range.
2026-07-22 13:51:04.528 Information Generate UserAskedData - Loop over Chart: Overview)
2026-07-22 13:51:04.529 Information Generate UserAskedData - Testing temp into tempdata.json (Range is Recent)
2026-07-22 13:51:04.529 Information Generate UserAskedData - Testing dew into tempdata.json (Range is Recent)
2026-07-22 13:51:04.529 Information Generate UserAskedData - Testing press into pressdata.json (Range is Recent)
2026-07-22 13:51:04.529 Information Generate UserAskedData - Testing hum into humdata.json (Range is Recent)
2026-07-22 13:51:04.529 Information Generate UserAskedData - Testing SolarRad into solardata.json (Range is Recent)
2026-07-22 13:51:04.529 Information Generate UserAskedData - Testing rfall into raindata.json (Range is Recent)
2026-07-22 13:51:04.529 Information Generate UserAskedData - Loop over Chart: Temperature)
2026-07-22 13:51:04.529 Information Generate UserAskedData - Testing intemp into tempdata.json (Range is Recent)
2026-07-22 13:51:04.529 Information Generate UserAskedData - Testing temp into tempdata.json (Range is Recent)
2026-07-22 13:51:04.529 Information Generate UserAskedData - Testing feelslike into tempdata.json (Range is Recent)
2026-07-22 13:51:04.529 Information Generate UserAskedData - Testing dew into tempdata.json (Range is Recent)
2026-07-22 13:51:04.529 Information Generate UserAskedData - Loop over Chart: Wind)
2026-07-22 13:51:04.529 Information Generate UserAskedData - Testing wgust into winddata.json (Range is Recent)
2026-07-22 13:51:04.529 Information Generate UserAskedData - Testing wspeed into winddata.json (Range is Recent)
2026-07-22 13:51:04.529 Information Generate UserAskedData - Loop over Chart: WindDirection)
2026-07-22 13:51:04.529 Information Generate UserAskedData - Testing bearing into wdirdata.json (Range is Recent)
2026-07-22 13:51:04.529 Information Generate UserAskedData - Testing avgbearing into wdirdata.json (Range is Recent)
2026-07-22 13:51:04.529 Information Generate UserAskedData - Loop over Chart: Rain)
2026-07-22 13:51:04.529 Information Generate UserAskedData - Testing rfall into raindata.json (Range is Recent)
2026-07-22 13:51:04.529 Information Generate UserAskedData - Testing rrate into raindata.json (Range is Recent)
2026-07-22 13:51:04.529 Information Generate UserAskedData - Loop over Chart: Humidity)
2026-07-22 13:51:04.529 Information Generate UserAskedData - Testing hum into humdata.json (Range is Recent)
2026-07-22 13:51:04.529 Information Generate UserAskedData - Testing inhum into humdata.json (Range is Recent)
2026-07-22 13:51:04.529 Information Generate UserAskedData - Loop over Chart: Solar)
2026-07-22 13:51:04.529 Information Generate UserAskedData - Testing UV into solardata.json (Range is Recent)
2026-07-22 13:51:04.529 Information Generate UserAskedData - Testing SolarRad into solardata.json (Range is Recent)
2026-07-22 13:51:04.529 Information Generate UserAskedData - Testing CurrentSolarMax into solardata.json (Range is Recent)
2026-07-22 13:51:04.529 Information Generate UserAskedData - Loop over Chart: DailyTemp)
2026-07-22 13:51:04.529 Information Generate UserAskedData - Testing avgTemp into alldailytempdata.json (Range is Daily)
2026-07-22 13:51:04.529 Information Generate UserAskedData - Testing avgTemp into alldailytempdata.json (Range is Daily)
2026-07-22 13:51:04.530 Information Generate UserAskedData - Loop over Chart: DailyPressure)
2026-07-22 13:51:04.530 Information Generate UserAskedData - Testing minBaro into alldailypressdata.json (Range is Daily)
2026-07-22 13:51:04.530 Information Generate UserAskedData - Testing  into  (Range is Daily)
2026-07-22 13:51:04.530 Information DoAirLink / AirQualitySensor  = False / False
2026-07-22 13:51:04.530 Informa2026-07-22 13:51:04.654 Information PHP upload does not support compression
2026-07-22 13:51:04.654 Information UploadFile:2026-07-22 13:51:04.667 Information PHP upload does not support compression
2026-07-22 13:51:04.667 Information UploadFile: Starting utils/maps.txt => maps.txt
2026-07-22 13:51:04.667 Information Upload File values: localfile: utils/maps.txt
2026-07-22 13:51:04.667 Information Upload File values: remotefile: maps.txt
2026-07-22 13:51:04.671 Information PHP Upload: starting 2026-07-22 13:51:04.739 Information InetPhp: maps.txt: Response code = 200: OK
2026-07-22 13:51:04.739 Information InetPhp:2026-07-22 13:51:04.747 Information InetPhp: maps.txt: Response code = 200: OK
2026-07-22 13:51:04.747 Information InetPhp: maps.txt: Response text follows:
Opening text file maps.txt for replacement
Writing text file maps.txt
Write complete
2026-07-22 13:51:04.747 Information PHP UploadFile: Success
2026-07-22 13:51:04.747 Information UploadFile: Starting utils/systeminfoTable.txt => systeminfoTable.txt
2026-07-22 13:51:04.748 Information Upload File values: localfile: utils/systeminfoTable.txt
2026-07-22 13:51:04.748 Information Upload File values: remotefile: systeminfoTable.txt
2026-07-22 13:51:04.748 Information PHP Upload: starting utils/systeminfoTable.2026-07-22 13:51:04.771 Information InetPhp: systeminfoTable.txt: Response code = 200: OK
2026-07-22 13:51:04.771 Informati2026-07-22 13:51:04.788 Information InetPhp: systeminfoTable.txt: Response code = 200: OK
2026-07-22 13:51:04.788 Information InetPhp: systeminfoTable.txt: Response text follows:
Opening text file systeminfoTable.txt for replacement
Writing text file systeminfoTable.txt
Write complete
2026-07-22 13:51:04.788 Information PHP UploadFile: Success
2026-07-22 13:51:04.789 All done, Entering the finally section...; Closing down.
2026-07-22 13:51:04.789 Disposing Isup...
2026-07-22 13:51:04.789 Disposing Sup...
