2026-07-21 22:01:01.442 Information According to Inifile Info => Error: True, Warning: True, Info: True, Verbose: False, 
2026-07-21 22:01:01.467 CumulusUtils Initial: Shutting down the default listener
2026-07-21 22:01:01.467 Information Cumul2026-07-21 22:01:01.477 CumulusUtils Initial: Shutti2026-07-21 22:01:01.522  CUstrings[xx].ini : CUstringsEN.ini looked for.
2026-07-21 22:01:01.550  CumulusUtils version: 7.1.1 
2026-07-21 22:01:01.551  CuSupport constructor : Unit Wind (m/s, mph2026-07-21 22:01:01.559  CumulusUtils version: 7.1.1 
2026-07-21 22:01:01.559  CuSupport constructor : Unit Wind (m/s, mph, km/h, kts): mph
2026-07-21 22:01:01.559  CuSupport constructor : Unit Pressure (mb,hPa,inHg): hPa
2026-07-21 22:01:01.559  CuSupport constructor : Unit Rain (mm,in): mm
2026-07-21 22:01:01.560  CuSupport constructor : Unit T (C,F): °C
2026-07-21 22:01:01.560  CuSupport2026-07-21 22:01:01.572 InetSupport: Constructor starting
2026-07-21 22:01:01.634 CumulusUtils : ----------------------------
2026-07-21 22:01:01.634 CumulusUtils : Entering Main
2026-07-21 22:01:01.643 HelpTexts: starting
2026-07-21 22:01:01.682 Information HelpTexts Contructor: stop
2026-07-21 22:01:01.731 CommandLineArgs : starting
2026-07-21 22:01:01.731  CommandLineArgs : handling arg: sysinfo
2026-02026-07-21 22:01:01.738 CommandLineArgs : starting
2026-07-21 22:01:01.738  CommandLineArgs : handling arg: sysinfo
2026-07-21 22:01:01.738  CommandLineArgs : handling arg: UserAskedData
2026-072026-07-21 22:01:01.823 Information CumulusUtils : Read dayfile.txt succesfully - 929 records
2026-07-21 22:01:01.843 Information SystemStatus : starting
2026-07-21 22:01:01.876 Information GetUrlData Start: URL - http://localhost:8998/api/tags/process.json?version&build&Prog2026-07-21 22:01:01.886 Information GetUrlData Start: URL - h2026-07-21 22:01:02.319 CumulusMX Version: 4.5.2 build 4105
2026-07-21 22:01:02.327 Information  SystemStatus: Found devic2026-07-21 22:01:02.331 Cumulu2026-07-21 22:01:02.332 Inform2026-07-21 22:01:02.338 Information  SystemStatus: Found device 12 GW1000/Ecowitt Local API
2026-07-21 22:01:02.339 Information ReplaceWebtagsPostAsync start:
2026-07-21 22:01:02.346 Information  PostUrl2026-07-21 22:01:02.378 Information PostUrlData success response : OK - OK
2026-07-21 22:01:02.385 SystemStatus : DoingUnix
2026-07-21 22:01:02.387 Information SystemStatus : DoingUnix Start
2026-07-21 22:01:02.393 Information StartProcess cat /etc/os-release
2026-07-21 22:01:02.410 Information StartProcess cat: output=PRETTY_NAME="Debian GNU/Linux 12 (bookworm)"
2026-07-21 22:01:02.410 Information StartProcess cat: output=NAME="Debian GNU/Linux"
2026-07-21 22:01:02.410 Information StartProcess cat: output=VERSION_ID="12"
2026-07-21 22:01:02.410 Information StartProcess cat: output=VERSION="12 (bookworm)"
2026-07-21 22:01:02.410 Information StartProcess cat: output=VERSION_CODENAME=bookworm
2026-07-21 22:01:02.410 Information StartProcess cat: output=ID=debian
2026-07-21 22:01:02.410 Information StartProcess cat: output=HOME_URL="https://www.debian.org/"
2026-07-21 22:01:02.410 Information StartProcess cat: output=SUPPORT_URL="https://www.debian.org/support"
2026-07-21 22:01:02.410 Information StartProcess cat: output=BUG_REPORT_URL="https://bugs.debian.org/"
2026-07-21 22:01:02.410 Information Found Linux NAME: PRETTY_NAME="Debian GNU/Linux 12 (bookworm)"
2026-07-21 22:01:02.411 Information Using Linux dialect: Debian
2026-07-21 22:01:02.411 Information StartProcess uptime -p
2026-07-21 22:01:02.415 Information StartProcess uptime: output=up 3 weeks, 4 days, 2 hours, 27 minutes
2026-07-21 22:01:02026-07-21 22:01:02.419 Information StartProcess uptime: 2026-07-21 22:01:02.421 Error System/Processor:2026-07-21 22:01:02.421 Information StartProcess lshw -quiet -class system
2026-07-21 22:01:02.424 Error System/Processor: Unknown (exception) - An error occurred trying to start process 'lshw' with working directory '/opt/CumulusMX'. No such file or directory
2026-07-22026-07-21 22:01:02.426 Information StartProcess uname: output=Linux 6.1.0-23-amd64 x86_64
2026-07-21 22:01:02.426 Informa2026-07-21 22:01:02.427 Informati2026-07-21 22:01:02.453 Information StartProcess lsb_release: output=Distributor ID:	Debian
2026-07-21 22:01:02.453 Inform2026-07-21 22:01:02.459 Information StartProcess lsb_release: output=Distributor ID:	Debian
2026-07-21 22:01:02.459 Information StartProcess lsb_release: output=Description:	Debian GNU/Linux 12 (bookworm)
2026-07-21 22:01:02.459 Information StartProcess lsb_release: output=Release:	12
2026-07-21 22:01:02.459 Information St2026-07-21 22:01:02.461 Information StartProcess dotnet: output=Microsoft.NETCore.App 8.0.8 [/usr/share/dotnet/shared/Micr2026-07-21 22:01:02.464 Information StartProcess dotnet: output=Microsoft.NE2026-07-21 22:01:02.467 Information StartProcess free: output=   2026-07-21 22:01:02.467 Information StartProcess free -m
2026-07-21 22:01:02.470 Information StartProcess free: output=               total        used        free      shared  buff/cache   available
2026-07-21 22:01:02.470 Information StartProcess free: output=Mem:             960         371         399          32         368         588
2026-07-21 22:01:02.470 Information StartProcess free: ou2026-07-21 22:01:02.472 Information StartProcess d2026-07-21 22:01:02.472 Information StartProcess df -T -text4 -tvfat -h
2026-07-21 22:01:02.481 Information StartProcess df: output=Filesystem     Type  Size  Used Avail Use% Mounted on
2026-07-21 22:01:02.482 Infor2026-07-21 22:01:02.491 Information MapsOn: Starting
2026-07-21 22:01:02.495 Information  MapsOn: Adding Station: Westland202026-07-21 22:01:02.514 Information MapsOn: Before testing DoneToday after parsing: 21/07/2026 10:31:03 
2026-07-21 22:01:2026-07-21 22:01:02.518 Information MapsOn: Before testing DoneToday after parsing: 21/07/2026 10:31:03 
2026-07-21 222026-07-21 22:01:02.525 Information DateIsToday: thisSpan: 11:29:59.5149214 | thisSpan.TotalDays = 0.4791610523310185
20262026-07-21 22:01:02.532 Information DateIsToday: thisSpan: 11:29:59.5186743 | thisSpan.TotalDays = 0.4791610957673611
2026-07-21 22:01:02.532 Information MapsOn: Must NOT send signature, has been done already : 2026-07-21T10:31:03
2026-07-21 22:01:02.532 Information Fetch Map: Fetc2026-07-21 22:01:03.493 Information Main: <!--
 This file is generated as part of CumulusUti
2026-07-21 22:01:03.494 Information UserAskedData Starting...
2026-07-21 22:01:03.494 Information UserAskedData Doing the compiler stuff...
2026-07-21 22:01:03.521 Information CustomLogs constructor: starting
2026-07-21 22:01:03.542 Information CustomLogs WebtagInfo constructor: number of defined Webtag Units: 400, everything OK. 
2026-07-21 22:01:03.543 Information Custom Logs constructor: stop
2026-07-21 22:01:03.563 DefineUsercharts: Parsing User charts definitions - starting
2026-07-21 22:01:03.564 Information Parsing User Charts Definitions : Chart Overview'
2026-07-21 22:01:03.584 Information Parsing User Charts Definitions : Chart Temperature'
2026-07-21 22:01:03.584 Information Parsing User Charts Definitions : Chart Wind'
2026-07-21 22:01:03.584 Information Parsing User Charts Definitions : Chart WindDirection'
2026-07-21 22:01:03.584 Information Parsing User Charts Definitions : Chart Rain'
2026-07-21 22:01:03.584 Information Parsing User Charts Definitions : Chart Humidity'
2026-07-21 22:01:03.584 Information Parsing User Charts Definitions : Chart Solar'
2026-07-21 22:01:03.584 Information Parsing User Charts Definitions : Chart DailyTemp'
2026-07-21 22:01:03.588 Information Parsing User Charts Definitions : Chart DailyPressure'
2026-07-21 22:01:03.590 Information Parsing User Charts: Evaluating Expression '(MinBarometer+MaxBarometer)/2'.
2026-07-21 22:01:03.613 Generating Compiler UserAskedData: Starting
2026-07-21 22:01:03.614 Information GenerateUserAskedData: timeStart = 21/07/2026 21:52:00; timeEnd = 21/07/2026 22:01:00
2026-07-21 22:01:03.616 Monthfile constructor: Using fixed path: | data/ |; file: | *log.txt
2026-07-21 22:01:03.618 ReadPartialMonthlyLogs: Starting.
2026-07-21 22:01:03.626 Information ReadPartialMonthlyLogs: reading 202607log.txt
2026-07-21 22:01:03.940 Information ReadMonthlyLogs: End
2026-07-21 22:01:03.950 Information Generate UserAskedData: DoneToday = 21/07/2026 19:11:04.
2026-07-21 22:01:03.950 Information DateIsToday for thisDate: 21/07/2026 19:11:04 | thisDate.DayOfYear: 202 versus Now.DayOfYear: 202)
2026-07-21 22:01:03.950 Information DateIsToday: thisSpan: 02:49:59.9503471 | thisSpan.TotalDays = 0.11805498086921297
2026-07-21 22:01:03.950 Information Generate UserAskedData: Must NOT generate the ALL Range.
2026-07-21 22:01:03.950 Information Generate UserAskedData - Loop over Chart: Overview)
2026-07-21 22:01:03.954 Information Generate UserAskedData - Testing temp into tempdata.json (Range is Recent)
2026-07-21 22:01:03.954 Information Generate UserAskedData - Testing dew into tempdata.json (Range is Recent)
2026-07-21 22:01:03.954 Information Generate UserAskedData - Testing press into pressdata.json (Range is Recent)
2026-07-21 22:01:03.954 Information Generate UserAskedData - Testing hum into humdata.json (Range is Recent)
2026-07-21 22:01:03.954 Information Generate UserAskedData - Testing SolarRad into solardata.json (Range is Recent)
2026-07-21 22:01:03.954 Information Generate UserAskedData - Testing rfall into raindata.json (Range is Recent)
2026-07-21 22:01:03.954 Information Generate UserAskedData - Loop over Chart: Temperature)
2026-07-21 22:01:03.955 Information Generate UserAskedData - Testing intemp into tempdata.json (Range is Recent)
2026-07-21 22:01:03.955 Information Generate UserAskedData - Testing temp into tempdata.json (Range is Recent)
2026-07-21 22:01:03.955 Information Generate UserAskedData - Testing feelslike into tempdata.json (Range is Recent)
2026-07-21 22:01:03.955 Information Generate UserAskedData - Testing dew into tempdata.json (Range is Recent)
2026-07-21 22:01:03.955 Information Generate UserAskedData - Loop over Chart: Wind)
2026-07-21 22:01:03.955 Information Generate UserAskedData - Testing wgust into winddata.json (Range is Recent)
2026-07-21 22:01:03.955 Information Generate UserAskedData - Testing wspeed into winddata.json (Range is Recent)
2026-07-21 22:01:03.955 Information Generate UserAskedData - Loop over Chart: WindDirection)
2026-07-21 22:01:03.955 Information Generate UserAskedData - Testing bearing into wdirdata.json (Range is Recent)
2026-07-21 22:01:03.955 Information Generate UserAskedData - Testing avgbearing into wdirdata.json (Range is Recent)
2026-07-21 22:01:03.955 Information Generate UserAskedData - Loop over Chart: Rain)
2026-07-21 22:01:03.955 Information Generate UserAskedData - Testing rfall into raindata.json (Range is Recent)
2026-07-21 22:01:03.955 Information Generate UserAskedData - Testing rrate into raindata.json (Range is Recent)
2026-07-21 22:01:03.955 Information Generate UserAskedData - Loop over Chart: Humidity)
2026-07-21 22:01:03.955 Information Generate UserAskedData - Testing hum into humdata.json (Range is Recent)
2026-07-21 22:01:03.955 Information Generate UserAskedData - Testing inhum into humdata.json (Range is Recent)
2026-07-21 22:01:03.955 Information Generate UserAskedData - Loop over Chart: Solar)
2026-07-21 22:01:03.955 Information Generate UserAskedData - Testing UV into solardata.json (Range is Recent)
2026-07-21 22:01:03.955 Information Generate UserAskedData - Testing SolarRad into solardata.json (Range is Recent)
2026-07-21 22:01:03.955 Information Generate UserAskedData - Testing CurrentSolarMax into solardata.json (Range is Recent)
2026-07-21 22:01:03.955 Information Generate UserAskedData - Loop over Chart: DailyTemp)
2026-07-21 22:01:03.955 Information Generate UserAskedData - Testing avgTemp into alldailytempdata.json (Range is Daily)
2026-07-21 22:01:03.955 Information Generate UserAskedData - Testing avgTemp into alldailytempdata.json (Range is Daily)
2026-07-21 22:01:03.955 Information Generate UserAskedData - Loop over Chart: DailyPressure)
2026-07-21 22:01:03.955 Information Generate UserAskedData - Testing minBaro into alldailypressdata.json (Range is Daily)
2026-07-21 22:01:03.955 Information Generate UserAskedData - Testing  into  (Range is Daily)
2026-07-21 22:01:03.955 Information DoAirLink / AirQualitySensor  = False / False
2026-07-21 22:01:03.955 Information Uploading = maps.txt
2026-07-21 22:01:03.964 Testing PHP upload compression on https://jpickles.com/cutils/upload.php
2026-07-21 22:01:04.095 Information PHP upload does not support compression
2026-07-21 22:01:04.095 Information UploadFile2026-07-21 22:01:04.146 Information PHP upload does not support compression
2026-07-21 22:01:04.147 Information UploadFile: Starting utils/maps.txt => maps.txt
2026-07-21 22:01:04.147 Information Upload File values: localfile: utils/maps.txt
2026-07-21 22:01:04.147 Information Upload File values: remotefile: maps.txt
2026-07-21 22:01:04.151 Information PHP Upload: starting u2026-07-21 22:01:04.175 Information InetPhp: maps.txt: Response code = 200: OK
2026-07-21 22:01:04.175 Information InetPhp2026-07-21 22:01:04.230 Information InetPhp: maps.txt: Response code = 200: OK
2026-07-21 22:01:04.231 Information InetPhp: maps.txt: Response text follows:
Opening text file maps.txt for replacement
Writing text file maps.txt
Write complete
2026-07-21 22:01:04.231 Information PHP UploadFile: Success
2026-07-21 22:01:04.231 Information UploadFile: Starting utils/systeminfoTable.txt => systeminfoTable.txt
2026-07-21 22:01:04.231 Information Upload File values: localfile: utils/systeminfoTable.txt
2026-07-21 22:01:04.231 Information Upload File values: remotefile: systeminfoTable.txt
2026-07-21 22:01:04.231 Information PHP Upload: starting utils/systeminfoTable.txt
2026-07-21 22:01:04.231 Information Incremental = False; filename = systeminfoTable.txt; ext = .txt; HoursInGraph = 72
2026-07-21 22:01:04.266 Information InetPhp: systeminfoTable.txt: Response code = 200: OK
2026-07-21 22:01:04.266 Information InetPhp: systeminfoTable.txt: Response text follows:
Opening text file systeminfoTable.txt for replacement
Writing text file systeminfoTable.txt
Write complete
2026-07-21 22:01:04.266 Information PHP UploadFile: Success
2026-07-21 22:01:04.266 All done, Entering the finally section...; Closing down.
2026-07-21 22:01:04.266 Disposing Isup...
2026-07-21 22:01:04.266 Disposing Sup...
