2026-07-20 22:11:01.838 Information According to Inifile Info => Error: True, Warning: True, Info: True, Verbose: False, 
2026-07-20 22:11:01.866 CumulusUtils Initial: Shutting down the default listener
2026-07-20 22:11:01.866 Information CumulusUtils Initial: Shutting down the default listener
2026-07-20 22:11:01.896  CUstrings[xx].ini : CUstringsEN.ini looked for.
2026-07-20 22:11:01.909  CumulusUtils version: 7.1.1 
2026-07-20 22:11:01.909  CuSupport constructor : Unit Wind (m/s, mph, km/h, kts): mph
2026-07-20 22:11:01.910  CuSupport constructor : Unit Pressure (mb,hPa,inHg): hPa
2026-07-20 22:11:01.910  CuSupport constructor : Unit Rain (mm,in): mm
2026-07-20 22:11:01.910  CuSupport constructor : Unit T (C,F): °C
2026-07-20 22:11:01.911  CuSupport constructor : Unit Distance (m, mi, km, kn): mi
2026-07-20 22:11:01.911  CuSupport constructor : Unit Height (m, ft): ft
2026-07-20 22:11:01.920 InetSupport: Constructor starting
2026-07-20 22:11:01.955 CumulusUtils : ----------------------------
2026-07-20 22:11:01.955 CumulusUtils : Entering Main
2026-07-20 22:11:01.963 HelpTexts: starting
2026-07-20 22:11:01.986 Information HelpTexts Contructor: stop
2026-07-20 22:11:02.013 CommandLineArgs : starting
2026-07-20 22:11:02.013  CommandLineArgs : handling arg: sysinfo
2026-07-20 22:11:02.013  CommandLineArgs : handling arg: UserAskedData
2026-07-20 22:11:02.013  CommandLineArgs : handling arg: UserReports
2026-07-20 22:11:02.014 Dayfile: Reading the dayfile.txt...
2026-07-20 22:11:02.076 Information CumulusUtils : Read dayfile.txt succesfully - 928 records
2026-07-20 22:11:02.156 Information SystemStatus : starting
2026-07-20 22:11:02.171 Information GetUrlData Start: URL - http://localhost:8998/api/tags/process.json?version&build&ProgramUpTime&NewBuildAvailable&NewBuildNumber&CpuCount&CPUTemp 
2026-07-20 22:11:02.389 CumulusMX Version: 4.5.2 build 4105
2026-07-20 22:11:02.393 Information  SystemStatus: Found device 12 GW1000/Ecowitt Local API
2026-07-20 22:11:02.394 Information ReplaceWebtagsPostAsync start:
2026-07-20 22:11:02.396 Information  PostUrlData Start: http://localhost:8998/api/tags/process.txt 
2026-07-20 22:11:02.396 Information PostUrlData Calling PostAsync
2026-07-20 22:11:02.421 Information PostUrlData success response : OK - OK
2026-07-20 22:11:02.424 SystemStatus : DoingUnix
2026-07-20 22:11:02.425 Information SystemStatus : DoingUnix Start
2026-07-20 22:11:02.428 Information StartProcess cat /etc/os-release
2026-07-20 22:11:02.435 Information StartProcess cat: output=PRETTY_NAME="Debian GNU/Linux 12 (bookworm)"
2026-07-20 22:11:02.435 Information StartProcess cat: output=NAME="Debian GNU/Linux"
2026-07-20 22:11:02.435 Information StartProcess cat: output=VERSION_ID="12"
2026-07-20 22:11:02.435 Information StartProcess cat: output=VERSION="12 (bookworm)"
2026-07-20 22:11:02.435 Information StartProcess cat: output=VERSION_CODENAME=bookworm
2026-07-20 22:11:02.435 Information StartProcess cat: output=ID=debian
2026-07-20 22:11:02.435 Information StartProcess cat: output=HOME_URL="https://www.debian.org/"
2026-07-20 22:11:02.435 Information StartProcess cat: output=SUPPORT_URL="https://www.debian.org/support"
2026-07-20 22:11:02.435 Information StartProcess cat: output=BUG_REPORT_URL="https://bugs.debian.org/"
2026-07-20 22:11:02.437 Information Found Linux NAME: PRETTY_NAME="Debian GNU/Linux 12 (bookworm)"
2026-07-20 22:11:02.438 Information Using Linux dialect: Debian
2026-07-20 22:11:02.438 Information StartProcess uptime -p
2026-07-20 22:11:02.440 Information StartProcess uptime: output=up 3 weeks, 3 days, 2 hours, 37 minutes
2026-07-20 22:11:02.441 Information StartProcess lshw -quiet -class system
2026-07-20 22:11:02.443 Error System/Processor: Unknown (exception) - An error occurred trying to start process 'lshw' with working directory '/opt/CumulusMX'. No such file or directory
2026-07-20 22:11:02.443 Please install lshw (apt-get install lshw)
2026-07-20 22:11:02.443 Information StartProcess uname -s -r -m
2026-07-20 22:11:02.445 Information StartProcess uname: output=Linux 6.1.0-23-amd64 x86_64
2026-07-20 22:11:02.445 Information StartProcess lsb_release -a
2026-07-20 22:11:02.459 Information StartProcess lsb_release: output=Distributor ID:	Debian
2026-07-20 22:11:02.459 Information StartProcess lsb_release: output=Description:	Debian GNU/Linux 12 (bookworm)
2026-07-20 22:11:02.459 Information StartProcess lsb_release: output=Release:	12
2026-07-20 22:11:02.459 Information StartProcess lsb_release: output=Codename:	bookworm
2026-07-20 22:11:02.460 Information StartProcess dotnet --list-runtimes
2026-07-20 22:11:02.463 Information StartProcess dotnet: output=Microsoft.NETCore.App 8.0.8 [/usr/share/dotnet/shared/Microsoft.NETCore.App]
2026-07-20 22:11:02.464 Information StartProcess free -m
2026-07-20 22:11:02.466 Information StartProcess free: output=               total        used        free      shared  buff/cache   available
2026-07-20 22:11:02.466 Information StartProcess free: output=Mem:             960         336         432          22         359         624
2026-07-20 22:11:02.466 Information StartProcess free: output=Swap:            974          76         898
2026-07-20 22:11:02.467 Information StartProcess df -T -text4 -tvfat -h
2026-07-20 22:11:02.468 Information StartProcess df: output=Filesystem     Type  Size  Used Avail Use% Mounted on
2026-07-20 22:11:02.468 Information StartProcess df: output=/dev/sda1      ext4   31G  7.6G   22G  27% /
2026-07-20 22:11:02.472 USerReports: Starting
2026-07-20 22:11:02.478 Information MapsOn: Starting
2026-07-20 22:11:02.482 Information  MapsOn: Adding Station: Westlands
2026-07-20 22:11:02.489 Information MapsOn: Before testing DoneToday after parsing: 20/07/2026 10:31:03 
2026-07-20 22:11:02.490 Information DateIsToday for thisDate: 20/07/2026 10:31:03 | thisDate.DayOfYear: 201 versus Now.DayOfYear: 201)
2026-07-20 22:11:02.496 Information DateIsToday: thisSpan: 11:39:59.4900001 | thisSpan.TotalDays = 0.4861052083344907
2026-07-20 22:11:02.496 Information MapsOn: Must NOT send signature, has been done already : 2026-07-20T10:31:03
2026-07-20 22:11:02.496 Information Fetch Map: Fetching the generated map
2026-07-20 22:11:02.496 Information GetUrlData Start: URL - https://meteo-wagenborgen.nl/maps.txt 
2026-07-20 22:11:03.014 Information Main: <!--
 This file is generated as part of CumulusUti
2026-07-20 22:11:03.015 Information UserAskedData Starting...
2026-07-20 22:11:03.015 Information UserAskedData Doing the compiler stuff...
2026-07-20 22:11:03.031 Information CustomLogs constructor: starting
2026-07-20 22:11:03.041 Information CustomLogs WebtagInfo constructor: number of defined Webtag Units: 400, everything OK. 
2026-07-20 22:11:03.043 Information Custom Logs constructor: stop
2026-07-20 22:11:03.057 DefineUsercharts: Parsing User charts definitions - starting
2026-07-20 22:11:03.057 Information Parsing User Charts Definitions : Chart Overview'
2026-07-20 22:11:03.065 Information Parsing User Charts Definitions : Chart Temperature'
2026-07-20 22:11:03.065 Information Parsing User Charts Definitions : Chart Wind'
2026-07-20 22:11:03.065 Information Parsing User Charts Definitions : Chart WindDirection'
2026-07-20 22:11:03.065 Information Parsing User Charts Definitions : Chart Rain'
2026-07-20 22:11:03.065 Information Parsing User Charts Definitions : Chart Humidity'
2026-07-20 22:11:03.065 Information Parsing User Charts Definitions : Chart Solar'
2026-07-20 22:11:03.065 Information Parsing User Charts Definitions : Chart DailyTemp'
2026-07-20 22:11:03.065 Information Parsing User Charts Definitions : Chart DailyPressure'
2026-07-20 22:11:03.068 Information Parsing User Charts: Evaluating Expression '(MinBarometer+MaxBarometer)/2'.
2026-07-20 22:11:03.080 Generating Compiler UserAskedData: Starting
2026-07-20 22:11:03.081 Information GenerateUserAskedData: timeStart = 20/07/2026 22:02:00; timeEnd = 20/07/2026 22:11:00
2026-07-20 22:11:03.082 Monthfile constructor: Using fixed path: | data/ |; file: | *log.txt
2026-07-20 22:11:03.084 ReadPartialMonthlyLogs: Starting.
2026-07-20 22:11:03.089 Information ReadPartialMonthlyLogs: reading 202607log.txt
2026-07-20 22:11:03.240 Information ReadMonthlyLogs: End
2026-07-20 22:11:03.249 Information Generate UserAskedData: DoneToday = 20/07/2026 19:01:04.
2026-07-20 22:11:03.250 Information DateIsToday for thisDate: 20/07/2026 19:01:04 | thisDate.DayOfYear: 201 versus Now.DayOfYear: 201)
2026-07-20 22:11:03.250 Information DateIsToday: thisSpan: 03:09:59.2500059 | thisSpan.TotalDays = 0.13193576395717593
2026-07-20 22:11:03.250 Information Generate UserAskedData: Must NOT generate the ALL Range.
2026-07-20 22:11:03.250 Information Generate UserAskedData - Loop over Chart: Overview)
2026-07-20 22:11:03.251 Information Generate UserAskedData - Testing temp into tempdata.json (Range is Recent)
2026-07-20 22:11:03.251 Information Generate UserAskedData - Testing dew into tempdata.json (Range is Recent)
2026-07-20 22:11:03.251 Information Generate UserAskedData - Testing press into pressdata.json (Range is Recent)
2026-07-20 22:11:03.251 Information Generate UserAskedData - Testing hum into humdata.json (Range is Recent)
2026-07-20 22:11:03.251 Information Generate UserAskedData - Testing SolarRad into solardata.json (Range is Recent)
2026-07-20 22:11:03.251 Information Generate UserAskedData - Testing rfall into raindata.json (Range is Recent)
2026-07-20 22:11:03.251 Information Generate UserAskedData - Loop over Chart: Temperature)
2026-07-20 22:11:03.251 Information Generate UserAskedData - Testing intemp into tempdata.json (Range is Recent)
2026-07-20 22:11:03.251 Information Generate UserAskedData - Testing temp into tempdata.json (Range is Recent)
2026-07-20 22:11:03.251 Information Generate UserAskedData - Testing feelslike into tempdata.json (Range is Recent)
2026-07-20 22:11:03.251 Information Generate UserAskedData - Testing dew into tempdata.json (Range is Recent)
2026-07-20 22:11:03.251 Information Generate UserAskedData - Loop over Chart: Wind)
2026-07-20 22:11:03.251 Information Generate UserAskedData - Testing wgust into winddata.json (Range is Recent)
2026-07-20 22:11:03.251 Information Generate UserAskedData - Testing wspeed into winddata.json (Range is Recent)
2026-07-20 22:11:03.251 Information Generate UserAskedData - Loop over Chart: WindDirection)
2026-07-20 22:11:03.251 Information Generate UserAskedData - Testing bearing into wdirdata.json (Range is Recent)
2026-07-20 22:11:03.251 Information Generate UserAskedData - Testing avgbearing into wdirdata.json (Range is Recent)
2026-07-20 22:11:03.251 Information Generate UserAskedData - Loop over Chart: Rain)
2026-07-20 22:11:03.251 Information Generate UserAskedData - Testing rfall into raindata.json (Range is Recent)
2026-07-20 22:11:03.251 Information Generate UserAskedData - Testing rrate into raindata.json (Range is Recent)
2026-07-20 22:11:03.251 Information Generate UserAskedData - Loop over Chart: Humidity)
2026-07-20 22:11:03.251 Information Generate UserAskedData - Testing hum into humdata.json (Range is Recent)
2026-07-20 22:11:03.251 Information Generate UserAskedData - Testing inhum into humdata.json (Range is Recent)
2026-07-20 22:11:03.251 Information Generate UserAskedData - Loop over Chart: Solar)
2026-07-20 22:11:03.251 Information Generate UserAskedData - Testing UV into solardata.json (Range is Recent)
2026-07-20 22:11:03.251 Information Generate UserAskedData - Testing SolarRad into solardata.json (Range is Recent)
2026-07-20 22:11:03.251 Information Generate UserAskedData - Testing CurrentSolarMax into solardata.json (Range is Recent)
2026-07-20 22:11:03.251 Information Generate UserAskedData - Loop over Chart: DailyTemp)
2026-07-20 22:11:03.251 Information Generate UserAskedData - Testing avgTemp into alldailytempdata.json (Range is Daily)
2026-07-20 22:11:03.251 Information Generate UserAskedData - Testing avgTemp into alldailytempdata.json (Range is Daily)
2026-07-20 22:11:03.251 Information Generate UserAskedData - Loop over Chart: DailyPressure)
2026-07-20 22:11:03.251 Information Generate UserAskedData - Testing minBaro into alldailypressdata.json (Range is Daily)
2026-07-20 22:11:03.251 Information Generate UserAskedData - Testing  into  (Range is Daily)
2026-07-20 22:11:03.251 Information DoAirLink / AirQualitySensor  = False / False
2026-07-20 22:11:03.251 Information Uploading = maps.txt
2026-07-20 22:11:03.257 Testing PHP upload compression on https://jpickles.com/cutils/upload.php
2026-07-20 22:11:03.395 Information PHP upload does not support compression
2026-07-20 22:11:03.395 Information UploadFile: Starting utils/maps.txt => maps.txt
2026-07-20 22:11:03.395 Information Upload File values: localfile: utils/maps.txt
2026-07-20 22:11:03.396 Information Upload File values: remotefile: maps.txt
2026-07-20 22:11:03.400 Information PHP Upload: starting utils/maps.txt
2026-07-20 22:11:03.400 Information Incremental = False; filename = maps.txt; ext = .txt; HoursInGraph = 72
2026-07-20 22:11:03.479 Information InetPhp: maps.txt: Response code = 200: OK
2026-07-20 22:11:03.479 Information InetPhp: maps.txt: Response text follows:
Opening text file maps.txt for replacement
Writing text file maps.txt
Write complete
2026-07-20 22:11:03.479 Information PHP UploadFile: Success
2026-07-20 22:11:03.480 Information UploadFile: Starting utils/systeminfoTable.txt => systeminfoTable.txt
2026-07-20 22:11:03.480 Information Upload File values: localfile: utils/systeminfoTable.txt
2026-07-20 22:11:03.480 Information Upload File values: remotefile: systeminfoTable.txt
2026-07-20 22:11:03.480 Information PHP Upload: starting utils/systeminfoTable.txt
2026-07-20 22:11:03.480 Information Incremental = False; filename = systeminfoTable.txt; ext = .txt; HoursInGraph = 72
2026-07-20 22:11:03.519 Information InetPhp: systeminfoTable.txt: Response code = 200: OK
2026-07-20 22:11:03.519 Information InetPhp: systeminfoTable.txt: Response text follows:
Opening text file systeminfoTable.txt for replacement
Writing text file systeminfoTable.txt
Write complete
2026-07-20 22:11:03.519 Information PHP UploadFile: Success
2026-07-20 22:11:03.519 All done, Entering the finally section...; Closing down.
2026-07-20 22:11:03.519 Disposing Isup...
2026-07-20 22:11:03.519 Disposing Sup...
