2026-07-21 10:41:01.478 Information According to Inifile Info => Error: True, Warning: True, Info: True, Verbose: False, 
2026-07-21 10:41:01.503 CumulusUtils Initial: Shutting down the default listener
2026-07-21 10:41:01.503 Information Cumul2026-07-21 10:41:01.506 CumulusUtils Initial: Shutti2026-07-21 10:41:01.566  CUstrings[xx].ini : CUstringsEN.ini looked for.
2026-07-21 10:41:01.590  CumulusUtils version: 7.1.1 
2026-07-21 10:41:01.591  CuSupport constructor : Unit Wind (m/s, mph2026-07-21 10:41:01.595  CumulusUtils version: 7.1.1 
2026-07-21 10:41:01.595  CuSupport constructor : Unit Wind (m/s, mph, km/h, kts): mph
2026-07-21 10:41:01.595  CuSupport constructor : Unit Pressure (mb,hPa,inHg): hPa
2026-07-21 10:41:01.595  CuSupport constructor : Unit Rain (mm,in): mm
2026-07-21 10:41:01.596  CuS2026-07-21 10:41:01.600  CuSupport constructor : Unit Height (m, ft): ft
2026-07-21 10:41:01.613 InetSupport: Constructor starting
2026-07-21 10:41:01.671 CumulusUtils : ----------------------------
2026-07-21 10:41:01.671 CumulusUtils : Entering Main
2026-07-21 10:41:01.679 HelpTexts: starting
2026-07-21 10:41:01.722 Information HelpTexts Contructor: stop
2026-07-21 10:41:01.773 CommandLineArgs : starting
2026-07-21 10:41:01.773  CommandLineArgs : handling arg: sysinfo
2026-02026-07-21 10:41:01.776 CommandLineArgs : starting
2026-07-21 10:41:01.776  CommandLineArgs : handling arg: sysinfo
2026-07-21 10:41:01.776  CommandLineArgs : handling arg: UserAskedData
2026-072026-07-21 10:41:01.856 Information CumulusUtils : Read dayfile.txt succesfully - 929 records
2026-07-21 10:41:01.888 Information SystemStatus : starting
2026-07-21 10:41:01.921 Information GetUrlData Start: URL - http://localhost:8998/api/tags/process.json?version&build&ProgramUpTime&NewBuildAvailable&NewBuildNumber&CpuCount&CPUTemp 
2026-07-21 10:41:02.330 CumulusMX Version: 4.5.2 build 4105
2026-07-21 10:41:02.339 Information  SystemStatus: Found device 12 GW1000/Ecowitt Local API
2026-07-21 10:41:02.340 Information ReplaceWebtagsPostAsync start:
2026-07-21 10:41:02.347 Information  PostUrlData Start: http://localhost:8998/api/tags/process.txt 
2026-07-21 10:41:02.347 Information PostUrlData Calling PostAsync
2026-07-21 10:41:02.375 Information PostUrlData success response : OK - OK
2026-07-21 10:41:02.385 SystemStatus : DoingUnix
2026-07-21 10:41:02.387 Information SystemStatus : DoingUnix Start
2026-07-21 10:41:02.393 Information StartProcess cat /e2026-07-21 10:2026-07-21 10:41:02.406 Information StartProcess cat: output=PRETTY_NAME="Debian GNU/Linux 12 (bookworm)"
2026-07-21 10:412026-07-21 10:41:02.414 Information StartProcess cat: output=PRETTY_NAME="Debian GNU/Linux 12 (bookworm)"
2026-07-21 10:41:02.414 Information StartProcess cat: output=NAME="Debian GNU/Linux"
2026-07-21 10:41:02.414 Information StartProcess cat: output=VERSION_ID="12"
2026-07-21 10:41:02.414 Information StartProcess cat: output=VERSION="12 (bookworm)"
2026-07-21 10:41:02.414 Information StartProcess cat: output=VERSION_CODENAME=bookworm
2026-07-21 10:41:02.414 Information StartProcess cat: output=ID=debian
2026-07-21 10:41:02.414 Information StartProcess cat: output=HOME_URL="https://www.debian.org/"
2026-07-21 10:41:02.414 Information StartProcess cat: output=SUPPORT_URL="https://www.debian.org/support"
2026-07-21 10:41:02.414 Information StartProcess cat: output=BUG_REPORT_URL="https://bugs.debian.org/"
2026-07-21 10:41:02.414 Information Found Linux NAME: PRETTY_NAME="Debian GNU/Linux 12 (bookworm)"
22026-07-21 10:41:02.418 Information StartProcess uptime: output=up 3 weeks, 3 days, 15 hours, 7 minutes
2026-07-21 10:41:02026-07-21 10:41:02.424 Information StartProcess uptime: output=up 3 weeks, 3 days, 15 hours, 7 minutes
2026-07-21 10:41:02.424 Information StartProcess lshw -quiet -class system
2026-07-21 10:41:02.427 Error System/Processor: Unknown (exception) - An error occurred trying to start process 'lshw' with working directory '/opt/CumulusMX'. No such file or directory
2026-07-22026-07-21 10:41:02.429 Information StartProcess uname: output=Linux 6.1.0-23-amd64 x86_64
2026-07-21 10:41:02.429 Informa2026-07-21 10:41:02.430 Informati2026-07-21 10:41:02.455 Information StartProcess lsb_release: output=Distributor ID:	Debian
2026-07-21 10:41:02.455 Inform2026-07-21 10:41:02.462 Information StartProcess lsb_release: output=Distributor ID:	Debian
2026-07-21 10:41:02.462 Information StartProcess lsb_release: output=Description:	Debian GNU/Linux 12 (bookworm)
2026-07-21 10:41:02.462 Information StartProcess lsb_release: output=Release:	12
2026-07-21 10:41:02.462 Information St2026-07-21 10:41:02.463 Information StartProcess dotnet: output=Microsoft.NETCore.App 8.0.8 [/usr/share/dotnet/shared/Micr2026-07-21 10:41:02.466 Information StartProcess dotnet: output=Microsoft.NE2026-07-21 10:41:02.470 Information StartProcess free: output=               total        used        free      shared  bu2026-07-21 10:41:02.473 Information StartProcess free: output=               total        used        free      shared  buff/cache   available
2026-07-21 10:41:02.473 Information StartProcess free: output=Mem:             960         362         463          32         304         597
2026-07-21 10:41:02.473 Information StartProcess free: ou2026-07-21 10:41:02.475 Information StartProcess df: output=Filesystem     Type  Size  Used Avail Use% Mounted on
2026-07-2026-07-21 10:41:02.482 Information StartProcess df: output=Filesystem     Type  Size  Used Avail Use% Mounted on
2026-07-21 10:41:02.482 Infor2026-07-21 10:41:02.493 Information MapsOn: Starting
2026-07-21 10:41:02.506 Information  MapsOn: Adding Station: Westlands
2026-07-21 10:41:02.517 Information MapsOn: Before testing DoneToday after parsing: 21/07/2026 10:31:03 
2026-07-21 10:41:2026-07-21 10:41:02.521 Information MapsOn: Before testing DoneToday after parsing: 21/07/2026 10:31:03 
2026-07-21 102026-07-21 10:41:02.532 Information DateIsToday: thisSpan: 00:09:59.5184874 | thisSpan.TotalDays = 0.006938871381944444
202026-07-21 10:41:02.535 Information DateIsToday: thisSpan: 00:09:59.5221678 | thisSpan.TotalDays = 0.006938913979166667
2026-07-21 10:41:02.535 Information MapsOn: Must NOT send signature, has been done already : 2026-07-21T10:31:03
2026-07-21 10:41:02.535 Information Fetch Map: Fetc2026-07-21 10:41:03.524 Information Main: <!--
 This file is generated as part of CumulusUti
2026-07-21 10:41:03.525 Infor2026-07-21 10:41:03.537 Information Main: <!--
 This file is generated as part of CumulusUti
2026-07-21 10:41:02026-07-21 10:41:03.560 Information CustomLogs constructor: starting
2026-07-21 10:41:03.574 Information CustomLogs WebtagInfo constructor: number of defined Webtag Units: 400, everything OK.2026-07-21 10:41:03.582 Information CustomLogs WebtagInfo constructo2026-07-21 10:41:03.600 DefineUsercharts: Parsing User charts definitions - starting
2026-07-21 10:41:03.600 Information P2026-07-21 10:41:03.611 DefineUsercharts: Parsing2026-07-21 10:41:03.619 Information Parsing User Charts Definitions : Chart Temperature'
2026-07-21 10:41:03.619 Informati2026-07-21 10:41:03.623 Information Parsing User Charts Definitions : Chart Temperature'
2026-07-21 10:41:03.623 Information Parsing User Charts Definitions : Chart Wind'
2026-07-21 10:41:03.623 Information Parsing User Charts Definitions : Chart WindDirection'
2026-07-21 10:41:03.623 Information Parsing User Charts Definitions : Chart Rain'
2026-07-21 10:41:03.623 Information Parsing User Charts Definitions : Chart Humidity'
2026-07-21 10:41:03.623 Information Parsing User Charts Definitions : Chart Solar'
2026-07-21 10:41:03.623 Information Parsing User Charts 2026-07-21 10:41:03.626 Information Parsing User Charts: Evaluating Expression '(MinBarometer+MaxBarometer)/2'.
2026-07-21 10:41:03.649 Generating Compiler UserAskedData: Starting
2026-07-21 10:41:03.650 Information GenerateUserAskedD2026-07-21 10:41:03.652 Generating Compiler UserAskedData: Starting
2026-07-21 10:41:03.654 Information GenerateUserAskedData: timeStart = 21/07/2026 10:32:00; t2026-07-21 10:41:03.657 ReadPartialMonthlyLogs: Starting.
2026-07-21 10:41:03.662 Information ReadPartialMonthlyLogs: read2026-07-21 10:41:02026-07-21 10:41:03.973 Information ReadMonthlyLogs: End
2026-07-21 10:41:03.988 Information Generate UserAskedData: DoneToday = 20/07/2026 19:01:04.
2026-07-21 10:41:03.988 Information DateIsToday for thisDate: 20/07/2026 19:01:04 | thisDate.DayOfYear: 201 versus Now.DayOfYear: 202)
2026-07-21 10:41:03.988 Information DateIsToday: thisSpan: 15:39:59.9881069 | thisSpan.TotalDays = 0.6527776401261574
2026-07-21 10:41:03.988 Information Generate UserAskedData: Must NOT generate the ALL Range.
2026-07-21 10:41:03.988 Information Generate UserAskedData - Loop over Chart: Overview)
2026-07-21 10:41:03.992 Information Generate UserAskedData - Testing temp into tempdata.json (Range is Recent)
2026-07-21 10:41:03.992 Information Generate UserAskedData - Testing dew into tempdata.json (Range is Recent)
2026-07-21 10:41:03.992 Information Generate UserAskedData - Testing press into pressdata.json (Range is Recent)
2026-07-21 10:41:03.992 Information Generate UserAskedData - Testing hum into humdata.json (Range is Recent)
2026-07-21 10:41:03.993 Information Generate UserAskedData - Testing SolarRad into solardata.json (Range is Recent)
2026-07-21 10:41:03.993 Information Generate UserAskedData - Testing rfall into raindata.json (Range is Recent)
2026-07-21 10:41:03.993 Information Generate UserAskedData - Loop over Chart: Temperature)
2026-07-21 10:41:03.993 Information Generate UserAskedData - Testing intemp into tempdata.json (Range is Recent)
2026-07-21 10:41:03.993 Information Generate UserAskedData - Testing temp into tempdata.json (Range is Recent)
2026-07-21 10:41:03.993 Information Generate UserAskedData - Testing feelslike into tempdata.json (Range is Recent)
2026-07-21 10:41:03.993 Information Generate UserAskedData - Testing dew into tempdata.json (Range is Recent)
2026-07-21 10:41:03.993 Information Generate UserAskedData - Loop over Chart: Wind)
2026-07-21 10:41:03.993 Information Generate UserAskedData - Testing wgust into winddata.json (Range is Recent)
2026-07-21 10:41:03.993 Information Generate UserAskedData - Testing wspeed into winddata.json (Range is Recent)
2026-07-21 10:41:03.993 Information Generate UserAskedData - Loop over Chart: WindDirection)
2026-07-21 10:41:03.993 Information Generate UserAskedData - Testing bearing into wdirdata.json (Range is Recent)
2026-07-21 10:41:03.993 Information Generate UserAskedData - Testing avgbearing into wdirdata.json (Range is Recent)
2026-07-21 10:41:03.993 Information Generate UserAskedData - Loop over Chart: Rain)
2026-07-21 10:41:03.993 Information Generate UserAskedData - Testing rfall into raindata.json (Range is Recent)
2026-07-21 10:41:03.993 Information Generate UserAskedData - Testing rrate into raindata.json (Range is Recent)
2026-07-21 10:41:03.993 Information Generate UserAskedData - Loop over Chart: Humidity)
2026-07-21 10:41:03.993 Information Generate UserAskedData - Testing hum into humdata.json (Range is Recent)
2026-07-21 10:41:03.993 Information Generate UserAskedData - Testing inhum into humdata.json (Range is Recent)
2026-07-21 10:41:03.993 Information Generate UserAskedData - Loop over Chart: Solar)
2026-07-21 10:41:03.993 Information Generate UserAskedData - Testing UV into solardata.json (Range is Recent)
2026-07-21 10:41:03.993 Information Generate UserAskedData - Testing SolarRad into solardata.json (Range is Recent)
2026-07-21 10:41:03.993 Information Generate UserAskedData - Testing CurrentSolarMax into solardata.json (Range is Recent)
2026-07-21 10:41:03.993 Information Generate UserAskedData - Loop over Chart: DailyTemp)
2026-07-21 10:41:03.993 Information Generate UserAskedData - Testing avgTemp into alldailytempdata.json (Range is Daily)
2026-07-21 10:41:03.993 Information Generate UserAskedData - Testing avgTemp into alldailytempdata.json (Range is Daily)
2026-07-21 10:41:03.993 Information Generate UserAskedData - Loop over Chart: DailyPressure)
2026-07-21 10:41:03.993 Information Generate UserAskedData - Testing minBaro into alldailypressdata.json (Range is Daily)
2026-07-21 10:41:03.993 Information Generate UserAskedData - Testing  into  (Range is Daily)
2026-07-21 10:41:03.993 Information DoAirLink / AirQualitySensor  = False / False
2026-07-21 10:41:03.993 Information Uploading = maps.txt
2026-07-21 10:41:04.002 Testing PHP upload compression on https://jpickles.com/cutils/upload.php
2026-07-21 10:41:04.144 Information PHP upload does not support compression
2026-07-21 10:41:04.144 Information UploadFile: Starting utils/maps.txt => maps.txt
2026-07-21 10:41:04.144 Information Upload File values: localfile: utils/maps.txt
2026-07-21 10:41:04.144 Information Upload File values: remotefile: maps.txt
2026-07-21 10:41:04.148 Information PHP Upload: starting utils/maps.txt
2026-07-21 10:41:04.152 Information Incremental = False; filename = maps.txt; ext = .txt; HoursInGraph = 72
2026-07-21 10:41:04.233 Information InetPhp: maps.txt: Response code = 200: OK
2026-07-21 10:41:04.233 Information InetPhp: maps.txt: Response text follows:
Opening text file maps.txt for replacement
Writing text file maps.txt
Write complete
2026-07-21 10:41:04.233 Information PHP UploadFile: Success
2026-07-21 10:41:04.233 Information UploadFile: Starting utils/systeminfoTable.txt => systeminfoTable.txt
2026-07-21 10:41:04.233 Information Upload File values: localfile: utils/systeminfoTable.txt
2026-07-21 10:41:04.233 Information Upload File values: remotefile: systeminfoTable.txt
2026-07-21 10:41:04.233 Information PHP Upload: starting utils/systeminfoTable.txt
2026-07-21 10:41:04.233 Information Incremental = False; filename = systeminfoTable.txt; ext = .txt; HoursInGraph = 72
2026-07-21 10:41:04.269 Information InetPhp: systeminfoTable.txt: Response code = 200: OK
2026-07-21 10:41:04.270 Information InetPhp: systeminfoTable.txt: Response text follows:
Opening text file systeminfoTable.txt for replacement
Writing text file systeminfoTable.txt
Write complete
2026-07-21 10:41:04.270 Information PHP UploadFile: Success
2026-07-21 10:41:04.270 All done, Entering the finally section...; Closing down.
2026-07-21 10:41:04.270 Disposing Isup...
2026-07-21 10:41:04.270 Disposing Sup...
 the finally section...; Closing down.
2026-07-21 10:41:04.261 Disposing Isup...
2026-07-21 10:41:04.262 Disposing Sup...
