2026-07-20 16:21:02.323 Information According to Inifile Info => Error: True, Warning: True, Info: True, Verbose: False, 
2026-07-20 16:21:02.352 CumulusUtils Initial: Shutting down the default listener
2026-07-20 16:21:02.352 Information CumulusUtils Initial: Shutting down the default listener
2026-07-20 16:21:02.408  CUstrings[xx].ini : CUstringsEN.ini looked for.
2026-07-20 16:21:02.432  CumulusUtils version: 7.1.1 
2026-07-20 16:21:02.432  CuSupport constructor : Unit Wind (m/s, mph, km/h, kts): mph
2026-07-20 16:21:02.433  CuSupport constructor : Unit Pressure (mb,hPa,inHg): hPa
2026-07-20 16:21:02.433  CuSupport constructor : Unit Rain (mm,in): mm
2026-07-20 16:21:02.433  CuSupport constructor : Unit T (C,F): °C
2026-07-20 16:21:02.435  CuSupport constructor : Unit Distance (m, mi, km, kn): mi
2026-07-20 16:21:02.435  CuSupport constructor : Unit Height (m, ft): ft
2026-07-20 16:21:02.446 InetSupport: Constructor starting
2026-07-20 16:21:02.512 CumulusUtils : ----------------------------
2026-07-20 16:21:02.512 CumulusUtils : Entering Main
2026-07-20 16:21:02.523 HelpTexts: starting
2026-07-20 16:21:02.564 Information HelpTexts Contructor: stop
2026-07-20 16:21:02.607 CommandLineArgs : starting
2026-07-20 16:21:02.607  CommandLineArgs : handling arg: sysinfo
2026-07-20 16:21:02.607  CommandLineArgs : handling arg: UserAskedData
2026-07-20 16:21:02.607  CommandLineArgs : handling arg: UserReports
2026-07-20 16:21:02.608 Dayfile: Reading the dayfile.txt...
2026-07-20 16:21:02.698 Information CumulusUtils : Read dayfile.txt succesfully - 928 records
2026-07-20 16:21:02.723 Information SystemStatus : starting
2026-07-20 16:21:02.753 Information GetUrlData Start: URL - http://localhost:8998/api/tags/process.json?version&build&ProgramUpTime&NewBuildAvailable&NewBuildNumber&CpuCount&CPUTemp 
2026-07-20 16:21:03.163 CumulusMX Version: 4.5.2 build 4105
2026-07-20 16:21:03.170 Information  SystemStatus: Found device 12 GW1000/Ecowitt Local API
2026-07-20 16:21:03.177 Information ReplaceWebtagsPostAsync start:
2026-07-20 16:21:03.179 Information  PostUrlData Start: http://localhost:8998/api/tags/process.txt 
2026-07-20 16:21:03.180 Information PostUrlData Calling PostAsync
2026-07-20 16:21:03.226 Information PostUrlData success response : OK - OK
2026-07-20 16:21:03.233 SystemStatus : DoingUnix
2026-07-20 16:21:03.235 Information SystemStatus : DoingUnix Start
2026-07-20 16:21:03.238 Information StartProcess cat /etc/os-release
2026-07-20 16:21:03.256 Information StartProcess cat: output=PRETTY_NAME="Debian GNU/Linux 12 (bookworm)"
2026-07-20 16:21:03.257 Information StartProcess cat: output=NAME="Debian GNU/Linux"
2026-07-20 16:21:03.257 Information StartProcess cat: output=VERSION_ID="12"
2026-07-20 16:21:03.257 Information StartProcess cat: output=VERSION="12 (bookworm)"
2026-07-20 16:21:03.257 Information StartProcess cat: output=VERSION_CODENAME=bookworm
2026-07-20 16:21:03.257 Information StartProcess cat: output=ID=debian
2026-07-20 16:21:03.257 Information StartProcess cat: output=HOME_URL="https://www.debian.org/"
2026-07-20 16:21:03.257 Information StartProcess cat: output=SUPPORT_URL="https://www.debian.org/support"
2026-07-20 16:21:03.257 Information StartProcess cat: output=BUG_REPORT_URL="https://bugs.debian.org/"
2026-07-20 16:21:03.258 Information Found Linux NAME: PRETTY_NAME="Debian GNU/Linux 12 (bookworm)"
2026-07-20 16:21:03.259 Information Using Linux dialect: Debian
2026-07-20 16:21:03.259 Information StartProcess uptime -p
2026-07-20 16:21:03.265 Information StartProcess uptime: output=up 3 weeks, 2 days, 20 hours, 47 minutes
2026-07-20 16:21:03.268 Information StartProcess lshw -quiet -class system
2026-07-20 16:21:03.270 Error System/Processor: Unknown (exception) - An error occurred trying to start process 'lshw' with working directory '/opt/CumulusMX'. No such file or directory
2026-07-20 16:21:03.270 Please install lshw (apt-get install lshw)
2026-07-20 16:21:03.270 Information StartProcess uname -s -r -m
2026-07-20 16:21:03.272 Information StartProcess uname: output=Linux 6.1.0-23-amd64 x86_64
2026-07-20 16:21:03.272 Information StartProcess lsb_release -a
2026-07-20 16:21:03.303 Information StartProcess lsb_release: output=Distributor ID:	Debian
2026-07-20 16:21:03.303 Information StartProcess lsb_release: output=Description:	Debian GNU/Linux 12 (bookworm)
2026-07-20 16:21:03.303 Information StartProcess lsb_release: output=Release:	12
2026-07-20 16:21:03.303 Information StartProcess lsb_release: output=Codename:	bookworm
2026-07-20 16:21:03.304 Information StartProcess dotnet --list-runtimes
2026-07-20 16:21:03.310 Information StartProcess dotnet: output=Microsoft.NETCore.App 8.0.8 [/usr/share/dotnet/shared/Microsoft.NETCore.App]
2026-07-20 16:21:03.311 Information StartProcess free -m
2026-07-20 16:21:03.317 Information StartProcess free: output=               total        used        free      shared  buff/cache   available
2026-07-20 16:21:03.317 Information StartProcess free: output=Mem:             960         368         415          29         351         591
2026-07-20 16:21:03.317 Information StartProcess free: output=Swap:            974          78         896
2026-07-20 16:21:03.318 Information StartProcess df -T -text4 -tvfat -h
2026-07-20 16:21:03.327 Information StartProcess df: output=Filesystem     Type  Size  Used Avail Use% Mounted on
2026-07-20 16:21:03.327 Information StartProcess df: output=/dev/sda1      ext4   31G  7.5G   22G  27% /
2026-07-20 16:21:03.331 USerReports: Starting
2026-07-20 16:21:03.346 Information MapsOn: Starting
2026-07-20 16:21:03.353 Information  MapsOn: Adding Station: Westlands
2026-07-20 16:21:03.367 Information MapsOn: Before testing DoneToday after parsing: 20/07/2026 10:31:03 
2026-07-20 16:21:03.367 Information DateIsToday for thisDate: 20/07/2026 10:31:03 | thisDate.DayOfYear: 201 versus Now.DayOfYear: 201)
2026-07-20 16:21:03.381 Information DateIsToday: thisSpan: 05:50:00.3676245 | thisSpan.TotalDays = 0.24305981046875
2026-07-20 16:21:03.381 Information MapsOn: Must NOT send signature, has been done already : 2026-07-20T10:31:03
2026-07-20 16:21:03.381 Information Fetch Map: Fetching the generated map
2026-07-20 16:21:03.382 Information GetUrlData Start: URL - https://meteo-wagenborgen.nl/maps.txt 
2026-07-20 16:21:04.291 Information Main: <!--
 This file is generated as part of CumulusUti
2026-07-20 16:21:04.292 Information UserAskedData Starting...
2026-07-20 16:21:04.292 Information UserAskedData Doing the compiler stuff...
2026-07-20 16:21:04.325 Information CustomLogs constructor: starting
2026-07-20 16:21:04.344 Information CustomLogs WebtagInfo constructor: number of defined Webtag Units: 400, everything OK. 
2026-07-20 16:21:04.349 Information Custom Logs constructor: stop
2026-07-20 16:21:04.369 DefineUsercharts: Parsing User charts definitions - starting
2026-07-20 16:21:04.370 Information Parsing User Charts Definitions : Chart Overview'
2026-07-20 16:21:04.386 Information Parsing User Charts Definitions : Chart Temperature'
2026-07-20 16:21:04.386 Information Parsing User Charts Definitions : Chart Wind'
2026-07-20 16:21:04.386 Information Parsing User Charts Definitions : Chart WindDirection'
2026-07-20 16:21:04.386 Information Parsing User Charts Definitions : Chart Rain'
2026-07-20 16:21:04.386 Information Parsing User Charts Definitions : Chart Humidity'
2026-07-20 16:21:04.386 Information Parsing User Charts Definitions : Chart Solar'
2026-07-20 16:21:04.386 Information Parsing User Charts Definitions : Chart DailyTemp'
2026-07-20 16:21:04.387 Information Parsing User Charts Definitions : Chart DailyPressure'
2026-07-20 16:21:04.397 Information Parsing User Charts: Evaluating Expression '(MinBarometer+MaxBarometer)/2'.
2026-07-20 16:21:04.416 Generating Compiler UserAskedData: Starting
2026-07-20 16:21:04.418 Information GenerateUserAskedData: timeStart = 20/07/2026 16:12:00; timeEnd = 20/07/2026 16:21:00
2026-07-20 16:21:04.418 Monthfile constructor: Using fixed path: | data/ |; file: | *log.txt
2026-07-20 16:21:04.429 ReadPartialMonthlyLogs: Starting.
2026-07-20 16:21:04.437 Information ReadPartialMonthlyLogs: reading 202607log.txt
2026-07-20 16:21:04.724 Information ReadMonthlyLogs: End
2026-07-20 16:21:04.743 Information Generate UserAskedData: DoneToday = 19/07/2026 19:01:04.
2026-07-20 16:21:04.743 Information DateIsToday for thisDate: 19/07/2026 19:01:04 | thisDate.DayOfYear: 200 versus Now.DayOfYear: 201)
2026-07-20 16:21:04.743 Information DateIsToday: thisSpan: 21:20:00.7431055 | thisSpan.TotalDays = 0.8888974896469908
2026-07-20 16:21:04.743 Information Generate UserAskedData: Must NOT generate the ALL Range.
2026-07-20 16:21:04.743 Information Generate UserAskedData - Loop over Chart: Overview)
2026-07-20 16:21:04.749 Information Generate UserAskedData - Testing temp into tempdata.json (Range is Recent)
2026-07-20 16:21:04.749 Information Generate UserAskedData - Testing dew into tempdata.json (Range is Recent)
2026-07-20 16:21:04.749 Information Generate UserAskedData - Testing press into pressdata.json (Range is Recent)
2026-07-20 16:21:04.749 Information Generate UserAskedData - Testing hum into humdata.json (Range is Recent)
2026-07-20 16:21:04.749 Information Generate UserAskedData - Testing SolarRad into solardata.json (Range is Recent)
2026-07-20 16:21:04.749 Information Generate UserAskedData - Testing rfall into raindata.json (Range is Recent)
2026-07-20 16:21:04.749 Information Generate UserAskedData - Loop over Chart: Temperature)
2026-07-20 16:21:04.749 Information Generate UserAskedData - Testing intemp into tempdata.json (Range is Recent)
2026-07-20 16:21:04.749 Information Generate UserAskedData - Testing temp into tempdata.json (Range is Recent)
2026-07-20 16:21:04.749 Information Generate UserAskedData - Testing feelslike into tempdata.json (Range is Recent)
2026-07-20 16:21:04.749 Information Generate UserAskedData - Testing dew into tempdata.json (Range is Recent)
2026-07-20 16:21:04.749 Information Generate UserAskedData - Loop over Chart: Wind)
2026-07-20 16:21:04.749 Information Generate UserAskedData - Testing wgust into winddata.json (Range is Recent)
2026-07-20 16:21:04.749 Information Generate UserAskedData - Testing wspeed into winddata.json (Range is Recent)
2026-07-20 16:21:04.749 Information Generate UserAskedData - Loop over Chart: WindDirection)
2026-07-20 16:21:04.749 Information Generate UserAskedData - Testing bearing into wdirdata.json (Range is Recent)
2026-07-20 16:21:04.749 Information Generate UserAskedData - Testing avgbearing into wdirdata.json (Range is Recent)
2026-07-20 16:21:04.749 Information Generate UserAskedData - Loop over Chart: Rain)
2026-07-20 16:21:04.749 Information Generate UserAskedData - Testing rfall into raindata.json (Range is Recent)
2026-07-20 16:21:04.749 Information Generate UserAskedData - Testing rrate into raindata.json (Range is Recent)
2026-07-20 16:21:04.749 Information Generate UserAskedData - Loop over Chart: Humidity)
2026-07-20 16:21:04.749 Information Generate UserAskedData - Testing hum into humdata.json (Range is Recent)
2026-07-20 16:21:04.749 Information Generate UserAskedData - Testing inhum into humdata.json (Range is Recent)
2026-07-20 16:21:04.749 Information Generate UserAskedData - Loop over Chart: Solar)
2026-07-20 16:21:04.749 Information Generate UserAskedData - Testing UV into solardata.json (Range is Recent)
2026-07-20 16:21:04.749 Information Generate UserAskedData - Testing SolarRad into solardata.json (Range is Recent)
2026-07-20 16:21:04.749 Information Generate UserAskedData - Testing CurrentSolarMax into solardata.json (Range is Recent)
2026-07-20 16:21:04.749 Information Generate UserAskedData - Loop over Chart: DailyTemp)
2026-07-20 16:21:04.749 Information Generate UserAskedData - Testing avgTemp into alldailytempdata.json (Range is Daily)
2026-07-20 16:21:04.749 Information Generate UserAskedData - Testing avgTemp into alldailytempdata.json (Range is Daily)
2026-07-20 16:21:04.749 Information Generate UserAskedData - Loop over Chart: DailyPressure)
2026-07-20 16:21:04.749 Information Generate UserAskedData - Testing minBaro into alldailypressdata.json (Range is Daily)
2026-07-20 16:21:04.749 Information Generate UserAskedData - Testing  into  (Range is Daily)
2026-07-20 16:21:04.749 Information DoAirLink / AirQualitySensor  = False / False
2026-07-20 16:21:04.750 Information Uploading = maps.txt
2026-07-20 16:21:04.760 Testing PHP upload compression on https://jpickles.com/cutils/upload.php
2026-07-20 16:21:04.898 Information PHP upload does not support compression
2026-07-20 16:21:04.898 Information UploadFile: Starting utils/maps.txt => maps.txt
2026-07-20 16:21:04.898 Information Upload File values: localfile: utils/maps.txt
2026-07-20 16:21:04.898 Information Upload File values: remotefile: maps.txt
2026-07-20 16:21:04.907 Information PHP Upload: starting utils/maps.txt
2026-07-20 16:21:04.907 Information Incremental = False; filename = maps.txt; ext = .txt; HoursInGraph = 72
2026-07-20 16:21:04.998 Information InetPhp: maps.txt: Response code = 200: OK
2026-07-20 16:21:04.999 Information InetPhp: maps.txt: Response text follows:
Opening text file maps.txt for replacement
Writing text file maps.txt
Write complete
2026-07-20 16:21:04.999 Information PHP UploadFile: Success
2026-07-20 16:21:04.999 Information UploadFile: Starting utils/systeminfoTable.txt => systeminfoTable.txt
2026-07-20 16:21:04.999 Information Upload File values: localfile: utils/systeminfoTable.txt
2026-07-20 16:21:04.999 Information Upload File values: remotefile: systeminfoTable.txt
2026-07-20 16:21:04.999 Information PHP Upload: starting utils/systeminfoTable.txt
2026-07-20 16:21:04.999 Information Incremental = False; filename = systeminfoTable.txt; ext = .txt; HoursInGraph = 72
2026-07-20 16:21:05.034 Information InetPhp: systeminfoTable.txt: Response code = 200: OK
2026-07-20 16:21:05.034 Information InetPhp: systeminfoTable.txt: Response text follows:
Opening text file systeminfoTable.txt for replacement
Writing text file systeminfoTable.txt
Write complete
2026-07-20 16:21:05.035 Information PHP UploadFile: Success
2026-07-20 16:21:05.035 All done, Entering the finally section...; Closing down.
2026-07-20 16:21:05.035 Disposing Isup...
2026-07-20 16:21:05.035 Disposing Sup...
