2026-07-21 02:51:01.513 Information According to Inifile Info => Error: True, Warning: True, Info: True, Verbose: False, 
2026-07-21 02:51:01.539 CumulusUtils Initial: Shutting down the default listener
2026-07-21 02:51:01.539 Information Cumul2026-07-21 02:51:01.542 CumulusUtils Initial: Shutti2026-07-21 02:51:01.593  CUstrings[xx].ini : CUstringsEN.ini looked for.
2026-07-21 02:51:01.618  CumulusUtils version: 7.1.1 
2026-07-21 02:51:01.618  CuSupport constructor : Unit Wind (m/s, mph2026-07-21 02:51:01.621  CumulusUtils version: 7.1.1 
2026-07-21 02:51:01.621  CuSupport constructor : Unit Wind (m/s, mph, km/h, kts): mph
2026-07-21 02:51:01.622  CuSupport constructor : Unit Pressure (mb,hPa,inHg): hPa
2026-07-21 02:51:01.622  CuSupport constructor : Unit Rain (mm,in): mm
2026-07-21 02:51:01.622  CuSupport constructor : Unit T (C,F): °C
2026-07-21 02:51:01.623  CuSupport2026-07-21 02:51:01.639 InetSupport: Constructor starting
2026-07-21 02:51:01.698 CumulusUtils : ----------------------------
2026-07-21 02:51:01.698 CumulusUtils : Entering Main
2026-07-21 02:51:01.707 HelpTexts: starting
2026-07-21 02:51:01.751 Information HelpTexts Contructor: stop
2026-07-21 02:51:01.799 CommandLineArgs : starting
2026-07-21 02:51:01.799  CommandLineArgs : handling arg: sysinfo
2026-02026-07-21 02:51:01.802 CommandLineArgs : starting
2026-07-21 02:51:01.802  CommandLineArgs : handling arg: sysinfo
2026-07-21 02:51:01.802  CommandLineArgs : handling arg: UserAskedData
2026-072026-07-21 02:51:01.897 Information CumulusUtils : Read dayfile.txt succesfully - 929 records
2026-07-21 02:51:01.922 Information SystemStatus : starting
2026-07-21 02:51:01.953 Information GetUrlData Start: URL - http://localhost:8998/api/tags/process.json?version&build&Prog2026-07-21 02:51:01.957 Information GetUrlData Start: URL - h2026-07-21 02:51:02.370 CumulusMX Version: 4.5.2 build 4105
2026-07-21 02:51:02.377 Information  SystemStatus: Found device 12 GW1000/Ecowitt Local API
2026-07-21 02:51:02.378 Inform2026-07-21 02:51:02.383 Information  2026-07-21 02:51:02.386 Information  PostUrlData Start: http://localhost:8998/api/tags/process.txt 
2026-07-21 02:51:02.382026-07-21 02:51:02.389 Information  PostUrl2026-07-21 02:51:02.430 Information PostUrlData success response : OK - OK
2026-07-21 02:51:02.438 SystemStatus : DoingUnix
2026-07-21 02:51:02.440 Information SystemStatus : DoingUnix Start
2026-07-21 02:51:02.450 Information StartProcess cat /etc/os-release
2026-07-21 02:51:02.460 Information StartProcess cat: output=PRETTY_NAME="Debian GNU/Linux 12 (bookworm)"
2026-07-21 02:512026-07-21 02:51:02.467 Information StartProcess cat: output=PRETTY_NAME="Debian GNU/Linux 12 (bookworm)"
2026-07-21 02:51:02.467 Information StartProcess cat: output=NAME="Debian GNU/Linux"
2026-07-21 02:51:02.467 Information StartProcess cat: output=VERSION_ID="12"
2026-07-21 02:51:02.467 Information StartProcess cat: output=VERSION="12 (bookworm)"
2026-07-21 02:51:02.467 Information StartProcess cat: output=VERSION_CODENAME=bookworm
2026-07-21 02:51:02.467 Information StartProcess cat: output=ID=debian
2026-07-21 02:51:02.467 Information StartProcess cat: output=HOME_URL="https://www.debian.org/"
2026-07-21 02:51:02.467 Information StartProcess cat: output=SUPPORT_URL="https://www.debian.org/support"
2026-07-21 02:51:02.467 Information StartProcess cat: output=BUG_REPORT_URL="htt2026-07-21 02:51:02.4672026-07-21 02:51:02.469 Information Found Linux NAME: PRETTY_NAME="Debian GNU/Linux 12 (bookworm)"
22026-07-21 02:51:02.473 Information StartProcess uptime: output=up 3 weeks, 3 days, 7 hours, 17 minutes
2026-07-21 02:51:02026-07-21 02:51:02.481 Information StartProcess uptime: output=up 3 weeks, 3 days, 7 hours, 17 minutes
2026-07-21 02:51:02.481 Information StartProcess lshw -quiet -class system
2026-07-21 02:51:02.484 Error System/Processor: Unknown (exception) - An error occurred trying to start process 'lshw' with working directory '/opt/CumulusMX'. No such file or directory
2026-07-22026-07-21 02:51:02.485 Information StartProcess uname: output=Linux 6.1.0-23-amd64 x86_64
2026-07-21 02:51:02.485 Informa2026-07-21 02:51:02.486 Informati2026-07-21 02:51:02.514 Information StartProcess lsb_release: output=Distributor ID:	Debian
2026-07-21 02:51:02.514 Inform2026-07-21 02:51:02.521 Information StartProcess lsb_release: output=Distributor ID:	Debian
2026-07-21 02:51:02.521 Information StartProcess lsb_release: output=Description:	Debian GNU/Linux 12 (bookworm)
2026-07-21 02:51:02.521 Information StartProcess lsb_release: output=Release:	12
2026-07-21 02:51:02.521 Information StartProcess lsb_release: output=Codename:	bookworm
2026-07-21 02:51:02.522 Information StartProcess dotnet --list-runtimes
2026-07-21 02:51:02.526 Information StartProcess dotnet: output=Microsoft.NE2026-07-21 02:51:02.529 Information StartProcess free: output=               total        used        free      shared  bu2026-07-21 02:51:02.533 Information StartProcess free: output=               total        used        free      shared  buff/cache   available
2026-07-21 02:51:02.533 Information StartProcess free: output=Mem:             960         358         546          29         223         601
2026-07-21 02:51:02.533 Information StartProcess free: ou2026-07-21 02:51:02.535 Information StartProcess d2026-07-21 02:51:02.535 Information StartProcess df -T -text4 -tvfat -h
2026-07-21 02:51:02.542 Information StartProcess df: output=Filesystem     Type  Size  Used Avail Use% Mounted on
2026-07-21 02:51:02.542 Infor2026-07-21 02:51:02.551 Information MapsOn: Starting
2026-07-21 02:51:02.562 Information  MapsOn: Adding Station: Westlands
2026-07-21 02:51:02.578 Information MapsOn: Before testing DoneToday after parsing: 20/07/2026 10:31:03 
2026-07-21 02:51:2026-07-21 02:51:02.583 Information MapsOn: Before testing DoneToday after parsing: 20/07/2026 10:31:03 
2026-07-21 022026-07-21 02:51:02.591 Information DateIsToday: thisSpan: 16:19:59.5791735 | thisSpan.TotalDays = 0.6805506848784723
20262026-07-21 02:51:02.596 Information DateIsToday: thisSpan: 16:19:59.5840022 | thisSpan.TotalDays = 0.6805507407662037
2026-07-21 02:51:02.596 Information MapsOn: Must NOT send signature, has been done already : 2026-07-20T10:31:03
2026-07-21 02:51:02.598 Information Fetch Map: Fetc2026-07-21 02:51:03.508 Information Main: <!--
 This file is generated as part of CumulusUti
2026-07-21 02:51:03.510 Infor2026-07-21 02:51:03.542 Information Main: <!--
 This file is generated as part of CumulusUti
2026-07-21 02:51:03.543 Information UserAskedData Starting...
2026-07-21 02:51:03.543 I2026-07-21 02:51:03.557 Information CustomLogs Webtag2026-07-21 02:51:03.575 Information CustomLogs constructor: starting
2026-07-21 02:51:03.593 Information CustomLogs WebtagInfo constructor: number of defined Webtag Units: 400, everything OK. 
2026-07-21 02:51:03.594 Information Custom Logs constructor: stop
2026-07-21 02:51:03.619 DefineUsercharts: Parsing User charts definitions - starting
2026-07-21 02:51:03.619 Information Parsing User Charts Definitions : Chart Overview'
2026-07-21 02:51:03.635 Information Parsing User Charts Definitions : Chart Temperature'
2026-07-21 02:51:03.635 Information Parsing User Charts Definitions : Chart Wind'
2026-07-21 02:51:03.635 Information Parsing User Charts Definitions : Chart WindDirection'
2026-07-21 02:51:03.635 Information Parsing User Charts Definitions : Chart Rain'
2026-07-21 02:51:03.635 Information Parsing User Charts Definitions : Chart Humidity'
2026-07-21 02:51:03.635 Information Parsing User Charts Definitions : Chart Solar'
2026-07-21 02:51:03.635 Information Parsing User Charts Definitions : Chart DailyTemp'
2026-07-21 02:51:03.635 Information Parsing User Charts Definitions : Chart DailyPressure'
2026-07-21 02:51:03.642 Information Parsing User Charts: Evaluating Expression '(MinBarometer+MaxBarometer)/2'.
2026-07-21 02:51:03.664 Generating Compiler UserAskedData: Starting
2026-07-21 02:51:03.665 Information GenerateUserAskedData: timeStart = 21/07/2026 02:42:00; timeEnd = 21/07/2026 02:51:00
2026-07-21 02:51:03.666 Monthfile constructor: Using fixed path: | data/ |; file: | *log.txt
2026-07-21 02:51:02026-07-21 02:51:03.937 Information ReadMonthlyLogs: End
2026-07-21 02:51:03.948 Information Generate UserAskedData: DoneT2026-07-21 02:51:03.975 Information ReadMonthlyLogs: End
2026-07-21 02:51:03.983 Information Generate UserAskedData: DoneToday = 20/07/2026 19:01:04.
2026-07-21 02:51:03.983 Information DateIsToday for thisDate: 20/07/2026 19:01:04 | thisDate.DayOfYear: 201 versus Now.DayOfYear: 202)
2026-07-21 02:51:03.983 Information DateIsToday: thisSpan: 07:49:59.9832748 | thisSpan.TotalDays = 0.32638869531018516
2026-07-21 02:51:03.983 Information Generate UserAskedData: Must NOT generate the ALL Range.
2026-07-21 02:51:03.983 Information Generate UserAskedData - Loop over Chart: Overview)
2026-07-21 02:51:03.984 Information Generate UserAskedData - Testing temp into tempdata.json (Range is Recent)
2026-07-21 02:51:03.984 Information Generate UserAskedData - Testing dew into tempdata.json (Range is Recent)
2026-07-21 02:51:03.984 Information Generate UserAskedData - Testing press into pressdata.json (Range is Recent)
2026-07-21 02:51:03.984 Information Generate UserAskedData - Testing hum into humdata.json (Range is Recent)
2026-07-21 02:51:03.984 Information Generate UserAskedData - Testing SolarRad into solardata.json (Range is Recent)
2026-07-21 02:51:03.984 Information Generate UserAskedData - Testing rfall into raindata.json (Range is Recent)
2026-07-21 02:51:03.984 Information Generate UserAskedData - Loop over Chart: Temperature)
2026-07-21 02:51:03.984 Information Generate UserAskedData - Testing intemp into tempdata.json (Range is Recent)
2026-07-21 02:51:03.984 Information Generate UserAskedData - Testing temp into tempdata.json (Range is Recent)
2026-07-21 02:51:03.984 Information Generate UserAskedData - Testing feelslike into tempdata.json (Range is Recent)
2026-07-21 02:51:03.984 Information Generate UserAskedData - Testing dew into tempdata.json (Range is Recent)
2026-07-21 02:51:03.984 Information Generate UserAskedData - Loop over Chart: Wind)
2026-07-21 02:51:03.984 Information Generate UserAskedData - Testing wgust into winddata.json (Range is Recent)
2026-07-21 02:51:03.984 Information Generate UserAskedData - Testing wspeed into winddata.json (Range is Recent)
2026-07-21 02:51:03.984 Information Generate UserAskedData - Loop over Chart: WindDirection)
2026-07-21 02:51:03.984 Information Generate UserAskedData - Testing bearing into wdirdata.json (Range is Recent)
2026-07-21 02:51:03.984 Information Generate UserAskedData - Testing avgbearing into wdirdata.json (Range is Recent)
2026-07-21 02:51:03.984 Information Generate UserAskedData - Loop over Chart: Rain)
2026-07-21 02:51:03.984 Information Generate UserAskedData - Testing rfall into raindata.json (Range is Recent)
2026-07-21 02:51:03.984 Information Generate UserAskedData - Testing rrate into raindata.json (Range is Recent)
2026-07-21 02:51:03.984 Information Generate UserAskedData - Loop over Chart: Humidity)
2026-07-21 02:51:03.984 Information Generate UserAskedData - Testing hum into humdata.json (Range is Recent)
2026-07-21 02:51:03.984 Information Generate UserAskedData - Testing inhum into humdata.json (Range is Recent)
2026-07-21 02:51:03.984 Information Generate UserAskedData - Loop over Chart: Solar)
2026-07-21 02:51:03.984 Information Generate UserAskedData - Testing UV into solardata.json (Range is Recent)
2026-07-21 02:51:03.984 Information Generate UserAskedData - Testing SolarRad into solardata.json (Range is Recent)
2026-07-21 02:51:03.984 Information Generate UserAskedData - Testing CurrentSolarMax into solardata.json (Range is Recent)
2026-07-21 02:51:03.984 Information Generate UserAskedData - Loop over Chart: DailyTemp)
2026-07-21 02:51:03.984 Information Generate UserAskedData - Testing avgTemp into alldailytempdata.json (Range is Daily)
2026-07-21 02:51:03.984 Information Generate UserAskedData - Testing avgTemp into alldailytempdata.json (Range is Daily)
2026-07-21 02:51:03.984 Information Generate UserAskedData - Loop over Chart: DailyPressure)
2026-07-21 02:51:03.984 Information Generate UserAskedData - Testing minBaro into alldailypressdata.json (Range is Daily)
2026-07-21 02:51:03.984 Information Generate UserAskedData - Testing  into  (Range is Daily)
2026-07-21 02:51:03.984 Information DoAirLink / AirQualitySensor  = False / False
2026-07-21 02:51:03.985 Informat2026-07-21 02:51:04.098 Information PHP upload does not support compression
2026-07-21 02:51:04.098 Information UploadFile2026-07-21 02:51:04.119 Information PHP upload does not support compression
2026-07-21 02:51:04.119 Information UploadFile: Starting utils/maps.txt => maps.txt
2026-07-21 02:51:04.119 Information Upload File values: localfile: utils/maps.txt
2026-07-21 02:51:04.119 Information Upload File values: remotefile: maps.txt
2026-07-21 02:51:04.123 Information PHP Upload: starting u2026-07-21 02:51:04.178 Information InetPhp: maps.txt: Response code = 200: OK
2026-07-21 02:51:04.178 Information InetPhp2026-07-21 02:51:04.211 Information InetPhp: maps.txt: Response code = 200: OK
2026-07-21 02:51:04.211 Information InetPhp: maps.txt: Response text follows:
Opening text file maps.txt for replacement
Writing text file maps.txt
Write complete
2026-07-21 02:51:04.211 Information PHP UploadFile: Success
2026-07-21 02:51:04.211 Information UploadFile: Starting utils/systeminfoTable.txt => systeminfoTable.txt
2026-07-21 02:51:04.211 Information Upload File values: localfile: utils/systeminfoTable.txt
2026-07-21 02:51:04.211 Information Upload File values: remotefile: systeminfoTable.txt
2026-07-21 02:51:04.211 Information PHP Upload: starting utils/systeminfoTable.t2026-07-21 02:51:04.213 Information InetPhp: systeminfoTable.txt: Response code = 200: OK
2026-07-21 02:51:04.213 Informat2026-07-21 02:51:04.249 Information InetPhp: systeminfoTable.txt: Response code = 200: OK
2026-07-21 02:51:04.249 Information InetPhp: systeminfoTable.txt: Response text follows:
Opening text file systeminfoTable.txt for replacement
Writing text file systeminfoTable.txt
Write complete
2026-07-21 02:51:04.249 Information PHP UploadFile: Success
2026-07-21 02:51:04.249 All done, Entering the finally section...; Closing down.
2026-07-21 02:51:04.249 Disposing Isup...
2026-07-21 02:51:04.249 Disposing Sup...
