2026-07-20 23:31:01.465 Information According to Inifile Info => Error: True, Warning: True, Info: True, Verbose: False, 
2026-07-20 23:31:01.493 CumulusUtils Initial: Shutting down the default listener
2026-07-20 23:31:01.493 Information Cumul2026-07-20 23:31:01.498 CumulusUtils Initial: Shutti2026-07-20 23:31:01.546  CUstrings[xx].ini : CUstringsEN.ini looked for.
2026-07-20 23:31:01.576  CumulusUtils version: 7.1.1 
2026-07-20 23:31:01.576  CuSupport constructor : Unit Wind (m/s, mph, km/h, kts): mph
2026-07-20 23:31:01.577  CuSupport constructor : Unit Pressure (mb,hPa,inHg): hPa
2026-07-20 23:31:01.577  CuSupport constructor : Unit Rain (mm,in): mm
2026-07-20 23:31:01.577  CuSupport constructor : Unit T (C,F): °C
2026-07-20 23:31:01.578  CuSupport constructor : Unit D2026-07-20 23:31:01.580  CuSupport constructor : Unit T (C,F): °C
2026-07-20 23:31:01.580  CuSupport2026-07-20 23:31:01.595 InetSupport: Constructor starting
2026-07-20 23:31:01.658 CumulusUtils : ----------------------------
2026-07-20 23:31:01.658 CumulusUtils : Entering Main
2026-07-20 23:31:01.671 HelpTexts: starting
2026-07-20 23:31:01.710 Information HelpTexts Contructor: stop
2026-07-20 23:31:01.757 CommandLineArgs : starting
2026-07-20 23:31:01.757  CommandLineArgs : handling arg: sysinfo
2026-07-20 23:31:01.757  CommandLineArgs : handling arg: UserAskedData
2026-07-20 23:31:01.757  CommandLineArgs : handling arg: UserReports
2026-07-20 23:31:01.758 Dayfile: Reading the dayfile.txt...
2026-07-20 23:31:01.845 Information CumulusUtils : Read dayfile.txt succesfully - 928 records
2026-07-20 23:31:01.870 Information SystemStatus : starting
2026-07-20 23:31:01.902 Information GetUrlData Start: URL - http://localhost:8998/api/tags/process.json?version&build&ProgramUpTime&NewBuildAvailable&NewBuildNumber&CpuCount&CPUTemp 
2026-07-20 23:31:02.301 CumulusMX Version: 4.5.2 build 4105
2026-07-20 23:31:02.309 Information  SystemStatus: Found device 12 GW1000/Ecowitt Local API
2026-07-20 23:31:02.310 Information ReplaceWebtagsPostAsync start:
2026-07-20 23:31:02.312 Information  PostUrlData Start: http://localhost:8998/api/tags/process.txt 
2026-07-20 23:31:02.312026-07-20 23:31:02.314 Information  PostUrl2026-07-20 23:31:02.369 Information PostUrlData success response : OK - OK
2026-07-20 23:31:02.372 SystemStatus : DoingUnix
2026-07-20 23:31:02.375 Information SystemStatus : DoingUnix Start
2026-07-20 23:31:02.386 Information StartProcess cat /etc/os-release
2026-07-20 23:31:02.401 Information StartProcess cat: output=PRETTY_NAME="Debian GNU/Linux 12 (bookworm)"
2026-07-20 23:31:02.401 Information StartProcess cat: output=NAME="Debian GNU/Linux"
2026-07-20 23:31:02.401 Information StartProcess cat: output=VERSION_ID="12"
2026-07-20 23:31:02.401 Information StartProcess cat: output=VERSION="12 (bookworm)"
2026-07-20 23:31:02.401 Information StartProcess cat: output=VERSION_CODENAME=bookworm
2026-07-20 23:31:02.401 Information StartProcess cat: output=ID=debian
2026-07-20 23:31:02.401 Information StartProcess cat: output=HOME_URL="https://www.debian.org/"
2026-07-20 23:31:02.401 Information StartProcess cat: output=SUPPORT_URL="https://www.debian.org/support"
2026-07-20 23:31:02.401 Information StartProcess cat: output=BUG_REPORT_URL="https://bugs.debian.org/"
2026-07-20 23:31:02.401 Information Found Linux NAME: PRETTY_NAME="Debian GNU/Linux 12 (bookworm)"
2026-07-20 23:31:02.403 Information Using Linux dialect: Debian
2026-07-20 23:31:02.403 Information StartProcess uptime -p22026-07-20 23:31:02.409 Information StartProcess uptime: output=up 3 weeks, 3 days, 3 hours, 57 minutes
2026-07-20 23:31:02.414 Information StartProcess lshw -quiet -class system
2026-07-20 23:31:02.416 Error System/Processor: Unknown (exception) - An error occurred trying to start process 'lshw' with working directory '/opt/CumulusMX'. No such file or directory
2026-07-20 23:31:02.416 Please install lshw (apt-get install lshw)
2026-07-20 23:31:02.416 Information StartProcess uname -s -r -m
2026-07-20 23:31:02.419 Information StartProcess uname: output=Linux 6.1.0-23-amd64 x86_64
2026-07-20 23:31:02.419 Information StartProcess lsb_release -a
2026-07-20 23:31:02.451 Information StartProcess lsb_release: output=Distributor ID:	Debian
2026-07-20 23:31:02.451 Information StartProcess lsb_release: output=Description:	Debian GNU/Linux 12 (bookworm)
2026-07-20 23:31:02.451 Information StartProcess lsb_release: output=Release:	12
2026-07-20 23:31:02.451 Information StartProcess lsb_release: output=Codename:	bookworm
2026-07-20 23:31:02.452 Information StartProcess dotnet --list-runtimes
2026-07-20 23:31:02.455 Information StartProcess dotnet: output=Microsoft.NETCore.App 8.0.8 [/usr/share/dotnet/shared/Microsoft.NETCore.App]
2026-07-20 23:31:02.458 Information StartProcess free -m
2026-07-20 23:31:02.462 Information StartProcess free: output=               total        used        free      shared  buff/cache   available
2026-07-20 23:31:02.462 Information StartProcess free: output=Mem:             960         374         392          30         370         586
2026-07-20 23:31:02.462 Information StartProcess free: output=Swap:            974          76         898
2026-07-20 23:31:02.463 Information StartProcess df -T -text4 -tvfat -h
2026-07-20 23:31:02.473 Information StartProcess df: output=Filesystem     Type  Size  Used Avail Use% Mounted on
2026-07-20 23:31:02.473 Information StartProcess df: output=/dev/sda1      ext4   31G  7.6G   22G  27% /
2026-07-20 23:31:02.477 USerReports: Starting
2026-07-20 23:31:02.489 Information MapsOn: Starting
2026-07-20 23:31:02.499 Information  MapsOn: Adding Station: Westlands
2026-07-20 23:31:02.513 Information MapsOn: Before testing DoneToday after parsing: 20/07/2026 10:31:03 
2026-07-20 23:31:02.514 Information DateIsToday for thisDate: 20/07/2026 10:31:03 | thisDate.DayOfYear: 201 versus Now.DayOfYear: 201)
2026-07-20 23:31:02.523 Information DateIsToday: thisSpan: 12:59:59.5140102 | thisSpan.TotalDays = 0.5416610417847222
2026-07-20 23:31:02.524 Information MapsOn: Must NOT send signature, has been done already : 2026-07-20T10:31:03
2026-07-20 23:31:02.524 Information Fetch Map: Fetching the generated map
2026-07-20 23:31:02.524 Information GetUrlData Start: URL - https://meteo-wagenborgen.nl/maps.txt 
2026-07-20 23:31:03.431 Information Main: <!--
 This file is generated as part of CumulusUti
2026-07-20 23:31:03.432 Infor2026-07-20 23:31:03.453 Information Main: <!--
 This file is generated as part of CumulusUti
2026-07-20 23:31:02026-07-20 23:31:03.461 Information CustomLogs constructor: starting
2026-07-20 23:31:03.481 Information CustomLogs WebtagInfo constructor: number of defined Webtag Units: 400, everything OK.2026-07-20 23:31:03.502 Information CustomLogs WebtagInfo constructo2026-07-20 23:31:03.507 DefineUsercharts: Parsing User charts definitions - starting
2026-07-20 23:31:03.507 Information P2026-07-20 23:31:03.526 DefineUsercharts: Parsing User charts definitions - starting
2026-07-20 23:31:03.527 Information Parsing User Charts Definitions : Chart Overview'
2026-07-20 23:31:03.543 Information Parsing User Charts Definitions : Chart Temperature'
2026-07-20 23:31:03.543 Information Parsing User Charts Definitions : Chart Wind'
2026-07-20 23:31:03.543 Information Parsing User Charts Definitions : Chart WindDirection'
2026-07-20 23:31:03.543 Information Parsing User Charts Definitions : Chart Rain'
2026-07-20 23:31:03.543 Information Parsing User Charts Definitions : Chart Humidity'
2026-07-20 23:31:03.543 Information Parsing User Charts Definitions : Chart Solar'
2026-07-20 23:31:03.543 Information Parsing User Charts Definitions : Chart DailyTemp'
2026-07-20 23:31:03.543 Information Parsing User Charts Definitions : Chart Daily2026-07-20 23:31:03.553 Generating Compiler UserAskedData: Starting
2026-07-20 23:31:03.555 Information GenerateUserAskedD2026-07-20 23:31:03.570 Generating Compiler UserAskedData: Starting
2026-07-20 23:31:03.573 Information GenerateUserAskedData: timeStart = 20/07/2026 23:22:00; timeEnd = 20/07/2026 23:31:00
2026-07-20 23:31:03.574 Monthfile constructor: Using fixed path: | data/ |; file: | *log.txt
2026-07-20 23:31:02026-07-20 23:31:03.853 Information ReadMonthlyLogs: End
2026-07-20 23:31:03.868 Information Generate UserAskedData: DoneT2026-07-20 23:31:03.873 Information ReadMonthlyLogs: End
2026-07-20 23:31:03.884 Information Generate UserAskedData: DoneToday = 20/07/2026 19:01:04.
2026-07-20 23:31:03.884 Information DateIsToday for thisDate: 20/07/2026 19:01:04 | thisDate.DayOfYear: 201 versus Now.DayOfYear: 201)
2026-07-20 23:31:03.884 Information DateIsToday: thisSpan: 04:29:59.8848689 | thisSpan.TotalDays = 0.18749866746412036
2026-07-20 23:31:03.884 Information Generate UserAskedData: Must NOT generate the ALL Range.
2026-07-20 23:31:03.885 Information Generate UserAskedData - Loop over Chart: Overview)
2026-07-20 23:31:03.885 Information Generate UserAskedData - Testing temp into tempdata.json (Range is Recent)
2026-07-20 23:31:03.886 Information Generate UserAskedData - Testing dew into tempdata.json (Range is Recent)
2026-07-20 23:31:03.886 Information Generate UserAskedData - Testing press into pressdata.json (Range is Recent)
2026-07-20 23:31:03.886 Information Generate UserAskedData - Testing hum into humdata.json (Range is Recent)
2026-07-20 23:31:03.886 Information Generate UserAskedData - Testing SolarRad into solardata.json (Range is Recent)
2026-07-20 23:31:03.886 Information Generate UserAskedData - Testing rfall into raindata.json (Range is Recent)
2026-07-20 23:31:03.886 Information Generate UserAskedData - Loop over Chart: Temperature)
2026-07-20 23:31:03.886 Information Generate UserAskedData - Testing intemp into tempdata.json (Range is Recent)
2026-07-20 23:31:03.886 Information Generate UserAskedData - Testing temp into tempdata.json (Range is Recent)
2026-07-20 23:31:03.886 Information Generate UserAskedData - Testing feelslike into tempdata.json (Range is Recent)
2026-07-20 23:31:03.886 Information Generate UserAskedData - Testing dew into tempdata.json (Range is Recent)
2026-07-20 23:31:03.886 Information Generate UserAskedData - Loop over Chart: Wind)
2026-07-20 23:31:03.886 Information Generate UserAskedData - Testing wgust into winddata.json (Range is Recent)
2026-07-20 23:31:03.886 Information Generate UserAskedData - Testing wspeed into winddata.json (Range is Recent)
2026-07-20 23:31:03.886 Information Generate UserAskedData - Loop over Chart: WindDirection)
2026-07-20 23:31:03.886 Information Generate UserAskedData - Testing bearing into wdirdata.json (Range is Recent)
2026-07-20 23:31:03.886 Information Generate UserAskedData - Testing avgbearing into wdirdata.json (Range is Recent)
2026-07-20 23:31:03.886 Information Generate UserAskedData - Loop over Chart: Rain)
2026-07-20 23:31:03.886 Information Generate UserAskedData - Testing rfall into raindata.json (Range is Recent)
2026-07-20 23:31:03.886 Information Generate UserAskedData - Testing rrate into raindata.json (Range is Recent)
2026-07-20 23:31:03.886 Information Generate UserAskedData - Loop over Chart: Humidity)
2026-07-20 23:31:03.886 Information Generate UserAskedData - Testing hum into humdata.json (Range is Recent)
2026-07-20 23:31:03.886 Information Generate UserAskedData - Testing inhum into humdata.json (Range is Recent)
2026-07-20 23:31:03.886 Information Generate UserAskedData - Loop over Chart: Solar)
2026-07-20 23:31:03.886 Information Generate UserAskedData - Testing UV into solardata.json (Range is Recent)
2026-07-20 23:31:03.886 Information Generate UserAskedData - Testing SolarRad into solardata.json (Range is Recent)
2026-07-20 23:31:03.886 Information Generate UserAskedData - Testing CurrentSolarMax into solardata.json (Range is Recent)
2026-07-20 23:31:03.886 Information Generate UserAskedData - Loop over Chart: DailyTemp)
2026-07-20 23:31:03.886 Information Generate UserAskedData - Testing avgTemp into alldailytempdata.json (Range is Daily)
2026-07-20 23:31:03.886 Information Generate UserAskedData - Testing avgTemp into alldailytempdata.json (Range is Daily)
2026-07-20 23:31:03.886 Information Generate UserAskedData - Loop over Chart: DailyPressure)
2026-07-20 23:31:03.886 Information Generate UserAskedData - Testing minBaro into alldailypressdata.json (Range is Daily)
2026-07-20 23:31:03.886 Information Generate UserAskedData - Testing  into  (Range is Daily)
2026-07-20 23:31:03.886 Information DoAirLink / AirQualitySensor  = False / False
2026-07-20 23:31:03.886 Informa2026-07-20 23:31:04.069 Information PHP upload does not support compression
2026-07-20 23:31:04.069 Information UploadFile: Starting utils/maps.txt => maps.txt
2026-07-20 23:31:04.069 Information Upload File values: localfile: utils/maps.txt
2026-07-20 23:31:04.069 Information Upload File values: remotefile: maps.txt
2026-07-20 23:31:04.074 Information PHP Upload: starting utils/maps.txt
2026-07-20 23:31:04.075 Information Incremental = False; filename = maps.txt; ext = .txt; HoursInGraph = 72
2026-07-20 23:31:04.149 Information InetPhp: maps.txt: Response code = 200: OK
2026-07-20 23:31:04.149 Information InetPhp: maps.txt: Response text follows:
Opening text file maps.txt for replacement
Writing text file maps.txt
Write complete
2026-07-20 23:31:04.149 Information PHP UploadFile: Success
2026-07-20 23:31:04.149 Information UploadFile: Starting utils/systeminfoTable.txt => systeminfoTable.txt
2026-07-20 23:31:04.149 Information Upload File values: localfile: utils/systeminfoTable.txt
2026-07-20 23:31:04.149 Information Upload File values: remotefile: systeminfoTable.txt
2026-07-20 23:31:04.149 Information PHP Upload: starting utils/systeminfoTable.txt
2026-07-20 23:31:04.149 Information Incremental = False; filename = systeminfoTable.txt; ext = .txt; HoursInGraph = 72
2026-07-20 23:31:04.183 Information InetPhp: systeminfoTable.txt: Response code = 200: OK
2026-07-20 23:31:04.183 Information InetPhp: systeminfoTable.txt: Response text follows:
Opening text file systeminfoTable.txt for replacement
Writing text file systeminfoTable.txt
Write complete
2026-07-20 23:31:04.183 Information PHP UploadFile: Success
2026-07-20 23:31:04.183 All done, Entering the finally section...; Closing down.
2026-07-20 23:31:04.183 Disposing Isup...
2026-07-20 23:31:04.184 Disposing Sup...
g the finally section...; Closing down.
2026-07-20 23:31:04.142 Disposing Isup...
2026-07-20 23:31:04.143 Disposing Sup...
