2026-07-21 18:41:01.762 Information According to Inifile Info => Error: True, Warning: True, Info: True, Verbose: False, 
2026-07-21 18:41:01.784 CumulusUtils Initial: Shutting down the default listener
2026-07-21 18:41:01.784 Information Cumul2026-07-21 18:41:01.792 CumulusUtils Initial: Shutti2026-07-21 18:41:01.843  CUstrings[xx].ini : CUstringsEN.ini looked for.
2026-07-21 18:41:01.864  CumulusUtils version: 7.1.1 
2026-07-21 18:41:01.864  CuSupport constructor : Unit Wind (m/s, mph2026-07-21 18:41:02026-07-21 18:41:01.872  CuSupport constructor : Unit Pressure (mb,hPa,inHg): hPa
2026-07-21 18:41:01.873  CuSupport constructor : Unit Rain (mm,in): mm
2026-07-21 18:41:01.873  CuSupport constructor : Unit T (C,F): °C
2026-07-21 18:41:01.873  CuSupport constructor : Unit D2026-07-21 18:41:01.877  CuSupport constructor : Unit T (C,F): °C
2026-07-21 18:41:01.877  CuSupport2026-07-21 18:41:01.891 InetSupport: Constructor starting
2026-07-21 18:41:01.950 CumulusUtils : ----------------------------
2026-07-21 18:41:01.950 CumulusUtils : Entering Main
2026-07-21 18:41:01.963 HelpTexts: starting
2026-07-21 18:41:02.006 Information HelpTexts Contructor: stop
2026-07-21 18:41:02.057 CommandLineArgs : starting
2026-07-21 18:41:02.057  CommandLineArgs : handling arg: sysinfo
2026-02026-07-21 18:41:02.063 CommandLineArgs : starting
2026-07-21 18:41:02.063  CommandLineArgs : handling arg: sysinfo
2026-07-21 18:41:02.064  CommandLineArgs : handling arg: UserAskedData
2026-072026-07-21 18:41:02.147 Information CumulusUtils : Read dayfile.txt succesfully - 929 records
2026-07-21 18:41:02.176 Information SystemStatus : starting
2026-07-21 18:41:02.209 Information GetUrlData Start: URL - http://localhost:8998/api/tags/process.json?version&build&Prog2026-07-21 18:41:02.215 Information GetUrlData Start: URL - h2026-07-21 18:41:02.633 CumulusMX Version: 4.5.2 build 4105
2026-07-21 18:41:02.636 Information  SystemStatus: Found device 12 GW1000/Ecowitt Local API
2026-07-21 18:41:02.646 Information ReplaceWebtagsPostAsync start:
2026-07-21 18:41:02.648 Information  PostUrlData Start: http://localhost:8998/api/tags/process.txt 
2026-07-21 18:41:02.648 Information PostUrlData Calling PostAsync
2026-07-21 18:41:02.695 Information PostUrlData success response : OK - OK
2026-07-21 18:41:02.699 SystemStatus : DoingUnix
2026-07-21 18:41:02.704 Information SystemStatus : DoingUnix Start
2026-07-21 18:41:02.707 Information StartProcess cat /etc/os-release
2026-07-21 18:41:02.725 Information StartProcess cat: output=PRETTY_NAME="Debian GNU/Linux 12 (bookworm)"
2026-07-21 18:41:02.725 Information StartProcess cat: output=NAME="Debian GNU/Linux"
2026-07-21 18:41:02.725 Information StartProcess cat: output=VERSION_ID="12"
2026-07-21 18:41:02.725 Information StartProcess cat: output=VERSION="12 (bookworm)"
2026-07-21 18:41:02.725 Information StartProcess cat: output=VERSION_CODENAME=bookworm
2026-07-21 18:41:02.725 Information StartProcess cat: output=ID=debian
2026-07-21 18:41:02.725 Information StartProcess cat: output=HOME_URL="https://www.debian.org/"
2026-07-21 18:41:02.725 Information StartProcess cat: output=SUPPORT_URL="https://www.debian.org/support"
2026-07-21 18:41:02.725 Information StartProcess cat: output=BUG_REPORT_URL="https://bugs.debian.org/"
2026-07-21 18:41:02.727 Information Found Linux NAME: PRETTY_NAME="Debian GNU/Linux 12 (bookworm)"
2026-07-21 18:41:02.728 Information Using Linux dialect: Debian
2026-07-21 18:41:02.728 Information StartProcess uptime -p
2026-07-21 18:41:02.732 Information StartProcess uptime: output=up 3 weeks, 3 days, 23 hours, 7 minutes
2026-07-21 18:41:02.732 Information StartProcess lshw -quiet -class system
2026-07-21 18:41:02.736 Error System/Processor: Unknown (exception) - An error occurred trying to start process 'lshw' with working directory '/opt/CumulusMX'. No such file or directory
2026-07-21 18:41:02.736 Please install lshw (apt-get install lshw)
2026-07-21 18:41:02.736 Information StartProcess uname -s -r -m
2026-07-21 18:41:02.738 Information StartProcess uname: output=Linux 6.1.0-23-amd64 x86_64
2026-07-21 18:41:02.740 Information StartProcess lsb_release -a
2026-07-21 18:41:02.771 Information StartProcess lsb_release: output=Distributor ID:	Debian
2026-07-21 18:41:02.771 Information StartProcess lsb_release: output=Description:	Debian GNU/Linux 12 (bookworm)
2026-07-21 18:41:02.771 Information StartProcess lsb_release: output=Release:	12
2026-07-21 18:41:02.771 Information StartProcess lsb_release: output=Codename:	bookworm
2026-07-21 18:41:02.772 Information StartProcess dotnet --list-runtimes
2026-07-21 18:41:02.775 Information StartProcess dotnet: output=Microsoft.NETCore.App 8.0.8 [/usr/share/dotnet/shared/Microsoft.NETCore.App]
2026-07-21 18:41:02.779 Information StartProcess free -m
2026-07-21 18:41:02.786 Information StartProcess free: output=               total        used        free      shared  buff/cache   available
2026-07-21 18:41:02.786 Information StartProcess free: output=Mem:             960         380         399          32         359         580
2026-07-21 18:41:02.786 Information StartProcess free: output=Swap:            974          75         899
2026-07-21 18:41:02.786 Information StartProcess df -T -text4 -tvfat -h
2026-07-21 18:41:02.794 Information StartProcess df: output=Filesystem     Type  Size  Used Avail Use% Mounted on
2026-07-21 18:41:02.794 Information StartProcess df: output=/dev/sda1      ext4   31G  7.6G   22G  27% /
2026-07-21 18:41:02.797 USerReports: Starting
2026-07-21 18:41:02.809 Information MapsOn: Starting
2026-07-21 18:41:02.817 Information  MapsOn: Adding Station: Westlands
2026-07-21 18:41:02.828 Information MapsOn: Before testing DoneToday after parsing: 21/07/2026 10:31:03 
2026-07-21 18:41:02.836 Information DateIsToday for thisDate: 21/07/2026 10:31:03 | thisDate.DayOfYear: 202 versus Now.DayOfYear: 202)
2026-07-21 18:41:02.844 Information DateIsToday: thisSpan: 08:09:59.8368622 | thisSpan.TotalDays = 0.3402758896087963
2026-07-21 18:41:02.848 Information MapsOn: Must NOT send signature, has been done already : 2026-07-21T10:31:03
2026-07-21 18:41:02.848 Information Fetch Map: Fetching the generated map
2026-07-21 18:41:02.848 Information GetUrlData Start: URL - https://meteo-wagenborgen.nl/maps.txt 
2026-07-21 18:41:03.751 Information Main: <!--
 This file is generated as part of CumulusUti
2026-07-21 18:41:03.752 Infor2026-07-21 18:41:03.777 Information Main: <!--
 This file is generated as part of CumulusUti
2026-07-21 18:41:03.779 Information UserAskedData Starting...
2026-07-21 18:41:03.779 I2026-07-21 18:41:03.802 Information CustomLogs Webtag2026-07-21 18:41:03.806 Information CustomLogs constructor: starting
2026-07-21 18:41:03.827 Information CustomLogs WebtagInfo constructor: number of defined Webtag Units: 400, everything OK. 
2026-07-21 18:41:03.828 Information Custom Logs constructor: stop
2026-07-21 18:41:03.851 DefineUsercharts: Parsing User charts definitions - starting
2026-07-21 18:41:03.852 Information Parsing User Charts Definitions : Chart Overview'
2026-07-21 18:41:03.864 Information Parsing User Charts Definitions : Chart Temperature'
2026-07-21 18:41:03.864 Information Parsing User Charts Definitions : Chart Wind'
2026-07-21 18:41:03.864 Information Parsing User Charts Definitions : Chart WindDirection'
2026-07-21 18:41:03.864 Information Parsing User Charts Definitions : Chart Rain'
2026-07-21 18:41:03.864 Information Parsing User Charts Definitions : Chart Humidity'
2026-07-21 18:41:03.864 Information Parsing User Charts Definitions : Chart Solar'
2026-07-21 18:41:03.868 Information Parsing User Charts Definitions : Chart DailyTemp'
2026-07-21 18:41:03.868 Information Parsing User Charts Definitions : Chart Daily2026-07-21 18:41:03.872 Generating Compiler UserAskedData: Starting
2026-07-21 18:41:03.874 Information GenerateUserAskedD2026-07-21 18:41:03.893 Generating Compiler UserAskedData: Starting
2026-07-21 18:41:03.895 Information GenerateUserAskedData: timeStart = 21/07/2026 18:32:00; timeEnd = 21/07/2026 18:41:00
2026-07-21 18:41:03.895 Monthfile constructor: Using fixed path: | data/ |; file: | *log.txt
2026-07-21 18:41:02026-07-21 18:41:04.228 Information ReadMonthlyLogs: End
2026-07-21 18:41:04.238 Information Generate UserAskedData: DoneT2026-07-21 18:41:04.257 Information ReadMonthlyLogs: End
2026-07-21 18:41:04.267 Information Generate UserAskedData: DoneToday = 20/07/2026 19:01:04.
2026-07-21 18:41:04.267 Information DateIsToday for thisDate: 20/07/2026 19:01:04 | thisDate.DayOfYear: 201 versus Now.DayOfYear: 202)
2026-07-21 18:41:04.267 Information DateIsToday: thisSpan: 23:40:00.2673851 | thisSpan.TotalDays = 0.9861142058460648
2026-07-21 18:41:04.267 Information Generate UserAskedData: Must NOT generate the ALL Range.
2026-07-21 18:41:04.267 Information Generate UserAskedData - Loop over Chart: Overview)
2026-07-21 18:41:04.268 Information Generate UserAskedData - Testing temp into tempdata.json (Range is Recent)
2026-07-21 18:41:04.268 Information Generate UserAskedData - Testing dew into tempdata.json (Range is Recent)
2026-07-21 18:41:04.268 Information Generate UserAskedData - Testing press into pressdata.json (Range is Recent)
2026-07-21 18:41:04.268 Information Generate UserAskedData - Testing hum into humdata.json (Range is Recent)
2026-07-21 18:41:04.268 Information Generate UserAskedData - Testing SolarRad into solardata.json (Range is Recent)
2026-07-21 18:41:04.268 Information Generate UserAskedData - Testing rfall into raindata.json (Range is Recent)
2026-07-21 18:41:04.268 Information Generate UserAskedData - Loop over Chart: Temperature)
2026-07-21 18:41:04.268 Information Generate UserAskedData - Testing intemp into tempdata.json (Range is Recent)
2026-07-21 18:41:04.268 Information Generate UserAskedData - Testing temp into tempdata.json (Range is Recent)
2026-07-21 18:41:04.268 Information Generate UserAskedData - Testing feelslike into tempdata.json (Range is Recent)
2026-07-21 18:41:04.268 Information Generate UserAskedData - Testing dew into tempdata.json (Range is Recent)
2026-07-21 18:41:04.268 Information Generate UserAskedData - Loop over Chart: Wind)
2026-07-21 18:41:04.268 Information Generate UserAskedData - Testing wgust into winddata.json (Range is Recent)
2026-07-21 18:41:04.268 Information Generate UserAskedData - Testing wspeed into winddata.json (Range is Recent)
2026-07-21 18:41:04.268 Information Generate UserAskedData - Loop over Chart: WindDirection)
2026-07-21 18:41:04.268 Information Generate UserAskedData - Testing bearing into wdirdata.json (Range is Recent)
2026-07-21 18:41:04.268 Information Generate UserAskedData - Testing avgbearing into wdirdata.json (Range is Recent)
2026-07-21 18:41:04.268 Information Generate UserAskedData - Loop over Chart: Rain)
2026-07-21 18:41:04.268 Information Generate UserAskedData - Testing rfall into raindata.json (Range is Recent)
2026-07-21 18:41:04.268 Information Generate UserAskedData - Testing rrate into raindata.json (Range is Recent)
2026-07-21 18:41:04.268 Information Generate UserAskedData - Loop over Chart: Humidity)
2026-07-21 18:41:04.268 Information Generate UserAskedData - Testing hum into humdata.json (Range is Recent)
2026-07-21 18:41:04.268 Information Generate UserAskedData - Testing inhum into humdata.json (Range is Recent)
2026-07-21 18:41:04.268 Information Generate UserAskedData - Loop over Chart: Solar)
2026-07-21 18:41:04.268 Information Generate UserAskedData - Testing UV into solardata.json (Range is Recent)
2026-07-21 18:41:04.268 Information Generate UserAskedData - Testing SolarRad into solardata.json (Range is Recent)
2026-07-21 18:41:04.268 Information Generate UserAskedData - Testing CurrentSolarMax into solardata.json (Range is Recent)
2026-07-21 18:41:04.268 Information Generate UserAskedData - Loop over Chart: DailyTemp)
2026-07-21 18:41:04.268 Information Generate UserAskedData - Testing avgTemp into alldailytempdata.json (Range is Daily)
2026-07-21 18:41:04.268 Information Generate UserAskedData - Testing avgTemp into alldailytempdata.json (Range is Daily)
2026-07-21 18:41:04.268 Information Generate UserAskedData - Loop over Chart: DailyPressure)
2026-07-21 18:41:04.268 Information Generate UserAskedData - Testing minBaro into alldailypressdata.json (Range is Daily)
2026-07-21 18:41:04.268 Information Generate UserAskedData - Testing  into  (Range is Daily)
2026-07-21 18:41:04.268 Information DoAirLink / AirQualitySensor  = False / False
2026-07-21 18:41:04.269 Informat2026-07-21 18:41:04.393 Information PHP upload does not support compression
2026-07-21 18:41:04.393 Information UploadFile2026-07-21 18:41:04.406 Information PHP upload does not support compression
2026-07-21 18:41:04.406 Information UploadFile: Starting utils/maps.txt => maps.txt
2026-07-21 18:41:04.406 Information Upload File values: localfile: utils/maps.txt
2026-07-21 18:41:04.406 Information Upload File values: remotefile: maps.txt
2026-07-21 18:41:04.410 Information PHP Upload: starting u2026-07-21 18:41:04.477 Information InetPhp: maps.txt: Response code = 200: OK
2026-07-21 18:41:04.478 Information InetPhp2026-07-21 18:41:04.483 Information InetPhp: maps.txt: Response code = 200: OK
2026-07-21 18:41:04.484 Information InetPhp: maps.txt: Response text follows:
Opening text file maps.txt for replacement
Writing text file maps.txt
Write complete
2026-07-21 18:41:04.484 Information PHP UploadFile: Success
2026-07-21 18:41:04.484 Information UploadFile: Starting utils/systeminfoTable.txt => systeminfoTable.txt
2026-07-21 18:41:04.484 Information Upload File values: localfile: utils/systeminfoTable.txt
2026-07-21 18:41:04.484 Information Upload File values: remotefile: systeminfoTable.txt
2026-07-21 18:41:04.484 Information PHP Upload: starting utils/systeminfoTable.t2026-07-21 18:41:04.516 Information InetPhp: systeminfoTable.txt: Response code = 200: OK
2026-07-21 18:41:04.517 Informat2026-07-21 18:41:04.566 Information InetPhp: systeminfoTable.txt: Response code = 200: OK
2026-07-21 18:41:04.567 Information InetPhp: systeminfoTable.txt: Response text follows:
Opening text file systeminfoTable.txt for replacement
Writing text file systeminfoTable.txt
Write complete
2026-07-21 18:41:04.567 Information PHP UploadFile: Success
2026-07-21 18:41:04.567 All done, Entering the finally section...; Closing down.
2026-07-21 18:41:04.567 Disposing Isup...
2026-07-21 18:41:04.567 Disposing Sup...
