2026-07-21 04:31:02.330 Information According to Inifile Info => Error: True, Warning: True, Info: True, Verbose: False, 
2026-07-21 04:31:02.359 CumulusUtils Initial: Shutting down the default listener
2026-07-21 04:31:02.359 Information Cumul2026-07-21 04:31:02.362 CumulusUtils Initial: Shutti2026-07-21 04:31:02.412  CUstrings[xx].ini : CUstringsEN.ini looked for.
2026-07-21 04:31:02.434  CumulusUtils version: 7.1.1 
2026-07-21 04:31:02.435  CuSupport constructor : Unit Wind (m/s, mph2026-07-21 04:31:02.440  CumulusUtils version: 7.1.1 
2026-07-21 04:31:02.444  CuSupport constructor : Unit Wind (m/s, mph, km/h, kts): mph
2026-07-21 04:31:02.445  CuSupport constructor : Unit Pressure (mb,hPa,inHg): hPa
2026-07-21 04:31:02.445  CuSupport constructor : Unit Rain (mm,in): mm
2026-07-21 04:31:02.445  CuSupport constructor : Unit T (C,F): °C
2026-07-21 04:31:02.446  CuSupport2026-07-21 04:31:02.451 InetSupport: Constructor starting
2026-07-21 04:31:02.518 CumulusUtils : ----------------------------
2026-07-21 04:31:02.518 CumulusUtils : Entering Main
2026-07-21 04:31:02.527 HelpTexts: starting
2026-07-21 04:31:02.566 Information HelpTexts Contructor: stop
2026-07-21 04:31:02.614 CommandLineArgs : starting
2026-07-21 04:31:02.614  CommandLineArgs : handling arg: sysinfo
2026-02026-07-21 04:31:02.626 CommandLineArgs : starting
2026-07-21 04:31:02.626  CommandLineArgs : handling arg: sysinfo
2026-07-21 04:31:02.626  CommandLineArgs : handling arg: UserAskedData
2026-072026-07-21 04:31:02.700 Information CumulusUtils : Read dayfile.txt succesfully - 929 records
2026-07-21 04:31:02.725 Information SystemStatus : starting
2026-07-21 04:31:02.755 Information GetUrlData Start: URL - http://localhost:8998/api/tags/process.json?version&build&Prog2026-07-21 04:31:02.764 Information GetUrlData Start: URL - h2026-07-21 04:31:03.154 CumulusMX Version: 4.5.2 build 4105
2026-07-21 04:31:03.162 Information  SystemStatus: Found devic2026-07-21 04:31:03.165 CumulusMX Version: 4.5.2 build 4105
2026-07-21 04:31:03.177 Information  SystemStatus: Found device 12 GW1000/Ecowitt Local API
2026-07-21 04:31:03.178 Information ReplaceWebtagsPostAsync start:
2026-07-21 04:31:03.180 Information  PostUrl2026-07-21 04:31:03.215 Information PostUrlData success response : OK - OK
2026-07-21 04:31:03.221 SystemStatus : DoingUni2026-07-21 04:31:03.231 Information PostUrlData success response : OK2026-02026-07-21 04:31:03.239 SystemStatus : DoingUnix
2026-07-21 04:2026-07-21 04:31:03.247 Information StartProcess cat:2026-07-21 04:31:03.252 Information StartProcess cat /etc/os-release
2026-07-21 04:31:03.261 Information StartProcess cat: output=PRETTY_NAME="Debian GNU/Linux 12 (bookworm)"
2026-07-21 04:31:03.261 Information StartProcess cat: output=NAME="Debian GNU/Linux"
2026-07-21 04:31:03.261 Information StartProcess cat: output=VERSION_ID="12"
2026-07-21 04:31:03.261 Information StartProcess cat: output=VERSION="12 (bookworm)"
2026-07-21 04:31:03.261 Information StartProcess cat: output=VERSION_CODENAME=bookworm
2026-07-21 04:31:03.261 Information StartProcess cat: output=ID=debian
2026-07-21 04:31:03.261 Information StartProcess cat: output=HOME_URL="https://www.debian.org/"
2026-07-21 04:31:03.261 Information StartProcess cat: output=SUPPORT_URL="https://www.debian.org/support"
2026-07-21 04:31:03.261 Information StartProcess cat: output=BUG_REPORT_URL="https://bugs.debian.org/"
2026-07-21 04:31:03.261 Information Found Linux NAME: PRETTY_NAME="Debian GNU/Linux 12 (bookworm)"
2026-07-21 04:31:03.262 Information Using Linux dialect: Debian
2026-07-21 04:31:03.262 Information Start2026-07-21 04:31:02026-07-21 04:31:03.269 Information StartProcess uptime: output=up 3 weeks, 3 days, 8 hours, 57 minutes
2026-07-21 04:31:03.270 Information StartProcess lshw -quiet -class system
2026-07-21 04:31:03.273 Error System/Processor: Unknown (exception) - An error occurred trying to start process 'lshw' with working directory '/opt/CumulusMX'. No such file or directory
2026-07-22026-07-21 04:31:03.275 Information StartProcess uname: output=Linux 6.1.0-23-amd64 x86_64
2026-07-21 04:31:03.275 Informa2026-07-21 04:31:03.278 Informati2026-07-21 04:31:03.307 Information StartProcess lsb_release: output=Distributor ID:	Debian
2026-07-21 04:31:03.307 Inform2026-07-21 04:31:03.313 Information StartProcess lsb_release: output=Distributor ID:	Debian
2026-07-21 04:31:03.313 Information StartProcess lsb_release: output=Description:	Debian GNU/Linux 12 (bookworm)
2026-07-21 04:31:03.313 Information StartProcess lsb_release: output=Release:	12
2026-07-21 04:31:03.313 Information St2026-07-21 04:31:03.315 Information StartProcess dotnet: output=Microsoft.NETCore.App 8.0.8 [/usr/share/dotnet/shared/Micr2026-07-21 04:31:03.318 Information StartProcess dotnet: output=Microsoft.NE2026-07-21 04:31:03.322 Information StartProcess free: output=               total        used        free      shared  bu2026-07-21 04:31:03.325 Information StartProcess free: output=               total        used        free      shared  buff/cache   available
2026-07-21 04:31:03.325 Information StartProcess free: output=Mem:             960         360         533          29         234         600
2026-07-21 04:31:03.325 Information StartProcess free: ou2026-07-21 04:31:03.326 Information StartProcess d2026-07-21 04:31:03.327 Information StartProcess df -T -text4 -tvfat -h
2026-07-21 04:31:03.334 Information StartProcess df: output=Filesystem     Type  Size  Used Avail Use% Mounted on
2026-07-21 04:31:03.334 Infor2026-07-21 04:31:03.343 Information MapsOn: Starting
2026-07-21 04:31:03.354 Information  MapsOn: Adding Station: Westlands
2026-07-21 04:31:03.370 Information MapsOn: Before testing DoneToday after parsing: 20/07/2026 10:31:03 
2026-07-21 04:31:2026-07-21 04:31:03.374 Information MapsOn: Before testing DoneToday after parsing: 20/07/2026 10:31:03 
2026-07-21 042026-07-21 04:31:03.385 Information DateIsToday: thisSpan: 18:00:00.3709910 | thisSpan.TotalDays = 0.7500042938773148
20262026-07-21 04:31:03.390 Information DateIsToday: thisSpan: 18:00:00.3749899 | thisSpan.TotalDays = 0.7500043401608796
2026-07-21 04:31:03.390 Information MapsOn: Must NOT send signature, has been done already : 2026-07-20T10:31:03
2026-07-21 04:31:03.390 Information Fetch Map: Fetc2026-07-21 04:31:04.306 Information Main: <!--
 This file is generated as part of CumulusUti
2026-07-21 04:31:04.308 Infor2026-07-21 04:31:04.328 Information Main: <!--
 This file is generated as part of CumulusUti
2026-07-21 04:31:02026-07-21 04:31:04.335 Information CustomLogs constructor: starting
2026-07-21 04:31:04.361 Information CustomLogs WebtagInfo constructor: number of defined Webtag Units: 400, everything OK.2026-07-21 04:31:04.374 Information CustomLogs WebtagInfo constructo2026-07-21 04:31:04.388 DefineUsercharts: Parsing User charts definitions - starting
2026-07-21 04:31:04.388 Information P2026-07-21 04:31:04.405 DefineUsercharts: Parsing2026-07-21 04:31:04.408 Information Parsing User Charts Definitions : Chart Temperature'
2026-07-21 04:31:04.408 Informati2026-07-21 04:31:04.422 Information Parsing User Charts Definitions : Chart Temperature'
2026-07-21 04:31:04.422 Information Parsing User Charts Definitions : Chart Wind'
2026-07-21 04:31:04.422 Information Parsing User Charts Definitions : Chart WindDirection'
2026-07-21 04:31:04.422 Information Parsing User Charts Definitions : Chart Rain'
2026-07-21 04:31:04.422 Information Parsing User Charts Definitions : Chart Humidity'
2026-07-21 04:31:04.422 Information Parsing User Charts Definitions : Chart Solar'
2026-07-21 04:31:04.422 Information Parsing User Charts Definitions : Chart DailyTemp'
2026-07-21 04:31:04.422 Information Parsing User Charts Definitions : Chart Daily2026-07-21 04:31:04.433 Generating Compiler UserAskedData: Starting
2026-07-21 04:31:04.434 Information GenerateUserAskedD2026-07-21 04:31:04.446 Generating Compiler UserAskedData: Starting
2026-07-21 04:31:04.447 Information GenerateUserAskedData: timeStart = 21/07/2026 04:22:00; timeEnd = 21/07/2026 04:31:00
2026-07-21 04:31:04.448 Month2026-07-21 04:31:04.450 Information ReadPartialMonthlyLogs: read2026-07-21 04:31:02026-07-21 04:31:04.740 Information ReadMonthlyLogs: End
2026-07-21 04:31:04.756 Information Generate UserAskedData: DoneT2026-07-21 04:31:04.757 Information ReadMonthlyLogs: End
2026-07-21 04:31:04.772 Information Generate UserAskedData: DoneToday = 20/07/2026 19:01:04.
2026-07-21 04:31:04.772 Information DateIsToday for thisDate: 20/07/2026 19:01:04 | thisDate.DayOfYear: 201 versus Now.DayOfYear: 202)
2026-07-21 04:31:04.776 Information DateIsToday: thisSpan: 09:30:00.7724194 | thisSpan.TotalDays = 0.3958422733726852
2026-07-21 04:31:04.776 Information Generate UserAskedData: Must NOT generate the ALL Range.
2026-07-21 04:31:04.776 Information Generate UserAskedData - Loop over Chart: Overview)
2026-07-21 04:31:04.777 Information Generate UserAskedData - Testing temp into tempdata.json (Range is Recent)
2026-07-21 04:31:04.777 Information Generate UserAskedData - Testing dew into tempdata.json (Range is Recent)
2026-07-21 04:31:04.777 Information Generate UserAskedData - Testing press into pressdata.json (Range is Recent)
2026-07-21 04:31:04.777 Information Generate UserAskedData - Testing hum into humdata.json (Range is Recent)
2026-07-21 04:31:04.777 Information Generate UserAskedData - Testing SolarRad into solardata.json (Range is Recent)
2026-07-21 04:31:04.777 Information Generate UserAskedData - Testing rfall into raindata.json (Range is Recent)
2026-07-21 04:31:04.777 Information Generate UserAskedData - Loop over Chart: Temperature)
2026-07-21 04:31:04.777 Information Generate UserAskedData - Testing intemp into tempdata.json (Range is Recent)
2026-07-21 04:31:04.777 Information Generate UserAskedData - Testing temp into tempdata.json (Range is Recent)
2026-07-21 04:31:04.777 Information Generate UserAskedData - Testing feelslike into tempdata.json (Range is Recent)
2026-07-21 04:31:04.777 Information Generate UserAskedData - Testing dew into tempdata.json (Range is Recent)
2026-07-21 04:31:04.777 Information Generate UserAskedData - Loop over Chart: Wind)
2026-07-21 04:31:04.777 Information Generate UserAskedData - Testing wgust into winddata.json (Range is Recent)
2026-07-21 04:31:04.777 Information Generate UserAskedData - Testing wspeed into winddata.json (Range is Recent)
2026-07-21 04:31:04.778 Information Generate UserAskedData - Loop over Chart: WindDirection)
2026-07-21 04:31:04.778 Information Generate UserAskedData - Testing bearing into wdirdata.json (Range is Recent)
2026-07-21 04:31:04.778 Information Generate UserAskedData - Testing avgbearing into wdirdata.json (Range is Recent)
2026-07-21 04:31:04.778 Information Generate UserAskedData - Loop over Chart: Rain)
2026-07-21 04:31:04.778 Information Generate UserAskedData - Testing rfall into raindata.json (Range is Recent)
2026-07-21 04:31:04.778 Information Generate UserAskedData - Testing rrate into raindata.json (Range is Recent)
2026-07-21 04:31:04.778 Information Generate UserAskedData - Loop over Chart: Humidity)
2026-07-21 04:31:04.778 Information Generate UserAskedData - Testing hum into humdata.json (Range is Recent)
2026-07-21 04:31:04.778 Information Generate UserAskedData - Testing inhum into humdata.json (Range is Recent)
2026-07-21 04:31:04.778 Information Generate UserAskedData - Loop over Chart: Solar)
2026-07-21 04:31:04.778 Information Generate UserAskedData - Testing UV into solardata.json (Range is Recent)
2026-07-21 04:31:04.778 Information Generate UserAskedData - Testing SolarRad into solardata.json (Range is Recent)
2026-07-21 04:31:04.778 Information Generate UserAskedData - Testing CurrentSolarMax into solardata.json (Range is Recent)
2026-07-21 04:31:04.778 Information Generate UserAskedData - Loop over Chart: DailyTemp)
2026-07-21 04:31:04.778 Information Generate UserAskedData - Testing avgTemp into alldailytempdata.json (Range is Daily)
2026-07-21 04:31:04.778 Information Generate UserAskedData - Testing avgTemp into alldailytempdata.json (Range is Daily)
2026-07-21 04:31:04.778 Information Generate UserAskedData - Loop over Chart: DailyPressure)
2026-07-21 04:31:04.778 Information Generate UserAskedData - Testing minBaro into alldailypressdata.json (Range is Daily)
2026-07-21 04:31:04.778 Information Generate UserAskedData - Testing  into  (Range is Daily)
2026-07-21 04:31:04.778 Information DoAirLink / AirQualitySensor  = False / False
2026-07-21 04:31:04.778 Informati2026-07-21 04:31:04.917 Information PHP upload does not support compression
2026-07-21 04:31:04.917 Information UploadFil2026-07-21 04:31:04.923 Information PHP upload does not support compression
2026-07-21 04:31:04.923 Information UploadFile: Starting utils/maps.txt => maps.txt
2026-07-21 04:31:04.923 Information Upload File values: localfile: utils/maps.txt
2026-07-21 04:31:04.923 Information Upload File values: remotefile: maps.txt
2026-07-21 04:31:04.927 Information PHP Upload: starting ut2026-07-21 04:31:05.013 Information InetPhp: maps.txt: Response code = 200: OK
2026-07-21 04:31:05.013 Information InetPh2026-07-21 04:31:05.016 Information InetPhp: maps.txt: Response code = 200: OK
2026-07-21 04:31:05.016 Information InetPhp: maps.txt: Response text follows:
Opening text file maps.txt for replacement
Writing text file maps.txt
Write complete
2026-07-21 04:31:05.016 Information PHP UploadFile: Success
2026-07-21 04:31:05.016 Information UploadFile: Starting utils/systeminfoTable.txt => systeminfoTable.txt
2026-07-21 04:31:05.016 Information Upload File values: localfile: utils/systeminfoTable.txt
2026-07-21 04:31:05.016 Information Upload File values: remotefile: systeminfoTable.txt
2026-07-21 04:31:05.016 Information PHP Upload: starting utils/systeminfoTable.tx2026-07-21 04:31:05.045 Information InetPhp: systeminfoTable.txt: Response code = 200: OK
2026-07-21 04:31:05.045 Informa2026-07-21 04:31:05.052 Information InetPhp: systeminfoTable.txt: Response code = 200: OK
2026-07-21 04:31:05.052 Information InetPhp: systeminfoTable.txt: Response text follows:
Opening text file systeminfoTable.txt for replacement
Writing text file systeminfoTable.txt
Write complete
2026-07-21 04:31:05.052 Information PHP UploadFile: Success
2026-07-21 04:31:05.052 All done, Entering the finally section...; Closing down.
2026-07-21 04:31:05.052 Disposing Isup...
2026-07-21 04:31:05.052 Disposing Sup...
