2026-07-21 00:41:02.147 Information According to Inifile Info => Error: True, Warning: True, Info: True, Verbose: False, 
2026-07-21 00:41:02.172 CumulusUtils Initial: Shutting down the default listener
2026-07-21 00:41:02.172 Information CumulusUtils Initial: Shutting down the default listener
2026-07-21 00:41:02.224  CUstrings[xx].ini : CUstringsEN.ini looked for.
2026-07-21 00:41:02.250  CumulusUtils version: 7.1.1 
2026-07-21 00:41:02.250  CuSupport constructor : Unit Wind (m/s, mph, km/h, kts): mph
2026-07-21 00:41:02.250  CuSupport constructor : Unit Pressure (mb,hPa,inHg): hPa
2026-07-21 00:41:02.251  CuSupport constructor : Unit Rain (mm,in): mm
2026-07-21 00:41:02.251  CuSupport constructor : Unit T (C,F): °C
2026-07-21 00:41:02.252  CuSupport constructor : Unit D2026-07-21 00:41:02.253  CuSupport constructor : Unit T (C,F): °C
2026-07-21 00:41:02.253  CuSupport2026-07-21 00:41:02.268 InetSupport: Constructor starting
2026-07-21 00:41:02.328 CumulusUtils : ----------------------------
2026-07-21 00:41:02.328 CumulusUtils : Entering Main
2026-07-21 00:41:02.343 HelpTexts: starting
2026-07-21 00:41:02.382 Information HelpTexts Contructor: stop
2026-07-21 00:41:02.433 CommandLineArgs : starting
2026-07-21 00:41:02.433  CommandLineArgs : handling arg: sysinfo
2026-02026-07-21 00:41:02.437 CommandLineArgs : starting
2026-07-21 00:41:02.437  CommandLineArgs : handling arg: sysinfo
2026-07-21 00:41:02.438  CommandLineArgs : handling arg: UserAskedData
2026-072026-07-21 00:41:02.555 Information CumulusUtils : Read dayfile.txt succesfully - 929 records
2026-07-21 00:41:02.596 Information SystemStatus : starting
2026-07-21 00:41:02.640 Information GetUrlData Start: URL - http://localhost:8998/api/tags/process.json?version&build&Prog2026-07-21 00:41:02.647 Information GetUrlData Start: URL - h2026-07-21 00:41:03.047 CumulusMX Version: 4.5.2 build 4105
2026-07-21 00:41:03.055 Information  SystemStatus: Found devic2026-07-21 00:41:03.058 Cumulu2026-07-21 00:41:03.060 Inform2026-07-21 00:41:03.067 Information  SystemStatus: Found device 12 GW1000/Ecowitt Local API
2026-07-21 00:41:03.068 Information ReplaceWebtagsPostAsync start:
2026-07-21 00:41:03.074 Information  PostUrl2026-07-21 00:41:03.103 Information PostUrlData success response : OK - OK
2026-07-21 00:41:03.109 SystemStatus : DoingUni2026-07-21 00:41:03.115 Information PostUrlData success response : OK2026-02026-07-21 00:41:03.121 SystemStatus : DoingUnix
2026-07-21 00:2026-07-21 00:41:03.136 Information StartProcess cat: output=PRETTY_NAME="Debian GNU/Linux 12 (bookworm)"
2026-07-21 00:412026-07-21 00:41:03.145 Information StartProcess cat: output=PRETTY_NAME="Debian GNU/Linux 12 (bookworm)"
2026-07-21 00:41:03.145 Information StartProcess cat: output=NAME="Debian GNU/Linux"
2026-07-21 00:41:03.145 Information StartProcess cat: output=VERSION_ID="12"
2026-07-21 00:41:03.145 Information StartProcess cat: output=VERSION="12 (bookworm)"
2026-07-21 00:41:03.145 Information StartProcess cat: output=VERSION_CODENAME=bookworm
2026-07-21 00:41:03.145 Information StartProcess cat: output=ID=debian
2026-07-21 00:41:03.145 Information StartProcess cat: output=HOME_URL="https://www.debian.org/"
2026-07-21 00:41:03.145 Information StartProcess cat: output=SUPPORT_URL="https://www.debian.org/support"
2026-07-21 00:41:03.145 Information StartProcess cat: output=BUG_REPORT_URL="https://bugs.debian.org/"
2026-07-21 00:41:03.146 Information Found Linux NAME: PRETTY_NAME="Debian GNU/Linux 12 (bookworm)"
22026-07-21 00:41:03.147 Information StartProcess uptime: output=up 3 weeks, 3 days, 5 hours, 7 minutes
2026-07-21 00:41:032026-07-21 00:41:03.153 Information StartProcess uptime: output=up 3 weeks, 3 days, 5 hours, 7 minutes
2026-07-21 00:41:03.155 Information StartProcess lshw -quiet -class system
2026-07-21 00:41:03.158 Error System/Processor: Unknown (exception) - An error occurred trying to start process 'lshw' with working directory '/opt/CumulusMX'. No such file or directory
2026-07-21 00:41:03.158 Please install lshw (apt-get install lshw)
2026-07-21 00:41:03.158 Informati2026-07-21 00:41:03.158 Informa2026-07-21 00:41:03.159 Informati2026-07-21 00:41:03.186 Information StartProcess lsb_release: output=Distributor ID:	Debian
2026-07-21 00:41:03.186 Inform2026-07-21 00:41:03.193 Information StartProcess lsb_release: output=Distributor ID:	Debian
2026-07-21 00:41:03.193 Information StartProcess lsb_release: output=Description:	Debian GNU/Linux 12 (bookworm)
2026-07-21 00:41:03.193 Information StartProcess lsb_release: output=Release:	12
2026-07-21 00:41:03.193 Information StartProcess lsb_release: output=Codename:	bookworm
2026-07-21 00:41:03.193 Information StartProcess dotnet --list-runtimes
2026-07-21 00:41:03.197 Information StartProcess dotnet: output=Microsoft.NE2026-07-21 00:41:03.199 Information StartProcess free: output=   2026-07-21 00:41:03.200 Information StartProcess free -m
2026-07-21 00:41:03.204 Information StartProcess free: output=               total        used        free      shared  buff/cache   available
2026-07-21 00:41:03.204 Information StartProcess free: output=Mem:             960         371         353          30         413         589
2026-07-21 00:41:03.204 Information StartProcess free: ou2026-07-21 00:41:03.206 Information StartProcess df: output=Filesystem     Type  Size  Used Avail Use% Mounted on
2026-07-2026-07-21 00:41:03.220 Information StartProcess df: output=Filesystem     Type  Size  Used Avail Use% Mounted on
2026-07-21 00:41:03.220 Infor2026-07-21 00:41:03.236 Information MapsOn: Starting
2026-07-21 00:41:03.247 Information  MapsOn: Adding Station: Westlands
2026-07-21 00:41:03.273 Information MapsOn: Before testing DoneToday after parsing: 20/07/2026 10:31:03 
2026-07-21 00:41:2026-07-21 00:41:03.278 Information MapsOn: Before testing DoneToday after parsing: 20/07/2026 10:31:03 
2026-07-21 002026-07-21 00:41:03.296 Information DateIsToday: thisSpan: 14:10:00.2737753 | thisSpan.TotalDays = 0.5902809464733796
20262026-07-21 00:41:03.300 Information DateIsToday: thisSpan: 14:10:00.2792658 | thisSpan.TotalDays = 0.5902810100208333
2026-07-21 00:41:03.300 Information MapsOn: Must NOT send signature, has been done already : 2026-07-20T10:31:03
2026-07-21 00:41:03.300 Information Fetch Map: Fetc2026-07-21 00:41:04.430 Information Main: <!--
 This file is generated as part of CumulusUti
2026-07-21 00:41:04.431 Infor2026-07-21 00:41:04.453 Information Main: <!--
 This file is generated as part of CumulusUti
2026-07-21 00:41:02026-07-21 00:41:04.460 Information CustomLogs constructor: starting
2026-07-21 00:41:04.482 Information CustomLogs WebtagInfo constructor: number of defined Webtag Units: 400, everything OK.2026-07-21 00:41:04.501 Information CustomLogs WebtagInfo constructo2026-07-21 00:41:04.507 DefineUsercharts: Parsing User charts definitions - starting
2026-07-21 00:41:04.507 Information P2026-07-21 00:41:04.527 DefineUsercharts: Parsing User charts definitions - starting
2026-07-21 00:41:04.527 Information Parsing User Charts Definitions : Chart Overview'
2026-07-21 00:41:04.542 Information Parsing User Charts Definitions : Chart Temperature'
2026-07-21 00:41:04.543 Information Parsing User Charts Definitions : Chart Wind'
2026-07-21 00:41:04.543 Information Parsing User Charts Definitions : Chart WindDirection'
2026-07-21 00:41:04.543 Information Parsing User Charts Definitions : Chart Rain'
2026-07-21 00:41:04.543 Information Parsing User Charts Definitions : Chart Humidity'
2026-07-21 00:41:04.543 Information Parsing User Charts Definitions : Chart Solar'
2026-07-21 00:41:04.543 Information Parsing User Charts Definitions : Chart DailyTemp'
2026-07-21 00:41:04.543 Information Parsing User Charts Definitions : Chart Daily2026-07-21 00:41:04.553 Generating Compiler UserAskedData: Starting
2026-07-21 00:41:04.554 Information GenerateUserAskedD2026-07-21 00:41:04.571 Generating Compiler UserAskedData: Starting
2026-07-21 00:41:04.576 Information GenerateUserAskedData: timeStart = 21/07/2026 00:32:00; timeEnd = 21/07/2026 00:41:00
2026-07-21 00:41:04.577 Monthfile constructor: Using fixed path: | data/ |; file: | *log.txt
2026-07-21 00:41:02026-07-21 00:41:04.871 Information ReadMonthlyLogs: End
2026-07-21 00:41:04.885 Information Generate UserAskedData: DoneToday = 20/07/2026 19:01:04.
2026-07-21 00:41:04.885 Infor2026-07-21 00:41:04.889 Information Generate UserAskedData: DoneToday = 20/07/2026 19:01:04.
2026-07-21 00:41:04.889 Information DateIsToday for thisDate: 20/07/2026 19:01:04 | thisDate.DayOfYear: 201 versus Now.DayOfYear: 202)
2026-07-21 00:41:04.889 Information DateIsToday: thisSpan: 05:40:00.8894842 | thisSpan.TotalDays = 0.23612140606712964
2026-07-21 00:41:04.889 Information Generate UserAskedData: Must NOT generate the ALL Range.
2026-07-21 00:41:04.889 Information Generate UserAskedData - Loop over Chart: Overview)
2026-07-21 00:41:04.890 Information Generate UserAskedData - Testing temp into tempdata.json (Range is Recent)
2026-07-21 00:41:04.890 Information Generate UserAskedData - Testing dew into tempdata.json (Range is Recent)
2026-07-21 00:41:04.890 Information Generate UserAskedData - Testing press into pressdata.json (Range is Recent)
2026-07-21 00:41:04.890 Information Generate UserAskedData - Testing hum into humdata.json (Range is Recent)
2026-07-21 00:41:04.890 Information Generate UserAskedData - Testing SolarRad into solardata.json (Range is Recent)
2026-07-21 00:41:04.890 Information Generate UserAskedData - Testing rfall into raindata.json (Range is Recent)
2026-07-21 00:41:04.890 Information Generate UserAskedData - Loop over Chart: Temperature)
2026-07-21 00:41:04.890 Information Generate UserAskedData - Testing intemp into tempdata.json (Range is Recent)
2026-07-21 00:41:04.890 Information Generate UserAskedData - Testing temp into tempdata.json (Range is Recent)
2026-07-21 00:41:04.890 Information Generate UserAskedData - Testing feelslike into tempdata.json (Range is Recent)
2026-07-21 00:41:04.890 Information Generate UserAskedData - Testing dew into tempdata.json (Range is Recent)
2026-07-21 00:41:04.890 Information Generate UserAskedData - Loop over Chart: Wind)
2026-07-21 00:41:04.890 Information Generate UserAskedData - Testing wgust into winddata.json (Range is Recent)
2026-07-21 00:41:04.890 Information Generate UserAskedData - Testing wspeed into winddata.json (Range is Recent)
2026-07-21 00:41:04.890 Information Generate UserAskedData - Loop over Chart: WindDirection)
2026-07-21 00:41:04.890 Information Generate UserAskedData - Testing bearing into wdirdata.json (Range is Recent)
2026-07-21 00:41:04.890 Information Generate UserAskedData - Testing avgbearing into wdirdata.json (Range is Recent)
2026-07-21 00:41:04.890 Information Generate UserAskedData - Loop over Chart: Rain)
2026-07-21 00:41:04.890 Information Generate UserAskedData - Testing rfall into raindata.json (Range is Recent)
2026-07-21 00:41:04.890 Information Generate UserAskedData - Testing rrate into raindata.json (Range is Recent)
2026-07-21 00:41:04.890 Information Generate UserAskedData - Loop over Chart: Humidity)
2026-07-21 00:41:04.890 Information Generate UserAskedData - Testing hum into humdata.json (Range is Recent)
2026-07-21 00:41:04.890 Information Generate UserAskedData - Testing inhum into humdata.json (Range is Recent)
2026-07-21 00:41:04.890 Information Generate UserAskedData - Loop over Chart: Solar)
2026-07-21 00:41:04.890 Information Generate UserAskedData - Testing UV into solardata.json (Range is Recent)
2026-07-21 00:41:04.890 Information Generate UserAskedData - Testing SolarRad into solardata.json (Range is Recent)
2026-07-21 00:41:04.890 Information Generate UserAskedData - Testing CurrentSolarMax into solardata.json (Range is Recent)
2026-07-21 00:41:04.890 Information Generate UserAskedData - Loop over Chart: DailyTemp)
2026-07-21 00:41:04.890 Information Generate UserAskedData - Testing avgTemp into alldailytempdata.json (Range is Daily)
2026-07-21 00:41:04.890 Information Generate UserAskedData - Testing avgTemp into alldailytempdata.json (Range is Daily)
2026-07-21 00:41:04.890 Information Generate UserAskedData - Loop over Chart: DailyPressure)
2026-07-21 00:41:04.890 Information Generate UserAskedData - Testing minBaro into alldailypressdata.json (Range is Daily)
2026-07-21 00:41:04.891 Information Generate UserAskedData - Testing  into  (Range is Daily)
2026-07-21 00:41:2026-07-21 00:41:04.905 Testing PHP upload compression on https://jpickles.com/cutils/upload.php
2026-07-21 00:41:05.044 Information PHP upload does not support compression
2026-07-21 00:41:05.044 Information UploadFile: Starting utils/maps.txt => maps.txt
2026-07-21 00:41:05.044 Information Upload File values: localfile: utils/maps.txt
2026-07-21 00:41:05.044 Information Upload File values: remotefile: maps.txt
2026-07-21 00:41:05.052 Information PHP Upload: starting utils/maps.txt
2026-07-21 00:41:05.053 Information Incremental = False; filename = maps.txt; ext = .txt; HoursInGraph = 72
2026-07-21 00:41:05.170 Information InetPhp: maps.txt: Response code = 200: OK
2026-07-21 00:41:05.170 Information InetPhp: maps.txt: Response text follows:
Opening text file maps.txt for replacement
Writing text file maps.txt
Write complete
2026-07-21 00:41:05.170 Information PHP UploadFile: Success
2026-07-21 00:41:05.170 Information UploadFile: Starting utils/systeminfoTable.txt => systeminfoTable.txt
2026-07-21 00:41:05.170 Information Upload File values: localfile: utils/systeminfoTable.txt
2026-07-21 00:41:05.170 Information Upload File values: remotefile: systeminfoTable.txt
2026-07-21 00:41:05.170 Information PHP Upload: starting utils/systeminfoTable.txt
2026-07-21 00:41:05.170 Information Incremental = False; filename = systeminfoTable.txt; ext = .txt; HoursInGraph = 72
2026-07-21 00:41:05.258 Information InetPhp: systeminfoTable.txt: Response code = 200: OK
2026-07-21 00:41:05.258 Information InetPhp: systeminfoTable.txt: Response text follows:
Opening text file systeminfoTable.txt for replacement
Writing text file systeminfoTable.txt
Write complete
2026-07-21 00:41:05.258 Information PHP UploadFile: Success
2026-07-21 00:41:05.258 All done, Entering the finally section...; Closing down.
2026-07-21 00:41:05.258 Disposing Isup...
2026-07-21 00:41:05.259 Disposing Sup...
 the finally section...; Closing down.
2026-07-21 00:41:05.207 Disposing Isup...
2026-07-21 00:41:05.207 Disposing Sup...
