2026-07-21 19:51:01.669 Information According to Inifile Info => Error: True, Warning: True, Info: True, Verbose: False, 
2026-07-21 19:51:01.696 CumulusUtils Initial: Shutting down the default listener
2026-07-21 19:51:01.696 Information Cumul2026-07-21 19:51:01.697 CumulusUtils Initial: Shutti2026-07-21 19:51:01.753  CUstrings[xx].ini : CUstringsEN.ini looked for.
2026-07-21 19:51:01.781  CumulusUtils version: 7.1.1 
2026-07-21 19:51:01.782  CuSupport constructor : Unit Wind (m/s, mph, km/h, kts): mph
2026-07-21 19:51:01.782  CuSupport constructor : Unit Pressure (mb,hPa,inHg): hPa
2026-07-21 19:51:01.782  CuSupport constructor : Unit Rain (mm,in): mm
2026-07-21 19:51:01.783  CuSupport constructor : Unit T (C,F): °C
2026-07-21 19:51:01.783  CuSupport constructor : Unit Distance (m, mi, km, kn): mi
2026-07-21 19:51:01.783  CuSupport constructor : Unit Height (m, ft): ft
2026-07-21 19:51:01.798 InetSupport: Constructor starting
2026-07-21 19:51:01.862 CumulusUtils : ----------------------------
2026-07-21 19:51:01.862 CumulusUtils : Entering Main
2026-07-21 19:51:01.871 HelpTexts: starting
2026-07-21 19:51:01.913 Information HelpTexts Contructor: stop
2026-07-21 19:51:01.967 CommandLineArgs : starting
2026-07-21 19:51:01.967  CommandLineArgs : handling arg: sysinfo
2026-07-21 19:51:01.967  CommandLineArgs : handling arg: UserAskedData
2026-07-21 19:51:01.967  CommandLineArgs : handling arg: UserReports
2026-07-21 19:51:01.971 Dayfile: Reading the dayfile.txt...
2026-07-21 19:51:02.061 Information CumulusUtils : Read dayfile.txt succesfully - 929 records
2026-07-21 19:51:02.082 Information SystemStatus : starting
2026-07-21 19:51:02.115 Information GetUrlData Start: URL - http://localhost:8998/api/tags/process.json?version&build&Prog2026-07-21 19:51:02.118 Information GetUrlData Start: URL - h2026-07-21 19:51:02.546 CumulusMX Version: 4.5.2 build 4105
2026-07-21 19:51:02.554 Information  SystemStatus: Found device 12 GW1000/Ecowitt Local API
2026-07-21 19:51:02.555 Inform2026-07-21 19:51:02.559 Information  2026-07-21 19:51:02.561 Information  PostUrlData Start: http://localhost:8998/api/tags/process.txt 
2026-07-21 19:51:02.562026-07-21 19:51:02.566 Information  PostUrl2026-07-21 19:51:02.604 Information PostUrlData success response : OK - OK
2026-07-21 19:51:02.611 SystemStatus : DoingUni202026-07-21 19:51:02.616 Information SystemStatus : DoingUnix Start
2026-07-21 19:51:02.619 Information StartProcess cat /e2026-07-21 19:2026-07-21 19:51:02.635 Information StartProcess cat: output=PRETTY_NAME="Debian GNU/Linux 12 (bookworm)"
2026-07-21 19:512026-07-21 19:51:02.641 Information StartProcess cat: output=PRETTY_NAME="Debian GNU/Linux 12 (bookworm)"
2026-07-21 19:51:02.641 Information StartProcess cat: output=NAME="Debian GNU/Linux"
2026-07-21 19:51:02.641 Information StartProcess cat: output=VERSION_ID="12"
2026-07-21 19:51:02.641 Information StartProcess cat: output=VERSION="12 (bookworm)"
2026-07-21 19:51:02.641 Information StartProcess cat: output=VERSION_CODENAME=bookworm
2026-07-21 19:51:02.641 Information StartProcess cat: output=ID=debian
2026-07-21 19:51:02.641 Information StartProcess cat: output=HOME_URL="https://www.debian.org/"
2026-07-21 19:51:02.641 Information StartProcess cat: output=SUPPORT_URL="https://www.debian.org/support"
2026-07-21 19:51:02.641 Information StartProcess cat: output=BUG_REPORT_URL="https://bugs.debian.org/"
2026-07-21 19:51:02.642 Information Found Linux NAME: PRETTY_NAME="Debian GNU/Linux 12 (bookworm)"
22026-07-21 19:51:02.647 Information StartProcess uptime: output=up 3 weeks, 4 days, 17 minutes
2026-07-21 19:51:02.648 Inf2026-07-21 19:51:02.654 Information StartProcess uptime: output=up 3 weeks, 4 days, 17 minutes
2026-07-21 19:51:02.656 Information StartProcess lshw -quiet -class system
2026-07-21 19:51:02.658 Error System/Processor: Unknown (exception) - An error occurred trying to start process 'lshw' with working directory '/opt/CumulusMX'. No such file or directory
2026-07-21 19:51:02.658 Please install lshw (apt-get install lshw)
2026-07-21 19:51:02.658 Informati2026-07-21 19:51:02.659 Informa2026-07-21 19:51:02.660 Informati2026-07-21 19:51:02.688 Information StartProcess lsb_release: output=Distributor ID:	Debian
2026-07-21 19:51:02.688 Inform2026-07-21 19:51:02.691 Information StartProcess lsb_release: output=Distributor ID:	Debian
2026-07-21 19:51:02.691 Information StartProcess lsb_release: output=Description:	Debian GNU/Linux 12 (bookworm)
2026-07-21 19:51:02.691 Information StartProcess lsb_release: output=Release:	12
2026-07-21 19:51:02.691 Information St2026-07-21 19:51:02.699 Information StartProcess dotnet: output=Microsoft.NETCore.App 8.0.8 [/usr/share/dotnet/shared/Microsoft.NETCore.App]
2026-07-21 19:51:02.699 Information StartProcess free -m
2026-07-21 19:51:02.703 Information StartProcess free: output=               total        used        free      shared  bu2026-07-21 19:51:02.707 Information StartProcess free: output=               total        used        free      shared  buff/cache   available
2026-07-21 19:51:02.707 Information StartProcess free: output=Mem:             960         374         403          32         362         586
2026-07-21 19:51:02.707 Information StartProcess free: ou2026-07-21 19:51:02.709 Information StartProcess df: output=Filesystem     Type  Size  Used Avail Use% Mounted on
2026-07-2026-07-21 19:51:02.717 Information StartProcess df: output=Filesystem     Type  Size  Used Avail Use% Mounted on
2026-07-21 19:51:02.717 Infor2026-07-21 19:51:02.732 Information MapsOn: Starting
2026-07-21 19:51:02.741 Information  MapsOn: Adding Station: Westlands
2026-07-21 19:51:02.759 Information MapsOn: Before testing DoneToday after parsing: 21/07/2026 10:31:03 
2026-07-21 19:51:02.760 Information DateIsToday for thisDate: 21/07/2026 10:31:03 | thisDate.DayOfYear: 202 versus Now.DayOfYear: 202)
2026-07-21 19:51:02.770 Information DateIsToday: thisSpan: 09:19:59.7604502 | thisSpan.TotalDays = 0.38888611632175923
2022026-07-21 19:51:02.773 Information DateIsToday: thisSpan: 09:19:59.7553896 | thisSpan.TotalDays = 0.38888605775
2026-07-21 19:51:02.773 Information MapsOn: Must NOT send signature, has been done already : 2026-07-21T10:31:03
2026-07-21 19:51:02.773 Information Fetch Map: Fetching t2026-07-21 19:51:03.698 Information Main: <!--
 This file is generated as part of CumulusUti
2026-07-21 19:51:03.6992026-07-21 19:51:03.750 Information Main: <!--
 This file is generated as part of CumulusUti
2026-07-21 19:51:03.751 Information UserAskedData Starting...
2026-07-21 19:51:03.751 Information UserAskedData Doing the compiler stuff...
2026-07-21 19:51:03.781 Information CustomLogs constructor: starting
2026-07-21 19:51:03.796 Information CustomLogs WebtagInfo constructor: number of defined Webtag Units: 400, everything OK. 
2026-07-21 19:51:03.801 Information Custom Logs constructor: stop
2026-07-21 19:51:03.825 DefineUsercharts: Parsing User charts definitions - starting
2026-07-21 19:51:03.825 Information Parsing User Charts Definitions : Chart Overview'
2026-07-21 19:51:03.846 Information Parsing User Charts Definitions : Chart Temperature'
2026-07-21 19:51:03.846 Information Parsing User Charts Definitions : Chart Wind'
2026-07-21 19:51:03.846 Information Parsing User Charts Definitions : Chart WindDirection'
2026-07-21 19:51:03.847 Information Parsing User Charts Definitions : Chart Rain'
2026-07-21 19:51:03.847 Information Parsing User Charts Definitions : Chart Humidity'
2026-07-21 19:51:03.847 Information Parsing User Charts Definitions : Chart Solar'
2026-07-21 19:51:03.847 Information Parsing User Charts Definitions : Chart DailyTemp'
2026-07-21 19:51:03.847 Information Parsing User Charts Definitions : Chart DailyPressure'
2026-07-21 19:51:03.849 Information Parsing User Charts: Evaluating Expression '(MinBarometer+MaxBarometer)/2'.
2026-07-21 19:51:03.871 Generating Compiler UserAskedData: Starting
2026-07-21 19:51:03.876 Information GenerateUserAskedData: timeStart = 21/07/2026 19:42:00; timeEnd = 21/07/2026 19:51:00
2026-07-21 19:51:03.877 Monthfile constructor: Using fixed path: | data/ |; file: | *log.txt
2026-07-21 19:51:03.880 2026-07-21 19:51:04.118 Information ReadMonthlyLogs: End
2026-07-21 19:51:04.129 Information Generate UserAskedData:2026-07-21 19:51:04.184 Information ReadMonthlyLogs: End
2026-07-21 19:51:04.190 Information Generate UserAskedData: DoneToday = 21/07/2026 19:11:04.
2026-07-21 19:51:04.190 Information DateIsToday for thisDate: 21/07/2026 19:11:04 | thisDate.DayOfYear: 202 versus Now.DayOfYear: 202)
2026-07-21 19:51:04.190 Information DateIsToday: thisSpan: 00:40:00.1907565 | thisSpan.TotalDays = 0.027779985607638887
2026-07-21 19:51:04.190 Information Generate UserAskedData: Must NOT generate the ALL Range.
2026-07-21 19:51:04.190 Information Generate UserAskedData - Loop over Chart: Overview)
2026-07-21 19:51:04.191 Information Generate UserAskedData - Testing temp into tempdata.json (Range is Recent)
2026-07-21 19:51:04.191 Information Generate UserAskedData - Testing dew into tempdata.json (Range is Recent)
2026-07-21 19:51:04.191 Information Generate UserAskedData - Testing press into pressdata.json (Range is Recent)
2026-07-21 19:51:04.191 Information Generate UserAskedData - Testing hum into humdata.json (Range is Recent)
2026-07-21 19:51:04.191 Information Generate UserAskedData - Testing SolarRad into solardata.json (Range is Recent)
2026-07-21 19:51:04.191 Information Generate UserAskedData - Testing rfall into raindata.json (Range is Recent)
2026-07-21 19:51:04.191 Information Generate UserAskedData - Loop over Chart: Temperature)
2026-07-21 19:51:04.191 Information Generate UserAskedData - Testing intemp into tempdata.json (Range is Recent)
2026-07-21 19:51:04.191 Information Generate UserAskedData - Testing temp into tempdata.json (Range is Recent)
2026-07-21 19:51:04.191 Information Generate UserAskedData - Testing feelslike into tempdata.json (Range is Recent)
2026-07-21 19:51:04.191 Information Generate UserAskedData - Testing dew into tempdata.json (Range is Recent)
2026-07-21 19:51:04.192 Information Generate UserAskedData - Loop over Chart: Wind)
2026-07-21 19:51:04.192 Information Generate UserAskedData - Testing wgust into winddata.json (Range is Recent)
2026-07-21 19:51:04.192 Information Generate UserAskedData - Testing wspeed into winddata.json (Range is Recent)
2026-07-21 19:51:04.192 Information Generate UserAskedData - Loop over Chart: WindDirection)
2026-07-21 19:51:04.192 Information Generate UserAskedData - Testing bearing into wdirdata.json (Range is Recent)
2026-07-21 19:51:04.192 Information Generate UserAskedData - Testing avgbearing into wdirdata.json (Range is Recent)
2026-07-21 19:51:04.192 Information Generate UserAskedData - Loop over Chart: Rain)
2026-07-21 19:51:04.192 Information Generate UserAskedData - Testing rfall into raindata.json (Range is Recent)
2026-07-21 19:51:04.192 Information Generate UserAskedData - Testing rrate into raindata.json (Range is Recent)
2026-07-21 19:51:04.192 Information Generate UserAskedData - Loop over Chart: Humidity)
2026-07-21 19:51:04.192 Information Generate UserAskedData - Testing hum into humdata.json (Range is Recent)
2026-07-21 19:51:04.192 Information Generate UserAskedData - Testing inhum into humdata.json (Range is Recent)
2026-07-21 19:51:04.192 Information Generate UserAskedData - Loop over Chart: Solar)
2026-07-21 19:51:04.192 Information Generate UserAskedData - Testing UV into solardata.json (Range is Recent)
2026-07-21 19:51:04.192 Information Generate UserAskedData - Testing SolarRad into solardata.json (Range is Recent)
2026-07-21 19:51:04.192 Information Generate UserAskedData - Testing CurrentSolarMax into solardata.json (Range is Recent)
2026-07-21 19:51:04.192 Information Generate UserAskedData - Loop over Chart: DailyTemp)
2026-07-21 19:51:04.192 Information Generate UserAskedData - Testing avgTemp into alldailytempdata.json (Range is Daily)
2026-07-21 19:51:04.192 Information Generate UserAskedData - Testing avgTemp into alldailytempdata.json (Range is Daily)
2026-07-21 19:51:04.192 Information Generate UserAskedData - Loop over Chart: DailyPressure)
2026-07-21 19:51:04.192 Information Generate UserAskedData - Testing minBaro into alldailypressdata.json (Range is Daily)
2026-07-21 19:51:04.192 Information Generate UserAskedData - Testing  into  (Range is Daily)
2026-07-21 19:51:04.192 Information DoAirLink / AirQualitySensor  = False / False
2026-07-21 19:51:04.192 Information Up2026-07-21 19:51:04.283 Information PHP upload does not support compression
2026-07-21 19:51:04.283 Information Uplo2026-07-21 19:51:04.342 Information PHP upload does not support compression
2026-07-21 19:51:04.342 Information UploadFile: Starting utils/maps.txt => maps.txt
2026-07-21 19:51:04.342 Information Upload File values: localfile: utils/maps.txt
2026-07-21 19:51:04.342 Information Upload File values: remotefile: maps.txt
2026-07-21 19:51:04.347 Information PHP Upload: starting utils/m2026-07-21 19:51:04.381 Information InetPhp: maps.txt: Response code = 200: OK
2026-07-21 19:51:04.381 Information I2026-07-21 19:51:04.422 Information InetPhp: maps.txt: Response code = 200: OK
2026-07-21 19:51:04.423 Information InetPhp: maps.txt: Response text follows:
Opening text file maps.txt for replacement
Writing text file maps.txt
Write complete
2026-07-21 19:51:04.423 Information PHP UploadFile: Success
2026-07-21 19:51:04.423 Information UploadFile: Starting utils/systeminfoTable.txt => systeminfoTable.txt
2026-07-21 19:51:04.423 Information Upload File values: localfile: utils/systeminfoTable.txt
2026-07-21 19:51:04.423 Information Upload File values: remotefile: systeminfoTable.txt
2026-07-21 19:51:04.423 Information PHP Upload: starting utils/systeminfoTable.txt
2026-07-21 19:51:04.425 Information Incremental = False; filename = systeminfoTable.txt; ext = .txt; HoursInGraph = 72
2026-07-21 19:51:04.464 Information InetPhp: systeminfoTable.txt: Response code = 200: OK
2026-07-21 19:51:04.464 Information InetPhp: systeminfoTable.txt: Response text follows:
Opening text file systeminfoTable.txt for replacement
Writing text file systeminfoTable.txt
Write complete
2026-07-21 19:51:04.464 Information PHP UploadFile: Success
2026-07-21 19:51:04.464 All done, Entering the finally section...; Closing down.
2026-07-21 19:51:04.464 Disposing Isup...
2026-07-21 19:51:04.464 Disposing Sup...
