2026-07-21 02:21:01.982 Information According to Inifile Info => Error: True, Warning: True, Info: True, Verbose: False, 
2026-07-21 02:21:02.008 CumulusUtils Initial: Shutting down the default listener
2026-07-21 02:21:02.009 Information Cumul2026-07-21 02:21:02.014 CumulusUtils Initial: Shutti2026-07-21 02:21:02.056  CUstrings[xx].ini : CUstringsEN.ini looked for.
2026-07-21 02:21:02.083  CumulusUtils version: 7.1.1 
2026-07-21 02:21:02.084  CuSupport constructor : Unit Wind (m/s, mph2026-07-21 02:21:02.087  CumulusUtils version: 7.1.1 
2026-07-21 02:21:02.087  CuSupport constructor2026-07-21 02:21:02.088  CuSupport constructor : Unit Rain (mm,in): mm
2026-07-21 02:21:02.090  CuSupport constructor : Unit T (C,F): °C
2026-07-21 02:21:02.091  CuSupport constructor : Unit D2026-07-21 02:21:02.097  CuSupport constructor : Unit T (C,F): °C
2026-07-21 02:21:02.097  CuSupport2026-07-21 02:21:02.103 InetSupport: Constructor starting
2026-07-21 02:21:02.166 CumulusUtils : ----------------------------
2026-07-21 02:21:02.166 CumulusUtils : Entering Main
2026-07-21 02:21:02.175 HelpTexts: starting
2026-07-21 02:21:02.219 Information HelpTexts Contructor: stop
2026-07-21 02:21:02.262 CommandLineArgs : starting
2026-07-21 02:21:02.262  CommandLineArgs : handling arg: sysinfo
2026-02026-07-21 02:21:02.269 CommandLineArgs : starting
2026-07-21 02:21:02.269  CommandLineArgs : handling arg: sysinfo
2026-07-21 02:21:02.269  CommandLineArgs : handling arg: UserAskedData
2026-072026-07-21 02:21:02.356 Information CumulusUtils : Read dayfile.txt succesfully - 929 records
2026-07-21 02:21:02.381 Information SystemStatus : starting
2026-07-21 02:21:02.417 Information GetUrlData Start: URL - http://localhost:8998/api/tags/process.json?version&build&ProgramUpTime&NewBuildAvailable&NewBuildNumber&CpuCount&CPUTemp 
2026-07-21 02:21:02.803 CumulusMX Version: 4.5.2 build 4105
2026-07-21 02:21:02.813 Information  SystemStatus: Found device 12 GW1000/Ecowitt Local API
2026-07-21 02:21:02.814 Information ReplaceWebtagsPostAsync start:
2026-07-21 02:21:02.816 Information  PostUrlData Start:2026-07-21 02:21:02.817 Information ReplaceWebtagsPostAsync start:
2026-07-21 02:21:02.819 Information  PostUrl2026-07-21 02:21:02.861 Information PostUrlData success response : OK - OK
2026-07-21 02:21:02.864 SystemStatus : DoingUni202026-07-21 02:21:02.872 Information SystemStatus : DoingUnix Start
2026-07-21 02:21:02.874 Information StartProcess cat /etc/os-release
2026-07-21 02:21:02.886 Information StartProcess cat: output=PRETTY_NAME="Debian GNU/Linux 12 (bookworm)"
2026-07-21 02:212026-07-21 02:21:02.892 Information StartProcess cat: output=PRETTY_NAME="Debian GNU/Linux 12 (bookworm)"
2026-07-21 02:21:02.892 Information StartProcess cat: output=NAME="Debian GNU/Linux"
2026-07-21 02:21:02.892 Information StartProcess cat: output=VERSION_ID="12"
2026-07-21 02:21:02.892 Information StartProcess cat: output=VERSION="12 (bookworm)"
2026-07-21 02:21:02.893 Information StartProcess cat: output=VERSION_CODENAME=bookworm
2026-07-21 02:21:02.893 Information StartProcess cat: output=ID=debian
2026-07-21 02:21:02.893 Information StartProcess cat: output=HOME_URL="https://www.debian.org/"
2026-07-21 02:21:02.893 Information StartProcess cat: output=SUPPORT_URL="https://www.debian.org/support"
2026-07-21 02:21:02.893 Information StartProcess cat: output=BUG_REPORT_URL="https://bugs.debian.org/"
2026-07-21 02:21:02.894 Information Found Linux NAME: PRETTY_NAME="Debian GNU/Linux 12 (bookworm)"
22026-07-21 02:21:02.897 Information StartProcess uptime: output=up 3 weeks, 3 days, 6 hours, 47 minutes
2026-07-21 02:21:02.900 Information StartProcess lshw -quiet -class system
2026-07-21 02:21:02.903 Error System/Processor:2026-07-21 02:21:02.904 Information StartProcess lshw -quiet -class system
2026-07-21 02:21:02.907 Error System/Processor: Unknown (exception) - An error occurred trying to start process 'lshw' with working directory '/opt/CumulusMX'. No such file or directory
2026-07-22026-07-21 02:21:02.908 Information StartProcess uname: output=Linux 6.1.0-23-amd64 x86_64
2026-07-21 02:21:02.908 Informa2026-07-21 02:21:02.910 Informati2026-07-21 02:21:02.936 Information StartProcess lsb_release: output=Distributor ID:	Debian
2026-07-21 02:21:02.936 Inform2026-07-21 02:21:02.938 Information StartProcess lsb_release: output=Distributor ID:	Debian
2026-07-21 02:21:02.938 Information StartProcess lsb_release: output=Description:	Debian GNU/Linux 12 (bookworm)
2026-07-21 02:21:02.938 Information StartProcess lsb_release: output=Release:	12
2026-07-21 02:21:02.938 Information St2026-07-21 02:21:02.942 Information StartProcess dotnet: output=Microsoft.NETCore.App 8.0.8 [/usr/share/dotnet/shared/Micr2026-07-21 02:21:02.946 Information StartProcess dotnet: output=Microsoft.NE2026-07-21 02:21:02.949 Information StartProcess free: output=               total        used        free      shared  bu2026-07-21 02:21:02.951 Information StartProcess free: output=               total        used        free      shared  buff/cache   available
2026-07-21 02:21:02.951 Information StartProcess free: output=Mem:             960         359         549          29         22026-07-21 02:21:02.952 Information StartProcess df -T -text4 -tvfat -h
2026-07-21 02:21:02.955 Information StartProcess df: output=Filesystem     Type  Size  Used Avail Use% Mounted on
2026-07-2026-07-21 02:21:02.962 Information StartProcess df: output=Filesystem     Type  Size  Used Avail Use% Mounted on
2026-07-21 02:21:02.962 Infor2026-07-21 02:21:02.973 Information MapsOn: Starting
2026-07-21 02:21:02.979 Information  MapsOn: Adding Station: Westland202026-07-21 02:21:03.001 Information MapsOn: Before testing DoneToday after parsing: 20/07/2026 10:31:03 
2026-07-21 02:21:03.002 Information DateIsToday for thisDate: 20/07/2026 10:31:03 | thisDate.DayOfYear: 201 versus Now.DayOfYear: 202)
2026-07-21 02:21:03.008 Information DateIsToday: thisSpan: 15:50:00.0020959 | thisSpan.TotalDays = 0.6597222464803241
20262026-07-21 02:21:03.014 Information DateIsToday: thisSpan: 15:49:59.9988497 | thisSpan.TotalDays = 0.6597222089085648
2026-07-21 02:21:03.015 Information MapsOn: Must NOT send signature, has been done already : 2026-07-20T10:31:03
2026-07-21 02:21:03.015 Information Fetch Map: Fetc2026-07-21 02:21:03.884 Information Main: <!--
 This file is generated as part of CumulusUti
2026-07-21 02:21:03.885 Infor2026-07-21 02:21:03.956 Information Main: <!--
 This file is generated as part of CumulusUti
2026-07-21 02:21:03.957 Information UserAskedData Starting...
2026-07-21 02:21:03.957 Information UserAskedData Doing the compiler stuff...
2026-07-21 02:21:03.986 Information CustomLogs constructor: starting
2026-07-21 02:21:04.004 Information CustomLogs WebtagInfo constructor: number of defined Webtag Units: 400, everything OK. 
2026-07-21 02:21:04.009 Information Custom Logs constructor: stop
2026-07-21 02:21:04.032 DefineUsercharts: Parsing User charts definitions - starting
2026-07-21 02:21:04.032 Information Parsing User Charts Definitions : Chart Overview'
2026-07-21 02:21:04.050 Information Parsing User Charts Definitions : Chart Temperature'
2026-07-21 02:21:04.050 Information Parsing User Charts Definitions : Chart Wind'
2026-07-21 02:21:04.050 Information Parsing User Charts Definitions : Chart WindDirection'
2026-07-21 02:21:04.050 Information Parsing User Charts Definitions : Chart Rain'
2026-07-21 02:21:04.050 Information Parsing User Charts Definitions : Chart Humidity'
2026-07-21 02:21:04.050 Information Parsing User Charts Definitions : Chart Solar'
2026-07-21 02:21:04.050 Information Parsing User Charts Definitions : Chart DailyTemp'
2026-07-21 02:21:04.050 Information Parsing User Charts Definitions : Chart DailyPressure'
2026-07-21 02:21:04.057 Information Parsing User Charts: Evaluating Expression '(MinBarometer+MaxBarometer)/2'.
2026-07-21 02:21:04.075 Generating Compiler UserAskedData: Starting
2026-07-21 02:21:04.080 Information GenerateUserAskedData: timeStart = 21/07/2026 02:12:00; timeEnd = 21/07/2026 02:21:00
2026-07-21 02:21:04.081 Monthfile constructor: Using fixed path: | data/ |; file: | *log.txt
2026-07-21 02:21:02026-07-21 02:21:04.277 Information ReadMonthlyLogs: End
2026-07-21 02:21:04.292 Information Generate UserAskedData: DoneT2026-07-21 02:21:04.353 Information ReadMonthlyLogs: End
2026-07-21 02:21:04.361 Information Generate UserAskedData: DoneToday = 20/07/2026 19:01:04.
2026-07-21 02:21:04.361 Information DateIsToday for thisDate: 20/07/2026 19:01:04 | thisDate.DayOfYear: 201 versus Now.DayOfYear: 202)
2026-07-21 02:21:04.361 Information DateIsToday: thisSpan: 07:20:00.3610769 | thisSpan.TotalDays = 0.30555973468634257
2026-07-21 02:21:04.361 Information Generate UserAskedData: Must NOT generate the ALL Range.
2026-07-21 02:21:04.361 Information Generate UserAskedData - Loop over Chart: Overview)
2026-07-21 02:21:04.362 Information Generate UserAskedData - Testing temp into tempdata.json (Range is Recent)
2026-07-21 02:21:04.362 Information Generate UserAskedData - Testing dew into tempdata.json (Range is Recent)
2026-07-21 02:21:04.362 Information Generate UserAskedData - Testing press into pressdata.json (Range is Recent)
2026-07-21 02:21:04.362 Information Generate UserAskedData - Testing hum into humdata.json (Range is Recent)
2026-07-21 02:21:04.362 Information Generate UserAskedData - Testing SolarRad into solardata.json (Range is Recent)
2026-07-21 02:21:04.362 Information Generate UserAskedData - Testing rfall into raindata.json (Range is Recent)
2026-07-21 02:21:04.362 Information Generate UserAskedData - Loop over Chart: Temperature)
2026-07-21 02:21:04.362 Information Generate UserAskedData - Testing intemp into tempdata.json (Range is Recent)
2026-07-21 02:21:04.362 Information Generate UserAskedData - Testing temp into tempdata.json (Range is Recent)
2026-07-21 02:21:04.362 Information Generate UserAskedData - Testing feelslike into tempdata.json (Range is Recent)
2026-07-21 02:21:04.362 Information Generate UserAskedData - Testing dew into tempdata.json (Range is Recent)
2026-07-21 02:21:04.362 Information Generate UserAskedData - Loop over Chart: Wind)
2026-07-21 02:21:04.362 Information Generate UserAskedData - Testing wgust into winddata.json (Range is Recent)
2026-07-21 02:21:04.362 Information Generate UserAskedData - Testing wspeed into winddata.json (Range is Recent)
2026-07-21 02:21:04.362 Information Generate UserAskedData - Loop over Chart: WindDirection)
2026-07-21 02:21:04.362 Information Generate UserAskedData - Testing bearing into wdirdata.json (Range is Recent)
2026-07-21 02:21:04.362 Information Generate UserAskedData - Testing avgbearing into wdirdata.json (Range is Recent)
2026-07-21 02:21:04.362 Information Generate UserAskedData - Loop over Chart: Rain)
2026-07-21 02:21:04.362 Information Generate UserAskedData - Testing rfall into raindata.json (Range is Recent)
2026-07-21 02:21:04.362 Information Generate UserAskedData - Testing rrate into raindata.json (Range is Recent)
2026-07-21 02:21:04.362 Information Generate UserAskedData - Loop over Chart: Humidity)
2026-07-21 02:21:04.362 Information Generate UserAskedData - Testing hum into humdata.json (Range is Recent)
2026-07-21 02:21:04.362 Information Generate UserAskedData - Testing inhum into humdata.json (Range is Recent)
2026-07-21 02:21:04.362 Information Generate UserAskedData - Loop over Chart: Solar)
2026-07-21 02:21:04.362 Information Generate UserAskedData - Testing UV into solardata.json (Range is Recent)
2026-07-21 02:21:04.362 Information Generate UserAskedData - Testing SolarRad into solardata.json (Range is Recent)
2026-07-21 02:21:04.362 Information Generate UserAskedData - Testing CurrentSolarMax into solardata.json (Range is Recent)
2026-07-21 02:21:04.362 Information Generate UserAskedData - Loop over Chart: DailyTemp)
2026-07-21 02:21:04.362 Information Generate UserAskedData - Testing avgTemp into alldailytempdata.json (Range is Daily)
2026-07-21 02:21:04.362 Information Generate UserAskedData - Testing avgTemp into alldailytempdata.json (Range is Daily)
2026-07-21 02:21:04.362 Information Generate UserAskedData - Loop over Chart: DailyPressure)
2026-07-21 02:21:04.362 Information Generate UserAskedData - Testing minBaro into alldailypressdata.json (Range is Daily)
2026-07-21 02:21:04.362 Information Generate UserAskedData - Testing  into  (Range is Daily)
2026-07-21 02:21:04.362 Information DoAirLink / AirQualitySensor  = False / False
2026-07-21 02:21:04.363 Informat2026-07-21 02:21:04.432 Information PHP upload does not support compression
2026-07-21 02:21:04.432 Information UploadFile2026-07-21 02:21:04.496 Information PHP upload does not support compression
2026-07-21 02:21:04.496 Information UploadFile: Starting utils/maps.txt => maps.txt
2026-07-21 02:21:04.496 Information Upload File values: localfile: utils/maps.txt
2026-07-21 02:21:04.496 Information Upload File values: remotefile: maps.txt
2026-07-21 02:21:04.501 Information PHP Upload: starting u2026-07-21 02:21:04.519 Information InetPhp: maps.txt: Response code = 200: OK
2026-07-21 02:21:04.520 Information InetPhp2026-07-21 02:21:04.585 Information InetPhp: maps.txt: Response code = 200: OK
2026-07-21 02:21:04.585 Information InetPhp: maps.txt: Response text follows:
Opening text file maps.txt for replacement
Writing text file maps.txt
Write complete
2026-07-21 02:21:04.585 Information PHP UploadFile: Success
2026-07-21 02:21:04.585 Information UploadFile: Starting utils/systeminfoTable.txt => systeminfoTable.txt
2026-07-21 02:21:04.585 Information Upload File values: localfile: utils/systeminfoTable.txt
2026-07-21 02:21:04.585 Information Upload File values: remotefile: systeminfoTable.txt
2026-07-21 02:21:04.585 Information PHP Upload: starting utils/systeminfoTable.txt
2026-07-21 02:21:04.585 Information Incremental = False; filename = systeminfoTable.txt; ext = .txt; HoursInGraph = 72
2026-07-21 02:21:04.617 Information InetPhp: systeminfoTable.txt: Response code = 200: OK
2026-07-21 02:21:04.617 Information InetPhp: systeminfoTable.txt: Response text follows:
Opening text file systeminfoTable.txt for replacement
Writing text file systeminfoTable.txt
Write complete
2026-07-21 02:21:04.617 Information PHP UploadFile: Success
2026-07-21 02:21:04.617 All done, Entering the finally section...; Closing down.
2026-07-21 02:21:04.617 Disposing Isup...
2026-07-21 02:21:04.618 Disposing Sup...
