2026-07-22 08:11:01.958 Information According to Inifile Info => Error: True, Warning: True, Info: True, Verbose: False, 
2026-07-22 08:11:01.987 CumulusUtils Initial: Shutting down the default listener
2026-07-22 08:11:01.987 Information Cumul2026-07-22 08:11:01.989 CumulusUtils Initial: Shutti2026-07-22 08:11:02.038  CUstrings[xx].ini : CUstringsEN.ini looked for.
2026-07-22 08:11:02.066  CumulusUtils version: 7.1.1 
2026-07-22 08:11:02.066  CuSupport constructor : Unit Wind (m/s, mph2026-07-22 08:11:02.068  CumulusUtils version: 7.1.1 
2026-07-22 08:11:02.068  CuSupport constructor : Unit Wind (m/s, mph, km/h, kts): mph
2026-07-22 08:11:02.069  CuSupport constructor : Unit Pressure (mb,hPa,inHg): hPa
2026-07-22 08:11:02.069  CuSupport constructor : Unit Rain (mm,in): mm
2026-07-22 08:11:02.069  CuSupport constructor : Unit T (C,F): °C
2026-07-22 08:11:02.070  CuSupport2026-07-22 08:11:02.084 InetSupport: Constructor starting
2026-07-22 08:11:02.148 CumulusUtils : ----------------------------
2026-07-22 08:11:02.148 CumulusUtils : Entering Main
2026-07-22 08:11:02.159 HelpTexts: starting
2026-07-22 08:11:02.198 Information HelpTexts Contructor: stop
2026-07-22 08:11:02.245 CommandLineArgs : starting
2026-07-22 08:11:02.245  CommandLineArgs : handling arg: sysinfo
2026-02026-07-22 08:11:02.249 CommandLineArgs : starting
2026-07-22 08:11:02.249  CommandLineArgs : handling arg: sysinfo
2026-07-22 08:11:02.249  CommandLineArgs : handling arg: UserAskedData
2026-072026-07-22 08:11:02.336 Information CumulusUtils : Read dayfile.txt succesfully - 930 records
2026-07-22 08:11:02.357 Information SystemStatus : starting
2026-07-22 08:11:02.389 Information GetUrlData Start: URL - http://localhost:8998/api/tags/process.json?version&build&Prog2026-07-22 08:11:02.392 Information GetUrlData Start: URL - h2026-07-22 08:11:02.819 CumulusMX Version: 4.5.2 build 4105
2026-07-22 08:11:02.828 Information  SystemStatus: Found device 12 GW1000/Ecowitt Local API
2026-07-22 08:11:02.829 Information ReplaceWebtagsPostAsync start:
2026-07-22 08:11:02.831 Information  PostUrlData Start: http://localhost:8998/api/tags/process.txt 
2026-07-22 08:11:02.831 Information PostUrlData Calling PostAsync
2026-07-22 08:11:02.883 Information PostUrlData success response : OK - OK
2026-07-22 08:11:02.885 SystemStatus : DoingUnix
2026-07-22 08:11:02.887 Information SystemStatus : DoingUnix Start
2026-07-22 08:11:02.894 Information StartProcess cat /etc/os-release
2026-07-22 08:11:02.909 Information StartProcess cat: output=PRETTY_NAME="Debian GNU/Linux 12 (bookworm)"
2026-07-22 08:11:02.909 Information StartProcess cat: output=NAME="Debian GNU/Linux"
2026-07-22 08:11:02.909 Information StartProcess cat: output=VERSION_ID="12"
2026-07-22 08:11:02.909 Information StartProcess cat: output=VERSION="12 (bookworm)"
2026-07-22 08:11:02.909 Information StartProcess cat: output=VERSION_CODENAME=bookworm
2026-07-22 08:11:02.909 Information StartProcess cat: output=ID=debian
2026-07-22 08:11:02.909 Information StartProcess cat: output=HOME_URL="https://www.debian.org/"
2026-07-22 08:11:02.909 Information StartProcess cat: output=SUPPORT_URL="https://www.debian.org/support"
2026-07-22 08:11:02.909 Information StartProcess cat: output=BUG_REPORT_URL="https://bugs.debian.org/"
2026-07-22 08:11:02.909 Information Found Linux NAME: PRETTY_NAME="Debian GNU/Linux 12 (bookworm)"
2026-07-22 08:11:02.910 Information Using Linux dialect: Debian
2026-07-22 08:11:02.910 Information StartProcess uptime -p
2026-07-22 08:11:02.916 Information StartProcess uptime: output=up 3 weeks, 4 days, 12 hours, 37 minutes
2026-07-22 08:11:02.916 Information StartProcess lshw -quiet -class system
2026-07-22 08:11:02.919 Error System/Processor:2026-07-22 08:11:02.919 Information StartProcess lshw -quiet -class system
2026-07-22 08:11:02.922 Error System/Processor: Unknown (exception) - An error occurred trying to start process 'lshw' with working directory '/opt/CumulusMX'. No such file or directory
2026-07-22026-07-22 08:11:02.924 Information StartProcess uname: output=Linux 6.1.0-23-amd64 x86_64
2026-07-22 08:11:02.924 Informa2026-07-22 08:11:02.926 Informati2026-07-22 08:11:02.960 Information StartProcess lsb_release: output=Distributor ID:	Debian
2026-07-22 08:11:02.960 Inform2026-07-22 08:11:02.968 Information StartProcess lsb_release: output=Distributor ID:	Debian
2026-07-22 08:11:02.968 Information StartProcess lsb_release: output=Description:	Debian GNU/Linux 12 (bookworm)
2026-07-22 08:11:02.968 Information StartProcess lsb_release: output=Release:	12
2026-07-22 08:11:02.968 Information StartProcess lsb_release: output=Codename:	bookworm
2026-07-22 08:11:02.969 Information StartProcess dotnet --list-runtimes
2026-07-22 08:11:02.974 Information StartProcess dotnet: output=Microsoft.NE2026-07-22 08:11:02.978 Information StartProcess free: output=               total        used        free      shared  bu2026-07-22 08:11:02.982 Information StartProcess free: output=               total        used        free      shared  buff/cache   available
2026-07-22 08:11:02.982 Information StartProcess free: output=Mem:             960         363         469          31         298         597
2026-07-22 08:11:02.982 Information StartProcess free: ou2026-07-22 08:11:02.984 Information StartProcess d2026-07-22 08:11:02.986 Information StartProcess df -T -text4 -tvfat -h
2026-07-22 08:11:02.994 Information StartProcess df: output=Filesystem     Type  Size  Used Avail Use% Mounted on
2026-07-22 08:11:02.994 Infor2026-07-22 08:11:03.011 Information MapsOn: Starting
2026-07-22 08:11:03.020 Information  MapsOn: Adding Station: Westlands
2026-07-22 08:11:03.034 Information MapsOn: Before testing DoneToday after parsing: 21/07/2026 10:31:03 
2026-07-22 08:11:03.040 Information DateIsToday for thisDate: 21/07/2026 10:31:03 | thisDate.DayOfYear: 202 versus Now.Day2026-07-22 082026-07-22 08:11:03.051 Information DateIsToday: thisSpan: 21:40:00.0408061 | thisSpan.TotalDays = 0.9027782500706019
20262026-07-22 08:11:03.054 Information DateIsToday: thisSpan: 21:40:00.0447254 | thisSpan.TotalDays = 0.9027782954328704
2026-07-22 08:11:03.054 Information MapsOn: Must NOT send signature, has been done already : 2026-07-21T10:31:03
2026-07-22 08:11:03.055 Information Fetch Map: Fetc2026-07-22 08:11:04.063 Information Main: <!--
 This file is generated as part of CumulusUti
2026-07-22 08:11:04.065 Infor2026-07-22 08:11:04.069 Information Main: <!--
 This file is generated as part of CumulusUti
2026-07-22 08:11:02026-07-22 08:11:04.096 Information CustomLogs constructor: starting
2026-07-22 08:11:04.120 Information CustomLogs WebtagInfo constructor: number of defined Webtag Units: 400, everything OK.2026-07-22 08:11:04.124 Information CustomLogs WebtagInfo constructo2026-07-22 08:11:04.145 DefineUsercharts: Parsing User charts definitions - starting
2026-07-22 08:11:04.145 Information P2026-07-22 08:11:04.151 DefineUsercharts: Parsing2026-07-22 08:11:04.165 Information Parsing User Charts Definitions : Chart Temperature'
2026-07-22 08:11:04.165 Information Parsing User Charts Definitions : Chart Wind'
2026-07-22 08:11:04.165 Information Parsing User Charts Definitions : Chart WindDirection'
2026-07-22 08:11:04.165 Information Parsing User Charts Definitions : Chart Rain'
2026-07-22 08:11:04.165 Information Pars2026-07-22 08:11:04.168 Information Parsing User Charts Definitions : Chart Rain'
2026-07-22 08:11:04.168 Information Parsing User Charts Definitions : Chart Humidity'
2026-07-22 08:11:04.168 Information Parsing User Charts Definitions : Chart Solar'
2026-07-22 08:11:04.168 Information Parsing User Charts Definitions : Chart DailyTemp'
2026-07-22 08:11:04.168 Information Parsing User Charts Definitions : Chart Daily2026-07-22 08:11:04.186 Generating Compiler UserAskedData: Starting
2026-07-22 08:11:04.187 Information GenerateUserAskedD2026-07-22 08:11:04.193 Generating Compiler UserAskedData: Starting
2026-07-22 08:11:04.195 Information GenerateUserAskedData: timeStart = 22/07/2026 08:02:00; t2026-07-22 08:11:04.198 ReadPartialMonthlyLogs: Starting.
2026-07-22 08:11:04.204 Information ReadPartialMonthlyLogs: reading 202607log.txt
2026-07-22 08:11:04.537 Information ReadMonthlyLogs: End
2026-07-22 08:11:04.552 Information Generate UserAskedData: DoneToday = 21/07/2026 19:11:04.
2026-07-22 08:11:04.552 Information DateIsToday for thisDate: 21/07/2026 19:11:04 | thisDate.DayOfYear: 202 versus Now.DayOfYear: 203)
2026-07-22 08:11:04.552 Information DateIsToday: thisSpan: 13:00:00.5526715 | thisSpan.TotalDays = 0.5416730633275463
2026-07-22 08:11:04.552 Information Generate UserAskedData: Must NOT generate the ALL Range.
2026-07-22 08:11:04.552 Information Generate UserAskedData - Loop over Chart: Overview)
2026-07-22 08:11:04.553 Information Generate UserAskedData - Testing temp into tempdata.json (Range is Recent)
2026-07-22 08:11:04.553 Information Generate UserAskedData - Testing dew into tempdata.json (Range is Recent)
2026-07-22 08:11:04.553 Information Generate UserAskedData - Testing press into pressdata.json (Range is Recent)
2026-07-22 08:11:04.553 Information Generate UserAskedData - Testing hum into humdata.json (Range is Recent)
2026-07-22 08:11:04.553 Information Generate UserAskedData - Testing SolarRad into solardata.json (Range is Recent)
2026-07-22 08:11:04.553 Information Generate UserAskedData - Testing rfall into raindata.json (Range is Recent)
2026-07-22 08:11:04.553 Information Generate UserAskedData - Loop over Chart: Temperature)
2026-07-22 08:11:04.553 Information Generate UserAskedData - Testing intemp into tempdata.json (Range is Recent)
2026-07-22 08:11:04.553 Information Generate UserAskedData - Testing temp into tempdata.json (Range is Recent)
2026-07-22 08:11:04.553 Information Generate UserAskedData - Testing feelslike into tempdata.json (Range is Recent)
2026-07-22 08:11:04.553 Information Generate UserAskedData - Testing dew into tempdata.json (Range is Recent)
2026-07-22 2026-07-22 08:11:04.556 Information Generate UserAskedData - Testing dew into tempdata.json (Range is Recent)
2026-07-22 08:11:04.556 Information Generate UserAskedData - Loop over Chart: Wind)
2026-07-22 08:11:04.556 Information Generate UserAskedData - Testing wgust into winddata.json (Range is Recent)
2026-07-22 08:11:04.556 Information Generate UserAskedData - Testing wspeed into winddata.json (Range is Recent)
2026-07-22 08:11:04.556 Information Generate UserAskedData - Loop over Chart: WindDirection)
2026-07-22 08:11:04.556 Information Generate UserAskedData - Testing bearing into wdirdata.json (Range is Recent)
2026-07-22 08:11:04.556 Information Generate UserAskedData - Testing avgbearing into wdirdata.json (Range is Recent)
2026-07-22 08:11:04.556 Information Generate UserAskedData - Loop over Chart: Rain)
2026-07-22 08:11:04.556 Information Generate UserAskedData - Testing rfall into raindata.json (Range is Recent)
2026-07-22 08:11:04.556 Information Generate UserAskedData - Testing rrate into raindata.json (Range is Recent)
2026-07-22 08:11:04.556 Information Generate UserAskedData - Loop over Chart: Humidity)
2026-07-22 08:11:04.556 Information Generate UserAskedData - Testing hum into humdata.json (Range is Recent)
2026-07-22 08:11:04.556 Information Generate UserAskedData - Testing inhum into humdata.json (Range is Recent)
2026-07-22 08:11:04.556 Information Generate UserAskedData - Loop over Chart: Solar)
2026-07-22 08:11:04.556 Information Generate UserAskedData - Testing UV into solardata.json (Range is Recent)
2026-07-22 08:11:04.556 Information Generate UserAskedData - Testing SolarRad into solardata.json (Range is Recent)
2026-07-22 08:11:04.556 Information Generate UserAskedData - Testing CurrentSolarMax into solardata.json (Range is Recent)
2026-07-22 08:11:04.556 Information Generate UserAskedData - Loop over Chart: DailyTemp)
2026-07-22 08:11:04.556 Information Generate UserAskedData - Testing avgTemp into alldailytempdata.json (Range is Daily)
2026-07-22 08:11:04.556 Information Generate UserAskedData - Testing avgTemp into alldailytempdata.json (Range is Daily)
2026-07-22 08:11:04.556 Information Generate UserAskedData - Loop over Chart: DailyPressure)
2026-07-22 08:11:04.556 Information Generate UserAskedData - Testing minBaro into alldailypressdata.json (Range is Daily)
2026-07-22 08:11:04.556 Information Generate UserAskedData - Testing  into  (Range is Daily)
2026-07-22 08:11:02026-07-22 08:11:04.563 Testing PHP upload compression on https://jpickles.com/cutils/upload.php
2026-07-22 08:11:04.755 Information PHP upload does not support compression
2026-07-22 08:11:04.755 Information UploadFile: Starting utils/maps.txt => maps.txt
2026-07-22 08:11:04.755 Information Upload File values: localfile: utils/maps.txt
2026-07-22 08:11:04.755 Information Upload File values: remotefile: maps.txt
2026-07-22 08:11:04.759 Information PHP Upload: starting utils/maps.txt
2026-07-22 08:11:04.760 Information Incremental = False; filename = maps.txt; ext = .txt; HoursInGraph = 72
2026-07-22 08:11:04.832 Information InetPhp: maps.txt: Response code = 200: OK
2026-07-22 08:11:04.832 Information InetPhp: maps.txt: Response text follows:
Opening text file maps.txt for replacement
Writing text file maps.txt
Write complete
2026-07-22 08:11:04.832 Information PHP UploadFile: Success
2026-07-22 08:11:04.832 Information UploadFile: Starting utils/systeminfoTable.txt => systeminfoTable.txt
2026-07-22 08:11:04.832 Information Upload File values: localfile: utils/systeminfoTable.txt
2026-07-22 08:11:04.832 Information Upload File values: remotefile: systeminfoTable.txt
2026-07-22 08:11:04.832 Information PHP Upload: starting utils/systeminfoTable.txt
2026-07-22 08:11:04.833 Information Incremental = False; filename = systeminfoTable.txt; ext = .txt; HoursInGraph = 72
2026-07-22 08:11:04.863 Information InetPhp: systeminfoTable.txt: Response code = 200: OK
2026-07-22 08:11:04.863 Information InetPhp: systeminfoTable.txt: Response text follows:
Opening text file systeminfoTable.txt for replacement
Writing text file systeminfoTable.txt
Write complete
2026-07-22 08:11:04.863 Information PHP UploadFile: Success
2026-07-22 08:11:04.863 All done, Entering the finally section...; Closing down.
2026-07-22 08:11:04.863 Disposing Isup...
2026-07-22 08:11:04.864 Disposing Sup...
the finally section...; Closing down.
2026-07-22 08:11:04.824 Disposing Isup...
2026-07-22 08:11:04.824 Disposing Sup...
