2026-07-21 04:21:01.986 Information According to Inifile Info => Error: True, Warning: True, Info: True, Verbose: False, 
2026-07-21 04:21:02.012 CumulusUtils Initial: Shutting down the default listener
2026-07-21 04:21:02.013 Information Cumul2026-07-21 04:21:02.021 CumulusUtils Initial: Shutti2026-07-21 04:21:02.070  CUstrings[xx].ini : CUstringsEN.ini looked for.
2026-07-21 04:21:02.102  CumulusUtils version: 7.1.1 
2026-07-21 04:21:02.102  CuSupport constructor : Unit Wind (m/s, mph2026-07-21 04:21:02.106  CumulusUtils version: 7.1.1 
2026-07-21 04:21:02.107  CuSupport constructor : Unit Wind (m/s, mph, km/h, kts): mph
2026-07-21 04:21:02.107  CuSupport constructor : Unit Pressure (mb,hPa,inHg): hPa
2026-07-21 04:21:02.107  CuSupport constructor : Unit Rain (mm,in): mm
2026-07-21 04:21:02.112  CuSupport constructor : Unit T (C,F): °C
2026-07-21 04:21:02.113  CuSupport2026-07-21 04:21:02.125 InetSupport: Constructor starting
2026-07-21 04:21:02.189 CumulusUtils : ----------------------------
2026-07-21 04:21:02.189 CumulusUtils : Entering Main
2026-07-21 04:21:02.203 HelpTexts: starting
2026-07-21 04:21:02.242 Information HelpTexts Contructor: stop
2026-07-21 04:21:02.292 CommandLineArgs : starting
2026-07-21 04:21:02.292  CommandLineArgs : handling arg: sysinfo
2026-02026-07-21 04:21:02.304 CommandLineArgs : starting
2026-07-21 04:21:02.304  CommandLineArgs : handling arg: sysinfo
2026-07-21 04:21:02.304  CommandLineArgs : handling arg: UserAskedData
2026-072026-07-21 04:21:02.379 Information CumulusUtils : Read dayfile.txt succesfully - 929 records
2026-07-21 04:21:02.402 Information SystemStatus : starting
2026-07-21 04:21:02.433 Information GetUrlData Start: URL - http://localhost:8998/api/tags/process.json?version&build&Prog2026-07-21 04:21:02.442 Information GetUrlData Start: URL - h2026-07-21 04:21:02.841 CumulusMX Version: 4.5.2 build 4105
2026-07-21 04:21:02.853 Information  SystemStatus: Found device 12 GW1000/Ecowitt Local API
2026-07-21 04:21:02.854 Inform2026-07-21 04:21:02.858 Information  2026-07-21 04:21:02.859 Information  PostUrlData Start:2026-07-21 04:21:02.864 Information ReplaceWebtagsPostAsync start:
2026-07-21 04:21:02.869 Information  PostUrl2026-07-21 04:21:02.904 Information PostUrlData success response : OK - OK
2026-07-21 04:21:02.915 SystemStatus : DoingUni2026-07-21 04:21:02.921 Information PostUrlData success response : OK - OK
2026-07-21 04:21:02.924 SystemStatus : DoingUnix
2026-07-21 04:2026-07-21 04:21:02.938 Information StartProcess cat: output=PRETTY_NAME="Debian GNU/Linux 12 (bookworm)"
2026-07-21 04:212026-07-21 04:21:02.946 Information StartProcess cat: output=PRETTY_NAME="Debian GNU/Linux 12 (bookworm)"
2026-07-21 04:21:02.947 Information StartProcess cat: output=NAME="Debian GNU/Linux"
2026-07-21 04:21:02.947 Information StartProcess cat: output=VERSION_ID="12"
2026-07-21 04:21:02.947 Information StartProcess cat: output=VERSION="12 (bookworm)"
2026-07-21 04:21:02.947 Information StartProcess cat: output=VERSION_CODENAME=bookworm
2026-07-21 04:21:02.947 Information StartProcess cat: output=ID=debian
2026-07-21 04:21:02.947 Information StartProcess cat: output=HOME_URL="https://www.debian.org/"
2026-07-21 04:21:02.947 Information StartProcess cat: output=SUPPORT_URL="https://www.debian.org/support"
2026-07-21 04:21:02.947 Information StartProcess cat: output=BUG_REPORT_URL="https://bugs.debian.org/"
2026-07-21 04:21:02.947 Information Found Linux NAME: PRETTY_NAME="Debian GNU/Linux 12 (bookworm)"
22026-07-21 04:21:02.949 Information StartProcess uptime: output=up 3 weeks, 3 days, 8 hours, 47 minutes
2026-07-21 04:21:02026-07-21 04:21:02.959 Information StartProcess uptime: output=up 3 weeks, 3 days, 8 hours, 47 minutes
2026-07-21 04:21:02.959 Information StartProcess lshw -quiet -class system
2026-07-21 04:21:02.962 Error System/Processor: Unknown (exception) - An error occurred trying to start process 'lshw' with working directory '/opt/CumulusMX'. No such file or directory
2026-07-21 04:21:02.962 Please install lshw (apt-get install lshw)
2026-07-21 04:21:02.962 Information StartProcess uname -s -r -m
2026-07-21 04:21:02.964 Informati2026-07-21 04:21:02.991 Information StartProcess lsb_release: output=Distributor ID:	Debian
2026-07-21 04:21:02.991 Inform2026-07-21 04:21:02.995 Information StartProcess lsb_release: output=Distributor ID:	Debian
2026-07-21 04:21:02.995 Information StartProcess lsb_release: output=Description:	Debian GNU/Linux 12 (bookworm)
2026-07-21 04:21:02.995 Information StartProcess lsb_release: output=Release:	12
2026-07-21 04:21:02.995 Information St2026-07-21 04:21:02.999 Information StartProcess dotnet: output=Microsoft.NETCore.App 8.0.8 [/usr/share/dotnet/shared/Micr2026-07-21 04:21:03.002 Information StartProcess dotnet: output=Microsoft.NE2026-07-21 04:21:03.005 Information StartProcess free: output=               total        used        free      shared  bu2026-07-21 04:21:03.010 Information StartProcess free: output=               total        used        free      shared  buff/cache   available
2026-07-21 04:21:03.010 Information StartProcess free: output=Mem:             960         358         536          29         233         601
2026-07-21 04:21:03.010 Information StartProcess free: ou2026-07-21 04:21:03.012 Information StartProcess df: output=Filesystem     Type  Size  Used Avail Use% Mounted on
2026-07-2026-07-21 04:21:03.018 Information StartProcess df: output=Filesystem     Type  Size  Used Avail Use% Mounted on
2026-07-21 04:21:03.018 Infor2026-07-21 04:21:03.027 Information MapsOn: Starting
2026-07-21 04:21:03.036 Information  MapsOn: Adding Station: Westland202026-07-21 04:21:03.056 Information MapsOn: Before testing DoneToday after parsing: 20/07/2026 10:31:03 
2026-07-21 04:21:2026-07-21 04:21:03.062 Information MapsOn: Before testing DoneToday after parsing: 20/07/2026 10:31:03 
2026-07-21 042026-07-21 04:21:03.067 Information DateIsToday: thisSpan: 17:50:00.0574823 | thisSpan.TotalDays = 0.7430562208599537
20262026-07-21 04:21:03.074 Information DateIsToday: thisSpan: 17:50:00.0629646 | thisSpan.TotalDays = 0.7430562843125
2026-07-21 04:21:03.074 Information MapsOn: Must NOT send signature, has been done already : 2026-07-20T10:31:03
2026-07-21 04:21:03.074 Information Fetch Map: Fetchin2026-07-21 04:21:03.996 Information Main: <!--
 This file is generated as part of CumulusUti
2026-07-21 04:21:03.998 In2026-07-21 04:21:04.005 Information Main: <!--
 This file is generated as part of CumulusUti
2026-07-21 04:21:04.02026-07-21 04:21:04.029 Information CustomLogs constructor: starting
2026-07-21 04:21:04.048 Information CustomLogs WebtagInfo constructor: number of defined Webtag Units: 400, everything 2026-2026-07-21 04:21:04.053 Information Custom Logs constructor: stop
2026-07-21 04:21:04.074 DefineUsercharts: Parsing User charts definitions - starting
2026-07-21 04:21:04.074 Informatio2026-07-21 04:21:04.081 DefineUsercharts: Parsing Us2026-07-21 04:21:04.094 Information Parsing User Charts Definitions : Chart Temperature'
2026-07-21 04:21:04.094 Inform2026-07-21 04:21:04.097 Information Parsing User Charts Definitions : Chart Temperature'
2026-07-21 04:21:04.097 Information Parsing User Charts Definitions : Chart Wind'
2026-07-21 04:21:04.097 Information Parsing User Charts Definitions : Chart WindDirection'
2026-07-21 04:21:04.097 Information Parsing User Charts Definitions : Chart Rain'
2026-07-21 04:21:04.097 Information Parsing User Charts Definitions : Chart Humidity'
2026-07-21 04:21:04.097 Information Parsing User Charts Definitions : Chart Solar'
2026-07-21 04:21:04.097 Information Parsing User Charts Def2026-07-21 04:21:04.101 Information Parsing User Charts: Evaluating Expression '(MinBarometer+MaxBarometer)/2'.
2026-07-21 04:21:04.119 Generating Compiler UserAskedData: Starting
2026-07-21 04:21:04.124 Information GenerateUserAskedData: timeStart = 21/07/2026 04:12:00; timeEnd = 21/07/2026 04:21:00
2026-07-21 04:21:04.124 Monthfile constructor: Using fixed path: | data/ |; file: | *log.txt
2026-07-21 04:21:04.126 ReadPartialMonthlyLogs: Starting.
2026-07-21 04:21:04.138 Information ReadPartialMonthlyLogs: reading 202607log.txt
2026-07-21 04:21:04.427 Information ReadMonthlyLogs: End
2026-07-21 04:21:04.446 Information Generate UserAskedData: DoneToday = 20/07/2026 19:01:04.
2026-07-21 04:21:04.447 In2026-07-21 04:21:04.462 Information Generate UserAskedData: DoneToday = 20/07/2026 19:01:04.
2026-07-21 04:21:04.462 Information DateIsToday for thisDate: 20/07/2026 19:01:04 | thisDate.DayOfYear: 201 versus Now.DayOfYear: 202)
2026-07-21 04:21:04.462 Information DateIsToday: thisSpan: 09:20:00.4621389 | thisSpan.TotalDays = 0.38889423771875
2026-07-21 04:21:04.462 Information Generate UserAskedData: Must NOT generate the ALL Range.
2026-07-21 04:21:04.462 Information Generate UserAskedData - Loop over Chart: Overview)
2026-07-21 04:21:04.466 Information Generate UserAskedData - Testing temp into tempdata.json (Range is Recent)
2026-07-21 04:21:04.466 Information Generate UserAskedData - Testing dew into tempdata.json (Range is Recent)
2026-07-21 04:21:04.466 Information Generate UserAskedData - Testing press into pressdata.json (Range is Recent)
2026-07-21 04:21:04.466 Information Generate UserAskedData - Testing hum into humdata.json (Range is Recent)
2026-07-21 04:21:04.466 Information Generate UserAskedData - Testing SolarRad into solardata.json (Range is Recent)
2026-07-21 04:21:04.466 Information Generate UserAskedData - Testing rfall into raindata.json (Range is Recent)
2026-07-21 04:21:04.466 Information Generate UserAskedData - Loop over Chart: Temperature)
2026-07-21 04:21:04.466 Information Generate UserAskedData - Testing intemp into tempdata.json (Range is Recent)
2026-07-21 04:21:04.466 Information Generate UserAskedData - Testing temp into tempdata.json (Range is Recent)
2026-07-21 04:21:04.466 Information Generate UserAskedData - Testing feelslike into tempdata.json (Range is Recent)
2026-07-21 04:21:04.466 Information Generate UserAskedData - Testing dew into tempdata.json (Range is Recent)
2026-07-21 04:21:04.466 Information Generate UserAskedData - Loop over Chart: Wind)
2026-07-21 04:21:04.466 Information Generate UserAskedData - Testing wgust into winddata.json (Range is Recent)
2026-07-21 04:21:04.466 Information Generate UserAskedData - Testing wspeed into winddata.json (Range is Recent)
2026-07-21 04:21:04.466 Information Generate UserAskedData - Loop over Chart: WindDirection)
2026-07-21 04:21:04.466 Information Generate UserAskedData - Testing bearing into wdirdata.json (Range is Recent)
2026-07-21 04:21:04.467 Information Generate UserAskedData - Testing avgbearing into wdirdata.json (Range is Recent)
2026-07-21 04:21:04.467 Information Generate UserAskedData - Loop over Chart: Rain)
2026-07-21 04:21:04.467 Information Generate UserAskedData - Testing rfall into raindata.json (Range is Recent)
2026-07-21 04:21:04.467 Information Generate UserAskedData - Testing rrate into raindata.json (Range is Recent)
2026-07-21 04:21:04.467 Information Generate UserAskedData - Loop over Chart: Humidity)
2026-07-21 04:21:04.467 Information Generate UserAskedData - Testing hum into humdata.json (Range is Recent)
2026-07-21 04:21:04.467 Information Generate UserAskedData - Testing inhum into humdata.json (Range is Recent)
2026-07-21 04:21:04.467 Information Generate UserAskedData - Loop over Chart: Solar)
2026-07-21 04:21:04.467 Information Generate UserAskedData - Testing UV into solardata.json (Range is Recent)
2026-07-21 04:21:04.467 Information Generate UserAskedData - Testing SolarRad into solardata.json (Range is Recent)
2026-07-21 04:21:04.467 Information Generate UserAskedData - Testing CurrentSolarMax into solardata.json (Range is Recent)
2026-07-21 04:21:04.467 Information Generate UserAskedData - Loop over Chart: DailyTemp)
2026-07-21 04:21:04.467 Information Generate UserAskedData - Testing avgTemp into alldailytempdata.json (Range is Daily)
2026-07-21 04:21:04.467 Information Generate UserAskedData - Testing avgTemp into alldailytempdata.json (Range is Daily)
2026-07-21 04:21:04.467 Information Generate UserAskedData - Loop over Chart: DailyPressure)
2026-07-21 04:21:04.467 Information Generate UserAskedData - Testing minBaro into alldailypressdata.json (Range is Daily)
2026-07-21 04:21:04.467 Information Generate UserAskedData - Testing  into  (Range is Daily)
2026-07-21 04:21:04.467 Information DoAirLink / AirQualitySensor  = False / False
2026-07-21 04:21:04.467 Information U2026-07-21 04:21:04.599 Information PHP upload does not support compression
2026-07-21 04:21:04.599 Information Uploa2026-07-21 04:21:04.606 Information PHP upload does not support compression
2026-07-21 04:21:04.606 Information UploadFile: Starting utils/maps.txt => maps.txt
2026-07-21 04:21:04.606 Information Upload File values: localfile: utils/maps.txt
2026-07-21 04:21:04.606 Information Upload File values: remotefile: maps.txt
2026-07-21 04:21:04.614 Information PHP Upload: starting utils/2026-07-21 04:21:04.690 Information InetPhp: maps.txt: Response code = 200: OK
2026-07-21 04:21:04.690 Information In2026-07-21 04:21:04.694 Information InetPhp: maps.txt: Response code = 200: OK
2026-07-21 04:21:04.694 Information InetPhp: maps.txt: Response text follows:
Opening text file maps.txt for replacement
Writing text file maps.txt
Write complete
2026-07-21 04:21:04.695 Information PHP UploadFile: Success
2026-07-21 04:21:04.695 Information UploadFile: Starting utils/systeminfoTable.txt => systeminfoTable.txt
2026-07-21 04:21:04.695 Information Upload File values: localfile: utils/systeminfoTable.txt
2026-07-21 04:21:04.695 Information Upload File values: remotefile: systeminfoTable.txt
2026-07-21 04:21:04.695 Information PHP Upload: starting utils/systeminfoTable.txt
202026-07-21 04:21:04.722 Information InetPhp: systeminfoTable.txt: Response code = 200: OK
2026-07-21 04:21:04.722 Inf2026-07-21 04:21:04.731 Information InetPhp: systeminfoTable.txt: Response code = 200: OK
2026-07-21 04:21:04.732 Information InetPhp: systeminfoTable.txt: Response text follows:
Opening text file systeminfoTable.txt for replacement
Writing text file systeminfoTable.txt
Write complete
2026-07-21 04:21:04.732 Information PHP UploadFile: Success
2026-07-21 04:21:04.732 All done, Entering the finally section...; Closing down.
2026-07-21 04:21:04.732 Disposing Isup...
2026-07-21 04:21:04.732 Disposing Sup...
