2026-07-22 06:01:02.056 Information According to Inifile Info => Error: True, Warning: True, Info: True, Verbose: False, 
2026-07-22 06:01:02.084 CumulusUtils Initial: Shutting down the default listener
2026-07-22 06:01:02.084 Information CumulusUtils Initial: Shutting down the default listener
2026-07-22 06:01:02.137  CUstrings[xx].ini : CUstringsEN.ini looked for.
2026-07-22 06:01:02.158  CumulusUtils version: 7.1.1 
2026-07-22 06:01:02.159  CuSupport constructor : Unit Wind (m/s, mph, km/h, kts): mph
2026-07-22 06:01:02.159  CuSupport constructor : Unit Pressure (mb,hPa,inHg): hPa
2026-07-22 06:01:02.159  CuSupport constructor : Unit Rain (mm,in): mm
2026-07-22 06:01:02.160  CuSupport constructor : Unit T (C,F): °C
2026-07-22 06:01:02.160  CuSupport constructor : Unit Distance (m, mi, km, kn): mi
2026-07-22 06:01:02.164  CuSupport constructor : Unit Height (m, ft): ft
2026-07-22 06:01:02.176 InetSupport: Constructor starting
2026-07-22 06:01:02.237 CumulusUtils : ----------------------------
2026-07-22 06:01:02.237 CumulusUtils : Entering Main
2026-07-22 06:01:02.247 HelpTexts: starting
2026-07-22 06:01:02.288 Information HelpTexts Contructor: stop
2026-07-22 06:01:02.334 CommandLineArgs : starting
2026-07-22 06:01:02.334  CommandLineArgs : handling arg: sysinfo
2026-02026-07-22 06:01:02.336 CommandLineArgs : starting
2026-07-22 06:01:02.336  CommandLineArgs : handling arg: sysinfo
2026-07-22 06:01:02.336  CommandLineArgs : handling arg: UserAskedData
2026-072026-07-22 06:01:02.420 Information CumulusUtils : Read dayfile.txt succesfully - 930 records
2026-07-22 06:01:02.449 Information SystemStatus : starting
2026-07-22 06:01:02.476 Information GetUrlData Start: URL - http://localhost:8998/api/tags/process.json?version&build&ProgramUpTime&NewBuildAvailable&NewBuildNumber&CpuCount&CPUTemp 
2026-07-22 06:01:02.888 CumulusMX Version: 4.5.2 build 4105
2026-07-22 06:01:02.899 Information  SystemStatus: Found device 12 GW1000/Ecowitt Local API
2026-07-22 06:01:02.904 Information ReplaceWebtagsPostAsync start:
2026-07-22 06:01:02.907 Information  PostUrlData Start: http://localhost:8998/api/tags/process.txt 
2026-07-22 06:01:02.907 Information PostUrlData Calling PostAsync
2026-07-22 06:01:02.932 Information PostUrlData success response : OK - OK
2026-07-22 06:01:02.942 SystemStatus : DoingUni2026-07-22 06:01:02.956 Information PostUrlData success response : OK - OK
2026-07-22 06:01:02.958 SystemStatus : DoingUnix
2026-07-22 06:2026-07-22 06:01:02.967 Information StartProcess cat:2026-07-22 06:01:02.972 Information StartProcess cat /etc/os-release
2026-07-22 06:01:02.982 Information StartProcess cat: output=PRETTY_NAME="Debian GNU/Linux 12 (bookworm)"
2026-07-22 06:01:02.982 Information StartProcess cat: output=NAME="Debian GNU/Linux"
2026-07-22 06:01:02.982 Information StartProcess cat: output=VERSION_ID="12"
2026-07-22 06:01:02.982 Information StartProcess cat: output=VERSION="12 (bookworm)"
2026-07-22 06:01:02.982 Information StartProcess cat: output=VERSION_CODENAME=bookworm
2026-07-22 06:01:02.982 Information StartProcess cat: output=ID=debian
2026-07-22 06:01:02.982 Information StartProcess cat: output=HOME_URL="https://www.debian.org/"
2026-07-22 06:01:02.982 Information StartProcess cat: output=SUPPORT_URL="https://www.debian.org/support"
2026-07-22 06:01:02.982 Information StartProcess cat: output=BUG_REPORT_URL="https://bugs.debian.org/"
2026-07-22 06:01:02.987 Information Found Linux NAME: PRETTY_NAME="Debian GNU/Linux 12 (bookworm)"
2026-07-22 06:01:02.989 Information Using Linux dialect: Debian
2026-07-22 06:01:02.989 Information StartProcess uptime -p
2026-07-22 06:01:02.993 Information StartProcess uptime: output=up 3 weeks, 4 days, 10 hours, 27 minutes
2026-07-22 06:01:02.994 Information StartProcess lshw -quiet -class system
2026-07-22 06:01:02.997 Error System/Processor: Unknown (exception) - An error occurred trying to start process 'lshw' with working directory '/opt/CumulusMX'. No such file or directory
2026-07-22 06:01:02.997 Please install lshw (apt-get install lshw)
2026-07-22 06:01:02.997 Information StartProcess uname -s -r -m
2026-07-22 06:01:02.999 Informati2026-07-22 06:01:03.121 Information StartProcess lsb_release: output=Distributor ID:	Debian
2026-07-22 06:01:03.121 Information StartProcess lsb_release: output=Description:	Debian GNU/Linux 12 (bookworm)
2026-07-22 06:01:03.121 Information StartProcess lsb_release: output=Release:	12
2026-07-22 06:01:03.121 Information StartProcess lsb_release: output=Codename:	bookworm
2026-07-22 06:01:03.121 Information StartProcess dotnet --list-runtimes
2026-07-22 06:01:03.127 Information StartProcess dotnet: output=Microsoft.NETCore.App 8.0.8 [/usr/share/dotnet/shared/Microsoft.NETCore.App]
2026-07-22 06:01:03.133 Information StartProcess free -m
2026-07-22 06:01:03.138 Information StartProcess free: output=               total        used        free      shared  buff/cache   available
2026-07-22 06:01:03.138 Information StartProcess free: output=Mem:             960         367         508          32         256         593
2026-07-22 06:01:03.138 Information StartProcess free: output=Swap:            974          76         898
2026-07-22 06:01:03.143 Information StartProcess df -T -text4 -tvfat -h
2026-07-22 06:01:03.146 Information StartProcess df: output=Filesystem     Type  Size  Used Avail Use% Mounted on
2026-07-22 06:01:03.146 Information StartProcess df: output=/dev/sda1      ext4   31G  7.6G   22G  27% /
2026-07-22 06:01:03.150 USerReports: Starting
2026-07-22 06:01:03.155 Information MapsOn: Starting
2026-07-22 06:01:03.160 Information  MapsOn: Adding Station: Westlands
2026-07-22 06:01:03.169 Information MapsOn: Before testing DoneToday after parsing: 21/07/2026 10:31:03 
2026-07-22 06:01:03.170 Information DateIsToday for thisDate: 21/07/2026 10:31:03 | thisDate.DayOfYear: 202 versus Now.DayOfYear: 203)
2026-07-22 06:01:03.177 Information DateIsToday: thisSpan: 19:30:00.1700822 | thisSpan.TotalDays = 0.8125019685439815
2026-07-22 06:01:03.177 Information MapsOn: Must NOT send signature, has been done already : 2026-07-21T10:31:03
2026-07-22 06:01:03.177 Information Fetch Map: Fetching the generated map
2026-07-22 06:01:03.177 Information GetUrlData Start: URL - https://meteo-wagenborgen.nl/maps.txt 
2026-07-22 06:01:04.113 Information Main: <!--
 This file is generated as part of CumulusUti
2026-07-22 06:01:04.114 Information UserAskedData Starting...
2026-07-22 06:01:04.114 Information UserAskedData Doing the compiler stuff...
2026-07-22 06:01:04.139 Information CustomLogs constructor: starting
2026-07-22 06:01:04.161 Information CustomLogs WebtagInfo constructor: number of defined Webtag Units: 400, everything OK. 
2026-07-22 06:01:04.162 Information Custom Logs constructor: stop
2026-07-22 06:01:04.191 DefineUsercharts: Parsing User charts definitions - starting
2026-07-22 06:01:04.191 Information Parsing User Charts Definitions : Chart Overview'
2026-07-22 06:01:04.203 Information Parsing User Charts Definitions : Chart Temperature'
2026-07-22 06:01:04.203 Information Parsing User Charts Definitions : Chart Wind'
2026-07-22 06:01:04.203 Information Parsing User Charts Definitions : Chart WindDirection'
2026-07-22 06:01:04.203 Information Parsing User Charts Definitions : Chart Rain'
2026-07-22 06:01:04.203 Information Parsing User Charts Definitions : Chart Humidity'
2026-07-22 06:01:04.203 Information Parsing User Charts Definitions : Chart Solar'
2026-07-22 06:01:04.203 Information Parsing User Charts Definitions : Chart DailyTemp'
2026-07-22 06:01:04.203 Information Parsing User Charts Definitions : Chart DailyPressure'
2026-07-22 06:01:04.214 Information Parsing User Charts: Evaluating Expression '(MinBarometer+MaxBarometer)/2'.
2026-07-22 06:01:04.232 Generating Compiler UserAskedData: Starting
2026-07-22 06:01:04.233 Information GenerateUserAskedData: timeStart = 22/07/2026 05:52:00; timeEnd = 22/07/2026 06:01:00
2026-07-22 06:01:04.234 Monthfile constructor: Using fixed path: | data/ |; file: | *log.txt
2026-07-22 06:01:04.241 ReadPartialMonthlyLogs: Starting.
2026-07-22 06:01:04.249 Information ReadPartialMonthlyLogs: reading 202607log.txt
2026-07-22 06:01:04.568 Information ReadMonthlyLogs: End
2026-07-22 06:01:04.580 Information Generate UserAskedData: DoneToday = 21/07/2026 19:11:04.
2026-07-22 06:01:04.580 Information DateIsToday for thisDate: 21/07/2026 19:11:04 | thisDate.DayOfYear: 202 versus Now.DayOfYear: 203)
2026-07-22 06:01:04.580 Information DateIsToday: thisSpan: 10:50:00.5807312 | thisSpan.TotalDays = 0.4513956103148148
2026-07-22 06:01:04.580 Information Generate UserAskedData: Must NOT generate the ALL Range.
2026-07-22 06:01:04.580 Information Generate UserAskedData - Loop over Chart: Overview)
2026-07-22 06:01:04.581 Information Generate UserAskedData - Testing temp into tempdata.json (Range is Recent)
2026-07-22 06:01:04.581 Information Generate UserAskedData - Testing dew into tempdata.json (Range is Recent)
2026-07-22 06:01:04.582 Information Generate UserAskedData - Testing press into pressdata.json (Range is Recent)
2026-07-22 06:01:04.582 Information Generate UserAskedData - Testing hum into humdata.json (Range is Recent)
2026-07-22 06:01:04.582 Information Generate UserAskedData - Testing SolarRad into solardata.json (Range is Recent)
2026-07-22 06:01:04.582 Information Generate UserAskedData - Testing rfall into raindata.json (Range is Recent)
2026-07-22 06:01:04.582 Information Generate UserAskedData - Loop over Chart: Temperature)
2026-07-22 06:01:04.582 Information Generate UserAskedData - Testing intemp into tempdata.json (Range is Recent)
2026-07-22 06:01:04.582 Information Generate UserAskedData - Testing temp into tempdata.json (Range is Recent)
2026-07-22 06:01:04.582 Information Generate UserAskedData - Testing feelslike into tempdata.json (Range is Recent)
2026-07-22 06:01:04.582 Information Generate UserAskedData - Testing dew into tempdata.json (Range is Recent)
2026-07-22 06:01:04.582 Information Generate UserAskedData - Loop over Chart: Wind)
2026-07-22 06:01:04.582 Information Generate UserAskedData - Testing wgust into winddata.json (Range is Recent)
2026-07-22 06:01:04.582 Information Generate UserAskedData - Testing wspeed into winddata.json (Range is Recent)
2026-07-22 06:01:04.582 Information Generate UserAskedData - Loop over Chart: WindDirection)
2026-07-22 06:01:04.582 Information Generate UserAskedData - Testing bearing into wdirdata.json (Range is Recent)
2026-07-22 06:01:04.582 Information Generate UserAskedData - Testing avgbearing into wdirdata.json (Range is Recent)
2026-07-22 06:01:04.582 Information Generate UserAskedData - Loop over Chart: Rain)
2026-07-22 06:01:04.582 Information Generate UserAskedData - Testing rfall into raindata.json (Range is Recent)
2026-07-22 06:01:04.582 Information Generate UserAskedData - Testing rrate into raindata.json (Range is Recent)
2026-07-22 06:01:04.582 Information Generate UserAskedData - Loop over Chart: Humidity)
2026-07-22 06:01:04.582 Information Generate UserAskedData - Testing hum into humdata.json (Range is Recent)
2026-07-22 06:01:04.582 Information Generate UserAskedData - Testing inhum into humdata.json (Range is Recent)
2026-07-22 06:01:04.582 Information Generate UserAskedData - Loop over Chart: Solar)
2026-07-22 06:01:04.582 Information Generate UserAskedData - Testing UV into solardata.json (Range is Recent)
2026-07-22 06:01:04.582 Information Generate UserAskedData - Testing SolarRad into solardata.json (Range is Recent)
2026-07-22 06:01:04.582 Information Generate UserAskedData - Testing CurrentSolarMax into solardata.json (Range is Recent)
2026-07-22 06:01:04.582 Information Generate UserAskedData - Loop over Chart: DailyTemp)
2026-07-22 06:01:04.582 Information Generate UserAskedData - Testing avgTemp into alldailytempdata.json (Range is Daily)
2026-07-22 06:01:04.582 Information Generate UserAskedData - Testing avgTemp into alldailytempdata.json (Range is Daily)
2026-07-22 06:01:04.582 Information Generate UserAskedData - Loop over Chart: DailyPressure)
2026-07-22 06:01:04.582 Information Generate UserAskedData - Testing minBaro into alldailypressdata.json (Range is Daily)
2026-07-22 06:01:04.582 Information Generate UserAskedData - Testing  into  (Range is Daily)
2026-07-22 06:01:04.582 Information DoAirLink / AirQualitySensor  = False / False
2026-07-22 06:01:04.582 Information Uploading = maps.txt
2026-07-22 06:01:04.587 Testing PHP upload compression on https://jpickles.com/cutils/upload.php
2026-07-22 06:01:04.718 Information PHP upload does not support compression
2026-07-22 06:01:04.719 Information UploadFile: Starting utils/maps.txt => maps.txt
2026-07-22 06:01:04.719 Information Upload File values: localfile: utils/maps.txt
2026-07-22 06:01:04.719 Information Upload File values: remotefile: maps.txt
2026-07-22 06:01:04.723 Information PHP Upload: starting utils/maps.txt
2026-07-22 06:01:04.724 Information Incremental = False; filename = maps.txt; ext = .txt; HoursInGraph = 72
2026-07-22 06:01:04.803 Information InetPhp: maps.txt: Response code = 200: OK
2026-07-22 06:01:04.804 Information InetPhp2026-07-22 06:01:04.806 Information InetPhp: maps.txt: Response code = 200: OK
2026-07-22 06:01:04.806 Information InetPhp: maps.txt: Response text follows:
Opening text file maps.txt for replacement
Writing text file maps.txt
Write complete
2026-07-22 06:01:04.806 Information PHP UploadFile: Success
2026-07-22 06:01:04.806 Information UploadFile: Starting utils/systeminfoTable.txt => systeminfoTable.txt
2026-07-22 06:01:04.806 Information Upload File values: localfile: utils/systeminfoTable.txt
2026-07-22 06:01:04.806 Information Upload File values: remotefile: systeminfoTable.txt
2026-07-22 06:01:04.806 Information PHP Upload: starting utils/systeminfoTable.t2026-07-22 06:01:04.836 Information InetPhp: systeminfoTable.txt: Response code = 200: OK
2026-07-22 06:01:04.836 Informat2026-07-22 06:01:04.842 Information InetPhp: systeminfoTable.txt: Response code = 200: OK
2026-07-22 06:01:04.842 Information InetPhp: systeminfoTable.txt: Response text follows:
Opening text file systeminfoTable.txt for replacement
Writing text file systeminfoTable.txt
Write complete
2026-07-22 06:01:04.842 Information PHP UploadFile: Success
2026-07-22 06:01:04.842 All done, Entering the finally section...; Closing down.
2026-07-22 06:01:04.842 Disposing Isup...
2026-07-22 06:01:04.843 Disposing Sup...
