2026-07-20 21:11:01.786 Information According to Inifile Info => Error: True, Warning: True, Info: True, Verbose: False, 
2026-07-20 21:11:01.816 CumulusUtils Initial: Shutting down the default listener
2026-07-20 21:11:01.816 Information CumulusUtils Initial: Shutting down the default listener
2026-07-20 21:11:01.864  CUstrings[xx].ini : CUstringsEN.ini looked for.
2026-07-20 21:11:01.887  CumulusUtils version: 7.1.1 
2026-07-20 21:11:01.887  CuSupport constructor : Unit Wind (m/s, mph2026-07-20 21:11:01.891  CumulusUtils version: 7.1.1 
2026-07-20 21:11:01.891  CuSupport constructor : Unit Wind (m/s, mph, km/h, kts): mph
2026-07-20 21:11:01.891  CuSupp2026-07-20 21:11:01.896  CuSupport constructor : Unit T (C,F): °C
2026-07-20 21:11:01.897  CuSupport constructor : Unit Distance (m, mi, km, kn): mi
2026-07-20 21:11:01.897  CuSupport constructor : Unit Height (m, ft): ft
2026-07-20 21:11:01.909 InetSupport: Constructor starting
2026-07-20 21:11:01.970 CumulusUtils : ----------------------------
2026-07-20 21:11:01.970 CumulusUtils : Entering Main
2026-07-20 21:11:01.979 HelpTexts: starting
2026-07-20 21:11:02.015 Information HelpTexts Contructor: stop
2026-07-20 21:11:02.068 CommandLineArgs : starting
2026-07-20 21:11:02.068  CommandLineArgs : handling arg: sysinfo
2026-07-20 21:11:02.068  CommandLineArgs : handling arg: UserAskedData
2026-07-20 21:11:02.068  CommandLineArgs : handling arg: UserReports
2026-07-20 21:11:02.069 Dayfile: Reading the dayfile.txt...
2026-07-20 21:11:02.153 Information CumulusUtils : Read dayfile.txt succesfully - 928 records
2026-07-20 21:11:02.178 Information SystemStatus : starting
2026-07-20 21:11:02.209 Information GetUrlData Start: URL - http://localhost:8998/api/tags/process.json?version&build&ProgramUpTime&NewBuildAvailable&NewBuildNumber&CpuCount&CPUTemp 
2026-07-20 21:11:02.628 CumulusMX Version: 4.5.2 build 4105
2026-07-20 21:11:02.632 Information  SystemStatus: Found devic2026-07-20 21:11:02.634 Cumulu2026-07-20 21:11:02.637 Inform2026-07-20 21:11:02.641 Information  SystemStatus: Found device 12 GW1000/Ecowitt Local API
2026-07-20 21:11:02.642 Information ReplaceWebtagsPostAsync start:
2026-07-20 21:11:02.649 Information  PostUrl2026-07-20 21:11:02.684 Information PostUrlData success response : OK - OK
2026-07-20 21:11:02.693 SystemStatus : DoingUnix
2026-07-20 21:11:02.694 Information SystemStatus : DoingUnix Start
2026-07-20 21:11:02.701 Information StartProcess cat /etc/os-release
2026-07-20 21:11:02.713 Information StartProcess cat: output=PRETTY_NAME="Debian GNU/Linux 12 (bookworm)"
2026-07-20 21:112026-07-20 21:11:02.719 Information StartProcess cat: output=PRETTY_NAME="Debian GNU/Linux 12 (bookworm)"
2026-07-20 21:11:02.719 Information StartProcess cat: output=NAME="Debian GNU/Linux"
2026-07-20 21:11:02.719 Information StartProcess cat: output=VERSION_ID="12"
2026-07-20 21:11:02.719 Information StartProcess cat: output=VERSION="12 (bookworm)"
2026-07-20 21:11:02.719 Information StartProcess cat: output=VERSION_CODENAME=bookworm
2026-07-20 21:11:02.719 Information StartProcess cat: output=ID=debian
2026-07-20 21:11:02.719 Information StartProcess cat: output=HOME_URL="https://www.debian.org/"
2026-07-20 21:11:02.719 Information StartProcess cat: output=SUPPORT_URL="https://www.debian.org/support"
2026-07-20 21:11:02.719 Information StartProcess cat: output=BUG_REPORT_URL="https://bugs.debian.org/"
2026-07-20 21:11:02.720 Information Found Linux NAME: PRETTY_NAME="Debian GNU/Linux 12 (bookworm)"
22026-07-20 21:11:02.725 Information StartProcess uptime: output=up 3 weeks, 3 days, 1 hour, 37 minutes
2026-07-20 21:11:02.728 Information StartProcess lshw -quiet -class system
2026-07-20 21:11:02.730 Error System/Processor:2026-07-20 21:11:02.731 Information StartProcess lshw -quiet -class system
2026-07-20 21:11:02.733 Error System/Processor: Unknown (exception) - An error occurred trying to start process 'lshw' with working directory '/opt/CumulusMX'. No such file or directory
2026-07-22026-07-20 21:11:02.735 Information StartProcess uname: output=Linux 6.1.0-23-amd64 x86_64
2026-07-20 21:11:02.735 Informa2026-07-20 21:11:02.736 Informati2026-07-20 21:11:02.763 Information StartProcess lsb_release: output=Distributor ID:	Debian
2026-07-20 21:11:02.764 Inform2026-07-20 21:11:02.771 Information StartProcess lsb_release: output=Distributor ID:	Debian
2026-07-20 21:11:02.771 Information StartProcess lsb_release: output=Description:	Debian GNU/Linux 12 (bookworm)
2026-07-20 21:11:02.771 Information StartProcess lsb_release: output=Release:	12
2026-07-20 21:11:02.771 Information StartProcess lsb_release: output=Codename:	bookworm
2026-07-20 21:11:02.772 Information StartProcess dotnet --list-runtimes
2026-07-20 21:11:02.775 Information StartProcess dotnet: output=Microsoft.NE2026-07-20 21:11:02.779 Information StartProcess free: output=               total        used        free      shared  bu2026-07-20 21:11:02.783 Information StartProcess free: output=               total        used        free      shared  buff/cache   available
2026-07-20 21:11:02.783 Information StartProcess free: output=Mem:             960         370         400          30         365         589
2026-07-20 21:11:02.783 Information StartProcess free: ou2026-07-20 21:11:02.784 Information StartProcess d2026-07-20 21:11:02.785 Information StartProcess df -T -text4 -tvfat -h
2026-07-20 21:11:02.793 Information StartProcess df: output=Filesystem     Type  Size  Used Avail Use% Mounted on
2026-07-20 21:11:02.794 Infor2026-07-20 21:11:02.802 Information MapsOn: Starting
2026-07-20 21:11:02.807 Information  MapsOn: Adding Station: Westland202026-07-20 21:11:02.835 Information MapsOn: Before testing DoneToday after parsing: 20/07/2026 10:31:03 
2026-07-20 21:11:2026-07-20 21:11:02.849 Information MapsOn: Before testing DoneToday after parsing: 20/07/2026 10:31:03 
2026-07-20 21:11:02.850 Information DateIsToday for thisDate: 20/07/2026 10:31:03 | thisDate.DayOfYear: 201 versus Now.DayOfYear: 201)
2026-07-20 21:11:02.858 Information DateIsToday: thisSpan: 10:39:59.8503313 | thisSpan.TotalDays = 0.44444271216782405
2026-07-20 21:11:02.859 Information MapsOn: Must NOT send signature, has been done already : 2026-07-20T10:31:03
2026-07-20 21:11:02.859 Information Fetch Map: Fe2026-07-20 21:11:03.764 Information Main: <!--
 This file is generated as part of CumulusUti
2026-07-20 21:11:03.765 Information UserAskedData Starting...
2026-07-20 21:11:03.765 Information UserAskedData Doing the compiler stuff...
2026-07-20 21:11:03.801 Information CustomLogs constructor: starting
2026-07-20 21:11:03.814 Information CustomLogs WebtagInfo constructor: number of defined Webtag Units: 400, everything OK. 
2026-07-20 21:11:03.815 Information Custom Logs constructor: stop
2026-07-20 21:11:03.852 DefineUsercharts: Parsing User charts definitions - starting
2026-07-20 21:11:03.852 Information Parsing User Charts Definitions : Chart Overview'
2026-07-20 21:11:03.872 Information Parsing User Charts Definitions : Chart Temperature'
2026-07-20 21:11:03.873 Information Parsing User Charts Definitions : Chart Wind'
2026-07-20 21:11:03.873 Information Parsing User Charts Definitions : Chart WindDirection'
2026-07-20 21:11:03.873 Information Parsing User Charts Definitions : Chart Rain'
2026-07-20 21:11:03.873 Information Parsing User Charts Definitions : Chart Humidity'
2026-07-20 21:11:03.873 Information Parsing User Charts Definitions : Chart Solar'
2026-07-20 21:11:03.873 Information Parsing User Charts Definitions : Chart DailyTemp'
2026-07-20 21:11:03.873 Information Parsing User Charts Definitions : Chart DailyPressure'
2026-07-20 21:11:03.876 Information Parsing User Charts: Evaluating Expression '(MinBarometer+MaxBarometer)/2'.
2026-07-20 21:11:03.899 Generating Compiler UserAskedData: Starting
2026-07-20 21:11:03.904 Information GenerateUserAskedData: timeStart = 20/07/2026 21:02:00; timeEnd = 20/07/2026 21:11:00
2026-07-20 21:11:03.906 Monthfile constructor: Using fixed path: | data/ |; file: | *log.txt
2026-07-20 21:11:03.908 ReadPartialMonthlyLogs: Starting.
2026-07-20 21:11:03.916 Information ReadPartialMonthlyLogs: reading 202607log.txt
2026-07-20 21:11:04.200 Information ReadMonthlyLogs: End
2026-07-20 21:11:04.216 Information Generate UserAskedData: DoneToday = 20/07/2026 19:01:04.
2026-07-20 21:11:04.216 Information DateIsToday for thisDate: 20/07/2026 19:01:04 | thisDate.DayOfYear: 201 versus Now.DayOfYear: 201)
2026-07-20 21:11:04.216 Information DateIsToday: thisSpan: 02:10:00.2164330 | thisSpan.TotalDays = 0.09028028278935185
2026-07-20 21:11:04.216 Information Generate UserAskedData: Must NOT generate the ALL Range.
2026-07-20 21:11:04.216 Information Generate UserAskedData - Loop over Chart: Overview)
2026-07-20 21:11:04.217 Information Generate UserAskedData - Testing temp into tempdata.json (Range is Recent)
2026-07-20 21:11:04.217 Information Generate UserAskedData - Testing dew into tempdata.json (Range is Recent)
2026-07-20 21:11:04.217 Information Generate UserAskedData - Testing press into pressdata.json (Range is Recent)
2026-07-20 21:11:04.217 Information Generate UserAskedData - Testing hum into humdata.json (Range is Recent)
2026-07-20 21:11:04.217 Information Generate UserAskedData - Testing SolarRad into solardata.json (Range is Recent)
2026-07-20 21:11:04.217 Information Generate UserAskedData - Testing rfall into raindata.json (Range is Recent)
2026-07-20 21:11:04.217 Information Generate UserAskedData - Loop over Chart: Temperature)
2026-07-20 21:11:04.217 Information Generate UserAskedData - Testing intemp into tempdata.json (Range is Recent)
2026-07-20 21:11:04.217 Information Generate UserAskedData - Testing temp into tempdata.json (Range is Recent)
2026-07-20 21:11:04.217 Information Generate UserAskedData - Testing feelslike into tempdata.json (Range is Recent)
2026-07-20 21:11:04.217 Information Generate UserAskedData - Testing dew into tempdata.json (Range is Recent)
2026-07-20 21:11:04.217 Information Generate UserAskedData - Loop over Chart: Wind)
2026-07-20 21:11:04.217 Information Generate UserAskedData - Testing wgust into winddata.json (Range is Recent)
2026-07-20 21:11:04.217 Information Generate UserAskedData - Testing wspeed into winddata.json (Range is Recent)
2026-07-20 21:11:04.217 Information Generate UserAskedData - Loop over Chart: WindDirection)
2026-07-20 21:11:04.217 Information Generate UserAskedData - Testing bearing into wdirdata.json (Range is Recent)
2026-07-20 21:11:04.217 Information Generate UserAskedData - Testing avgbearing into wdirdata.json (Range is Recent)
2026-07-20 21:11:04.217 Information Generate UserAskedData - Loop over Chart: Rain)
2026-07-20 21:11:04.217 Information Generate UserAskedData - Testing rfall into raindata.json (Range is Recent)
2026-07-20 21:11:04.217 Information Generate UserAskedData - Testing rrate into raindata.json (Range is Recent)
2026-07-20 21:11:04.217 Information Generate UserAskedData - Loop over Chart: Humidity)
2026-07-20 21:11:04.217 Information Generate UserAskedData - Testing hum into humdata.json (Range is Recent)
2026-07-20 21:11:04.217 Information Generate UserAskedData - Testing inhum into humdata.json (Range is Recent)
2026-07-20 21:11:04.217 Information Generate UserAskedData - Loop over Chart: Solar)
2026-07-20 21:11:04.217 Information Generate UserAskedData - Testing UV into solardata.json (Range is Recent)
2026-07-20 21:11:04.217 Information Generate UserAskedData - Testing SolarRad into solardata.json (Range is Recent)
2026-07-20 21:11:04.217 Information Generate UserAskedData - Testing CurrentSolarMax into solardata.json (Range is Recent)
2026-07-20 21:11:04.217 Information Generate UserAskedData - Loop over Chart: DailyTemp)
2026-07-20 21:11:04.217 Information Generate UserAskedData - Testing avgTemp into alldailytempdata.json (Range is Daily)
2026-07-20 21:11:04.218 Information Generate UserAskedData - Testing avgTemp into alldailytempdata.json (Range is Daily)
2026-07-20 21:11:04.218 Information Generate UserAskedData - Loop over Chart: DailyPressure)
2026-07-20 21:11:04.218 Information Generate UserAskedData - Testing minBaro into alldailypressdata.json (Range is Daily)
2026-07-20 21:11:04.218 Information Generate UserAskedData - Testing  into  (Range is Daily)
2026-07-20 21:11:04.218 Information DoAirLink / AirQualitySensor  = False / False
2026-07-20 21:11:04.218 Information Uploading = maps.txt
2026-07-20 21:11:04.223 Testing PHP upload compression on https://jpickles.com/cutils/upload.php
2026-07-20 21:11:04.394 Information PHP upload does not support compression
2026-07-20 21:11:04.395 Information UploadFile: Starting utils/maps.txt => maps.txt
2026-07-20 21:11:04.395 Information Upload File values: localfile: utils/maps.txt
2026-07-20 21:11:04.395 Information Upload File values: remotefile: maps.txt
2026-07-20 21:11:04.403 Information PHP Upload: starting utils/maps.txt
2026-07-20 21:11:04.404 Information Incremental = False; filename = maps.txt; ext = .txt; HoursInGraph = 72
2026-07-20 21:11:04.487 Information InetPhp: maps.txt: Response code = 200: OK
2026-07-20 21:11:04.487 Information InetPhp: maps.txt: Response text follows:
Opening text file maps.txt for replacement
Writing text file maps.txt
Write complete
2026-07-20 21:11:04.487 Information PHP UploadFile: Success
2026-07-20 21:11:04.488 Information UploadFile: Starting utils/systeminfoTable.txt => systeminfoTable.txt
2026-07-20 21:11:04.488 Information Upload File values: localfile: utils/systeminfoTable.txt
2026-07-20 21:11:04.488 Information Upload File values: remotefile: systeminfoTable.txt
2026-07-20 21:11:04.488 Information PHP Upload: starting utils/systeminfoTable.txt
2026-07-20 21:11:04.488 Information Incremental = False; filename = systeminfoTable.txt; ext = .txt; HoursInGraph = 72
2026-07-20 21:11:04.525 Information InetPhp: systeminfoTable.txt: Response code = 200: OK
2026-07-20 21:11:04.525 Information InetPhp: systeminfoTable.txt: Response text follows:
Opening text file systeminfoTable.txt for replacement
Writing text file systeminfoTable.txt
Write complete
2026-07-20 21:11:04.525 Information PHP UploadFile: Success
2026-07-20 21:11:04.525 All done, Entering the finally section...; Closing down.
2026-07-20 21:11:04.525 Disposing Isup...
2026-07-20 21:11:04.526 Disposing Sup...
ng the finally section...; Closing down.
2026-07-20 21:11:04.519 Disposing Isup...
2026-07-20 21:11:04.520 Disposing Sup...
