2026-07-22 00:21:02.234 Information According to Inifile Info => Error: True, Warning: True, Info: True, Verbose: False, 
2026-07-22 00:21:02.261 CumulusUtils Initial: Shutting down the default listener
2026-07-22 00:21:02.261 Information CumulusUtils Initial: Shutting down the default listener
2026-07-22 00:21:02.311  CUstrings[xx].ini : CUstringsEN.ini looked for.
2026-07-22 00:21:02.331  CumulusUtils version: 7.1.1 
2026-07-22 00:21:02.331  CuSupport constructor : Unit Wind (m/s, mph2026-07-22 00:21:02.336  CumulusUtils version: 7.1.1 
2026-07-22 00:21:02.337  CuSupport constructor : Unit Wind (m/s, mph, km/h, kts): mph
2026-07-22 00:21:02.337  CuSupp2026-07-22 00:21:02.339  CuSupport constructor : Unit T (C,F): °C
2026-07-22 00:21:02.339  CuSupport constructor : Unit D2026-07-22 00:21:02.340  CuSupport constructor : Unit T (C,F): °C
2026-07-22 00:21:02.341  CuSupport2026-07-22 00:21:02.355 InetSupport: Constructor starting
2026-07-22 00:21:02.416 CumulusUtils : ----------------------------
2026-07-22 00:21:02.416 CumulusUtils : Entering Main
2026-07-22 00:21:02.427 HelpTexts: starting
2026-07-22 00:21:02.466 Information HelpTexts Contructor: stop
2026-07-22 00:21:02.514 CommandLineArgs : starting
2026-07-22 00:21:02.514  CommandLineArgs : handling arg: sysinfo
2026-02026-07-22 00:21:02.518 CommandLineArgs : starting
2026-07-22 00:21:02.518  CommandLineArgs : handling arg: sysinfo
2026-07-22 00:21:02.518  CommandLineArgs : handling arg: UserAskedData
2026-072026-07-22 00:21:02.609 Information CumulusUtils : Read dayfile.txt succesfully - 930 records
2026-07-22 00:21:02.643 Information SystemStatus : starting
2026-07-22 00:21:02.682 Information GetUrlData Start: URL - http://localhost:8998/api/tags/process.json?version&build&ProgramUpTime&NewBuildAvailable&NewBuildNumber&CpuCount&CPUTemp 
2026-07-22 00:21:03.081 CumulusMX Version: 4.5.2 build 4105
2026-07-22 00:21:03.093 Information  SystemStatus: Found device 12 GW1000/Ecowitt Local API
2026-07-22 00:21:03.094 Information ReplaceWebtagsPostAsync start:
2026-07-22 00:21:03.096 Information  PostUrlData Start: http://localhost:8998/api/tags/process.txt 
2026-07-22 00:21:03.092026-07-22 00:21:03.098 Information  PostUrl2026-07-22 00:21:03.129 Information PostUrlData success response : OK - OK
2026-07-22 00:21:03.133 SystemStatus : DoingUni2026-07-22 00:21:03.144 Information PostUrlData success response : OK - OK
2026-07-22 00:21:03.147 SystemStatus : DoingUnix
2026-07-22 00:2026-07-22 00:21:03.159 Information StartProcess cat: output=PRETTY_NAME="Debian GNU/Linux 12 (bookworm)"
2026-07-22 00:212026-07-22 00:21:03.170 Information StartProcess cat: output=PRETTY_NAME="Debian GNU/Linux 12 (bookworm)"
2026-07-22 00:21:03.170 Information StartProcess cat: output=NAME="Debian GNU/Linux"
2026-07-22 00:21:03.170 Information StartProcess cat: output=VERSION_ID="12"
2026-07-22 00:21:03.170 Information StartProcess cat: output=VERSION="12 (bookworm)"
2026-07-22 00:21:03.170 Information StartProcess cat: output=VERSION_CODENAME=bookworm
2026-07-22 00:21:03.170 Information StartProcess cat: output=ID=debian
2026-07-22 00:21:03.170 Information StartProcess cat: output=HOME_URL="https://www.debian.org/"
2026-07-22 00:21:03.170 Information StartProcess cat: output=SUPPORT_URL="https://www.debian.org/support"
2026-07-22 00:21:03.170 Information StartProcess cat: output=BUG_REPORT_URL="https://bugs.debian.org/"
2026-07-22 00:21:03.175 Information Found Linux NAME: PRETTY_NAME="Debian GNU/Linux 12 (bookworm)"
2026-07-22 00:21:03.176 Information Using Linux dialect: Debian
2026-07-22 00:21:03.177 Information StartProcess uptime -p
2026-07-22 00:21:03.182 Information StartProcess uptime: output=up 3 weeks, 4 days, 4 hours, 47 minutes
2026-07-22 00:21:03.183 Information StartProcess lshw -quiet -class system
2026-07-22 00:21:03.185 Error System/Processor: Unknown (exception) - An error occurred trying to start process 'lshw' with working directory '/opt/CumulusMX'. No such file or directory
2026-07-22 00:21:03.185 Please install lshw (apt-get install lshw)
2026-07-22 00:21:03.185 Information StartProcess uname -s -r -m
2026-07-22 00:21:03.187 Informati2026-07-22 00:21:03.213 Information StartProcess lsb_release: output=Distributor ID:	Debian
2026-07-22 00:21:03.213 Inform2026-07-22 00:21:03.220 Information StartProcess lsb_release: output=Distributor ID:	Debian
2026-07-22 00:21:03.220 Information StartProcess lsb_release: output=Description:	Debian GNU/Linux 12 (bookworm)
2026-07-22 00:21:03.220 Information StartProcess lsb_release: output=Release:	12
2026-07-22 00:21:03.220 Information StartProcess lsb_release: output=Codename:	bookworm
2026-07-22 00:21:03.221 Information StartProcess dotnet --list-runtimes
2026-07-22 00:21:03.227 Information StartProcess dotnet: output=Microsoft.NETCore.App 8.0.8 [/usr/share/dotnet/shared/Microsoft.NETCore.App]
2026-07-22 00:21:03.227 Information StartProcess free -m
2026-07-22 00:21:03.232 Information StartProcess free: output=               total        used        free      shared  buff/cache   available
2026-07-22 00:21:03.232 Information StartProcess free: output=Mem:             960         376         348          32         414         583
2026-07-22 00:21:03.232 Information StartProcess free: ou2026-07-22 00:21:03.233 Information StartProcess d2026-07-22 00:21:03.233 Information StartProcess df -T -text4 -tvfat -h
2026-07-22 00:21:03.241 Information StartProcess df: output=Filesystem     Type  Size  Used Avail Use% Mounted on
2026-07-22 00:21:03.242 Infor2026-07-22 00:21:03.252 Information MapsOn: Starting
2026-07-22 00:21:03.262 Information  MapsOn: Adding Station: Westlands
2026-07-22 00:21:03.277 Information MapsOn: Before testing DoneToday after parsing: 21/07/2026 10:31:03 
2026-07-22 00:21:2026-07-22 00:21:03.283 Information MapsOn: Before testing DoneToday after parsing: 21/07/2026 10:31:03 
2026-07-22 002026-07-22 00:21:03.294 Information DateIsToday: thisSpan: 13:50:00.2784531 | thisSpan.TotalDays = 0.5763921117256945
20262026-07-22 00:21:03.299 Information DateIsToday: thisSpan: 13:50:00.2888288 | thisSpan.TotalDays = 0.5763922318148148
2026-07-22 00:21:03.299 Information MapsOn: Must NOT send signature, has been done already : 2026-07-21T10:31:03
2026-07-22 00:21:03.299 Information Fetch Map: Fetc2026-07-22 00:21:04.221 Information Main: <!--
 This file is generated as part of CumulusUti
2026-07-22 00:21:04.223 Infor2026-07-22 00:21:04.233 Information Main: <!--
 This file is generated as part of CumulusUti
2026-07-22 00:21:02026-07-22 00:21:04.256 Information CustomLogs constructor: starting
2026-07-22 00:21:04.274 Information CustomLogs WebtagInfo constructor: number of defined Webtag Units: 400, everything OK.2026-07-22 00:21:04.283 Information CustomLogs WebtagInfo constructo2026-07-22 00:21:04.304 DefineUsercharts: Parsing User charts definitions - starting
2026-07-22 00:21:04.305 Information P2026-07-22 00:21:04.312 DefineUsercharts: Parsing2026-07-22 00:21:04.320 Information Parsing User Charts Definitions : Chart Temperature'
2026-07-22 00:21:04.320 Informati2026-07-22 00:21:04.333 Information Parsing User Charts Definitions : Chart Temperature'
2026-07-22 00:21:04.334 Information Parsing User Charts Definitions : Chart Wind'
2026-07-22 00:21:04.334 Information Parsing User Charts Definitions : Chart WindDirection'
2026-07-22 00:21:04.334 Information Parsing User Charts Definitions : Chart Rain'
2026-07-22 00:21:04.334 Information Parsing User Charts Definitions : Chart Humidity'
2026-07-22 00:21:04.334 Information Parsing User Charts Definitions : Chart Solar'
2026-07-22 00:21:04.334 Information Parsing User Charts Definitions : Chart DailyTemp'
2026-07-22 00:21:04.335 Information Parsing User Charts Definitions : Chart Daily2026-07-22 00:21:04.351 Generating Compiler UserAskedData: Starting
2026-07-22 00:21:04.352 Information GenerateUserAskedD2026-07-22 00:21:04.361 Generating Compiler UserAskedData: Starting
2026-07-22 00:21:04.362 Information GenerateUserAskedData: timeStart = 22/07/2026 00:12:00; timeEnd = 22/07/2026 00:21:00
2026-07-22 00:21:04.363 Month2026-07-22 00:21:04.367 Information ReadPartialMonthlyLogs: read2026-07-22 00:21:02026-07-22 00:21:04.695 Information ReadMonthlyLogs: End
2026-07-22 00:21:04.712 Information Generate UserAskedData: DoneToday = 21/07/2026 19:11:04.
2026-07-22 00:21:04.712 Infor2026-07-22 00:21:04.727 Information Generate UserAskedData: DoneToday = 21/07/2026 19:11:04.
2026-07-22 00:21:04.727 Information DateIsToday for thisDate: 21/07/2026 19:11:04 | thisDate.DayOfYear: 202 versus Now.DayOfYear: 203)
2026-07-22 00:21:04.727 Information DateIsToday: thisSpan: 05:10:00.7270810 | thisSpan.TotalDays = 0.21528619306712962
2026-07-22 00:21:04.727 Information Generate UserAskedData: Must NOT generate the ALL Range.
2026-07-22 00:21:04.727 Information Generate UserAskedData - Loop over Chart: Overview)
2026-07-22 00:21:04.728 Information Generate UserAskedData - Testing temp into tempdata.json (Range is Recent)
2026-07-22 00:21:04.728 Information Generate UserAskedData - Testing dew into tempdata.json (Range is Recent)
2026-07-22 00:21:04.728 Information Generate UserAskedData - Testing press into pressdata.json (Range is Recent)
2026-07-22 00:21:04.728 Information Generate UserAskedData - Testing hum into humdata.json (Range is Recent)
2026-07-22 00:21:04.728 Information Generate UserAskedData - Testing SolarRad into solardata.json (Range is Recent)
2026-07-22 00:21:04.728 Information Generate UserAskedData - Testing rfall into raindata.json (Range is Recent)
2026-07-22 00:21:04.728 Information Generate UserAskedData - Loop over Chart: Temperature)
2026-07-22 00:21:04.728 Information Generate UserAskedData - Testing intemp into tempdata.json (Range is Recent)
2026-07-22 00:21:04.728 Information Generate UserAskedData - Testing temp into tempdata.json (Range is Recent)
2026-07-22 00:21:04.728 Information Generate UserAskedData - Testing feelslike into tempdata.json (Range is Recent)
2026-07-22 00:21:04.728 Information Generate UserAskedData - Testing dew into tempdata.json (Range is Recent)
2026-07-22 00:21:04.728 Information Generate UserAskedData - Loop over Chart: Wind)
2026-07-22 00:21:04.728 Information Generate UserAskedData - Testing wgust into winddata.json (Range is Recent)
2026-07-22 00:21:04.728 Information Generate UserAskedData - Testing wspeed into winddata.json (Range is Recent)
2026-07-22 00:21:04.728 Information Generate UserAskedData - Loop over Chart: WindDirection)
2026-07-22 00:21:04.728 Information Generate UserAskedData - Testing bearing into wdirdata.json (Range is Recent)
2026-07-22 00:21:04.728 Information Generate UserAskedData - Testing avgbearing into wdirdata.json (Range is Recent)
2026-07-22 00:21:04.728 Information Generate UserAskedData - Loop over Chart: Rain)
2026-07-22 00:21:04.728 Information Generate UserAskedData - Testing rfall into raindata.json (Range is Recent)
2026-07-22 00:21:04.728 Information Generate UserAskedData - Testing rrate into raindata.json (Range is Recent)
2026-07-22 00:21:04.728 Information Generate UserAskedData - Loop over Chart: Humidity)
2026-07-22 00:21:04.728 Information Generate UserAskedData - Testing hum into humdata.json (Range is Recent)
2026-07-22 00:21:04.728 Information Generate UserAskedData - Testing inhum into humdata.json (Range is Recent)
2026-07-22 00:21:04.728 Information Generate UserAskedData - Loop over Chart: Solar)
2026-07-22 00:21:04.728 Information Generate UserAskedData - Testing UV into solardata.json (Range is Recent)
2026-07-22 00:21:04.728 Information Generate UserAskedData - Testing SolarRad into solardata.json (Range is Recent)
2026-07-22 00:21:04.728 Information Generate UserAskedData - Testing CurrentSolarMax into solardata.json (Range is Recent)
2026-07-22 00:21:04.732 Information Generate UserAskedData - Loop over Chart: DailyTemp)
2026-07-22 00:21:04.732 Information Generate UserAskedData - Testing avgTemp into alldailytempdata.json (Range is Daily)
2026-07-22 00:21:04.732 Information Generate UserAskedData - Testing avgTemp into alldailytempdata.json (Range is Daily)
2026-07-22 00:21:04.732 Information Generate UserAskedData - Loop over Chart: DailyPressure)
2026-07-22 00:21:04.732 Information Generate UserAskedData - Testing minBaro into alldailypressdata.json (Range is Daily)
2026-07-22 00:21:04.732 Information Generate UserAskedData - Testing  into  (Range is Daily)
2026-07-22 00:21:04.732 Information DoAirLink / AirQualitySensor  = False / False
2026-07-22 00:21:04.732 Informat2026-07-22 00:21:04.925 Information PHP upload does not support compression
2026-07-22 00:21:04.926 Information UploadFile: Starting utils/maps.txt => maps.txt
2026-07-22 00:21:04.926 Information Upload File values: localfile: utils/maps.txt
2026-07-22 00:21:04.926 Information Upload File values: remotefile: maps.txt
2026-07-22 00:21:04.931 Information PHP Upload: starting utils/maps.txt
2026-07-22 00:21:04.931 Information Incremental = False; filename = maps.txt; ext = .txt; HoursInGraph = 72
2026-07-22 00:21:05.008 Information InetPhp: maps.txt: Response code = 200: OK
2026-07-22 00:21:05.008 Information InetPhp: maps.txt: Response text follows:
Opening text file maps.txt for replacement
Writing text file maps.txt
Write complete
2026-07-22 00:21:05.008 Information PHP UploadFile: Success
2026-07-22 00:21:05.008 Information UploadFile: Starting utils/systeminfoTable.txt => systeminfoTable.txt
2026-07-22 00:21:05.008 Information Upload File values: localfile: utils/systeminfoTable.txt
2026-07-22 00:21:05.008 Information Upload File values: remotefile: systeminfoTable.txt
2026-07-22 00:21:05.008 Information PHP Upload: starting utils/systeminfoTable.txt
2026-07-22 00:21:05.008 Information Incremental = False; filename = systeminfoTable.txt; ext = .txt; HoursInGraph = 72
2026-07-22 00:21:05.041 Information InetPhp: systeminfoTable.txt: Response code = 200: OK
2026-07-22 00:21:05.041 Information InetPhp: systeminfoTable.txt: Response text follows:
Opening text file systeminfoTable.txt for replacement
Writing text file systeminfoTable.txt
Write complete
2026-07-22 00:21:05.041 Information PHP UploadFile: Success
2026-07-22 00:21:05.041 All done, Entering the finally section...; Closing down.
2026-07-22 00:21:05.041 Disposing Isup...
2026-07-22 00:21:05.041 Disposing Sup...
 the finally section...; Closing down.
2026-07-22 00:21:04.994 Disposing Isup...
2026-07-22 00:21:04.994 Disposing Sup...
