2026-07-21 14:51:02.333 Information According to Inifile Info => Error: True, Warning: True, Info: True, Verbose: False, 
2026-07-21 14:51:02.358 CumulusUtils Initial: Shutting down the default listener
2026-07-21 14:51:02.358 Information Cumul2026-07-21 14:51:02.362 CumulusUtils Initial: Shutti2026-07-21 14:51:02.408  CUstrings[xx].ini : CUstringsEN.ini looked for.
2026-07-21 14:51:02.438  CumulusUtils version: 7.1.1 
2026-07-21 14:51:02.439  CuSupport constructor : Unit Wind (m/s, mph2026-07-21 14:51:02.441  CumulusUtils version: 7.1.1 
2026-07-21 14:51:02.441  CuSupport constructor : Unit Wind (m/s, mph, km/h, kts): mph
2026-07-21 14:51:02.441  CuSupp2026-07-21 14:51:02.444  CuSupport constructor : Unit T (C,F): °C
2026-07-21 14:51:02.444  CuSupport constructor : Unit Distance (m, mi, km, kn): mi
2026-07-21 14:51:02.444  CuSupport constructor : Unit Height (m, ft): ft
2026-07-21 14:51:02.464 InetSupport: Constructor starting
2026-07-21 14:51:02.526 CumulusUtils : ----------------------------
2026-07-21 14:51:02.526 CumulusUtils : Entering Main
2026-07-21 14:51:02.536 HelpTexts: starting
2026-07-21 14:51:02.582 Information HelpTexts Contructor: stop
2026-07-21 14:51:02.631 CommandLineArgs : starting
2026-07-21 14:51:02.631  CommandLineArgs : handling arg: sysinfo
2026-07-21 14:51:02.631  CommandLineArgs : handling arg: UserAskedData
2026-07-21 14:51:02.631  CommandLineArgs : handling arg: UserReports
2026-07-21 14:51:02.631 Dayfile: Reading the dayfile.txt...
2026-07-21 14:51:02.719 Information CumulusUtils : Read dayfile.txt succesfully - 929 records
2026-07-21 14:51:02.743 Information SystemStatus : starting
2026-07-21 14:51:02.776 Information GetUrlData Start: URL - http://localhost:8998/api/tags/process.json?version&build&ProgramUpTime&NewBuildAvailable&NewBuildNumber&CpuCount&CPUTemp 
2026-07-21 14:51:03.200 CumulusMX Version: 4.5.2 build 4105
2026-07-21 14:51:03.203 Information  SystemStatus: Found device 12 GW1000/Ecowitt Local API
2026-07-21 14:51:03.208 Information ReplaceWebtagsPostAsync start:
2026-07-21 14:51:03.210 Information  PostUrlData Start:2026-07-21 14:51:03.212 Information ReplaceWebtagsPostAsync start:
2026-07-21 14:51:03.215 Information  PostUrl2026-07-21 14:51:03.270 Information PostUrlData success response : OK - OK
2026-07-21 14:51:03.278 SystemStatus : DoingUnix
2026-07-21 14:51:03.280 Information SystemStatus : DoingUnix Start
2026-07-21 14:51:03.286 Information StartProcess cat /etc/os-release
2026-07-21 14:51:03.302 Information StartProcess cat: output=PRETTY_NAME="Debian GNU/Linux 12 (bookworm)"
2026-07-21 14:51:03.302 Information StartProcess cat: output=NAME="Debian GNU/Linux"
2026-07-21 14:51:03.302 Information StartProcess cat: output=VERSION_ID="12"
2026-07-21 14:51:03.302 Information StartProcess cat: output=VERSION="12 (bookworm)"
2026-07-21 14:51:03.302 Information StartProcess cat: output=VERSION_CODENAME=bookworm
2026-07-21 14:51:03.302 Information StartProcess cat: output=ID=debian
2026-07-21 14:51:03.302 Information StartProcess cat: output=HOME_URL="https://www.debian.org/"
2026-07-21 14:51:03.302 Information StartProcess cat: output=SUPPORT_URL="https://www.debian.org/support"
2026-07-21 14:51:03.302 Information StartProcess cat: output=BUG_REPORT_URL="https://bugs.debian.org/"
2026-07-21 14:51:03.303 Information Found Linux NAME: PRETTY_NAME="Debian GNU/Linux 12 (bookworm)"
2026-07-21 14:51:03.306 Information Using Linux dialect: Debian
2026-07-21 14:51:03.306 Information StartProcess uptime -p
2026-07-21 14:51:03.315 Information StartProcess uptime: output=up 3 weeks, 3 days, 19 hours, 17 minutes
2026-07-21 14:51:03.316 Information StartProcess lshw -quiet -class system
2026-07-21 14:51:03.318 Error System/Processor: Unknown (exception) - An error occurred trying to start process 'lshw' with working directory '/opt/CumulusMX'. No such file or directory
2026-07-21 14:51:03.318 Please install lshw (apt-get install lshw)
2026-07-21 14:51:03.318 Information StartProcess uname -s -r -m
2026-07-21 14:51:03.321 Information StartProcess uname: output=Linux 6.1.0-23-amd64 x86_64
2026-07-21 14:51:03.322 Information StartProcess lsb_release -a
2026-07-21 14:51:03.353 Information StartProcess lsb_release: output=Distributor ID:	Debian
2026-07-21 14:51:03.353 Information StartProcess lsb_release: output=Description:	Debian GNU/Linux 12 (bookworm)
2026-07-21 14:51:03.353 Information StartProcess lsb_release: output=Release:	12
2026-07-21 14:51:03.353 Information StartProcess lsb_release: output=Codename:	bookworm
2026-07-21 14:51:03.353 Information StartProcess dotnet --list-runtimes
2026-07-21 14:51:03.359 Information StartProcess dotnet: output=Microsoft.NETCore.App 8.0.8 [/usr/share/dotnet/shared/Microsoft.NETCore.App]
2026-07-21 14:51:03.361 Information StartProcess free -m
2026-07-21 14:51:03.366 Information StartProcess free: output=               total        used        free      shared  buff/cache   available
2026-07-21 14:51:03.366 Information StartProcess free: output=Mem:             960         373         416          32         349         587
2026-07-21 14:51:03.366 Information StartProcess free: output=Swap:            974          76         898
2026-07-21 14:51:03.368 Information StartProcess df -T -text4 -tvfat -h
2026-07-21 14:51:03.377 Information StartProcess df: output=Filesystem     Type  Size  Used Avail Use% Mounted on
2026-07-21 14:51:03.377 Information StartProcess df: output=/dev/sda1      ext4   31G  7.6G   22G  27% /
2026-07-21 14:51:03.381 USerReports: Starting
2026-07-21 14:51:03.391 Information MapsOn: Starting
2026-07-21 14:51:03.399 Information  MapsOn: Adding Station: Westlands
2026-07-21 14:51:03.418 Information MapsOn: Before testing DoneToday after parsing: 21/07/2026 10:31:03 
2026-07-21 14:51:03.419 Information DateIsToday for thisDate: 21/07/2026 10:31:03 | thisDate.DayOfYear: 202 versus Now.DayOfYear: 202)
2026-07-21 14:51:03.431 Information DateIsToday: thisSpan: 04:20:00.4190500 | thisSpan.TotalDays = 0.1805604056712963
2026-07-21 14:51:03.431 Information MapsOn: Must NOT send signature, has been done already : 2026-07-21T10:31:03
2026-07-21 14:51:03.432 Information Fetch Map: Fetching the generated map
2026-07-21 14:51:03.432 Information GetUrlData Start: URL - https://meteo-wagenborgen.nl/maps.txt 
2026-07-21 14:51:04.332 Information Main: <!--
 This file is generated as part of CumulusUti
2026-07-21 14:51:04.338 Inform2026-07-21 14:51:04.350 Information Main: <!--
 This file is generated as part of CumulusUti
2026-07-21 14:51:2026-07-21 14:51:04.368 Information CustomLogs constructor: starting
2026-07-21 14:51:04.387 Information CustomLogs WebtagInfo constructor: number of defined Webtag Units: 400, everything OK. 2026-07-21 14:51:04.398 Information CustomLogs WebtagInfo construct2026-07-21 14:51:04.413 DefineUsercharts: Parsing User charts definitions - starting
2026-07-21 14:51:04.413 Information Pa2026-07-21 14:51:04.423 DefineUsercharts: Parsin2026-07-21 14:51:04.432 Information Parsing User Charts Definitions : Chart Temperature'
2026-07-21 14:51:04.432 Informatio2026-07-21 14:51:04.445 Information Parsing User Charts Definitions : Chart Temperature'
2026-07-21 14:51:04.445 Information Parsing User Charts Definitions : Chart Wind'
2026-07-21 14:51:04.445 Information Parsing User Charts Definitions : Chart WindDirection'
2026-07-21 14:51:04.445 Information Parsing User Charts Definitions : Chart Rain'
2026-07-21 14:51:04.445 Information Parsing User Charts Definitions : Chart Humidity'
2026-07-21 14:51:04.445 Information Parsing User Charts Definitions : Chart Solar'
2026-07-21 14:51:04.445 Information Parsing User Charts Definitions : Chart DailyTemp'
2026-07-21 14:51:04.445 Information Parsing User Charts Definitions : Chart Dail2026-07-21 14:51:04.457 Generating Compiler UserAskedData: Starting
2026-07-21 14:51:04.459 Information GenerateUserAskedDa2026-07-21 14:51:04.469 Generating Compiler UserAskedData: Starting
2026-07-21 14:51:04.470 Information GenerateUserAskedData: timeStart = 21/07/2026 14:42:00; timeEnd = 21/07/2026 14:51:00
2026-07-21 14:51:04.471 Mont2026-07-21 14:51:04.475 Information ReadPartialMonthlyLogs: readi2026-07-21 14:51:2026-07-21 14:51:04.779 Information ReadMonthlyLogs: End
2026-07-21 14:51:04.797 Information Generate UserAskedData: DoneToday = 20/07/2026 19:01:04.
2026-07-21 14:51:04.797 Inform2026-07-21 14:51:04.810 Information Generate UserAskedData: DoneToday = 20/07/2026 19:01:04.
2026-07-21 14:51:04.810 Information DateIsToday for thisDate: 20/07/2026 19:01:04 | thisDate.DayOfYear: 201 versus Now.DayOfYear: 202)
2026-07-21 14:51:04.810 Information DateIsToday: thisSpan: 19:50:00.8101411 | thisSpan.TotalDays = 0.8263982655219907
2026-07-21 14:51:04.810 Information Generate UserAskedData: Must NOT generate the ALL Range.
2026-07-21 14:51:04.810 Information Generate UserAskedData - Loop over Chart: Overview)
2026-07-21 14:51:04.811 Information Generate UserAskedData - Testing temp into tempdata.json (Range is Recent)
2026-07-21 14:51:04.811 Information Generate UserAskedData - Testing dew into tempdata.json (Range is Recent)
2026-07-21 14:51:04.811 Information Generate UserAskedData - Testing press into pressdata.json (Range is Recent)
2026-07-21 14:51:04.811 Information Generate UserAskedData - Testing hum into humdata.json (Range is Recent)
2026-07-21 14:51:04.811 Information Generate UserAskedData - Testing SolarRad into solardata.json (Range is Recent)
2026-07-21 14:51:04.811 Information Generate UserAskedData - Testing rfall into raindata.json (Range is Recent)
2026-07-21 14:51:04.811 Information Generate UserAskedData - Loop over Chart: Temperature)
2026-07-21 14:51:04.811 Information Generate UserAskedData - Testing intemp into tempdata.json (Range is Recent)
2026-07-21 14:51:04.811 Information Generate UserAskedData - Testing temp into tempdata.json (Range is Recent)
2026-07-21 14:51:04.811 Information Generate UserAskedData - Testing feelslike into tempdata.json (Range is Recent)
2026-07-21 14:51:04.811 Information Generate UserAskedData - Testing dew into tempdata.json (Range is Recent)
2026-07-21 14:51:04.811 Information Generate UserAskedData - Loop over Chart: Wind)
2026-07-21 14:51:04.811 Information Generate UserAskedData - Testing wgust into winddata.json (Range is Recent)
2026-07-21 14:51:04.811 Information Generate UserAskedData - Testing wspeed into winddata.json (Range is Recent)
2026-07-21 14:51:04.811 Information Generate UserAskedData - Loop over Chart: WindDirection)
2026-07-21 14:51:04.811 Information Generate UserAskedData - Testing bearing into wdirdata.json (Range is Recent)
2026-07-21 14:51:04.811 Information Generate UserAskedData - Testing avgbearing into wdirdata.json (Range is Recent)
2026-07-21 14:51:04.811 Information Generate UserAskedData - Loop over Chart: Rain)
2026-07-21 14:51:04.811 Information Generate UserAskedData - Testing rfall into raindata.json (Range is Recent)
2026-07-21 14:51:04.811 Information Generate UserAskedData - Testing rrate into raindata.json (Range is Recent)
2026-07-21 14:51:04.811 Information Generate UserAskedData - Loop over Chart: Humidity)
2026-07-21 14:51:04.811 Information Generate UserAskedData - Testing hum into humdata.json (Range is Recent)
2026-07-21 14:51:04.811 Information Generate UserAskedData - Testing inhum into humdata.json (Range is Recent)
2026-07-21 14:51:04.811 Information Generate UserAskedData - Loop over Chart: Solar)
2026-07-21 14:51:04.811 Information Generate UserAskedData - Testing UV into solardata.json (Range is Recent)
2026-07-21 14:51:04.811 Information Generate UserAskedData - Testing SolarRad into solardata.json (Range is Recent)
2026-07-21 14:51:04.811 Information Generate UserAskedData - Testing CurrentSolarMax into solardata.json (Range is Recent)
2026-07-21 14:51:04.811 Information Generate UserAskedData - Loop over Chart: DailyTemp)
2026-07-21 14:51:04.811 Information Generate UserAskedData - Testing avgTemp into alldailytempdata.json (Range is Daily)
2026-07-21 14:51:04.811 Information Generate UserAskedData - Testing avgTemp into alldailytempdata.json (Range is Daily)
2026-07-21 14:51:04.811 Information Generate UserAskedData - Loop over Chart: DailyPressure)
2026-07-21 14:51:04.811 Information Generate UserAskedData - Testing minBaro into alldailypressdata.json (Range is Daily)
2026-07-21 14:51:04.811 Information Generate UserAskedData - Testing  into  (Range is Daily)
2026-07-21 14:512026-07-21 14:51:04.812 Testing PHP upload compression on https://jpickles.com/cutils/upload.php
2026-07-21 14:51:04.935 Information PHP upload does not support compression
2026-07-21 14:51:04.935 Information UploadFile:2026-07-21 14:51:04.954 Information PHP upload does not support compression
2026-07-21 14:51:04.954 Information UploadFile: Starting utils/maps.txt => maps.txt
2026-07-21 14:51:04.954 Information Upload File values: localfile: utils/maps.txt
2026-07-21 14:51:04.954 Information Upload File values: remotefile: maps.txt
2026-07-21 14:51:04.958 Information PHP Upload: starting 2026-07-21 14:51:05.025 Information InetPhp: maps.txt: Response code = 200: OK
2026-07-21 14:51:05.025 Information InetPhp:2026-07-21 14:51:05.039 Information InetPhp: maps.txt: Response code = 200: OK
2026-07-21 14:51:05.039 Information InetPhp: maps.txt: Response text follows:
Opening text file maps.txt for replacement
Writing text file maps.txt
Write complete
2026-07-21 14:51:05.039 Information PHP UploadFile: Success
2026-07-21 14:51:05.040 Information UploadFile: Starting utils/systeminfoTable.txt => systeminfoTable.txt
2026-07-21 14:51:05.040 Information Upload File values: localfile: utils/systeminfoTable.txt
2026-07-21 14:51:05.040 Information Upload File values: remotefile: systeminfoTable.txt
2026-07-21 14:51:05.040 Information PHP Upload: starting utils/systeminfoTable.2026-07-21 14:51:05.057 Information InetPhp: systeminfoTable.txt: Response code = 200: OK
2026-07-21 14:51:05.057 Informati2026-07-21 14:51:05.078 Information InetPhp: systeminfoTable.txt: Response code = 200: OK
2026-07-21 14:51:05.078 Information InetPhp: systeminfoTable.txt: Response text follows:
Opening text file systeminfoTable.txt for replacement
Writing text file systeminfoTable.txt
Write complete
2026-07-21 14:51:05.078 Information PHP UploadFile: Success
2026-07-21 14:51:05.078 All done, Entering the finally section...; Closing down.
2026-07-21 14:51:05.078 Disposing Isup...
2026-07-21 14:51:05.079 Disposing Sup...
