2026-07-22 08:41:02.068 Information According to Inifile Info => Error: True, Warning: True, Info: True, Verbose: False, 
2026-07-22 08:41:02.091 CumulusUtils Initial: Shutting down the default listener
2026-07-22 08:41:02.091 Information Cumul2026-07-22 08:41:02.090 CumulusUtils Initial: Shutti2026-07-22 08:41:02.146  CUstrings[xx].ini : CUstringsEN.ini looked for.
2026-07-22 08:41:02.169  CumulusUtils version: 7.1.1 
2026-07-22 08:41:02.169  CuSupport constructor : Unit Wind (m/s, mph2026-07-22 08:41:02.173  CumulusUtils version: 7.1.1 
2026-07-22 08:41:02.173  CuSupport constructor : Unit Wind (m/s, mph, km/h, kts): mph
2026-07-22 08:41:02.173  CuSupport constructor : Unit Pressure (mb,hPa,inHg): hPa
2026-07-22 08:41:02.174  CuSupport constructor : Unit Rain (mm,in): mm
2026-07-22 08:41:02.176  CuSupport constructor : Unit T (C,F): °C
2026-07-22 08:41:02.177  CuSupport2026-07-22 08:41:02.190 InetSupport: Constructor starting
2026-07-22 08:41:02.251 CumulusUtils : ----------------------------
2026-07-22 08:41:02.251 CumulusUtils : Entering Main
2026-07-22 08:41:02.259 HelpTexts: starting
2026-07-22 08:41:02.300 Information HelpTexts Contructor: stop
2026-07-22 08:41:02.351 CommandLineArgs : starting
2026-07-22 08:41:02.351  CommandLineArgs : handling arg: sysinfo
2026-02026-07-22 08:41:02.357 CommandLineArgs : starting
2026-07-22 08:41:02.357  CommandLineArgs : handling arg: sysinfo
2026-07-22 08:41:02.357  CommandLineArgs : handling arg: UserAskedData
2026-072026-07-22 08:41:02.434 Information CumulusUtils : Read dayfile.txt succesfully - 930 records
2026-07-22 08:41:02.458 Information SystemStatus : starting
2026-07-22 08:41:02.489 Information GetUrlData Start: URL - http://localhost:8998/api/tags/process.json?version&build&Prog2026-07-22 08:41:02.496 Information GetUrlData Start: URL - h2026-07-22 08:41:02.891 CumulusMX Version: 4.5.2 build 4105
2026-07-22 08:41:02.899 Information  SystemStatus: Found device 12 GW1000/Ecowitt Local API
2026-07-22 08:41:02.900 Inform2026-07-22 08:41:02.907 Information  SystemStatus: Found device 12 GW1000/Ecowitt Local API
2026-07-22 08:41:02.908 Information ReplaceWebtagsPostAsync start:
2026-07-22 08:41:02.916 Information  PostUrl2026-07-22 08:41:02.956 Information PostUrlData success response : OK - OK
2026-07-22 08:41:02.959 SystemStatus : DoingUni2026-07-22 08:41:02.965 Information PostUrlData success response : OK2026-07-22 08:41:02.974 Information StartProcess cat /etc/os-release
2026-07-22 08:41:02.987 Information StartProcess cat: output=PRETTY_NAME="Debian GNU/Linux 12 (bookworm)"
2026-07-22 08:412026-07-22 08:41:02.997 Information StartProcess cat: output=PRETTY_NAME="Debian GNU/Linux 12 (bookworm)"
2026-07-22 08:41:02.997 Information StartProcess cat: output=NAME="Debian GNU/Linux"
2026-07-22 08:41:02.997 Information StartProcess cat: output=VERSION_ID="12"
2026-07-22 08:41:02.997 Information StartProcess cat: output=VERSION="12 (bookworm)"
2026-07-22 08:41:02.997 Information StartProcess cat: output=VERSION_CODENAME=bookworm
2026-07-22 08:41:02.997 Information StartProcess cat: output=ID=debian
2026-07-22 08:41:02.997 Information StartProcess cat: output=HOME_URL="https://www.debian.org/"
2026-07-22 08:41:02.997 Information StartProcess cat: output=SUPPORT_URL="https://www.debian.org/support"
2026-07-22 08:41:02.997 Information StartProcess cat: output=BUG_REPORT_URL="https://bugs.debian.org/"
2026-07-22 08:41:02.997 Information Found Linux NAME: PRETTY_NAME="Debian GNU/Linux 12 (bookworm)"
2026-07-22 08:41:02.998 Information Using Linux dialect: Debian
2026-07-22 08:41:02.998 Information Start2026-07-22 08:41:02026-07-22 08:41:03.004 Information StartProcess uptime: output=up 3 weeks, 4 days, 13 hours, 7 minutes
2026-07-22 08:41:03.005 Information StartProcess lshw -quiet -class system
2026-07-22 08:41:03.007 Error System/Processor: Unknown (exception) - An error occurred trying to start process 'lshw' with working directory '/opt/CumulusMX'. No such file or directory
2026-07-22026-07-22 08:41:03.009 Information StartProcess uname: output=Linux 6.1.0-23-amd64 x86_64
2026-07-22 08:41:03.009 Informa2026-07-22 08:41:03.011 Informati2026-07-22 08:41:03.036 Information StartProcess lsb_release: output=Distributor ID:	Debian
2026-07-22 08:41:03.036 Inform2026-07-22 08:41:03.042 Information StartProcess lsb_release: output=Distributor ID:	Debian
2026-07-22 08:41:03.042 Information StartProcess lsb_release: output=Description:	Debian GNU/Linux 12 (bookworm)
2026-07-22 08:41:03.042 Information StartProcess lsb_release: output=Release:	12
2026-07-22 08:41:03.042 Information St2026-07-22 08:41:03.044 Information StartProcess dotnet: output=Microsoft.NETCore.App 8.0.8 [/usr/share/dotnet/shared/Micr2026-07-22 08:41:03.047 Information StartProcess dotnet: output=Microsoft.NE2026-07-22 08:41:03.050 Information StartProcess free: output=   2026-07-22 08:41:03.051 Information StartProcess free -m
2026-07-22 08:41:03.054 Information StartProcess free: output=               total        used        free      shared  buff/cache   available
2026-07-22 08:41:03.054 Information StartProcess free: output=Mem:             960         366         464          31         300         594
2026-07-22 08:41:03.054 Information StartProcess free: ou2026-07-22 08:41:03.055 Information StartProcess d2026-07-22 08:41:03.056 Information StartProcess df -T -text4 -tvfat -h
2026-07-22 08:41:03.066 Information StartProcess df: output=Filesystem     Type  Size  Used Avail Use% Mounted on
2026-07-22 08:41:03.066 Infor2026-07-22 08:41:03.073 Information MapsOn: Starting
2026-07-22 08:41:03.078 Information  MapsOn: Adding Station: Westland202026-07-22 08:41:03.097 Information MapsOn: Before testing DoneToday after parsing: 21/07/2026 10:31:03 
2026-07-22 08:41:2026-07-22 08:41:03.103 Information MapsOn: Before testing DoneToday after parsing: 21/07/2026 10:31:03 
2026-07-22 082026-07-22 08:41:03.112 Information DateIsToday: thisSpan: 22:10:00.0977486 | thisSpan.TotalDays = 0.9236122424606481
20262026-07-22 08:41:03.116 Information DateIsToday: thisSpan: 22:10:00.1038351 | thisSpan.TotalDays = 0.92361231290625
2026-07-22 08:41:03.117 Information MapsOn: Must NOT send signature, has been done already : 2026-07-21T10:31:03
2026-07-22 08:41:03.117 Information Fetch Map: Fetchi2026-07-22 08:41:04.100 Information Main: <!--
 This file is generated as part of CumulusUti
2026-07-22 08:41:04.101 Inf2026-07-22 08:41:04.113 Information Main: <!--
 This file is generated as part of CumulusUti
2026-07-22 08:41:04.2026-07-22 08:41:04.133 Information CustomLogs constructor: starting
2026-07-22 08:41:04.156 Information CustomLogs WebtagInfo constructor: number of defined Webtag Units: 400, everything O2026-07-22 08:41:04.169 Information CustomLogs WebtagInfo constructor:2026-07-22 08:41:04.181 DefineUsercharts: Parsing User charts definitions - starting
2026-07-22 08:41:04.181 Information2026-07-22 08:41:04.195 DefineUsercharts: Parsing U2026-07-22 08:41:04.198 Information Parsing User Charts Definitions : Chart Temperature'
2026-07-22 08:41:04.198 Informa2026-07-22 08:41:04.216 Information Parsing User Charts Definitions : Chart Temperature'
2026-07-22 08:41:04.217 Information Parsing User Charts Definitions : Chart Wind'
2026-07-22 08:41:04.217 Information Parsing User Charts Definitions : Chart WindDirection'
2026-07-22 08:41:04.217 Information Parsing User Charts Definitions : Chart Rain'
2026-07-22 08:41:04.217 Information Parsing User Charts Definitions : Chart Humidity'
2026-07-22 08:41:04.218 Information Parsing User Charts Definitions : Chart Solar'
2026-07-22 08:41:04.218 Information Parsing User Charts Definitions : Chart DailyTemp'
2026-07-22 08:41:04.218 Information Parsing User Charts Definitions : Chart DailyPr2026-07-22 08:41:04.227 Generating Compiler UserAskedData: Starting
2026-07-22 08:41:04.233 Information GenerateUserAske2026-07-22 08:41:04.242 Generating Compiler UserAskedData: Starting
2026-07-22 08:41:04.243 Information GenerateUserAskedData: timeStart = 22/07/2026 08:32:00; timeEnd = 22/07/2026 08:41:00
2026-07-22 08:41:04.244 Monthfi2026-07-22 08:41:04.248 Information ReadPartialMonthlyLogs: reading 202607log.txt
2026-07-22 08:41:04.249 Information Us2026-07-22 08:41:04.260 Information ReadPartialMonthlyLogs: reading 202607log.txt
2026-07-22 08:41:04.486 Information ReadMonthlyLogs: End
2026-07-22 08:41:04.493 Information Generate UserAskedData: DoneToday = 21/07/2026 19:11:04.
2026-07-22 08:41:04.493 Information DateIsToday for thisDate: 21/07/2026 19:11:04 | thisDate.DayOfYear: 202 versus Now.DayOfYear: 203)
2026-07-22 08:41:04.493 Information DateIsToday: thisSpan: 13:30:00.4932269 | thisSpan.TotalDays = 0.562505708644676
2026-07-22 08:41:04.493 Information Generate UserAskedData: Must NOT generate the ALL Range.
2026-07-22 08:41:04.493 Information Generate UserAskedData - Loop over Chart: Overview)
2026-07-22 08:41:04.494 Information Generate UserAskedData - Testing temp into tempdata.json (Range is Recent)
2026-07-22 08:41:04.494 Information Generate UserAskedData - Testing dew into tempdata.json (Range is Recent)
2026-07-22 08:41:04.494 Information Generate UserAskedData - Testing press into pressdata.json (Range is Recent)
2026-07-22 08:41:04.494 Information Generate UserAskedData - Testing hum into humdata.json (Range is Recent)
2026-07-22 08:41:04.494 Information Generate UserAskedData - Testing SolarRad into solardata.json (Range is Recent)
2026-07-22 08:41:04.494 Information Generate UserAskedData - Testing rfall into raindata.json (Range is Recent)
2026-07-22 08:41:04.494 Information Generate UserAskedData - Loop over Chart: Temperature)
2026-07-22 08:41:04.494 Information Generate UserAskedData - Testing intemp into tempdata.json (Range is Recent)
2026-07-22 08:41:04.494 Information Generate UserAskedData - Testing temp into tempdata.json (Range is Recent)
2026-07-22 08:41:04.494 Information Generate UserAskedData - Testing feelslike into tempdata.json (Range is Recent)
2026-07-22 08:41:04.494 Information Generate UserAskedData - Testing d2026-07-22 08:41:04.517 Information InetPhp: systeminfoTable.txt: Response code = 200: OK
2026-07-22 08:41:04.517 Information InetPhp: systeminfoTable.txt: Response text follows:
Opening text file systeminfoTable.txt for replacement
Writing text file systeminfoTable.txt
Write complete
2026-07-22 08:41:04.517 Information PHP UploadFile: Success
2026-07-22 08:41:04.518 All done, Entering the finally section...; Closing down.
2026-07-22 08:41:04.518 Disposing Isup...
2026-07-22 08:41:04.518 Disposing Sup...
 bearing into wdirdata.json (Range is Recent)
2026-07-22 08:41:04.494 Information Generate UserAskedData - Testing avgbearing into wdirdata.json (Range is Recent)
2026-07-22 08:41:04.494 Information Generate UserAskedData - Loop over Chart: Rain)
2026-07-22 08:41:04.494 Information Generate UserAskedData - Testing rfall into raindata.json (Range is Recent)
2026-07-22 08:41:04.494 Information Generate UserAskedData - Testing rrate into raindata.json (Range is Recent)
2026-07-22 08:41:04.494 Information Generate UserAskedData - Loop over Chart: Humidity)
2026-07-22 08:41:04.494 Information Generate UserAskedData - Testing hum into humdata.json (Range is Recent)
2026-07-22 08:41:04.494 Information Generate UserAskedData - Testing inhum into humdata.json (Range is Recent)
2026-07-22 08:41:04.494 Information Generate UserAskedData - Loop over Chart: Solar)
2026-07-22 08:41:04.494 Information Generate UserAskedData - Testing UV into solardata.json (Range is Recent)
2026-07-22 08:41:04.494 Information Generate UserAskedData - Testing SolarRad into solardata.json (Range is Recent)
2026-07-22 08:41:04.494 Information Generate UserAskedData - Testing CurrentSolarMax into solardata.json (Range is Recent)
2026-07-22 08:41:04.494 Information Generate UserAskedData - Loop over Chart: DailyTemp)
2026-07-22 08:41:04.494 Information Generate UserAskedData - Testing avgTemp into alldailytempdata.json (Range is Daily)
2026-07-22 08:41:04.494 Information Generate UserAskedData - Testing avgTemp into alldailytempdata.json (Range is Daily)
2026-07-22 08:41:04.494 Information Generate UserAskedData - Loop over Chart: DailyPressure)
2026-07-22 08:41:04.494 Information Generate UserAskedData - Testing minBaro into alldailypressdata.json (Range is Daily)
2026-07-22 08:41:04.494 Information Generate UserAskedData - Testing  into  (Range is Daily)
2026-07-22 08:41:04.494 Information DoAirLink / AirQualitySensor  = False / False
2026-07-22 08:41:04.496 Information Uploading = maps.txt
2026-07-22 08:41:04.501 Testing PHP upload compression on https://jpickles.com/cutils/upload.php
2026-07-22 08:41:04.627 Information PHP upload does not support compression
2026-07-22 08:41:04.628 Information UploadFile: Starting utils/maps.txt => maps.txt
2026-07-22 08:41:04.628 Information Upload File values: localfile: utils/maps.txt
2026-07-22 08:41:04.628 Information Upload File values: remotefile: maps.txt
2026-07-22 08:41:04.632 Information PHP Upload: starting utils/maps.txt
2026-07-22 08:41:04.636 Information Incremental = False; filename = maps.txt; ext = .txt; HoursInGraph = 72
2026-07-22 08:41:04.716 Information InetPhp: maps.txt: Response code = 200: OK
2026-07-22 08:41:04.716 Information InetPhp: maps.txt: Response text follows:
Opening text file maps.txt for replacement
Writing text file maps.txt
Write complete
2026-07-22 08:41:04.716 Information PHP UploadFile: Success
2026-07-22 08:41:04.716 Information UploadFile: Starting utils/systeminfoTable.txt => systeminfoTable.txt
2026-07-22 08:41:04.716 Information Upload File values: localfile: utils/systeminfoTable.txt
2026-07-22 08:41:04.716 Information Upload File values: remotefile: systeminfoTable.txt
2026-07-22 08:41:04.716 Information PHP Upload: starting utils/systeminfoTable.txt
2026-07-22 08:41:04.717 Information Incremental = False; filename = systeminfoTable.txt; ext = .txt; HoursInGraph = 72
2026-07-22 08:41:04.748 Information InetPhp: systeminfoTable.txt: Response code = 200: OK
2026-07-22 08:41:04.748 Information InetPhp: systeminfoTable.txt: Response text follows:
Opening text file systeminfoTable.txt for replacement
Writing text file systeminfoTable.txt
Write complete
2026-07-22 08:41:04.748 Information PHP UploadFile: Success
2026-07-22 08:41:04.748 All done, Entering the finally section...; Closing down.
2026-07-22 08:41:04.748 Disposing Isup...
2026-07-22 08:41:04.748 Disposing Sup...
