2026-07-21 08:31:01.442 Information According to Inifile Info => Error: True, Warning: True, Info: True, Verbose: False, 
2026-07-21 08:31:01.466 CumulusUtils Initial: Shutting down the default listener
2026-07-21 08:31:01.466 Information Cumul2026-07-21 08:31:01.469 CumulusUtils Initial: Shutti2026-07-21 08:31:01.522  CUstrings[xx].ini : CUstringsEN.ini looked for.
2026-07-21 08:31:01.546  CumulusUtils version: 7.1.1 
2026-07-21 08:31:01.546  CuSupport constructor : Unit Wind (m/s, mph2026-07-21 08:31:01.549  CumulusUtils version: 7.1.1 
2026-07-21 08:31:01.550  CuSupport constructor : Unit Wind (m/s, mph, km/h, kts): mph
2026-07-21 08:31:01.550  CuSupport constructor : Unit Pressure (mb,hPa,inHg): hPa
2026-07-21 08:31:01.550  CuSupport constructor : Unit Rain (mm,in): mm
2026-07-21 08:31:01.551  CuSupport constructor : Unit T (C,F): °C
2026-07-21 08:31:01.551  CuSupport2026-07-21 08:31:01.563 InetSupport: Constructor starting
2026-07-21 08:31:01.627 CumulusUtils : ----------------------------
2026-07-21 08:31:01.627 CumulusUtils : Entering Main
2026-07-21 08:31:01.639 HelpTexts: starting
2026-07-21 08:31:01.680 Information HelpTexts Contructor: stop
2026-07-21 08:31:01.736 CommandLineArgs : starting
2026-07-21 08:31:01.736  CommandLineArgs : handling arg: sysinfo
2026-07-21 08:31:01.736  CommandLineArgs : handling arg: UserAskedData
2026-07-21 08:31:01.736  CommandLineArgs : handling arg: UserReports
2026-07-21 08:31:01.737 Dayfile: Reading the dayfile.txt...
2026-07-21 08:31:01.820 Information CumulusUtils : Read dayfile.txt succesfully - 929 records
2026-07-21 08:31:01.847 Information SystemStatus : starting
2026-07-21 08:31:01.880 Information GetUrlData Start: URL - http://localhost:8998/api/tags/process.json?version&build&ProgramUpTime&NewBuildAvailable&NewBuildNumber&CpuCount&CPUTemp 
2026-07-21 08:31:02.303 CumulusMX Version: 4.5.2 build 4105
2026-07-21 08:31:02.311 Information  SystemStatus: Found device 12 GW1000/Ecowitt Local API
2026-07-21 08:31:02.312 Information ReplaceWebtagsPostAsync start:
2026-07-21 08:31:02.317 Information  PostUrlData Start: http://localhost:8998/api/tags/process.txt 
2026-07-21 08:31:02.317 Information PostUrlData Calling PostAsync
2026-07-21 08:31:02.362 Information PostUrlData success response : OK - OK
2026-07-21 08:31:02.365 SystemStatus : DoingUnix
2026-07-21 08:31:02.367 Information SystemStatus : DoingUnix Start
2026-07-21 08:31:02.374 Information StartProcess cat /etc/os-release
2026-07-21 08:31:02.385 Information StartProcess cat: output=PRETTY_NAME="Debian GNU/Linux 12 (bookworm)"
2026-07-21 08:312026-07-21 08:31:02.391 Information StartProcess cat: output=PRETTY_NAME="Debian GNU/Linux 12 (bookworm)"
2026-07-21 08:31:02.391 Information StartProcess cat: output=NAME="Debian GNU/Linux"
2026-07-21 08:31:02.391 Information StartProcess cat: output=VERSION_ID="12"
2026-07-21 08:31:02.391 Information StartProcess cat: output=VERSION="12 (bookworm)"
2026-07-21 08:31:02.391 Information StartProcess cat: output=VERSION_CODENAME=bookworm
2026-07-21 08:31:02.391 Information StartProcess cat: output=ID=debian
2026-07-21 08:31:02.391 Information StartProcess cat: output=HOME_URL="https://www.debian.org/"
2026-07-21 08:31:02.391 Information StartProcess cat: output=SUPPORT_URL="https://www.debian.org/support"
2026-07-21 08:31:02.391 Information StartProcess cat: output=BUG_REPORT_URL="https://bugs.debian.org/"
2026-07-21 08:31:02.392 Information Found Linux NAME: PRETTY_NAME="Debian GNU/Linux 12 (bookworm)"
22026-07-21 08:31:02.397 Information StartProcess uptime: output=up 3 weeks, 3 days, 12 hours, 57 minutes
2026-07-21 08:31:02.401 Information StartProcess lshw -quiet -class system
2026-07-21 08:31:02.403 Error System/Processor:2026-07-21 08:31:02.404 Information StartProcess lshw -quiet -class system
2026-07-21 08:31:02.406 Error System/Processor: Unknown (exception) - An error occurred trying to start process 'lshw' with working directory '/opt/CumulusMX'. No such file or directory
2026-07-22026-07-21 08:31:02.408 Information StartProcess uname: output=Linux 6.1.0-23-amd64 x86_64
2026-07-21 08:31:02.408 Informa2026-07-21 08:31:02.409 Informati2026-07-21 08:31:02.435 Information StartProcess lsb_release: output=Distributor ID:	Debian
2026-07-21 08:31:02.435 Inform2026-07-21 08:31:02.441 Information StartProcess lsb_release: output=Distributor ID:	Debian
2026-07-21 08:31:02.441 Information StartProcess lsb_release: output=Description:	Debian GNU/Linux 12 (bookworm)
2026-07-21 08:31:02.441 Information StartProcess lsb_release: output=Release:	12
2026-07-21 08:31:02.441 Information St2026-07-21 08:31:02.442 Information StartProcess dotnet: output=Microsoft.NETCore.App 8.0.8 [/usr/share/dotnet/shared/Micr2026-07-21 08:31:02.448 Information StartProcess dotnet: output=Microsoft.NE2026-07-21 08:31:02.450 Information StartProcess free: output=               total        used        free      shared  bu2026-07-21 08:31:02.453 Information StartProcess free: output=               total        used        free      shared  buff/cache   available
2026-07-21 08:31:02.453 Information StartProcess free: output=Mem:             960         358         477          30         292         601
2026-07-21 08:31:02.453 Information StartProcess free: ou2026-07-21 08:31:02.454 Information StartProcess d2026-07-21 08:31:02.455 Information StartProcess df -T -text4 -tvfat -h
2026-07-21 08:31:02.462 Information StartProcess df: output=Filesystem     Type  Size  Used Avail Use% Mounted on
2026-07-21 08:31:02.462 Infor2026-07-21 08:31:02.472 Information MapsOn: Starting
2026-07-21 08:31:02.480 Information  MapsOn: Adding Station: Westlands
2026-07-21 08:31:02.497 Information MapsOn: Before testing DoneToday after parsing: 20/07/2026 10:31:03 
2026-07-21 08:31:2026-07-21 08:31:02.502 Information MapsOn: Before testing DoneToday after parsing: 20/07/2026 10:31:03 
2026-07-21 082026-07-21 08:31:02.512 Information DateIsToday: thisSpan: 21:59:59.4976711 | thisSpan.TotalDays = 0.9166608526747685
20262026-07-21 08:31:02.515 Information DateIsToday: thisSpan: 21:59:59.5025263 | thisSpan.TotalDays = 0.9166609088692129
2026-07-21 08:31:02.515 Information MapsOn: Must NOT send signature, has been done already : 2026-07-20T10:31:03
2026-07-21 08:31:02.515 Information Fetch Map: Fetc2026-07-21 08:31:03.490 Information Main: <!--
 This file is generated as part of CumulusUti
2026-07-21 08:31:03.492 Information UserAskedData Starting...
2026-07-21 08:31:03.492 Information UserAskedData Doing the compiler stuff...
2026-07-21 08:31:03.519 Information CustomLogs constructor: starting
2026-07-21 08:31:03.538 Information CustomLogs WebtagInfo constructor: number of defined Webtag Units: 400, everything OK. 
2026-07-21 08:31:03.539 Information Custom Logs constructor: stop
2026-07-21 08:31:03.568 DefineUsercharts: Parsing User charts definitions - starting
2026-07-21 08:31:03.568 Information Parsing User Charts Definitions : Chart Overview'
2026-07-21 08:31:03.579 Information Parsing User Charts Definitions : Chart Temperature'
2026-07-21 08:31:03.580 Information Parsing User Charts Definitions : Chart Wind'
2026-07-21 08:31:03.580 Information Parsing User Charts Definitions : Chart WindDirection'
2026-07-21 08:31:03.580 Information Parsing User Charts Definitions : Chart Rain'
2026-07-21 08:31:03.580 Information Parsing User Charts Definitions : Chart Humidity'
2026-07-21 08:31:03.580 Information Parsing User Charts Definitions : Chart Solar'
2026-07-21 08:31:03.580 Information Parsing User Charts Definitions : Chart DailyTemp'
2026-07-21 08:31:03.580 Information Parsing User Charts Definitions : Chart DailyPressure'
2026-07-21 08:31:03.590 Information Parsing User Charts: Evaluating Expression '(MinBarometer+MaxBarometer)/2'.
2026-07-21 08:31:03.609 Generating Compiler UserAskedData: Starting
2026-07-21 08:31:03.610 Information GenerateUserAskedData: timeStart = 21/07/2026 08:22:00; timeEnd = 21/07/2026 08:31:00
2026-07-21 08:31:03.611 Monthfile constructor: Using fixed path: | data/ |; file: | *log.txt
2026-07-21 08:31:03.621 ReadPartialMonthlyLogs: Starting.
2026-07-21 08:31:03.629 Information ReadPartialMonthlyLogs: reading 202607log.txt
2026-07-21 08:31:03.933 Information ReadMonthlyLogs: End
2026-07-21 08:31:03.940 Information Generate UserAskedData: DoneToday = 20/07/2026 19:01:04.
2026-07-21 08:31:03.940 Information DateIsToday for thisDate: 20/07/2026 19:01:04 | thisDate.DayOfYear: 201 versus Now.DayOfYear: 202)
2026-07-21 08:31:03.940 Information DateIsToday: thisSpan: 13:29:59.9402369 | thisSpan.TotalDays = 0.5624993082974536
2026-07-21 08:31:03.940 Information Generate UserAskedData: Must NOT generate the ALL Range.
2026-07-21 08:31:03.940 Information Generate UserAskedData - Loop over Chart: Overview)
2026-07-21 08:31:03.945 Information Generate UserAskedData - Testing temp into tempdata.json (Range is Recent)
2026-07-21 08:31:03.945 Information Generate UserAskedData - Testing dew into tempdata.json (Range is Recent)
2026-07-21 08:31:03.945 Information Generate UserAskedData - Testing press into pressdata.json (Range is Recent)
2026-07-21 08:31:03.945 Information Generate UserAskedData - Testing hum into humdata.json (Range is Recent)
2026-07-21 08:31:03.945 Information Generate UserAskedData - Testing SolarRad into solardata.json (Range is Recent)
2026-07-21 08:31:03.945 Information Generate UserAskedData - Testing rfall into raindata.json (Range is Recent)
2026-07-21 08:31:03.945 Information Generate UserAskedData - Loop over Chart: Temperature)
2026-07-21 08:31:03.945 Information Generate UserAskedData - Testing intemp into tempdata.json (Range is Recent)
2026-07-21 08:31:03.945 Information Generate UserAskedData - Testing temp into tempdata.json (Range is Recent)
2026-07-21 08:31:03.945 Information Generate UserAskedData - Testing feelslike into tempdata.json (Range is Recent)
2026-07-21 08:31:03.945 Information Generate UserAskedData - Testing dew into tempdata.json (Range is Recent)
2026-07-21 08:31:03.945 Information Generate UserAskedData - Loop over Chart: Wind)
2026-07-21 08:31:03.945 Information Generate UserAskedData - Testing wgust into winddata.json (Range is Recent)
2026-07-21 08:31:03.945 Information Generate UserAskedData - Testing wspeed into winddata.json (Range is Recent)
2026-07-21 08:31:03.945 Information Generate UserAskedData - Loop over Chart: WindDirection)
2026-07-21 08:31:03.945 Information Generate UserAskedData - Testing bearing into wdirdata.json (Range is Recent)
2026-07-21 08:31:03.945 Information Generate UserAskedData - Testing avgbearing into wdirdata.json (Range is Recent)
2026-07-21 08:31:03.945 Information Generate UserAskedData - Loop over Chart: Rain)
2026-07-21 08:31:03.945 Information Generate UserAskedData - Testing rfall into raindata.json (Range is Recent)
2026-07-21 08:31:03.945 Information Generate UserAskedData - Testing rrate into raindata.json (Range is Recent)
2026-07-21 08:31:03.945 Information Generate UserAskedData - Loop over Chart: Humidity)
2026-07-21 08:31:03.945 Information Generate UserAskedData - Testing hum into humdata.json (Range is Recent)
2026-07-21 08:31:03.945 Information Generate UserAskedData - Testing inhum into humdata.json (Range is Recent)
2026-07-21 08:31:03.945 Information Generate UserAskedData - Loop over Chart: Solar)
2026-07-21 08:31:03.945 Information Generate UserAskedData - Testing UV into solardata.json (Range is Recent)
2026-07-21 08:31:03.945 Information Generate UserAskedData - Testing SolarRad into solardata.json (Range is Recent)
2026-07-21 08:31:03.945 Information Generate UserAskedData - Testing CurrentSolarMax into solardata.json (Range is Recent)
2026-07-21 08:31:03.945 Information Generate UserAskedData - Loop over Chart: DailyTemp)
2026-07-21 08:31:03.945 Information Generate UserAskedData - Testing avgTemp into alldailytempdata.json (Range is Daily)
2026-07-21 08:31:03.945 Information Generate UserAskedData - Testing avgTemp into alldailytempdata.json (Range is Daily)
2026-07-21 08:31:03.945 Information Generate UserAskedData - Loop over Chart: DailyPressure)
2026-07-21 08:31:03.945 Information Generate UserAskedData - Testing minBaro into alldailypressdata.json (Range is Daily)
2026-07-21 08:31:03.946 Information Generate UserAskedData - Testing  into  (Range is Daily)
2026-07-21 08:31:03.946 Information DoAirLink / AirQualitySensor  = False / False
2026-07-21 08:31:03.946 Information Uploading = maps.txt
2026-07-21 08:31:03.953 Testing PHP upload compression on https://jpickles.com/cutils/upload.php
2026-07-21 08:31:04.092 Information PHP upload does not support compression
2026-07-21 08:31:04.092 Information UploadFile: Starting utils/maps.txt => maps.txt
2026-07-21 08:31:04.092 Information Upload File values: localfile: utils/maps.txt
2026-07-21 08:31:04.092 Information Upload File values: remotefile: maps.txt
2026-07-21 08:31:04.101 Information PHP Upload: starting utils/maps.txt
2026-07-21 08:31:04.102 Information Incremental = False; filename = maps.txt; ext = .txt; HoursInGraph = 72
2026-07-21 08:31:04.190 Information InetPhp: maps.txt: Response code = 200: OK
2026-07-21 08:31:04.190 Information InetPhp2026-07-21 08:31:04.191 Information InetPhp: maps.txt: Response code = 200: OK
2026-07-21 08:31:04.191 Information InetPhp: maps.txt: Response text follows:
Opening text file maps.2026-07-21 08:31:04.192 Information UploadFile: Starting utils/systeminfoTable.txt => systeminfoTable.txt
2026-07-21 08:31:04.193 Information Upload File values: localfile: utils/systeminfoTable.txt
2026-07-21 08:31:04.193 Information Upload File values: remotefile: systeminfoTable.txt
2026-07-21 08:31:04.193 Information PHP Upload: starting utils/systeminfoTable.txt
2026-07-21 08:31:04.193 Information Incremental = False; filename = systeminfoTable.txt; ext = .txt; HoursInGraph = 72
2026-07-21 08:31:04.230 Information InetPhp: systeminfoTable.txt: Response code = 200: OK
2026-07-21 08:31:04.230 Information InetPhp: systeminfoTable.txt: Response text follows:
Opening text file systeminfoTable.txt for replacement
Writing text file systeminfoTable.txt
Write complete
2026-07-21 08:31:04.230 Information PHP UploadFile: Success
2026-07-21 08:31:04.230 All done, Entering the finally section...; Closing down.
2026-07-21 08:31:04.230 Disposing Isup...
2026-07-21 08:31:04.231 Disposing Sup...
 the finally section...; Closing down.
2026-07-21 08:31:04.224 Disposing Isup...
2026-07-21 08:31:04.225 Disposing Sup...
