2026-07-21 01:05:01.549 Information According to Inifile Info => Error: True, Warning: True, Info: True, Verbose: False, 
2026-07-21 01:05:01.580 CumulusUtils Initial: Shutting down the default listener
2026-07-21 01:05:01.581 Information Cumul2026-07-21 01:05:01.579 CumulusUtils Initial: Shutti2026-07-21 01:05:01.633  CUstrings[xx].ini : CUstringsEN.ini looked for.
2026-07-21 01:05:01.657  CumulusUtils version: 7.1.1 
2026-07-21 01:05:01.657  CuSupport constructor : Unit Wind (m/s, mph2026-07-21 01:05:01.660  CumulusUtils version: 7.1.1 
2026-07-21 01:05:01.660  CuSupport constructor : Unit Wind (m/s, mph, km/h, kts): mph
2026-07-21 01:05:01.661  CuSupport constructor : Unit Pressure (mb,hPa,inHg): hPa
2026-07-21 01:05:01.662  CuSupport constructor : Unit Rain (mm,in): mm
2026-07-21 01:05:01.662  CuSupport constructor : Unit T (C,F): °C
2026-07-21 01:05:01.663  CuSupport2026-07-21 01:05:01.674 InetSupport: Constructor starting
2026-07-21 01:05:01.740 CumulusUtils : ----------------------------
2026-07-21 01:05:01.740 CumulusUtils : Entering Main
2026-07-21 01:05:01.751 HelpTexts: starting
2026-07-21 01:05:01.794 Information HelpTexts Contructor: stop
2026-07-21 01:05:01.842 CommandLineArgs : starting
2026-07-21 01:05:01.842  CommandLineArgs : handling arg: thrifty
2026-07-21 01:05:01.842  CommandLineArgs : handling arg: 2026-07-21 01:05:01.836  CommandLineArgs : handling arg: thrifty
2022026-07-21 01:05:01.941 Information CumulusUtils : Read dayfile.txt succesfully - 929 records
2026-07-21 01:05:01.962 Information SystemStatus : starting
2026-07-21 01:05:01.997 Information GetUrlData Start: URL - http://localhost:8998/api/tags/process.json?version&build&ProgramUpTime&NewBuildAvailable&NewBuildNumber&CpuCount&CPUTemp 
2026-07-21 01:05:02.414 CumulusMX Version: 4.5.2 build 4105
2026-07-21 01:05:02.423 Information  SystemStatus: Found device 12 GW1000/Ecowitt Local API
2026-07-21 01:05:02.424 Information ReplaceWebtagsPostAsync start:
2026-07-21 01:05:02.430 Information  PostUrlData Start: http://localhost:8998/api/tags/process.txt 
2026-07-21 01:05:02.430 Information PostUrlData Calling PostAsync
2026-07-21 01:05:02.472 Information PostUrlData success response : OK - OK
2026-07-21 01:05:02.483 SystemStatus : DoingUnix
2026-07-21 01:05:02.488 Information SystemStatus : DoingUnix Start
2026-07-21 01:05:02.491 Information StartProcess cat /etc/os-release
2026-07-21 01:05:02.504 Information StartProcess cat: output=PRETTY_NAME="Debian GNU/Linux 12 (bookworm)"
2026-07-21 01:05:02.504 Information StartProcess cat: output=NAME="Debian GNU/Linux"
2026-07-21 01:05:02.504 Information StartProcess cat: output=VERSION_ID="12"
2026-07-21 01:05:02.504 Information StartProcess cat: output=VERSION="12 (bookworm)"
2026-07-21 01:05:02.504 Information StartProcess cat: output=VERSION_CODENAME=bookworm
2026-07-21 01:05:02.504 Information StartProcess cat: output=ID=debian
2026-07-21 01:05:02.504 Information StartProcess cat: output=HOME_URL="https://www.debian.org/"
2026-07-21 01:05:02.504 Information StartProcess cat: output=SUPPORT_URL="https://www.debian.org/support"
2026-07-21 01:05:02.504 Information StartProcess cat: output=BUG_REPORT_URL="https://bugs.debian.org/"
2026-07-21 01:05:02.505 Information Found Linux NAME: PRETTY_NAME="Debian GNU/Linux 12 (bookworm)"
2026-07-21 01:05:02.506 Information Using Linux dialect: Debian
2026-07-21 01:05:02.506 Information StartProcess uptime -p
2026-07-21 01:05:02.516 Information StartProcess uptime: output=up 3 weeks, 3 days, 5 hours, 31 minutes
2026-07-21 01:05:02.516 Information StartProcess lshw -quiet -class system
2026-07-21 01:05:02.519 Error System/Processor: Unknown (exception) - An error occurred trying to start process 'lshw' with working directory '/opt/CumulusMX'. No such file or directory
2026-07-21 01:05:02.519 Please install lshw (apt-get install lshw)
2026-07-21 01:05:02.519 Information StartProcess uname -s -r -m
2026-07-21 01:05:02.521 Information StartProcess uname: output=Linux 6.1.0-23-amd64 x86_64
2026-07-21 01:05:02.522 Information StartProcess lsb_release -a
2026-07-21 01:05:02.551 Information StartProcess lsb_release: output=Distributor ID:	Debian
2026-07-21 01:05:02.551 Information StartProcess lsb_release: output=Description:	Debian GNU/Linux 12 (bookworm)
2026-07-21 01:05:02.551 Information StartProcess lsb_release: output=Release:	12
2026-07-21 01:05:02.551 Information StartProcess lsb_release: output=Codename:	bookworm
2026-07-21 01:05:02.552 Information StartProcess dotnet --list-runtimes
2026-07-21 01:05:02.558 Information StartProcess dotnet: output=Microsoft.NETCore.App 8.0.8 [/usr/share/dotnet/shared/Microsoft.NETCore.App]
2026-07-21 01:05:02.560 Information StartProcess free -m
2026-07-21 01:05:02.566 Information StartProcess free: output=               total        used        free      shared  buff/cache   available
2026-07-21 01:05:02.566 Information StartProcess free: output=Mem:             960         371         352          30         414         589
2026-07-21 01:05:02.566 Information StartProcess free: output=Swap:            974          76         898
2026-07-21 01:05:02.566 Information StartProcess df -T -text4 -tvfat -h
2026-07-21 01:05:02.574 Information StartProcess df: output=Filesystem     Type  Size  Used Avail Use% Mounted on
2026-07-21 01:05:02.574 Information StartProcess df: output=/dev/sda1      ext4   31G  7.6G   22G  27% /
2026-07-21 01:05:02.580  GenerateStationMap: Starting
2026-07-21 01:05:02.622 Information  GenerateStationMap: End
2026-07-21 01:05:02.624 MeteoCam: Starting
2026-07-21 01:05:02.632 Information MeteoCam CamType : Manual
2026-07-21 01:05:02.637 Information MeteoCam: End
2026-07-21 01:05:02.643 USerReports: Starting
2026-07-21 01:05:02.648 Information PwsFWIfuncs constructor
2026-07-21 01:05:02.654 Information  PwsFWIfuncs BeteljuiceFormat = False
2026-07-21 01:05:02.654 Information  PwsFWIfuncs USerFireImage = True
2026-07-21 01:05:02.654 Information  PwsFWIfuncs DoPrediction = False
2026-07-21 01:05:02.655 calculatePwsFWI : starting
2026-07-21 01:05:02.655 calculatePwsFWI : ANALYSE is OFF
2026-07-21 01:05:02.666 Information    16/06/2026; 23.5; 11.3; 1.7; 0.55; 28.88; 13.00; 146.43; 0; 0.00
2026-07-21 01:05:02.666 Information    17/06/2026; 21.5; 8.0; 4.3; 0.64; 25.58; 9.21; 74.10; 0; 0.00
2026-07-21 01:05:02.666 Information    18/06/2026; 24.6; 8.0; 0.0; 0.67; 30.86; 10.18; 81.93; 1; 1.00
2026-07-21 01:05:02.666 Information    19/06/2026; 24.2; 11.3; 0.0; 0.69; 30.13; 9.34; 105.21; 2; 3.00
2026-07-21 01:05:02.666 Information    20/06/2026; 23.7; 6.4; 0.3; 0.52; 29.23; 14.03; 90.33; 0; 3.00
2026-07-21 01:05:02.667 Information    21/06/2026; 25.7; 4.8; 0.0; 0.59; 32.94; 13.51; 65.21; 1; 69.54
2026-07-21 01:05:02.667 Information    22/06/2026; 28.3; 9.7; 0.0; 0.53; 38.38; 18.04; 174.16; 2; 105.37
2026-07-21 01:05:02.667 Information    23/06/2026; 31.9; 6.4; 0.0; 0.56; 47.18; 20.76; 133.64; 3; 133.10
2026-07-21 01:05:02.667 Information    24/06/2026; 31.6; 6.4; 0.0; 0.50; 46.39; 23.19; 149.30; 4; 147.57
2026-07-21 01:05:02.667 Information    25/06/2026; 32.4; 6.4; 0.0; 0.42; 48.54; 28.15; 181.21; 5; 163.77
2026-07-21 01:05:02.667 Information    26/06/2026; 33.3; 14.5; 1.7; 0.35; 51.06; 33.19; 480.67; 0; 188.77
2026-07-21 01:05:02.667 Information    27/06/2026; 27.5; 12.9; 0.0; 0.51; 36.63; 17.95; 231.06; 1; 174.88
2026-07-21 01:05:02.667 Information    28/06/2026; 21.6; 12.9; 0.3; 0.47; 25.74; 13.64; 175.63; 0; 174.17
2026-07-21 01:05:02.667 Information    29/06/2026; 21.4; 6.4; 0.0; 0.55; 25.43; 11.44; 73.65; 1; 163.17
2026-07-21 01:05:02.667 Information    30/06/2026; 23.7; 12.9; 1.2; 0.48; 29.23; 15.20; 195.72; 0; 151.88
2026-07-21 01:05:02.667 Information    01/07/2026; 22.1; 11.3; 0.0; 0.59; 26.54; 10.88; 122.56; 1; 121.58
2026-07-21 01:05:02.667 Information    02/07/2026; 18.3; 11.3; 1.1; 0.55; 20.98; 9.44; 106.37; 0; 131.22
2026-07-21 01:05:02.667 Information    03/07/2026; 24.9; 9.7; 0.0; 0.46; 31.41; 16.96; 163.79; 1; 108.13
2026-07-21 01:05:02.667 Information    04/07/2026; 22.4; 8.0; 0.0; 0.66; 27.02; 9.19; 73.93; 2; 88.79
2026-07-21 01:05:02.667 Information    05/07/2026; 24.9; 6.4; 0.0; 0.62; 31.41; 11.94; 76.84; 3; 90.43
2026-07-21 01:05:02.667 Information    06/07/2026; 28.4; 9.7; 0.0; 0.41; 38.60; 22.77; 219.90; 4; 135.41
2026-07-21 01:05:02.667 Information    07/07/2026; 25.9; 8.0; 0.0; 0.41; 33.34; 19.67; 158.26; 5; 143.55
2026-07-21 01:05:02.667 Information    08/07/2026; 31.0; 4.8; 0.0; 0.36; 44.83; 28.69; 138.52; 6; 172.25
2026-07-21 01:05:02.667 Information    09/07/2026; 32.1; 6.4; 0.0; 0.36; 47.72; 30.54; 196.60; 7; 179.81
2026-07-21 01:05:02.667 Information    10/07/2026; 34.3; 4.8; 0.0; 0.33; 53.99; 36.17; 174.64; 8; 200.95
2026-07-21 01:05:02.667 Information    11/07/2026; 29.5; 4.8; 0.0; 0.44; 41.14; 23.04; 111.22; 9; 208.83
2026-07-21 01:05:02.667 Information    12/07/2026; 27.9; 6.4; 0.0; 0.36; 37.49; 24.00; 154.46; 10; 196.74
2026-07-21 01:05:02.667 Information    13/07/2026; 26.3; 4.8; 0.0; 0.49; 34.13; 17.41; 84.05; 11; 182.90
2026-07-21 01:05:02.667 Information    14/07/2026; 26.4; 4.8; 0.0; 0.50; 34.34; 17.17; 82.89; 12; 172.77
2026-07-21 01:05:02.667 Information    15/07/2026; 26.2; 3.2; 0.0; 0.42; 33.93; 19.68; 63.35; 13; 147.12
2026-07-21 01:05:02.668 Information    16/07/2026; 28.0; 3.2; 0.0; 0.36; 37.71; 24.14; 77.68; 14; 128.73
2026-07-21 01:05:02.668 Information    17/07/2026; 26.4; 6.4; 0.0; 0.41; 34.34; 20.26; 130.41; 15; 133.57
2026-07-21 01:05:02.668 Information    18/07/2026; 23.0; 4.8; 0.0; 0.50; 28.03; 14.01; 67.65; 16; 117.20
2026-07-21 01:05:02.668 Information    19/07/2026; 23.1; 4.8; 0.0; 0.38; 28.20; 17.48; 84.40; 17; 118.27
2026-07-21 01:05:02.668 Information    20/07/2026; 25.3; 4.8; 0.0; 0.35; 32.17; 20.91; 100.96; 18; 122.89
2026-07-21 01:05:02.681 Information HTMLexportPwsFWI : starting
2026-07-21 01:05:02.681 Information HTMLexportPwsFWI : starting pwsFWIcurrent
2026-07-21 01:05:02.682 Information HTMLexportPwsFWI : starting pwsFWI.txt
2026-07-21 01:05:02.683 Information HTMLexportPwsFWI : Using Standard format
2026-07-21 01:05:02.688 Information calculatePwsFWI : Deleting empty ANALYSIS csv file
2026-07-21 01:05:02.715 Information Main CmulusUtils: Yadr Constructor Start
2026-07-21 01:05:02.716 Generate Yadr Starting
2026-07-21 01:05:02.739 Information GenerateYadrTempData: Looping over years, doing year 2026
2026-07-21 01:05:02.836 Information GenerateYadrRainData: Looping over years, doing year 2026
2026-07-21 01:05:02.867 Information GenerateYadrWindData: Looping over years, doing year 2026
2026-07-21 01:05:02.913 Information GenerateYadrWindrunData: Looping over years, doing year 2026
2026-07-21 01:05:02.944 Information GenerateYadrPressionData: Looping over years, doing year 2026
2026-07-21 01:05:02.976 Information GenerateYadrHumidityData: Looping over years, doing year 2026
2026-07-21 01:05:03.005 Generate Records Starting
2026-07-21 01:05:03.020 Information Generate Yearly Records
2026-07-21 01:05:03.029 Information Generate Records for AllTime
2026-07-21 01:05:03.064 Information Generate Records for AllTime/month: 1
2026-07-21 01:05:03.075 Information Generate Records for AllTime/month: 2
2026-07-21 01:05:03.084 Information Generate Records for AllTime/month: 3
2026-07-21 01:05:03.088 Information Generate Records for AllTime/month: 4
2026-07-21 01:05:03.091 Information Generate Records for AllTime/month: 5
2026-07-21 01:05:03.102 Information Generate Records for AllTime/month: 6
2026-07-21 01:05:03.114 Information Generate Records for AllTime/month: 7
2026-07-21 01:05:03.118 Information Generate Records for AllTime/month: 8
2026-07-21 01:05:03.125 Information Generate Records for AllTime/month: 9
2026-07-21 01:05:03.131 Information Generate Records for AllTime/month: 10
2026-07-21 01:05:03.140 Information Generate Records for AllTime/month: 11
2026-07-21 01:05:03.143 Information Generate Records for AllTime/month: 12
2026-07-21 01:05:03.151 Information Generate Records for 2024
2026-07-21 01:05:03.155 Information Generate Records for 2024/month: 1
2026-07-21 01:05:03.161 Information Generate Records for 2024/month: 2
2026-07-21 01:05:03.164 Information Generate Records for 2024/month: 3
2026-07-21 01:05:03.172 Information Generate Records for 2024/month: 4
2026-07-21 01:05:03.181 Information Generate Records for 2024/month: 5
2026-07-21 01:05:03.188 Information Generate Records for 2024/month: 6
2026-07-21 01:05:03.191 Information Generate Records for 2024/month: 7
2026-07-21 01:05:03.198 Information Generate Records for 2024/month: 8
2026-07-21 01:05:03.206 Information Generate Records for 2024/month: 9
2026-07-21 01:05:03.215 Information Generate Records for 2024/month: 10
2026-07-21 01:05:03.219 Information Generate Records for 2024/month: 11
2026-07-21 01:05:03.227 Information Generate Records for 2024/month: 12
2026-07-21 01:05:03.238 Information Generate Records for 2025
2026-07-21 01:05:03.242 Information Generate Records for 2025/month: 1
2026-07-21 01:05:03.253 Information Generate Records for 2025/month: 2
2026-07-21 01:05:03.256 Information Generate Records for 2025/month: 3
2026-07-21 01:05:03.267 Information Generate Records for 2025/month: 4
2026-07-21 01:05:03.274 Information Generate Records for 2025/month: 5
2026-07-21 01:05:03.288 Information Generate Records for 2025/month: 6
2026-07-21 01:05:03.292 Information Generate Records for 2025/month: 7
2026-07-21 01:05:03.300 Information Generate Records for 2025/month: 8
2026-07-21 01:05:03.308 Information Generate Records for 2025/month: 9
2026-07-21 01:05:03.323 Information Generate Records for 2025/month: 10
2026-07-21 01:05:03.330 Information Generate Records for 2025/month: 11
2026-07-21 01:05:03.339 Information Generate Records for 2025/month: 12
2026-07-21 01:05:03.351 Information Generate Records for 2026
2026-07-21 01:05:03.359 Information Generate Records for 2026/month: 1
2026-07-21 01:05:03.364 Information Generate Records for 2026/month: 2
2026-07-21 01:05:03.380 Information Generate Records for 2026/month: 3
2026-07-21 01:05:03.389 Information Generate Records for 2026/month: 4
2026-07-21 01:05:03.394 Information Generate Records for 2026/month: 5
2026-07-21 01:05:03.407 Information Generate Records for 2026/month: 6
2026-07-21 01:05:03.416 Information Generate Records for 2026/month: 7
2026-07-21 01:05:03.429 Information Generate Records: CUtils.ThriftyRecordsDirty True detected on 20/07/2026 00:00:00
2026-07-21 01:05:03.459 Generate HTML table for Records Starting
2026-07-21 01:05:03.492 Generate DayRecords Starting
2026-07-21 01:05:03.536 Information Generate DayRecords: CUtils.ThriftyDayRecordsDirty True detected on 20/07/2026 00:00:00.
2026-07-21 01:05:03.540 Information Generate DayRecords: CUtils.ThriftyDayRecordsDirty True detected on 20/07/2026 00:00:00.
2026-07-21 01:05:03.558 Information Generate DayRecords End
2026-07-21 01:05:03.573 Information  GenerateNOAAparameters: NOAARainNormYearAv 824.0
2026-07-21 01:05:03.576 Information Graphx: Using Highcharts Boost Module!
2026-07-21 01:05:03.580 Monthfile constructor: Using fixed path: | data/ |; file: | *log.txt
2026-07-21 01:05:03.609 CumulusUtils: starting Graphx
2026-07-21 01:05:03.610 Information Graphs: Starting Rain section
2026-07-21 01:05:03.618 GenDailyRainGraphData : starting
2026-07-21 01:05:03.645 GenMonthlyRainvsNOAAGraphData: starting
2026-07-21 01:05:03.645 Information  Normal values: NOAARainNormJan -> 63.0
2026-07-21 01:05:03.645 Information  Normal values: NOAARainNormFeb -> 58.0
2026-07-21 01:05:03.645 Information  Normal values: NOAARainNormMar -> 57.0
2026-07-21 01:05:03.645 Information  Normal values: NOAARainNormApr -> 50.0
2026-07-21 01:05:03.645 Information  Normal values: NOAARainNormMay -> 63.0
2026-07-21 01:05:03.645 Information  Normal values: NOAARainNormJun -> 73.0
2026-07-21 01:05:03.645 Information  Normal values: NOAARainNormJul -> 87.0
2026-07-21 01:05:03.646 Information  Normal values: NOAARainNormAug -> 78.0
2026-07-21 01:05:03.646 Information  Normal values: NOAARainNormSep -> 64.0
2026-07-21 01:05:03.646 Information  Normal values: NOAARainNormOct -> 78.0
2026-07-21 01:05:03.646 Information  Normal values: NOAARainNormNov -> 76.0
2026-07-21 01:05:03.646 Information  Normal values: NOAARainNormDec -> 77.0
2026-07-21 01:05:03.672 Generate GenerateYearRainStatistics Start
2026-07-21 01:05:03.673 Information Generating Year Rain Statistics, doing year 2024
2026-07-21 01:05:03.682 Information Generating Year Rain Statistics, doing year 2025
2026-07-21 01:05:03.683 Information Generating Year Rain Statistics, doing year 2026
2026-07-21 01:05:03.715 GenDailyRAINvsEVT: starting
2026-07-21 01:05:03.724 Information Graphs: Starting Temp section
2026-07-21 01:05:03.736 GenMonthlyTempvsNOAAGraphData : starting
2026-07-21 01:05:03.742 Information  Normal values: NOAATempNormJan -> 3.6
2026-07-21 01:05:03.742 Information  Normal values: NOAATempNormFeb -> 4.1
2026-07-21 01:05:03.742 Information  Normal values: NOAATempNormMar -> 6.3
2026-07-21 01:05:03.742 Information  Normal values: NOAATempNormApr -> 9.2
2026-07-21 01:05:03.742 Information  Normal values: NOAATempNormMay -> 12.2
2026-07-21 01:05:03.742 Information  Normal values: NOAATempNormJun -> 14.9
2026-07-21 01:05:03.742 Information  Normal values: NOAATempNormJul -> 16.8
2026-07-21 01:05:03.742 Information  Normal values: NOAATempNormAug -> 16.0
2026-07-21 01:05:03.742 Information  Normal values: NOAATempNormSep -> 13.6
2026-07-21 01:05:03.742 Information  Normal values: NOAATempNormOct -> 10.4
2026-07-21 01:05:03.742 Information  Normal values: NOAATempNormNov -> 6.6
2026-07-21 01:05:03.742 Information  Normal values: NOAATempNormDec -> 4.5
2026-07-21 01:05:03.742 Information GenMonthlyTempvsNOAAGraphData : starting loop over DayfileValues
2026-07-21 01:05:03.761 Information GenMonthlyTempvsNOAAGraphData : starting Generation
2026-07-21 01:05:03.768 Generate GenerateYearTempStatistics Starting
2026-07-21 01:05:03.769 Information Generating Year Temp Statistics, doing year 2024
2026-07-21 01:05:03.770 Information Generating Year Temp Statistics, doing year 2025
2026-07-21 01:05:03.771 Information Generating Year Temp Statistics, doing year 2026
2026-07-21 01:05:03.789 GenStackedWarmDaysGraphData : starting
2026-07-21 01:05:03.794 Generate Heat Map Starting
2026-07-21 01:05:03.794 Information Generating Heat Map data, doing year 2024
2026-07-21 01:05:03.795 Information Generating Heat Map data, doing year 2025
2026-07-21 01:05:03.796 Information Generating Heat Map data, doing year 2026
2026-07-21 01:05:03.798 Information Graphs : Starting Wind section
2026-07-21 01:05:03.799 Information Graphs : Starting writing HTML Style and Menu.
2026-07-21 01:05:03.804 Information Generate WindRose : Starting writing the javascript menu.
2026-07-21 01:05:03.805 Information Generate Windrun : Starting writing the javascript menu.
2026-07-21 01:05:03.806 ReadMonthlyLogs: Starting.
2026-07-21 01:05:04.207 Information ReadMonthlyLogs: reading data/202503log.txt
2026-07-21 01:05:05.982 Information ReadMonthlyLogs: reading data/202509log.txt
2026-07-21 01:05:06.240 Information ReadMonthlyLogs: reading data/202603log.txt
2026-07-21 01:05:07.476 Information ReadMonthlyLogs: reading data/202507log.txt
2026-07-21 01:05:08.815 Information ReadMonthlyLogs: reading data/202512log.txt
2026-07-21 01:05:10.407 Information ReadMonthlyLogs: reading data/202410log.txt
2026-07-21 01:05:10.577 Information ReadMonthlyLogs reading data/202410log.txt: DateTime is less than prev Date: 27/10/2024 01:59:00
2026-07-21 01:05:10.606 Information ReadMonthlyLogs: reading data/202601log.txt
2026-07-21 01:05:10.880 Information ReadMonthlyLogs: reading data/202407log.txt
2026-07-21 01:05:11.009 Information ReadMonthlyLogs reading data/202407log.txt: DateTime is less than prev Date: 21/07/2024 00:01:00
2026-07-21 01:05:11.050 Information ReadMonthlyLogs: reading data/202607log.txt
2026-07-21 01:05:11.174 Information ReadMonthlyLogs: reading data/202606log.txt
2026-07-21 01:05:12.608 Information ReadMonthlyLogs: reading data/202412log.txt
2026-07-21 01:05:13.501 Information ReadMonthlyLogs: reading data/202511log.txt
2026-07-21 01:05:13.750 Information ReadMonthlyLogs: reading data/202404log.txt
2026-07-21 01:05:15.091 Information ReadMonthlyLogs: reading data/202504log.txt
2026-07-21 01:05:16.015 Information ReadMonthlyLogs: reading data/202510log.txt
2026-07-21 01:05:16.144 Information ReadMonthlyLogs reading data/202510log.txt: DateTime is less than prev Date: 26/10/2025 01:59:00
2026-07-21 01:05:17.172 Information ReadMonthlyLogs: reading data/202506log.txt
2026-07-21 01:05:17.452 Information ReadMonthlyLogs: reading data/202401log.txt
2026-07-21 01:05:17.599 Information ReadMonthlyLogs: reading data/202602log.txt
2026-07-21 01:05:17.972 Information ReadMonthlyLogs: reading data/202409log.txt
2026-07-21 01:05:19.069 Information ReadMonthlyLogs: reading data/202408log.txt
2026-07-21 01:05:19.971 Information ReadMonthlyLogs: reading data/202505log.txt
2026-07-21 01:05:20.685 Information ReadMonthlyLogs: reading data/202508log.txt
2026-07-21 01:05:20.853 Information ReadMonthlyLogs: reading data/202604log.txt
2026-07-21 01:05:21.018 Information ReadMonthlyLogs: reading data/202605log.txt
2026-07-21 01:05:21.241 Information ReadMonthlyLogs: reading data/202406log.txt
2026-07-21 01:05:21.405 Information ReadMonthlyLogs reading data/202406log.txt: DateTime is less than prev Date: 21/06/2024 00:01:00
2026-07-21 01:05:21.440 Information ReadMonthlyLogs reading data/202406log.txt: DateTime is less than prev Date: 23/06/2024 00:01:00
2026-07-21 01:05:21.468 Information ReadMonthlyLogs reading data/202406log.txt: DateTime is less than prev Date: 27/06/2024 00:02:00
2026-07-21 01:05:22.496 Information ReadMonthlyLogs: reading data/202502log.txt
2026-07-21 01:05:23.196 Information ReadMonthlyLogs: reading data/202411log.txt
2026-07-21 01:05:23.474 Information ReadMonthlyLogs: reading data/202405log.txt
2026-07-21 01:05:24.540 Information ReadMonthlyLogs: reading data/202501log.txt
2026-07-21 01:05:24.937 Information ReadMonthlyLogs: reading data/202402log.txt
2026-07-21 01:05:25.235 Information ReadMonthlyLogs: reading data/202403log.txt
2026-07-21 01:05:25.454 Information Monthfile : RecordsBeganDate used: 04/01/2024 00:00:00, Number of entries removed from list: 0
2026-07-21 01:05:25.454 Information ReadMonthlyLogs: MainMonthList created/fetched: 1314961 records.
2026-07-21 01:05:25.454 Information ReadMonthlyLogs: End
2026-07-21 01:05:25.456 GenerateWindRose: Starting
2026-07-21 01:05:25.485 Information WindRose : Starting writing the javascript data arrays.
2026-07-21 01:05:25.751 Information WindRose : Starting writing year: 2024
2026-07-21 01:05:26.831 Information WindRose : Starting writing year: 2025
2026-07-21 01:05:30.467 Information WindRose : Starting writing year: 2026
2026-07-21 01:05:36.273 Information WindRose : Starting writing : AllYearsAllMonths
2026-07-21 01:05:36.948 GenerateWindrunStatistics: Starting
2026-07-21 01:05:37.525 Information GenerateWindrunStatistics: Starting 0
2026-07-21 01:05:37.606 Information GenerateWindrunStatistics: Starting 2024
2026-07-21 01:05:37.609 Information GenerateWindrunStatistics: Starting 2025
2026-07-21 01:05:37.611 Information GenerateWindrunStatistics: Starting 2026
2026-07-21 01:05:37.746 Information Graphs : Starting Solar section
2026-07-21 01:05:37.746 ReadMonthlyLogs: Starting.
2026-07-21 01:05:37.778 Information Monthfile : RecordsBeganDate used: 04/01/2024 00:00:00, Number of entries removed from list: 0
2026-07-21 01:05:37.778 Information ReadMonthlyLogs: MainMonthList created/fetched: 1314961 records.
2026-07-21 01:05:37.778 Information ReadMonthlyLogs: End
2026-07-21 01:05:37.905 Information Graphs : Starting writing HTML Style and Menu.
2026-07-21 01:05:38.025 Information Solar Graphs - CreateListsFromMonthlyLogs start
2026-07-21 01:05:39.247 Information Solar Graphs - CreateListsFromMonthlyLogs DataLogInterval = 1
2026-07-21 01:05:39.278 Information Solar Graphs - CreateListsFromMonthlyLogs SunThreshold = 0.75
2026-07-21 01:05:39.903 GenerateYearSolarHoursStatistics: Starting
2026-07-21 01:05:39.927 Information Generating Year Solar Hours Statistics, doing year 2024
2026-07-21 01:05:39.988 Information Generating Year Solar Hours Statistics, doing year 2025
2026-07-21 01:05:39.988 Information Generating Year Solar Hours Statistics, doing year 2026
2026-07-21 01:05:40.032 Generate GenerateYearSolarEnergyStatistics: Starting
2026-07-21 01:05:40.032 Information Generating Year Solar Energy Statistics, doing year 2024
2026-07-21 01:05:40.033 Information Generating Year Solar Energy Statistics, doing year 2025
2026-07-21 01:05:40.033 Information Generating Year Solar Energy Statistics, doing year 2026
2026-07-21 01:05:40.271 GenTempSum : starting
2026-07-21 01:05:40.289 GrowingDegreeDays : starting
2026-07-21 01:05:40.292 GenDailyEVTGraphData: starting
2026-07-21 01:05:40.328 GenMonthlyEVTGraphData : starting
2026-07-21 01:05:40.440 Top10funcs: Initialising Top10 Array
2026-07-21 01:05:40.689 Top10funcs: Generating Top10 lists
2026-07-21 01:05:41.373 Information Top10funcs: Starting the HTML Generation
2026-07-21 01:05:41.402 HTMLexportTop10
2026-07-21 01:05:41.443 Information HTMLexportTop10 : Ready generating HTML
2026-07-21 01:05:41.443 Information Top10funcs: Completed, returning from generating the Top10 list
2026-07-21 01:05:41.457 Generating Website: Starting
2026-07-21 01:05:41.457 Generating Website: Generating index.html
2026-07-21 01:05:41.514 Information GetUrlData Start: URL - http://localhost:8998/api/tags/process.json?version&build&ProgramUpTime&NewBuildAvailable&NewBuildNumber&CpuCount&CPUTemp 
2026-07-21 01:05:42.276 Warning Website Menu generator: No Menu definition found, using standard menu
2026-07-21 01:05:42.401 Generating Website: Only index.html done because Thrifty active
2026-07-21 01:05:43.208 Testing PHP upload compression on https://jpickles.com/cutils/upload.php
2026-07-21 01:05:46.436 Information PHP upload does not support compression
2026-07-21 01:05:46.437 Information UploadFile: Starting utils/index.html => index.html
2026-07-21 01:05:46.437 Information Upload File values: localfile: utils/index.html
2026-07-21 01:05:46.437 Information Upload File values: remotefile: index.html
2026-07-21 01:05:46.487 Information PHP Upload: starting utils/index.html
2026-07-21 01:05:46.507 Information Incremental = False; filename = index.html; ext = .html; HoursInGraph = 72
2026-07-21 01:05:46.661 Information InetPhp: index.html: Response code = 200: OK
2026-07-21 01:05:46.672 Information InetPhp: index.html: Response text follows:
Opening text file index.html for replacement
Writing text file index.html
Write complete
2026-07-21 01:05:46.673 Information PHP UploadFile: Success
2026-07-21 01:05:46.673 Information CheckPackageAndCopy: Uploaded utils/index.html to index.html
2026-07-21 01:05:46.673 Information CheckPackageAndCopy: utils/cumulusutils.js not uploaded because of Thrifty condition.
2026-07-21 01:05:46.673 Information CheckPackageAndCopy: utils/cumuluscharts.txt not uploaded because of Thrifty condition.
2026-07-21 01:05:46.673 Information CheckPackageAndCopy: utils/CUgauges.js not uploaded because of Thrifty condition.
2026-07-21 01:05:46.673 Information CheckPackageAndCopy: utils/HighchartsDefaults.js not uploaded because of Thrifty condition.
2026-07-21 01:05:46.673 Information CheckPackageAndCopy: utils/HighchartsLanguage.js not uploaded because of Thrifty condition.
2026-07-21 01:05:46.673 Information CheckPackageAndCopy: utils/suncalc.js not uploaded because of Thrifty condition.
2026-07-21 01:05:46.673 Information CheckPackageAndCopy: utils/CUtween.min.js not uploaded because of Thrifty condition.
2026-07-21 01:05:46.673 Information CheckPackageAndCopy: utils/CUsteelseries.min.js not uploaded because of Thrifty condition.
2026-07-21 01:05:46.673 Information CheckPackageAndCopy: utils/CURGraph.rose.js not uploaded because of Thrifty condition.
2026-07-21 01:05:46.673 Information CheckPackageAndCopy: utils/CURGraph.common.core.js not uploaded because of Thrifty condition.
2026-07-21 01:05:46.673 Information CheckPackageAndCopy: utils/CUlanguage.js not uploaded because of Thrifty condition.
2026-07-21 01:05:46.673 Information CheckPackageAndCopy: utils/CUgauges-ss.css not uploaded because of Thrifty condition.
2026-07-21 01:05:46.844 Information MapsOn: Starting
2026-07-21 01:05:46.844 Information  MapsOn: Adding Station: Westlands
2026-07-21 01:05:47.004 Information MapsOn: Before testing DoneToday after parsing: 20/07/2026 10:31:03 
2026-07-21 01:05:47.006 Information DateIsToday for thisDate: 20/07/2026 10:31:03 | thisDate.DayOfYear: 201 versus Now.DayOfYear: 202)
2026-07-21 01:05:47.033 Information DateIsToday: thisSpan: 14:34:44.0060185 | thisSpan.TotalDays = 0.6074537733622685
2026-07-21 01:05:47.033 Information MapsOn: Must NOT send signature, has been done already : 2026-07-20T10:31:03
2026-07-21 01:05:47.056 Information Fetch Map: Fetching the generated map
2026-07-21 01:05:47.057 Information GetUrlData Start: URL - https://meteo-wagenborgen.nl/maps.txt 
2026-07-21 01:05:47.209 Information Main: <!--
 This file is generated as part of CumulusUti
2026-07-21 01:05:47.210 Information Uploading = pwsFWI.txt
2026-07-21 01:05:47.210 Information UploadFile: Starting utils/pwsFWI.txt => pwsFWI.txt
2026-07-21 01:05:47.210 Information Upload File values: localfile: utils/pwsFWI.txt
2026-07-21 01:05:47.210 Information Upload File values: remotefile: pwsFWI.txt
2026-07-21 01:05:47.210 Information PHP Upload: starting utils/pwsFWI.txt
2026-07-21 01:05:47.222 Information Incremental = False; filename = pwsFWI.txt; ext = .txt; HoursInGraph = 72
2026-07-21 01:05:47.261 Information InetPhp: pwsFWI.txt: Response code = 200: OK
2026-07-21 01:05:47.261 Information InetPhp: pwsFWI.txt: Response text follows:
Opening text file pwsFWI.txt for replacement
Writing text file pwsFWI.txt
Write complete
2026-07-21 01:05:47.261 Information PHP UploadFile: Success
2026-07-21 01:05:47.261 Information Uploading = pwsFWIcurrent.txt
2026-07-21 01:05:47.261 Information UploadFile: Starting utils/pwsFWIcurrent.txt => pwsFWIcurrent.txt
2026-07-21 01:05:47.261 Information Upload File values: localfile: utils/pwsFWIcurrent.txt
2026-07-21 01:05:47.261 Information Upload File values: remotefile: pwsFWIcurrent.txt
2026-07-21 01:05:47.261 Information PHP Upload: starting utils/pwsFWIcurrent.txt
2026-07-21 01:05:47.277 Information Incremental = False; filename = pwsFWIcurrent.txt; ext = .txt; HoursInGraph = 72
2026-07-21 01:05:47.313 Information InetPhp: pwsFWIcurrent.txt: Response code = 200: OK
2026-07-21 01:05:47.313 Information InetPhp: pwsFWIcurrent.txt: Response text follows:
Opening text file pwsFWIcurrent.txt for replacement
Writing text file pwsFWIcurrent.txt
Write complete
2026-07-21 01:05:47.313 Information PHP UploadFile: Success
2026-07-21 01:05:47.313 Information Thrifty: DoTop10 && (!Thrifty || ThriftyTop10RecordsDirty ) - True | Uploading = top10Table.txt
2026-07-21 01:05:47.313 Information UploadFile: Starting utils/top10Table.txt => top10Table.txt
2026-07-21 01:05:47.313 Information Upload File values: localfile: utils/top10Table.txt
2026-07-21 01:05:47.313 Information Upload File values: remotefile: top10Table.txt
2026-07-21 01:05:47.313 Information PHP Upload: starting utils/top10Table.txt
2026-07-21 01:05:47.314 Information Incremental = False; filename = top10Table.txt; ext = .txt; HoursInGraph = 72
2026-07-21 01:05:47.352 Information InetPhp: top10Table.txt: Response code = 200: OK
2026-07-21 01:05:47.352 Information InetPhp: top10Table.txt: Response text follows:
Opening text file top10Table.txt for replacement
Writing text file top10Table.txt
Write complete
2026-07-21 01:05:47.352 Information PHP UploadFile: Success
2026-07-21 01:05:47.353 Information Thrifty: !Thrifty || ThriftyRainGraphsDirty - True => Uploading = graphsrain.txt
2026-07-21 01:05:47.353 Information UploadFile: Starting utils/graphsrain.txt => graphsrain.txt
2026-07-21 01:05:47.353 Information Upload File values: localfile: utils/graphsrain.txt
2026-07-21 01:05:47.353 Information Upload File values: remotefile: graphsrain.txt
2026-07-21 01:05:47.353 Information PHP Upload: starting utils/graphsrain.txt
2026-07-21 01:05:47.368 Information Incremental = False; filename = graphsrain.txt; ext = .txt; HoursInGraph = 72
2026-07-21 01:05:47.481 Information InetPhp: graphsrain.txt: Response code = 200: OK
2026-07-21 01:05:47.481 Information InetPhp: graphsrain.txt: Response text follows:
Opening text file graphsrain.txt for replacement
Writing text file graphsrain.txt
Write complete
2026-07-21 01:05:47.481 Information PHP UploadFile: Success
2026-07-21 01:05:47.481 Information Thrifty: !Thrifty || ThriftyTempGraphsDirty - True => Uploading = graphstemp.txt
2026-07-21 01:05:47.481 Information UploadFile: Starting utils/graphstemp.txt => graphstemp.txt
2026-07-21 01:05:47.481 Information Upload File values: localfile: utils/graphstemp.txt
2026-07-21 01:05:47.481 Information Upload File values: remotefile: graphstemp.txt
2026-07-21 01:05:47.481 Information PHP Upload: starting utils/graphstemp.txt
2026-07-21 01:05:47.497 Information Incremental = False; filename = graphstemp.txt; ext = .txt; HoursInGraph = 72
2026-07-21 01:05:47.538 Information InetPhp: graphstemp.txt: Response code = 200: OK
2026-07-21 01:05:47.538 Information InetPhp: graphstemp.txt: Response text follows:
Opening text file graphstemp.txt for replacement
Writing text file graphstemp.txt
Write complete
2026-07-21 01:05:47.538 Information PHP UploadFile: Success
2026-07-21 01:05:47.538 Information Thrifty: !Thrifty || ThriftyWindGraphsDirty) - True => Uploading = graphswind.txt
2026-07-21 01:05:47.538 Information UploadFile: Starting utils/graphswind.txt => graphswind.txt
2026-07-21 01:05:47.538 Information Upload File values: localfile: utils/graphswind.txt
2026-07-21 01:05:47.538 Information Upload File values: remotefile: graphswind.txt
2026-07-21 01:05:47.538 Information PHP Upload: starting utils/graphswind.txt
2026-07-21 01:05:47.554 Information Incremental = False; filename = graphswind.txt; ext = .txt; HoursInGraph = 72
2026-07-21 01:05:47.599 Information InetPhp: graphswind.txt: Response code = 200: OK
2026-07-21 01:05:47.599 Information InetPhp: graphswind.txt: Response text follows:
Opening text file graphswind.txt for replacement
Writing text file graphswind.txt
Write complete
2026-07-21 01:05:47.599 Information PHP UploadFile: Success
2026-07-21 01:05:47.600 Information Thrifty: !Thrifty || ThriftySolarGraphsDirty) - True => Uploading = graphssolar.txt
2026-07-21 01:05:47.600 Information UploadFile: Starting utils/graphssolar.txt => graphssolar.txt
2026-07-21 01:05:47.600 Information Upload File values: localfile: utils/graphssolar.txt
2026-07-21 01:05:47.600 Information Upload File values: remotefile: graphssolar.txt
2026-07-21 01:05:47.600 Information PHP Upload: starting utils/graphssolar.txt
2026-07-21 01:05:47.600 Information Incremental = False; filename = graphssolar.txt; ext = .txt; HoursInGraph = 72
2026-07-21 01:05:47.640 Information InetPhp: graphssolar.txt: Response code = 200: OK
2026-07-21 01:05:47.640 Information InetPhp: graphssolar.txt: Response text follows:
Opening text file graphssolar.txt for replacement
Writing text file graphssolar.txt
Write complete
2026-07-21 01:05:47.640 Information PHP UploadFile: Success
2026-07-21 01:05:47.640 Information Thrifty: !Thrifty || ThriftyMiscGraphsDirty - True => Uploading = graphsmisc.txt
2026-07-21 01:05:47.640 Information UploadFile: Starting utils/graphsmisc.txt => graphsmisc.txt
2026-07-21 01:05:47.641 Information Upload File values: localfile: utils/graphsmisc.txt
2026-07-21 01:05:47.641 Information Upload File values: remotefile: graphsmisc.txt
2026-07-21 01:05:47.641 Information PHP Upload: starting utils/graphsmisc.txt
2026-07-21 01:05:47.641 Information Incremental = False; filename = graphsmisc.txt; ext = .txt; HoursInGraph = 72
2026-07-21 01:05:47.686 Information InetPhp: graphsmisc.txt: Response code = 200: OK
2026-07-21 01:05:47.686 Information InetPhp: graphsmisc.txt: Response text follows:
Opening text file graphsmisc.txt for replacement
Writing text file graphsmisc.txt
Write complete
2026-07-21 01:05:47.686 Information PHP UploadFile: Success
2026-07-21 01:05:47.686 Information Uploading = maps.txt
2026-07-21 01:05:47.686 Information UploadFile: Starting utils/maps.txt => maps.txt
2026-07-21 01:05:47.686 Information Upload File values: localfile: utils/maps.txt
2026-07-21 01:05:47.686 Information Upload File values: remotefile: maps.txt
2026-07-21 01:05:47.686 Information PHP Upload: starting utils/maps.txt
2026-07-21 01:05:47.686 Information Incremental = False; filename = maps.txt; ext = .txt; HoursInGraph = 72
2026-07-21 01:05:47.728 Information InetPhp: maps.txt: Response code = 200: OK
2026-07-21 01:05:47.728 Information InetPhp: maps.txt: Response text follows:
Opening text file maps.txt for replacement
Writing text file maps.txt
Write complete
2026-07-21 01:05:47.728 Information PHP UploadFile: Success
2026-07-21 01:05:47.728 Information Thrifty: DoRecords && (!Thrifty || ThriftyRecordsDirty) - True => Uploading = records.txt
2026-07-21 01:05:47.728 Information UploadFile: Starting utils/records.txt => records.txt
2026-07-21 01:05:47.728 Information Upload File values: localfile: utils/records.txt
2026-07-21 01:05:47.728 Information Upload File values: remotefile: records.txt
2026-07-21 01:05:47.728 Information PHP Upload: starting utils/records.txt
2026-07-21 01:05:47.745 Information Incremental = False; filename = records.txt; ext = .txt; HoursInGraph = 72
2026-07-21 01:05:47.792 Information InetPhp: records.txt: Response code = 200: OK
2026-07-21 01:05:47.792 Information InetPhp: records.txt: Response text follows:
Opening text file records.txt for replacement
Writing text file records.txt
Write complete
2026-07-21 01:05:47.792 Information PHP UploadFile: Success
2026-07-21 01:05:47.792 Information Thrifty: DoDayRecords && (!Thrifty || ThriftyDayRecordsDirty) - True => Uploading = dayrecords.txt
2026-07-21 01:05:47.792 Information UploadFile: Starting utils/dayrecords.txt => dayrecords.txt
2026-07-21 01:05:47.792 Information Upload File values: localfile: utils/dayrecords.txt
2026-07-21 01:05:47.792 Information Upload File values: remotefile: dayrecords.txt
2026-07-21 01:05:47.792 Information PHP Upload: starting utils/dayrecords.txt
2026-07-21 01:05:47.803 Information Incremental = False; filename = dayrecords.txt; ext = .txt; HoursInGraph = 72
2026-07-21 01:05:47.920 Information InetPhp: dayrecords.txt: Response code = 200: OK
2026-07-21 01:05:47.920 Information InetPhp: dayrecords.txt: Response text follows:
Opening text file dayrecords.txt for replacement
Writing text file dayrecords.txt
Write complete
2026-07-21 01:05:47.920 Information PHP UploadFile: Success
2026-07-21 01:05:47.920 Information UploadFile: Starting utils/forecast.txt => forecast.txt
2026-07-21 01:05:47.920 Information Upload File values: localfile: utils/forecast.txt
2026-07-21 01:05:47.920 Information Upload File values: remotefile: forecast.txt
2026-07-21 01:05:47.920 Information PHP Upload: starting utils/forecast.txt
2026-07-21 01:05:47.930 Information Incremental = False; filename = forecast.txt; ext = .txt; HoursInGraph = 72
2026-07-21 01:05:47.960 Information InetPhp: forecast.txt: Response code = 200: OK
2026-07-21 01:05:47.960 Information InetPhp: forecast.txt: Response text follows:
Opening text file forecast.txt for replacement
Writing text file forecast.txt
Write complete
2026-07-21 01:05:47.960 Information PHP UploadFile: Success
2026-07-21 01:05:47.968 Information Thrifty: True - YADR - Upload for only current year 2026
2026-07-21 01:05:47.969 Information UploadFile: Starting utils/YadrHum2026.txt => YadrHum2026.txt
2026-07-21 01:05:47.969 Information Upload File values: localfile: utils/YadrHum2026.txt
2026-07-21 01:05:47.969 Information Upload File values: remotefile: YadrHum2026.txt
2026-07-21 01:05:47.969 Information PHP Upload: starting utils/YadrHum2026.txt
2026-07-21 01:05:47.970 Information Incremental = False; filename = YadrHum2026.txt; ext = .txt; HoursInGraph = 72
2026-07-21 01:05:48.014 Information InetPhp: YadrHum2026.txt: Response code = 200: OK
2026-07-21 01:05:48.014 Information InetPhp: YadrHum2026.txt: Response text follows:
Opening text file YadrHum2026.txt for replacement
Writing text file YadrHum2026.txt
Write complete
2026-07-21 01:05:48.014 Information PHP UploadFile: Success
2026-07-21 01:05:48.014 Information UploadFile: Starting utils/YadrTemp2026.txt => YadrTemp2026.txt
2026-07-21 01:05:48.014 Information Upload File values: localfile: utils/YadrTemp2026.txt
2026-07-21 01:05:48.014 Information Upload File values: remotefile: YadrTemp2026.txt
2026-07-21 01:05:48.014 Information PHP Upload: starting utils/YadrTemp2026.txt
2026-07-21 01:05:48.030 Information Incremental = False; filename = YadrTemp2026.txt; ext = .txt; HoursInGraph = 72
2026-07-21 01:05:48.074 Information InetPhp: YadrTemp2026.txt: Response code = 200: OK
2026-07-21 01:05:48.075 Information InetPhp: YadrTemp2026.txt: Response text follows:
Opening text file YadrTemp2026.txt for replacement
Writing text file YadrTemp2026.txt
Write complete
2026-07-21 01:05:48.075 Information PHP UploadFile: Success
2026-07-21 01:05:48.075 Information UploadFile: Starting utils/YadrWind2026.txt => YadrWind2026.txt
2026-07-21 01:05:48.075 Information Upload File values: localfile: utils/YadrWind2026.txt
2026-07-21 01:05:48.075 Information Upload File values: remotefile: YadrWind2026.txt
2026-07-21 01:05:48.075 Information PHP Upload: starting utils/YadrWind2026.txt
2026-07-21 01:05:48.120 Information Incremental = False; filename = YadrWind2026.txt; ext = .txt; HoursInGraph = 72
2026-07-21 01:05:48.160 Information InetPhp: YadrWind2026.txt: Response code = 200: OK
2026-07-21 01:05:48.160 Information InetPhp: YadrWind2026.txt: Response text follows:
Opening text file YadrWind2026.txt for replacement
Writing text file YadrWind2026.txt
Write complete
2026-07-21 01:05:48.160 Information PHP UploadFile: Success
2026-07-21 01:05:48.160 Information UploadFile: Starting utils/YadrRain2026.txt => YadrRain2026.txt
2026-07-21 01:05:48.160 Information Upload File values: localfile: utils/YadrRain2026.txt
2026-07-21 01:05:48.160 Information Upload File values: remotefile: YadrRain2026.txt
2026-07-21 01:05:48.161 Information PHP Upload: starting utils/YadrRain2026.txt
2026-07-21 01:05:48.162 Information Incremental = False; filename = YadrRain2026.txt; ext = .txt; HoursInGraph = 72
2026-07-21 01:05:48.199 Information InetPhp: YadrRain2026.txt: Response code = 200: OK
2026-07-21 01:05:48.199 Information InetPhp: YadrRain2026.txt: Response text follows:
Opening text file YadrRain2026.txt for replacement
Writing text file YadrRain2026.txt
Write complete
2026-07-21 01:05:48.199 Information PHP UploadFile: Success
2026-07-21 01:05:48.199 Information UploadFile: Starting utils/YadrPress2026.txt => YadrPress2026.txt
2026-07-21 01:05:48.200 Information Upload File values: localfile: utils/YadrPress2026.txt
2026-07-21 01:05:48.200 Information Upload File values: remotefile: YadrPress2026.txt
2026-07-21 01:05:48.200 Information PHP Upload: starting utils/YadrPress2026.txt
2026-07-21 01:05:48.201 Information Incremental = False; filename = YadrPress2026.txt; ext = .txt; HoursInGraph = 72
2026-07-21 01:05:48.244 Information InetPhp: YadrPress2026.txt: Response code = 200: OK
2026-07-21 01:05:48.244 Information InetPhp: YadrPress2026.txt: Response text follows:
Opening text file YadrPress2026.txt for replacement
Writing text file YadrPress2026.txt
Write complete
2026-07-21 01:05:48.244 Information PHP UploadFile: Success
2026-07-21 01:05:48.244 Information UploadFile: Starting utils/YadrWindrun2026.txt => YadrWindrun2026.txt
2026-07-21 01:05:48.244 Information Upload File values: localfile: utils/YadrWindrun2026.txt
2026-07-21 01:05:48.244 Information Upload File values: remotefile: YadrWindrun2026.txt
2026-07-21 01:05:48.244 Information PHP Upload: starting utils/YadrWindrun2026.txt
2026-07-21 01:05:48.245 Information Incremental = False; filename = YadrWindrun2026.txt; ext = .txt; HoursInGraph = 72
2026-07-21 01:05:48.285 Information InetPhp: YadrWindrun2026.txt: Response code = 200: OK
2026-07-21 01:05:48.285 Information InetPhp: YadrWindrun2026.txt: Response text follows:
Opening text file YadrWindrun2026.txt for replacement
Writing text file YadrWindrun2026.txt
Write complete
2026-07-21 01:05:48.285 Information PHP UploadFile: Success
2026-07-21 01:05:48.300 Information UploadFile: Starting utils/systeminfoTable.txt => systeminfoTable.txt
2026-07-21 01:05:48.300 Information Upload File values: localfile: utils/systeminfoTable.txt
2026-07-21 01:05:48.300 Information Upload File values: remotefile: systeminfoTable.txt
2026-07-21 01:05:48.300 Information PHP Upload: starting utils/systeminfoTable.txt
2026-07-21 01:05:48.300 Information Incremental = False; filename = systeminfoTable.txt; ext = .txt; HoursInGraph = 72
2026-07-21 01:05:48.334 Information InetPhp: systeminfoTable.txt: Response code = 200: OK
2026-07-21 01:05:48.334 Information InetPhp: systeminfoTable.txt: Response text follows:
Opening text file systeminfoTable.txt for replacement
Writing text file systeminfoTable.txt
Write complete
2026-07-21 01:05:48.334 Information PHP UploadFile: Success
2026-07-21 01:05:48.334 All done, Entering the finally section...; Closing down.
2026-07-21 01:05:48.334 Disposing Isup...
2026-07-21 01:05:48.334 Disposing Sup...
