2026-07-22 05:11:02.123 Information According to Inifile Info => Error: True, Warning: True, Info: True, Verbose: False, 
2026-07-22 05:11:02.147 CumulusUtils Initial: Shutting down the default listener
2026-07-22 05:11:02.147 Information Cumul2026-07-22 05:11:02.153 CumulusUtils Initial: Shutti2026-07-22 05:11:02.201  CUstrings[xx].ini : CUstringsEN.ini looked for.
2026-07-22 05:11:02.227  CumulusUtils version: 7.1.1 
2026-07-22 05:11:02.227  CuSupport constructor : Unit Wind (m/s, mph2026-07-22 05:11:02.230  CumulusUtils version: 7.1.1 
2026-07-22 05:11:02.230  CuSupport constructor : Unit Wind (m/s, mph, km/h, kts): mph
2026-07-22 05:11:02.231  CuSupp2026-07-22 05:11:02.232  CuSupport constructor : Unit T (C,F): °C
2026-07-22 05:11:02.233  CuSupport constructor : Unit Distance (m, mi, km, kn): mi
2026-07-22 05:11:02.233  CuSupport constructor : Unit Height (m, ft): ft
2026-07-22 05:11:02.248 InetSupport: Constructor starting
2026-07-22 05:11:02.314 CumulusUtils : ----------------------------
2026-07-22 05:11:02.314 CumulusUtils : Entering Main
2026-07-22 05:11:02.323 HelpTexts: starting
2026-07-22 05:11:02.366 Information HelpTexts Contructor: stop
2026-07-22 05:11:02.414 CommandLineArgs : starting
2026-07-22 05:11:02.414  CommandLineArgs : handling arg: sysinfo
2026-07-22 05:11:02.414  CommandLineArgs : handling arg: UserAskedData
2026-07-22 05:11:02.414  CommandLineArgs : handling arg: UserReports
2026-07-22 05:11:02.415 Dayfile: Reading the dayfile.txt...
2026-07-22 05:11:02.503 Information CumulusUtils : Read dayfile.txt succesfully - 930 records
2026-07-22 05:11:02.527 Information SystemStatus : starting
2026-07-22 05:11:02.559 Information GetUrlData Start: URL - http://localhost:8998/api/tags/process.json?version&build&ProgramUpTime&NewBuildAvailable&NewBuildNumber&CpuCount&CPUTemp 
2026-07-22 05:11:02.981 CumulusMX Version: 4.5.2 build 4105
2026-07-22 05:11:02.985 Information  SystemStatus: Found device 12 GW1000/Ecowitt Local API
2026-07-22 05:11:02.986 Inform2026-07-22 05:11:02.991 Information  2026-07-22 05:11:02.993 Information  PostUrlData Start:2026-07-22 05:11:02.996 Information ReplaceWebtagsPostAsync start:
2026-07-22 05:11:03.000 Information  PostUrl2026-07-22 05:11:03.038 Information PostUrlData success response : OK - OK
2026-07-22 05:11:03.047 SystemStatus : DoingUnix
2026-07-22 05:11:03.053 Information SystemStatus : DoingUnix Start
2026-07-22 05:11:03.056 Information StartProcess cat /etc/os-release
2026-07-22 05:11:03.067 Information StartProcess cat: output=PRETTY_NAME="Debian GNU/Linux 12 (bookworm)"
2026-07-22 05:112026-07-22 05:11:03.073 Information StartProcess cat: output=PRETTY_NAME="Debian GNU/Linux 12 (bookworm)"
2026-07-22 05:11:03.073 Information StartProcess cat: output=NAME="Debian GNU/Linux"
2026-07-22 05:11:03.073 Information StartProcess cat: output=VERSION_ID="12"
2026-07-22 05:11:03.073 Information StartProcess cat: output=VERSION="12 (bookworm)"
2026-07-22 05:11:03.073 Information StartProcess cat: output=VERSION_CODENAME=bookworm
2026-07-22 05:11:03.073 Information StartProcess cat: output=ID=debian
2026-07-22 05:11:03.073 Information StartProcess cat: output=HOME_URL="https://www.debian.org/"
2026-07-22 05:11:03.073 Information StartProcess cat: output=SUPPORT_URL="https://www.debian.org/support"
2026-07-22 05:11:03.073 Information StartProcess cat: output=BUG_REPORT_URL="https://bugs.debian.org/"
2026-07-22 05:11:03.074 Information Found Linux NAME: PRETTY_NAME="Debian GNU/Linux 12 (bookworm)"
22026-07-22 05:11:03.078 Information StartProcess uptime: output=up 3 weeks, 4 days, 9 hours, 37 minutes
2026-07-22 05:11:02026-07-22 05:11:03.085 Information StartProcess uptime: output=up 3 weeks, 4 days, 9 hours, 37 minutes
2026-07-22 05:11:03.085 Information StartProcess lshw -quiet -class system
2026-07-22 05:11:03.088 Error System/Processor: Unknown (exception) - An error occurred trying to start process 'lshw' with working directory '/opt/CumulusMX'. No such file or directory
2026-07-22026-07-22 05:11:03.089 Information StartProcess uname: output=Linux 6.1.0-23-amd64 x86_64
2026-07-22 05:11:03.090 Informa2026-07-22 05:11:03.091 Informati2026-07-22 05:11:03.117 Information StartProcess lsb_release: output=Distributor ID:	Debian
2026-07-22 05:11:03.118 Inform2026-07-22 05:11:03.121 Information StartProcess lsb_release: output=Distributor ID:	Debian
2026-07-22 05:11:03.121 Information StartProcess lsb_release: output=Description:	Debian GNU/Linux 12 (bookworm)
2026-07-22 05:11:03.121 Information StartProcess lsb_release: output=Release:	12
2026-07-22 05:11:03.121 Information St2026-07-22 05:11:03.128 Information StartProcess dotnet: output=Microsoft.NETCore.App 8.0.8 [/usr/share/dotnet/shared/Microsoft.NETCore.App]
2026-07-22 05:11:03.128 Information StartProcess free -m
2026-07-22 05:11:03.131 Information StartProcess free: output=               total        used        free      shared  bu2026-07-22 05:11:03.135 Information StartProcess free: output=               total        used        free      shared  buff/cache   available
2026-07-22 05:11:03.135 Information StartProcess free: output=Mem:             960         363         517          31         251         597
2026-07-22 05:11:03.135 Information StartProcess free: ou2026-07-22 05:11:03.138 Information StartProcess df: output=Filesystem     Type  Size  Used Avail Use% Mounted on
2026-07-2026-07-22 05:11:03.145 Information StartProcess df: output=Filesystem     Type  Size  Used Avail Use% Mounted on
2026-07-22 05:11:03.145 Infor2026-07-22 05:11:03.159 Information MapsOn: Starting
2026-07-22 05:11:03.166 Information  MapsOn: Adding Station: Westlands
2026-07-22 05:11:03.178 Information MapsOn: Before testing DoneToday after parsing: 21/07/2026 10:31:03 
2026-07-22 05:11:2026-07-22 05:11:03.184 Information MapsOn: Before testing DoneToday after parsing: 21/07/2026 10:31:03 
2026-07-22 052026-07-22 05:11:03.197 Information DateIsToday: thisSpan: 18:40:00.1791686 | thisSpan.TotalDays = 0.7777798514884259
2026-07-22 05:11:03.197 Information MapsOn: Must NOT send signature, has been done already : 2026-07-21T10:31:03
2026-07-22 05:11:03.197 Information Fetch Map: Fetching the generated map
2026-07-22 05:11:03.197 Information GetUrlData Start: URL - https://meteo-wagenborgen.nl/maps.txt 
2026-07-22 05:11:04.128 Information Main: <!--
 This file is generated as part of CumulusUti
2026-07-22 05:11:04.129 Info2026-07-22 05:11:04.151 Information Main: <!--
 This file is generated as part of CumulusUti
2026-07-22 05:11:042026-07-22 05:11:04.160 Information CustomLogs constructor: starting
2026-07-22 05:11:04.177 Information CustomLogs Webta2026-07-22 05:11:04.183 Information CustomLogs constructor: starting
2026-07-22 05:11:04.204 Information CustomLogs WebtagInfo constructor: number of defined Webtag Units: 400, everything OK. 
2026-07-22 05:11:04.205 Information Custom Logs constructor: stop
2026-07-22 05:11:04.229 DefineUsercharts: Parsing User charts definitions - starting
2026-07-22 05:11:04.229 Information Parsing User Charts Definitions : Chart Overview'
2026-07-22 05:11:04.242 Information Parsing User Charts Definitions : Chart Temperature'
2026-07-22 05:11:04.242 Information Parsing User Charts Definitions : Chart Wind'
2026-07-22 05:11:04.242 Information Parsing User Charts Definitions : Chart WindDirection'
2026-07-22 05:11:04.242 Information Parsing User Charts Definitions : Chart Rain'
2026-07-22 05:11:04.242 Information Parsing User Charts Definitions : Chart Humidity'
2026-07-22 05:11:04.242 Information Parsing User Charts Definitions : Chart Solar'
2026-07-22 05:11:04.242 Information Parsing User Charts Definitions : Chart DailyTemp'
2026-07-22 05:11:04.242 Information Parsing User Charts Definitions : Chart DailyP2026-07-22026-07-22 05:11:04.252 Information Parsing User Charts: Evaluating Expression '(MinBarometer+MaxBarometer)/2'.
2026-07-22 05:11:04.271 Generating Compiler UserAskedData: Starting
2026-07-22 05:11:04.276 Information GenerateUserAskedData: timeStart = 22/07/2026 05:02:00; timeEnd = 22/07/2026 05:11:00
2026-07-22 05:11:04.277 Monthfile constructor: Using fixed path: | data/ |; file: | *log.txt
2026-07-22 05:11:042026-07-22 05:11:04.596 Information ReadMonthlyLogs: End
2026-07-22 05:11:04.607 Information Generate UserAskedData: DoneToday = 21/07/2026 19:11:04.
2026-07-22 05:11:04.607 Info2026-07-22 05:11:04.620 Information Generate UserAskedData: DoneToday = 21/07/2026 19:11:04.
2026-07-22 05:11:04.620 Information DateIsToday for thisDate: 21/07/2026 19:11:04 | thisDate.DayOfYear: 202 versus Now.DayOfYear: 203)
2026-07-22 05:11:04.620 Information DateIsToday: thisSpan: 10:00:00.6207601 | thisSpan.TotalDays = 0.4166738513900463
2026-07-22 05:11:04.620 Information Generate UserAskedData: Must NOT generate the ALL Range.
2026-07-22 05:11:04.620 Information Generate UserAskedData - Loop over Chart: Overview)
2026-07-22 05:11:04.621 Information Generate UserAskedData - Testing temp into tempdata.json (Range is Recent)
2026-07-22 05:11:04.621 Information Generate UserAskedData - Testing dew into tempdata.json (Range is Recent)
2026-07-22 05:11:04.621 Information Generate UserAskedData - Testing press into pressdata.json (Range is Recent)
2026-07-22 05:11:04.621 Information Generate UserAskedData - Testing hum into humdata.json (Range is Recent)
2026-07-22 05:11:04.621 Information Generate UserAskedData - Testing SolarRad into solardata.json (Range is Recent)
2026-07-22 05:11:04.621 Information Generate UserAskedData - Testing rfall into raindata.json (Range is Recent)
2026-07-22 05:11:04.621 Information Generate UserAskedData - Loop over Chart: Temperature)
2026-07-22 05:11:04.621 Information Generate UserAskedData - Testing intemp into tempdata.json (Range is Recent)
2026-07-22 05:11:04.621 Information Generate UserAskedData - Testing temp into tempdata.json (Range is Recent)
2026-07-22 05:11:04.621 Information Generate UserAskedData - Testing feelslike into tempdata.json (Range is Recent)
2026-07-22 05:11:04.622 Information Generate UserAskedData - Testing dew into tempdata.json (Range is Recent)
2026-07-22 05:11:04.622 Information Generate UserAskedData - Loop over Chart: Wind)
2026-07-22 05:11:04.622 Information Generate UserAskedData - Testing wgust into winddata.json (Range is Recent)
2026-07-22 05:11:04.622 Information Generate UserAskedData - Testing wspeed into winddata.json (Range is Recent)
2026-07-22 05:11:04.622 Information Generate UserAskedData - Loop over Chart: WindDirection)
2026-07-22 05:11:04.622 Information Generate UserAskedData - Testing bearing into wdirdata.json (Range is Recent)
2026-07-22 05:11:04.622 Information Generate UserAskedData - Testing avgbearing into wdirdata.json (Range is Recent)
2026-07-22 05:11:04.622 Information Generate UserAskedData - Loop over Chart: Rain)
2026-07-22 05:11:04.622 Information Generate UserAskedData - Testing rfall into raindata.json (Range is Recent)
2026-07-22 05:11:04.622 Information Generate UserAskedData - Testing rrate into raindata.json (Range is Recent)
2026-07-22 05:11:04.622 Information Generate UserAskedData - Loop over Chart: Humidity)
2026-07-22 05:11:04.622 Information Generate UserAskedData - Testing hum into humdata.json (Range is Recent)
2026-07-22 05:11:04.622 Information Generate UserAskedData - Testing inhum into humdata.json (Range is Recent)
2026-07-22 05:11:04.622 Information Generate UserAskedData - Loop over Chart: Solar)
2026-07-22 05:11:04.622 Information Generate UserAskedData - Testing UV into solardata.json (Range is Recent)
2026-07-22 05:11:04.622 Information Generate UserAskedData - Testing SolarRad into solardata.json (Range is Recent)
2026-07-22 05:11:04.622 Information Generate UserAskedData - Testing CurrentSolarMax into solardata.json (Range is Recent)
2026-07-22 05:11:04.622 Information Generate UserAskedData - Loop over Chart: DailyTemp)
2026-07-22 05:11:04.622 Information Generate UserAskedData - Testing avgTemp into alldailytempdata.json (Range is Daily)
2026-07-22 05:11:04.622 Information Generate UserAskedData - Testing avgTemp into alldailytempdata.json (Range is Daily)
2026-07-22 05:11:04.622 Information Generate UserAskedData - Loop over Chart: DailyPressure)
2026-07-22 05:11:04.622 Information Generate UserAskedData - Testing minBaro into alldailypressdata.json (Range is Daily)
2026-07-22 05:11:04.622 Information Generate UserAskedData - Testing  into  (Range is Daily)
2026-07-22 05:11:04.622 Information DoAirLink / AirQualitySensor  = False / False
2026-07-22 05:11:04.622 Informatio2026-07-22 05:11:04.753 Information PHP upload does not support compression
2026-07-22 05:11:04.754 Information UploadFi2026-07-22 05:11:04.761 Information PHP upload does not support compression
2026-07-22 05:11:04.761 Information UploadFile: Starting utils/maps.txt => maps.txt
2026-07-22 05:11:04.761 Information Upload File values: localfile: utils/maps.txt
2026-07-22 05:11:04.761 Information Upload File values: remotefile: maps.txt
2026-07-22 05:11:04.769 Information PHP Upload: starting uti2026-07-22 05:11:04.841 Information InetPhp: maps.txt: Response code = 200: OK
2026-07-22 05:11:04.841 Information InetP2026-07-22 05:11:04.849 Information InetPhp: maps.txt: Response code = 200: OK
2026-07-22 05:11:04.849 Information InetPhp: maps.txt: Response text follows:
Opening text file maps.txt for replacement
Writing text file maps.txt
Write complete
2026-07-22 05:11:04.850 Information PHP UploadFile: Success
2026-07-22 05:11:04.850 Information UploadFile: Starting utils/systeminfoTable.txt => systeminfoTable.txt
2026-07-22 05:11:04.850 Information Upload File values: localfile: utils/systeminfoTable.txt
2026-07-22 05:11:04.850 Information Upload File values: remotefile: systeminfoTable.txt
2026-07-22 05:11:04.850 Information PHP Upload: starting utils/systeminfoTable.txt2026-07-22 05:11:04.871 Information InetPhp: systeminfoTable.txt: Response code = 200: OK
2026-07-22 05:11:04.871 Inform2026-07-22 05:11:04.882 Information InetPhp: systeminfoTable.txt: Response code = 200: OK
2026-07-22 05:11:04.882 Information InetPhp: systeminfoTable.txt: Response text follows:
Opening text file systeminfoTable.txt for replacement
Writing text file systeminfoTable.txt
Write complete
2026-07-22 05:11:04.882 Information PHP UploadFile: Success
2026-07-22 05:11:04.882 All done, Entering the finally section...; Closing down.
2026-07-22 05:11:04.882 Disposing Isup...
2026-07-22 05:11:04.883 Disposing Sup...
