2026-07-21 03:31:01.420 Information According to Inifile Info => Error: True, Warning: True, Info: True, Verbose: False, 
2026-07-21 03:31:01.457 CumulusUtils Initial: Shutting down the default listener
2026-07-21 03:31:01.457 Information Cumul2026-07-21 03:31:01.461 CumulusUtils Initial: Shutti2026-07-21 03:31:01.509  CUstrings[xx].ini : CUstringsEN.ini looked for.
2026-07-21 03:31:01.535  CumulusUtils version: 7.1.1 
2026-07-21 03:31:01.535  CuSupport constructor : Unit Wind (m/s, mph2026-07-21 03:31:01.542  CumulusUtils version: 7.1.1 
2026-07-21 03:31:01.542  CuSupport constructor : Unit Wind (m/s, mph, km/h, kts): mph
2026-07-21 03:31:01.543  CuSupport constructor : Unit Pressure (mb,hPa,inHg): hPa
2026-07-21 03:31:01.543  CuSupport constructor : Unit Rain (mm,in): mm
2026-07-21 03:31:01.543  CuSupport constructor : Unit T (C,F): °C
2026-07-21 03:31:01.544  CuSupport2026-07-21 03:31:01.557 InetSupport: Constructor starting
2026-07-21 03:31:01.619 CumulusUtils : ----------------------------
2026-07-21 03:31:01.619 CumulusUtils : Entering Main
2026-07-21 03:31:01.627 HelpTexts: starting
2026-07-21 03:31:01.668 Information HelpTexts Contructor: stop
2026-07-21 03:31:01.717 CommandLineArgs : starting
2026-07-21 03:31:01.717  CommandLineArgs : handling arg: sysinfo
2026-02026-07-21 03:31:01.733 CommandLineArgs : starting
2026-07-21 03:31:01.733  CommandLineArgs : handling arg: sysinfo
2026-07-21 03:31:01.733  CommandLineArgs : handling arg: UserAskedData
2026-072026-07-21 03:31:01.812 Information CumulusUtils : Read dayfile.txt succesfully - 929 records
2026-07-21 03:31:01.837 Information SystemStatus : starting
2026-07-21 03:31:01.864 Information GetUrlData Start: URL - http://localhost:8998/api/tags/process.json?version&build&Prog2026-07-21 03:31:01.885 Information GetUrlData Start: URL - h2026-07-21 03:31:02.276 CumulusMX Version: 4.5.2 build 4105
2026-07-21 03:31:02.289 Information  SystemStatus: Found devic2026-07-21 03:31:02.296 CumulusMX Version: 4.5.2 build 4105
2026-07-21 03:31:02.303 Information  SystemStatus: Found device 12 GW1000/Ecowitt Local API
2026-07-21 03:31:02.308 Information ReplaceWebtagsPostAsync start:
2026-07-21 03:31:02.310 Information  PostUrl2026-07-21 03:31:02.332 Information PostUrlData success response : OK - OK
2026-07-21 03:31:02.343 SystemStatus : DoingUni2026-07-21 03:31:02.355 Information PostUrlData success response : OK2026-02026-07-21 03:31:02.361 SystemStatus : DoingUnix
2026-07-21 03:2026-07-21 03:31:02.369 Information StartProcess cat:2026-07-21 03:31:02.373 Information StartProcess cat /etc/os-release
2026-07-21 03:31:02.386 Information StartProcess cat: output=PRETTY_NAME="Debian GNU/Linux 12 (bookworm)"
2026-07-21 03:31:02.387 Information StartProcess cat: output=NAME="Debian GNU/Linux"
2026-07-21 03:31:02.387 Information StartProcess cat: output=VERSION_ID="12"
2026-07-21 03:31:02.387 Information StartProcess cat: output=VERSION="12 (bookworm)"
2026-07-21 03:31:02.387 Information StartProcess cat: output=VERSION_CODENAME=bookworm
2026-07-21 03:31:02.387 Information StartProcess cat: output=ID=debian
2026-07-21 03:31:02.387 Information StartProcess cat: output=HOME_URL="https://www.debian.org/"
2026-07-21 03:31:02.387 Information StartProcess cat: output=SUPPORT_URL="https://www.debian.org/support"
2026-07-21 03:31:02.387 Information StartProcess cat: output=BUG_REPORT_URL="https://bugs.debian.org/"
2026-07-21 03:31:02.388 Information Found Linux NAME: PRETTY_NAME="Debian GNU/Linux 12 (bookworm)"
2026-07-21 03:31:02.389 Information Using Linux dialect: Debian
2026-07-21 03:31:02.389 Information StartProcess uptime -p
2026-07-21 03:31:02.394 Information StartProcess uptime: output=up 3 weeks, 3 days, 7 hours, 57 minutes
2026-07-21 03:31:02.396 Information StartProcess lshw -quiet -class system
2026-07-21 03:31:02.399 Error System/Processor: Unknown (exception) - An error occurred trying to start process 'lshw' with working directory '/opt/CumulusMX'. No such file or directory
2026-07-21 03:31:02.399 Please install lshw (apt-get install lshw)
2026-07-21 03:31:02.399 Information StartProcess uname -s -r -m
2026-07-21 03:31:02.401 Informati2026-07-21 03:31:02.423 Information StartProcess lsb_release: output=Distributor ID:	Debian
2026-07-21 03:31:02.423 Inform2026-07-21 03:31:02.433 Information StartProcess lsb_release: output=Distributor ID:	Debian
2026-07-21 03:31:02.433 Information StartProcess lsb_release: output=Description:	Debian GNU/Linux 12 (bookworm)
2026-07-21 03:31:02.433 Information StartProcess lsb_release: output=Release:	12
2026-07-21 03:31:02.433 Information StartProcess lsb_release: output=Codename:	bookworm
2026-07-21 03:31:02.433 Information StartProcess dotnet --list-runtimes
2026-07-21 03:31:02.440 Information StartProcess dotnet: output=Microsoft.NETCore.App 8.0.8 [/usr/share/dotnet/shared/Microsoft.NETCore.App]
2026-07-21 03:31:02.441 Information StartProcess free -m
2026-07-21 03:31:02.451 Information StartProcess free: output=               total        used        free      shared  buff/cache   available
2026-07-21 03:31:02.451 Information StartProcess free: output=Mem:             960         362         538          29         227         598
2026-07-21 03:31:02.451 Information StartProcess free: output=Swap:            974          79         895
2026-07-21 03:31:02.457 Information StartProcess df -T -text4 -tvfat -h
2026-07-21 03:31:02.461 Information StartProcess df: output=Filesystem     Type  Size  Used Avail Use% Mounted on
2026-07-21 03:31:02.461 Information StartProcess df: output=/dev/sda1      ext4   2026-07-21 03:31:02.468 Information  MapsOn: Adding Station: Westland2026-07-21 03:31:02.483 Information MapsOn: Starting
2026-07-21 03:31:02.491 Information  MapsOn: Adding Station: Westlands
2026-07-21 03:31:02.506 Information MapsOn: Before testing DoneToday after parsing: 20/07/2026 10:31:03 
2026-07-21 03:31:02.506 Information DateIsToday for thisDate: 20/07/2026 10:31:03 | thisDate.DayOfYear: 201 versus Now.DayOfYear: 202)
2026-07-21 03:31:02.515 Information DateIsToday: thisSpan: 16:59:59.5068006 | thisSpan.TotalDays = 0.7083276250069445
2026-07-21 03:31:02.515 Information MapsOn: Must NOT send signature, has been done already : 2026-07-20T10:31:03
2026-07-21 03:31:02.515 Information Fetch Map: Fetc2026-07-21 03:31:03.465 Information Main: <!--
 This file is generated as part of CumulusUti
2026-07-21 03:31:03.466 Information UserAskedData Starting...
2026-07-21 03:31:03.466 Information UserAskedData Doing the compiler stuff...
2026-07-21 03:31:03.498 Information CustomLogs constructor: starting
2026-07-21 03:31:03.518 Information CustomLogs WebtagInfo constructor: number of defined Webtag Units: 400, everything OK. 
2026-07-21 03:31:03.525 Information Custom Logs constructor: stop
2026-07-21 03:31:03.549 DefineUsercharts: Parsing User charts definitions - starting
2026-07-21 03:31:03.550 Information Parsing User Charts Definitions : Chart Overview'
2026-07-21 03:31:03.566 Information Parsing User Charts Definitions : Chart Temperature'
2026-07-21 03:31:03.567 Information Parsing User Charts Definitions : Chart Wind'
2026-07-21 03:31:03.567 Information Parsing User Charts Definitions : Chart WindDirection'
2026-07-21 03:31:03.567 Information Parsing User Charts Definitions : Chart Rain'
2026-07-21 03:31:03.567 Information Parsing User Charts Definitions : Chart Humidity'
2026-07-21 03:31:03.567 Information Parsing User Charts Definitions : Chart Solar'
2026-07-21 03:31:03.567 Information Parsing User Charts Definitions : Chart DailyTemp'
2026-07-21 03:31:03.567 Information Parsing User Charts Definitions : Chart DailyPressure'
2026-07-21 03:31:03.570 Information Parsing User Charts: Evaluating Expression '(MinBarometer+MaxBarometer)/2'.
2026-07-21 03:31:03.596 Generating Compiler UserAskedData: Starting
2026-07-21 03:31:03.597 Information GenerateUserAskedData: timeStart = 21/07/2026 03:22:00; timeEnd = 21/07/2026 03:31:00
2026-07-21 03:31:03.598 Monthfile constructor: Using fixed path: | data/ |; file: | *log.txt
2026-07-21 03:31:03.600 ReadPartialMonthlyLogs: Starting.
2026-07-21 03:31:03.617 Information ReadPartialMonthlyLogs: reading 202607log.txt
2026-07-21 03:31:03.920 Information ReadMonthlyLogs: End
2026-07-21 03:31:03.935 Information Generate UserAskedData: DoneToday = 20/07/2026 19:01:04.
2026-07-21 03:31:03.935 Information DateIsToday for thisDate: 20/07/2026 19:01:04 | thisDate.DayOfYear: 201 versus Now.DayOfYear: 202)
2026-07-21 03:31:03.935 Information DateIsToday: thisSpan: 08:29:59.9354667 | thisSpan.TotalDays = 0.3541659197534722
2026-07-21 03:31:03.935 Information Generate UserAskedData: Must NOT generate the ALL Range.
2026-07-21 03:31:03.935 Information Generate UserAskedData - Loop over Chart: Overview)
2026-07-21 03:31:03.936 Information Generate UserAskedData - Testing temp into tempdata.json (Range is Recent)
2026-07-21 03:31:03.936 Information Generate UserAskedData - Testing dew into tempdata.json (Range is Recent)
2026-07-21 03:31:03.936 Information Generate UserAskedData - Testing press into pressdata.json (Range is Recent)
2026-07-21 03:31:03.936 Information Generate UserAskedData - Testing hum into humdata.json (Range is Recent)
2026-07-21 03:31:03.936 Information Generate UserAskedData - Testing SolarRad into solardata.json (Range is Recent)
2026-07-21 03:31:03.936 Information Generate UserAskedData - Testing rfall into raindata.json (Range is Recent)
2026-07-21 03:31:03.936 Information Generate UserAskedData - Loop over Chart: Temperature)
2026-07-21 03:31:03.936 Information Generate UserAskedData - Testing intemp into tempdata.json (Range is Recent)
2026-07-21 03:31:03.936 Information Generate UserAskedData - Testing temp into tempdata.json (Range is Recent)
2026-07-21 03:31:03.936 Information Generate UserAskedData - Testing feelslike into tempdata.json (Range is Recent)
2026-07-21 03:31:03.936 Information Generate UserAskedData - Testing dew into tempdata.json (Range is Recent)
2026-07-21 03:31:03.936 Information Generate UserAskedData - Loop over Chart: Wind)
2026-07-21 03:31:03.936 Information Generate UserAskedData - Testing wgust into winddata.json (Range is Recent)
2026-07-21 03:31:03.936 Information Generate UserAskedData - Testing wspeed into winddata.json (Range is Recent)
2026-07-21 03:31:03.936 Information Generate UserAskedData - Loop over Chart: WindDirection)
2026-07-21 03:31:03.936 Information Generate UserAskedData - Testing bearing into wdirdata.json (Range is Recent)
2026-07-21 03:31:03.937 Information Generate UserAskedData - Testing avgbearing into wdirdata.json (Range is Recent)
2026-07-21 03:31:03.937 Information Generate UserAskedData - Loop over Chart: Rain)
2026-07-21 03:31:03.937 Information Generate UserAskedData - Testing rfall into raindata.json (Range is Recent)
2026-07-21 03:31:03.937 Information Generate UserAskedData - Testing rrate into raindata.json (Range is Recent)
2026-07-21 03:31:03.937 Information Generate UserAskedData - Loop over Chart: Humidity)
2026-07-21 03:31:03.937 Information Generate UserAskedData - Testing hum into humdata.json (Range is Recent)
2026-07-21 03:31:03.937 Information Generate UserAskedData - Testing inhum into humdata.json (Range is Recent)
2026-07-21 03:31:03.937 Information Generate UserAskedData - Loop over Chart: Solar)
2026-07-21 03:31:03.937 Information Generate UserAskedData - Testing UV into solardata.json (Range is Recent)
2026-07-21 03:31:03.937 Information Generate UserAskedData - Testing SolarRad into solardata.json (Range is Recent)
2026-07-21 03:31:03.937 Information Generate UserAskedData - Testing CurrentSolarMax into solardata.json (Range is Recent)
2026-07-21 03:31:03.937 Information Generate UserAskedData - Loop over Chart: DailyTemp)
2026-07-21 03:31:03.937 Information Generate UserAskedData - Testing avgTemp into alldailytempdata.json (Range is Daily)
2026-07-21 03:31:03.937 Information Generate UserAskedData - Testing avgTemp into alldailytempdata.json (Range is Daily)
2026-07-21 03:31:03.937 Information Generate UserAskedData - Loop over Chart: DailyPressure)
2026-07-21 03:31:03.937 Information Generate UserAskedData - Testing minBaro into alldailypressdata.json (Range is Daily)
2026-07-21 03:31:03.937 Information Generate UserAskedData - Testing  into  (Range is Daily)
2026-07-21 03:31:03.937 Information DoAirLink / AirQualitySensor  = False / False
2026-07-21 03:31:03.937 Information Uploading = maps.txt
2026-07-21 03:31:03.944 Testing PHP upload compression on https://jpickles.com/cutils/upload.php
2026-07-21 03:31:04.069 Information PHP upload does not support compression
2026-07-21 03:31:04.069 Information UploadFile: Starting utils/maps.txt => maps.txt
2026-07-21 03:31:04.069 Information Upload File values: localfile: utils/maps.txt
2026-07-21 03:31:04.069 Information Upload File values: remotefile: maps.txt
2026-07-21 03:31:04.077 Information PHP Upload: starting utils/maps.txt
2026-07-21 03:31:04.077 Information Incremental = False; filename = maps.txt; ext = .txt; HoursInGraph = 72
2026-07-21 03:31:04.159 Information InetPhp: maps.txt: Response code = 200: OK
2026-07-21 03:31:04.160 Information InetPhp: maps.txt: Response text follows:
Opening text file maps.txt for replacement
Writing text file maps.txt
Write complete
2026-07-21 03:31:04.160 Information PHP UploadFile: Success
2026-07-21 03:31:04.160 Information UploadFile: Starting utils/systeminfoTable.txt => systeminfoTable.txt
2026-07-21 03:31:04.160 Information Upload File values: localfile: utils/systeminfoTable.txt
2026-07-21 03:31:04.160 Information Upload File values: remotefile: systeminfoTable.txt
2026-07-21 03:31:04.160 Information PHP Upload: starting utils/systeminfoTable.txt
2026-07-21 03:31:04.160 Information Incremental = False; filename = systeminfoTable.txt; ext = .txt; HoursInGraph = 72
2026-07-21 03:31:04.195 Information InetPhp: systeminfoTable.txt: Response code = 200: OK
2026-07-21 03:31:04.195 Information InetPhp: systeminfoTable.txt: Response text follows:
Opening text file systeminfoTable.txt for replacement
Writing text file systeminfoTable.txt
Write complete
2026-07-21 03:31:04.195 Information PHP UploadFile: Success
2026-07-21 03:31:04.195 All done, Entering the finally section...; Closing down.
2026-07-21 03:31:04.195 Disposing Isup...
2026-07-21 03:31:04.196 Disposing Sup...
g the finally section...; Closing down.
2026-07-21 03:31:04.188 Disposing Isup...
2026-07-21 03:31:04.189 Disposing Sup...
