2026-07-21 15:51:01.618 Information According to Inifile Info => Error: True, Warning: True, Info: True, Verbose: False, 
2026-07-21 15:51:01.647 CumulusUtils Initial: Shutting down the default listener
2026-07-21 15:51:01.647 Information CumulusUtils Initial: Shutting down the default listener
2026-07-21 15:51:01.701  CUstrings[xx].ini : CUstringsEN.ini looked for.
2026-07-21 15:51:01.725  CumulusUtils version: 7.1.1 
2026-07-21 15:51:01.726  CuSupport constructor : Unit Wind (m/s, mph, km/h, kts): mph
2026-07-21 15:51:01.727  CuSupport constructor : Unit Pressure (mb,hPa,inHg): hPa
2026-07-21 15:51:01.727  CuSupport constructor : Unit Rain (mm,in): mm
2026-07-21 15:51:01.727  CuSupport constructor : Unit T (C,F): °C
2026-07-21 15:51:01.728  CuSupport constructor : Unit D2026-07-21 15:51:01.728  CuSupport constructor : Unit T (C,F): °C
2026-07-21 15:51:01.729  CuSupport2026-07-21 15:51:01.744 InetSupport: Constructor starting
2026-07-21 15:51:01.806 CumulusUtils : ----------------------------
2026-07-21 15:51:01.806 CumulusUtils : Entering Main
2026-07-21 15:51:01.819 HelpTexts: starting
2026-07-21 15:51:01.863 Information HelpTexts Contructor: stop
2026-07-21 15:51:01.913 CommandLineArgs : starting
2026-07-21 15:51:01.913  CommandLineArgs : handling arg: sysinfo
2026-02026-07-21 15:51:01.918 CommandLineArgs : starting
2026-07-21 15:51:01.918  CommandLineArgs : handling arg: sysinfo
2026-07-21 15:51:01.918  CommandLineArgs : handling arg: UserAskedData
2026-072026-07-21 15:51:02.009 Information CumulusUtils : Read dayfile.txt succesfully - 929 records
2026-07-21 15:51:02.033 Information SystemStatus : starting
2026-07-21 15:51:02.069 Information GetUrlData Start: URL - http://localhost:8998/api/tags/process.json?version&build&ProgramUpTime&NewBuildAvailable&NewBuildNumber&CpuCount&CPUTemp 
2026-07-21 15:51:02.498 CumulusMX Version: 4.5.2 build 4105
2026-07-21 15:51:02.507 Information  SystemStatus: Found device 12 GW1000/Ecowitt Local API
2026-07-21 15:51:02.517 Information ReplaceWebtagsPostAsync start:
2026-07-21 15:51:02.519 Information  PostUrlData Start: http://localhost:8998/api/tags/process.txt 
2026-07-21 15:51:02.519 Information PostUrlData Calling PostAsync
2026-07-21 15:51:02.565 Information PostUrlData success response : OK - OK
2026-07-21 15:51:02.569 SystemStatus : DoingUnix
2026-07-21 15:51:02.571 Information SystemStatus : DoingUnix Start
2026-07-21 15:51:02.577 Information StartProcess cat /etc/os-release
2026-07-21 15:51:02.592 Information StartProcess cat: output=PRETTY_NAME="Debian GNU/Linux 12 (bookworm)"
2026-07-21 15:51:02.592 Information StartProcess cat: output=NAME="Debian GNU/Linux"
2026-07-21 15:51:02.592 Information StartProcess cat: output=VERSION_ID="12"
2026-07-21 15:51:02.592 Information StartProcess cat: output=VERSION="12 (bookworm)"
2026-07-21 15:51:02.592 Information StartProcess cat: output=VERSION_CODENAME=bookworm
2026-07-21 15:51:02.592 Information StartProcess cat: output=ID=debian
2026-07-21 15:51:02.592 Information StartProcess cat: output=HOME_URL="https://www.debian.org/"
2026-07-21 15:51:02.592 Information StartProcess cat: output=SUPPORT_URL="https://www.debian.org/support"
2026-07-21 15:51:02.592 Information StartProcess cat: output=BUG_REPORT_URL="https://bugs.debian.org/"
2026-07-21 15:51:02.595 Information Found Linux NAME: PRETTY_NAME="Debian GNU/Linux 12 (bookworm)"
2026-07-21 15:51:02.596 Information Using Linux dialect: Debian
2026-07-21 15:51:02.596 Information StartProcess uptime -p
2026-07-21 15:51:02.602 Information StartProcess uptime: output=up 3 weeks, 3 days, 20 hours, 17 minutes
2026-07-21 15:51:02.602 Information StartProcess lshw -quiet -class system
2026-07-21 15:51:02.605 Error System/Processor: Unknown (exception) - An error occurred trying to start process 'lshw' with working directory '/opt/CumulusMX'. No such file or directory
2026-07-21 15:51:02.605 Please install lshw (apt-get install lshw)
2026-07-21 15:51:02.605 Information StartProcess uname -s -r -m
2026-07-21 15:51:02.608 Information StartProcess uname: output=Linux 6.1.0-23-amd64 x86_64
2026-07-21 15:51:02.608 Information StartProcess lsb_release -a
2026-07-21 15:51:02.637 Information StartProcess lsb_release: output=Distributor ID:	Debian
2026-07-21 15:51:02.637 Information StartProcess lsb_release: output=Description:	Debian GNU/Linux 12 (bookworm)
2026-07-21 15:51:02.637 Information StartProcess lsb_release: output=Release:	12
2026-07-21 15:51:02.637 Information StartProcess lsb_release: output=Codename:	bookworm
2026-07-21 15:51:02.637 Information StartProcess dotnet --list-runtimes
2026-07-21 15:51:02.644 Information StartProcess dotnet: output=Microsoft.NETCore.App 8.0.8 [/usr/share/dotnet/shared/Microsoft.NETCore.App]
2026-07-21 15:51:02.645 Information StartProcess free -m
2026-07-21 15:51:02.650 Information StartProcess free: output=               total        used        free      shared  buff/cache   available
2026-07-21 15:51:02.650 Information StartProcess free: output=Mem:             960         370         417          32         352         590
2026-07-21 15:51:02.650 Information StartProcess free: output=Swap:            974          75         899
2026-07-21 15:51:02.651 Information StartProcess df -T -text4 -tvfat -h
2026-07-21 15:51:02.661 Information StartProcess df: output=Filesystem     Type  Size  Used Avail Use% Mounted on
2026-07-21 15:51:02.661 Information StartProcess df: output=/dev/sda1      ext4   31G  7.6G   22G  27% /
2026-07-21 15:51:02.664 USerReports: Starting
2026-07-21 15:51:02.677 Information MapsOn: Starting
2026-07-21 15:51:02.684 Information  MapsOn: Adding Station: Westlands
2026-07-21 15:51:02.699 Information MapsOn: Before testing DoneToday after parsing: 21/07/2026 10:31:03 
2026-07-21 15:51:02.700 Information DateIsToday for thisDate: 21/07/2026 10:31:03 | thisDate.DayOfYear: 202 versus Now.DayOfYear: 202)
2026-07-21 15:51:02.711 Information DateIsToday: thisSpan: 05:19:59.7004386 | thisSpan.TotalDays = 0.22221875507638889
2022026-07-21 15:51:02.712 Information DateIsToday: thisSpan: 05:19:59.6949455 | thisSpan.TotalDays = 0.2222186914988426
2026-07-21 15:51:02.712 Information MapsOn: Must NOT send signature, has been done already : 2026-07-21T10:31:03
2026-07-21 15:51:02.712 Information Fetch Map: Fetch2026-07-21 15:51:03.690 Information Main: <!--
 This file is generated as part of CumulusUti
2026-07-21 15:51:03.691 Info2026-07-21 15:51:03.713 Information Main: <!--
 This file is generated as part of CumulusUti
2026-07-21 15:51:032026-07-21 15:51:03.720 Information CustomLogs constructor: starting
2026-07-21 15:51:03.741 Information CustomLogs Webta2026-07-21 15:51:03.746 Information CustomLogs constructor: starting
2026-07-21 15:51:03.763 Information CustomLogs WebtagInfo constructor: number of defined Webtag Units: 400, everything OK. 
2026-07-21 15:51:03.769 Information Custom Logs constructor: stop
2026-07-21 15:51:03.792 DefineUsercharts: Parsing User charts definitions - starting
2026-07-21 15:51:03.793 Information Parsing User Charts Definitions : Chart Overview'
2026-07-21 15:51:03.810 Information Parsing User Charts Definitions : Chart Temperature'
2026-07-21 15:51:03.811 Information Parsing User Charts Definitions : Chart Wind'
2026-07-21 15:51:03.811 Information Parsing User Charts Definitions : Chart WindDirection'
2026-07-21 15:51:03.811 Information Parsing User Charts Definitions : Chart Rain'
2026-07-21 15:51:03.811 Information Parsing User Charts Definitions : Chart Humidity'
2026-07-21 15:51:03.811 Information Parsing User Charts Definitions : Chart Solar'
2026-07-21 15:51:03.811 Information Parsing User Charts Definitions : Chart DailyTemp'
2026-07-21 15:51:03.811 Information Parsing User Charts Definitions : Chart DailyP2026-07-22026-07-21 15:51:03.818 Information Parsing User Charts: Evaluating Expression '(MinBarometer+MaxBarometer)/2'.
2026-07-21 15:51:03.841 Generating Compiler UserAskedData: Starting
2026-07-21 15:51:03.843 Information GenerateUserAskedData: timeStart = 21/07/2026 15:42:00; timeEnd = 21/07/2026 15:51:00
2026-07-21 15:51:03.843 Monthfile constructor: Using fixed path: | data/ |; file: | *log.txt
2026-07-21 15:51:032026-07-21 15:51:04.152 Information ReadMonthlyLogs: End
2026-07-21 15:51:04.174 Information Generate UserAskedData: Done2026-07-21 15:51:04.188 Information ReadMonthlyLogs: End
2026-07-21 15:51:04.202 Information Generate UserAskedData: DoneToday = 20/07/2026 19:01:04.
2026-07-21 15:51:04.202 Information DateIsToday for thisDate: 20/07/2026 19:01:04 | thisDate.DayOfYear: 201 versus Now.DayOfYear: 202)
2026-07-21 15:51:04.202 Information DateIsToday: thisSpan: 20:50:00.2026164 | thisSpan.TotalDays = 0.8680579006527778
2026-07-21 15:51:04.202 Information Generate UserAskedData: Must NOT generate the ALL Range.
2026-07-21 15:51:04.202 Information Generate UserAskedData - Loop over Chart: Overview)
2026-07-21 15:51:04.203 Information Generate UserAskedData - Testing temp into tempdata.json (Range is Recent)
2026-07-21 15:51:04.203 Information Generate UserAskedData - Testing dew into tempdata.json (Range is Recent)
2026-07-21 15:51:04.203 Information Generate UserAskedData - Testing press into pressdata.json (Range is Recent)
2026-07-21 15:51:04.203 Information Generate UserAskedData - Testing hum into humdata.json (Range is Recent)
2026-07-21 15:51:04.203 Information Generate UserAskedData - Testing SolarRad into solardata.json (Range is Recent)
2026-07-21 15:51:04.203 Information Generate UserAskedData - Testing rfall into raindata.json (Range is Recent)
2026-07-21 15:51:04.203 Information Generate UserAskedData - Loop over Chart: Temperature)
2026-07-21 15:51:04.203 Information Generate UserAskedData - Testing intemp into tempdata.json (Range is Recent)
2026-07-21 15:51:04.203 Information Generate UserAskedData - Testing temp into tempdata.json (Range is Recent)
2026-07-21 15:51:04.203 Information Generate UserAskedData - Testing feelslike into tempdata.json (Range is Recent)
2026-07-21 15:51:04.203 Information Generate UserAskedData - Testing dew into tempdata.json (Range is Recent)
2026-07-21 15:51:04.203 Information Generate UserAskedData - Loop over Chart: Wind)
2026-07-21 15:51:04.204 Information Generate UserAskedData - Testing wgust into winddata.json (Range is Recent)
2026-07-21 15:51:04.204 Information Generate UserAskedData - Testing wspeed into winddata.json (Range is Recent)
2026-07-21 15:51:04.204 Information Generate UserAskedData - Loop over Chart: WindDirection)
2026-07-21 15:51:04.204 Information Generate UserAskedData - Testing bearing into wdirdata.json (Range is Recent)
2026-07-21 15:51:04.204 Information Generate UserAskedData - Testing avgbearing into wdirdata.json (Range is Recent)
2026-07-21 15:51:04.204 Information Generate UserAskedData - Loop over Chart: Rain)
2026-07-21 15:51:04.204 Information Generate UserAskedData - Testing rfall into raindata.json (Range is Recent)
2026-07-21 15:51:04.204 Information Generate UserAskedData - Testing rrate into raindata.json (Range is Recent)
2026-07-21 15:51:04.204 Information Generate UserAskedData - Loop over Chart: Humidity)
2026-07-21 15:51:04.204 Information Generate UserAskedData - Testing hum into humdata.json (Range is Recent)
2026-07-21 15:51:04.204 Information Generate UserAskedData - Testing inhum into humdata.json (Range is Recent)
2026-07-21 15:51:04.204 Information Generate UserAskedData - Loop over Chart: Solar)
2026-07-21 15:51:04.204 Information Generate UserAskedData - Testing UV into solardata.json (Range is Recent)
2026-07-21 15:51:04.204 Information Generate UserAskedData - Testing SolarRad into solardata.json (Range is Recent)
2026-07-21 15:51:04.204 Information Generate UserAskedData - Testing CurrentSolarMax into solardata.json (Range is Recent)
2026-07-21 15:51:04.204 Information Generate UserAskedData - Loop over Chart: DailyTemp)
2026-07-21 15:51:04.204 Information Generate UserAskedData - Testing avgTemp into alldailytempdata.json (Range is Daily)
2026-07-21 15:51:04.204 Information Generate UserAskedData - Testing avgTemp into alldailytempdata.json (Range is Daily)
2026-07-21 15:51:04.204 Information Generate UserAskedData - Loop over Chart: DailyPressure)
2026-07-21 15:51:04.204 Information Generate UserAskedData - Testing minBaro into alldailypressdata.json (Range is Daily)
2026-07-21 15:51:04.204 Information Generate UserAskedData - Testing  into  (Range is Daily)
2026-07-21 15:51:04.204 Information DoAirLink / AirQualitySensor  = False / False
2026-07-21 15:51:04.204 Informati2026-07-21 15:51:04.322 Information PHP upload does not support compression
2026-07-21 15:51:04.322 Information UploadFil2026-07-21 15:51:04.339 Information PHP upload does not support compression
2026-07-21 15:51:04.340 Information UploadFile: Starting utils/maps.txt => maps.txt
2026-07-21 15:51:04.340 Information Upload File values: localfile: utils/maps.txt
2026-07-21 15:51:04.340 Information Upload File values: remotefile: maps.txt
2026-07-21 15:51:04.344 Information PHP Upload: starting ut2026-07-21 15:51:04.409 Information InetPhp: maps.txt: Response code = 200: OK
2026-07-21 15:51:04.409 Information InetPh2026-07-21 15:51:04.414 Information InetPhp: maps.txt: Response code = 200: OK
2026-07-21 15:51:04.414 Information InetPhp: maps.txt: Response text follows:
Opening text file maps.txt for replacement
Writing text file maps.txt
Write complete
2026-07-21 15:51:04.415 Information PHP UploadFile: Success
2026-07-21 15:51:04.415 Information UploadFile: Starting utils/systeminfoTable.txt => systeminfoTable.txt
2026-07-21 15:51:04.415 Information Upload File values: localfile: utils/systeminfoTable.txt
2026-07-21 15:51:04.415 Information Upload File values: remotefile: systeminfoTable.txt
2026-07-21 15:51:04.415 Information PHP Upload: starting utils/systeminfoTable.tx2026-07-21 15:51:04.439 Information InetPhp: systeminfoTable.txt: Response code = 200: OK
2026-07-21 15:51:04.439 Informa2026-07-21 15:51:04.445 Information InetPhp: systeminfoTable.txt: Response code = 200: OK
2026-07-21 15:51:04.445 Information InetPhp: systeminfoTable.txt: Response text follows:
Opening text file systeminfoTable.txt for replacement
Writing text file systeminfoTable.txt
Write complete
2026-07-21 15:51:04.445 Information PHP UploadFile: Success
2026-07-21 15:51:04.445 All done, Entering the finally section...; Closing down.
2026-07-21 15:51:04.445 Disposing Isup...
2026-07-21 15:51:04.446 Disposing Sup...
