2026-07-21 23:11:02.058 Information According to Inifile Info => Error: True, Warning: True, Info: True, Verbose: False, 
2026-07-21 23:11:02.082 CumulusUtils Initial: Shutting down the default listener
2026-07-21 23:11:02.088 Information CumulusUtils Initial: Shutting down the default listener
2026-07-21 23:11:02.135  CUstrings[xx].ini : CUstringsEN.ini looked for.
2026-07-21 23:11:02.159  CumulusUtils version: 7.1.1 
2026-07-21 23:11:02.159  CuSupport constructor : Unit Wind (m/s, mph, km/h, kts): mph
2026-07-21 23:11:02.159  CuSupport constructor : Unit Pressure (mb,hPa,inHg): hPa
2026-07-21 23:11:02.159  CuSupport constructor : Unit Rain (mm,in): mm
2026-07-21 23:11:02.160  CuSupport constructor : Unit T (C,F): °C
2026-07-21 23:11:02.168  CuSupport constructor : Unit Distance (m, mi, km, kn): mi
2026-07-21 23:11:02.169  CuSupport constructor : Unit Height (m, ft): ft
2026-07-21 23:11:02.181 InetSupport: Constructor starting
2026-07-21 23:11:02.240 CumulusUtils : ----------------------------
2026-07-21 23:11:02.240 CumulusUtils : Entering Main
2026-07-21 23:11:02.259 HelpTexts: starting
2026-07-21 23:11:02.296 Information HelpTexts Contructor: stop
2026-07-21 23:11:02.344 CommandLineArgs : starting
2026-07-21 23:11:02.344  CommandLineArgs : handling arg: sysinfo
2026-07-21 23:11:02.344  CommandLineArgs : handling arg: UserAskedData
2026-07-21 23:11:02.344  CommandLineArgs : handling arg: UserReports
2026-07-21 23:11:02.349 Dayfile: Reading the dayfile.txt...
2026-07-21 23:11:02.431 Information CumulusUtils : Read dayfile.txt succesfully - 929 records
2026-07-21 23:11:02.459 Information SystemStatus : starting
2026-07-21 23:11:02.486 Information GetUrlData Start: URL - http://localhost:8998/api/tags/process.json?version&build&ProgramUpTime&NewBuildAvailable&NewBuildNumber&CpuCount&CPUTemp 
2026-07-21 23:11:02.881 CumulusMX Version: 4.5.2 build 4105
2026-07-21 23:11:02.893 Information  SystemStatus: Found device 12 GW1000/Ecowitt Local API
2026-07-21 23:11:02.894 Information ReplaceWebtagsPostAsync start:
2026-07-21 23:11:02.896 Information  PostUrlData Start: http://localhost:8998/api/tags/process.txt 
2026-07-21 23:11:02.896 Information PostUrlData Calling PostAsync
2026-07-21 23:11:02.940 Information PostUrlData success response : OK - OK
2026-07-21 23:11:02.946 SystemStatus : DoingUnix
2026-07-21 23:11:02.948 Information SystemStatus : DoingUnix Start
2026-07-21 23:11:02.954 Information StartProcess cat /etc/os-release
2026-07-21 23:11:02.968 Information StartProcess cat: output=PRETTY_NAME="Debian GNU/Linux 12 (bookworm)"
2026-07-21 23:11:02.968 Information StartProcess cat: output=NAME="Debian GNU/Linux"
2026-07-21 23:11:02.968 Information StartProcess cat: output=VERSION_ID="12"
2026-07-21 23:11:02.968 Information StartProcess cat: output=VERSION="12 (bookworm)"
2026-07-21 23:11:02.968 Information StartProcess cat: output=VERSION_CODENAME=bookworm
2026-07-21 23:11:02.968 Information StartProcess cat: output=ID=debian
2026-07-21 23:11:02.968 Information StartProcess cat: output=HOME_URL="https://www.debian.org/"
2026-07-21 23:11:02.968 Information StartProcess cat: output=SUPPORT_URL="https://www.debian.org/support"
2026-07-21 23:11:02.968 Information StartProcess cat: output=BUG_REPORT_URL="https://bugs.debian.org/"
2026-07-21 23:11:02.968 Information Found Linux NAME: PRETTY_NAME="Debian GNU/Linux 12 (bookworm)"
2026-07-21 23:11:02.969 Information Using Linux dialect: Debian
2026-07-21 23:11:02.969 Information StartProcess uptime -p
2026-07-21 23:11:02.978 Information StartProcess uptime: output=up 3 weeks, 4 days, 3 hours, 37 minutes
2026-07-21 23:11:02.978 Information StartProcess lshw -quiet -class system
2026-07-21 23:11:02.981 Error System/Processor: Unknown (exception) - An error occurred trying to start process 'lshw' with working directory '/opt/CumulusMX'. No such file or directory
2026-07-21 23:11:02.981 Please install lshw (apt-get install lshw)
2026-07-21 23:11:02.981 Information StartProcess uname -s -r -m
2026-07-21 23:11:02.988 Information StartProcess uname: output=Linux 6.1.0-23-amd64 x86_64
2026-07-21 23:11:02.988 Information StartProcess lsb_release -a
2026-07-21 23:11:03.016 Information StartProcess lsb_release: output=Distributor ID:	Debian
2026-07-21 23:11:03.016 Information StartProcess lsb_release: output=Description:	Debian GNU/Linux 12 (bookworm)
2026-07-21 23:11:03.016 Information StartProcess lsb_release: output=Release:	12
2026-07-21 23:11:03.016 Information StartProcess lsb_release: output=Codename:	bookworm
2026-07-21 23:11:03.017 Information StartProcess dotnet --list-runtimes
2026-07-21 23:11:03.022 Information StartProcess dotnet: output=Microsoft.NETCore.App 8.0.8 [/usr/share/dotnet/shared/Microsoft.NETCore.App]
2026-07-21 23:11:03.024 Information StartProcess free -m
2026-07-21 23:11:03.030 Information StartProcess free: output=               total        used        free      shared  buff/cache   available
2026-07-21 23:11:03.030 Information StartProcess free: output=Mem:             960         376         392          32         370         584
2026-07-21 23:11:03.030 Information StartProcess free: output=Swap:            974          75         899
2026-07-21 23:11:03.031 Information StartProcess df -T -text4 -tvfat -h
2026-07-21 23:11:03.036 Information StartProcess df: output=Filesystem     Type  Size  Used Avail Use% Mounted on
2026-07-21 23:11:03.036 Information StartProcess df: output=/dev/sda1      ext4   31G  7.6G   22G  27% /
2026-07-21 23:11:03.039 USerReports: Starting
2026-07-21 23:11:03.055 Information MapsOn: Starting
2026-07-21 23:11:03.058 Information  MapsOn: Adding Station: Westlands
2026-07-21 23:11:03.074 Information MapsOn: Before testing DoneToday after parsing: 21/07/2026 10:31:03 
2026-07-21 23:11:03.075 Information DateIsToday for thisDate: 21/07/2026 10:31:03 | thisDate.DayOfYear: 202 versus Now.DayOfYear: 202)
2026-07-21 23:11:03.094 Information DateIsToday: thisSpan: 12:40:00.0754010 | thisSpan.TotalDays = 0.5277786504745371
2026-07-21 23:11:03.094 Information MapsOn: Must NOT send signature, has been done already : 2026-07-21T10:31:03
2026-07-21 23:11:03.094 Information Fetch Map: Fetching the generated map
2026-07-21 23:11:03.094 Information GetUrlData Start: URL - https://meteo-wagenborgen.nl/maps.txt 
2026-07-21 23:11:03.990 Information Main: <!--
 This file is generated as part of CumulusUti
2026-07-21 23:11:03.991 Information UserAskedData Starting...
2026-07-21 23:11:03.991 Information UserAskedData Doing the compiler stuff...
2026-07-21 23:11:04.018 Information CustomLogs constructor: starting
2026-07-21 23:11:04.037 Information CustomLogs WebtagInfo constructor: number of defined Webtag Units: 400, everything OK. 
2026-07-21 23:11:04.041 Information Custom Logs constructor: stop
2026-07-21 23:11:04.060 DefineUsercharts: Parsing User charts definitions - starting
2026-07-21 23:11:04.064 Information Parsing User Charts Definitions : Chart Overview'
2026-07-21 23:11:04.081 Information Parsing User Charts Definitions : Chart Temperature'
2026-07-21 23:11:04.081 Information Parsing User Charts Definitions : Chart Wind'
2026-07-21 23:11:04.081 Information Parsing User Charts Definitions : Chart WindDirection'
2026-07-21 23:11:04.081 Information Parsing User Charts Definitions : Chart Rain'
2026-07-21 23:11:04.081 Information Parsing User Charts Definitions : Chart Humidity'
2026-07-21 23:11:04.081 Information Parsing User Charts Definitions : Chart Solar'
2026-07-21 23:11:04.081 Information Parsing User Charts Definitions : Chart DailyTemp'
2026-07-21 23:11:04.081 Information Parsing User Charts Definitions : Chart DailyPressure'
2026-07-21 23:11:04.084 Information Parsing User Charts: Evaluating Expression '(MinBarometer+MaxBarometer)/2'.
2026-07-21 23:11:04.105 Generating Compiler UserAskedData: Starting
2026-07-21 23:11:04.107 Information GenerateUserAskedData: timeStart = 21/07/2026 23:02:00; timeEnd = 21/07/2026 23:11:00
2026-07-21 23:11:04.107 Monthfile constructor: Using fixed path: | data/ |; file: | *log.txt
2026-07-21 23:11:04.114 ReadPartialMonthlyLogs: Starting.
2026-07-21 23:11:04.124 Information ReadPartialMonthlyLogs: reading 202607log.txt
2026-07-21 23:11:04.436 Information ReadMonthlyLogs: End
2026-07-21 23:11:04.449 Information Generate UserAskedData: DoneToday = 21/07/2026 19:11:04.
2026-07-21 23:11:04.449 Information DateIsToday for thisDate: 21/07/2026 19:11:04 | thisDate.DayOfYear: 202 versus Now.DayOfYear: 202)
2026-07-21 23:11:04.449 Information DateIsToday: thisSpan: 04:00:00.4490551 | thisSpan.TotalDays = 0.16667186406365742
2026-07-21 23:11:04.449 Information Generate UserAskedData: Must NOT generate the ALL Range.
2026-07-21 23:11:04.449 Information Generate UserAskedData - Loop over Chart: Overview)
2026-07-21 23:11:04.450 Information Generate UserAskedData - Testing temp into tempdata.json (Range is Recent)
2026-07-21 23:11:04.450 Information Generate UserAskedData - Testing dew into tempdata.json (Range is Recent)
2026-07-21 23:11:04.450 Information Generate UserAskedData - Testing press into pressdata.json (Range is Recent)
2026-07-21 23:11:04.450 Information Generate UserAskedData - Testing hum into humdata.json (Range is Recent)
2026-07-21 23:11:04.450 Information Generate UserAskedData - Testing SolarRad into solardata.json (Range is Recent)
2026-07-21 23:11:04.450 Information Generate UserAskedData - Testing rfall into raindata.json (Range is Recent)
2026-07-21 23:11:04.450 Information Generate UserAskedData - Loop over Chart: Temperature)
2026-07-21 23:11:04.450 Information Generate UserAskedData - Testing intemp into tempdata.json (Range is Recent)
2026-07-21 23:11:04.450 Information Generate UserAskedData - Testing temp into tempdata.json (Range is Recent)
2026-07-21 23:11:04.450 Information Generate UserAskedData - Testing feelslike into tempdata.json (Range is Recent)
2026-07-21 23:11:04.450 Information Generate UserAskedData - Testing dew into tempdata.json (Range is Recent)
2026-07-21 23:11:04.450 Information Generate UserAskedData - Loop over Chart: Wind)
2026-07-21 23:11:04.450 Information Generate UserAskedData - Testing wgust into winddata.json (Range is Recent)
2026-07-21 23:11:04.450 Information Generate UserAskedData - Testing wspeed into winddata.json (Range is Recent)
2026-07-21 23:11:04.450 Information Generate UserAskedData - Loop over Chart: WindDirection)
2026-07-21 23:11:04.450 Information Generate UserAskedData - Testing bearing into wdirdata.json (Range is Recent)
2026-07-21 23:11:04.450 Information Generate UserAskedData - Testing avgbearing into wdirdata.json (Range is Recent)
2026-07-21 23:11:04.450 Information Generate UserAskedData - Loop over Chart: Rain)
2026-07-21 23:11:04.450 Information Generate UserAskedData - Testing rfall into raindata.json (Range is Recent)
2026-07-21 23:11:04.450 Information Generate UserAskedData - Testing rrate into raindata.json (Range is Recent)
2026-07-21 23:11:04.450 Information Generate UserAskedData - Loop over Chart: Humidity)
2026-07-21 23:11:04.450 Information Generate UserAskedData - Testing hum into humdata.json (Range is Recent)
2026-07-21 23:11:04.450 Information Generate UserAskedData - Testing inhum into humdata.json (Range is Recent)
2026-07-21 23:11:04.450 Information Generate UserAskedData - Loop over Chart: Solar)
2026-07-21 23:11:04.450 Information Generate UserAskedData - Testing UV into solardata.json (Range is Recent)
2026-07-21 23:11:04.450 Information Generate UserAskedData - Testing SolarRad into solardata.json (Range is Recent)
2026-07-21 23:11:04.450 Information Generate UserAskedData - Testing CurrentSolarMax into solardata.json (Range is Recent)
2026-07-21 23:11:04.450 Information Generate UserAskedData - Loop over Chart: DailyTemp)
2026-07-21 23:11:04.450 Information Generate UserAskedData - Testing avgTemp into alldailytempdata.json (Range is Daily)
2026-07-21 23:11:04.450 Information Generate UserAskedData - Testing avgTemp into alldailytempdata.json (Range is Daily)
2026-07-21 23:11:04.450 Information Generate UserAskedData - Loop over Chart: DailyPressure)
2026-07-21 23:11:04.450 Information Generate UserAskedData - Testing minBaro into alldailypressdata.json (Range is Daily)
2026-07-21 23:11:04.450 Information Generate UserAskedData - Testing  into  (Range is Daily)
2026-07-21 23:11:04.450 Information DoAirLink / AirQualitySensor  = False / False
2026-07-21 23:11:04.450 Information Uploading = maps.txt
2026-07-21 23:11:04.464 Testing PHP upload compression on https://jpickles.com/cutils/upload.php
2026-07-21 23:11:04.602 Information PHP upload does not support compression
2026-07-21 23:11:04.602 Information UploadFile: Starting utils/maps.txt => maps.txt
2026-07-21 23:11:04.602 Information Upload File values: localfile: utils/maps.txt
2026-07-21 23:11:04.602 Information Upload File values: remotefile: maps.txt
2026-07-21 23:11:04.610 Information PHP Upload: starting utils/maps.txt
2026-07-21 23:11:04.611 Information Incremental = False; filename = maps.txt; ext = .txt; HoursInGraph = 72
2026-07-21 23:11:04.693 Information InetPhp: maps.txt: Response code = 200: OK
2026-07-21 23:11:04.693 Information InetPhp: maps.txt: Response text follows:
Opening text file maps.txt for replacement
Writing text file maps.txt
Write complete
2026-07-21 23:11:04.693 Information PHP UploadFile: Success
2026-07-21 23:11:04.694 Information UploadFile: Starting utils/systeminfoTable.txt => systeminfoTable.txt
2026-07-21 23:11:04.694 Information Upload File values: localfile: utils/systeminfoTable.txt
2026-07-21 23:11:04.694 Information Upload File values: remotefile: systeminfoTable.txt
2026-07-21 23:11:04.694 Information PHP Upload: starting utils/systeminfoTable.txt
2026-07-21 23:11:04.694 Information Incremental = False; filename = systeminfoTable.txt; ext = .txt; HoursInGraph = 72
2026-07-21 23:11:04.737 Information InetPhp: systeminfoTable.txt: Response code = 200: OK
2026-07-21 23:11:04.737 Information InetPhp: systeminfoTable.txt: Response text follows:
Opening text file systeminfoTable.txt for replacement
Writing text file systeminfoTable.txt
Write complete
2026-07-21 23:11:04.737 Information PHP UploadFile: Success
2026-07-21 23:11:04.737 All done, Entering the finally section...; Closing down.
2026-07-21 23:11:04.737 Disposing Isup...
2026-07-21 23:11:04.737 Disposing Sup...
