2026-07-21 01:51:01.849 Information According to Inifile Info => Error: True, Warning: True, Info: True, Verbose: False, 
2026-07-21 01:51:01.878 CumulusUtils Initial: Shutting down the default listener
2026-07-21 01:51:01.878 Information CumulusUtils Initial: Shutting down the default listener
2026-07-21 01:51:01.936  CUstrings[xx].ini : CUstringsEN.ini looked for.
2026-07-21 01:51:01.957  CumulusUtils version: 7.1.1 
2026-07-21 01:51:01.958  CuSupport constructor : Unit Wind (m/s, mph2026-07-21 01:51:01.964  CumulusUtils version: 7.1.1 
2026-07-21 01:51:01.964  CuSupport constructor : Unit Wind (m/s, mph, km/h, kts): mph
2026-07-21 01:51:01.965  CuSupport constructor : Unit Pressure (mb,hPa,inHg): hPa
2026-07-21 01:51:01.965  CuSupport constructor : Unit Rain (mm,in): mm
2026-07-21 01:51:01.966  CuSupport constructor : Unit T (C,F): °C
2026-07-21 01:51:01.966  CuSupport2026-07-21 01:51:01.975 InetSupport: Constructor starting
2026-07-21 01:51:02.050 CumulusUtils : ----------------------------
2026-07-21 01:51:02.050 CumulusUtils : Entering Main
2026-07-21 01:51:02.061 HelpTexts: starting
2026-07-21 01:51:02.101 Information HelpTexts Contructor: stop
2026-07-21 01:51:02.155 CommandLineArgs : starting
2026-07-21 01:51:02.155  CommandLineArgs : handling arg: sysinfo
2026-02026-07-21 01:51:02.163 CommandLineArgs : starting
2026-07-21 01:51:02.163  CommandLineArgs : handling arg: sysinfo
2026-07-21 01:51:02.163  CommandLineArgs : handling arg: UserAskedData
2026-072026-07-21 01:51:02.242 Information CumulusUtils : Read dayfile.txt succesfully - 929 records
2026-07-21 01:51:02.267 Information SystemStatus : starting
2026-07-21 01:51:02.300 Information GetUrlData Start: URL - http://localhost:8998/api/tags/process.json?version&build&Prog2026-07-21 01:51:02.307 Information GetUrlData Start: URL - h2026-07-21 01:51:02.704 CumulusMX Version: 4.5.2 build 4105
2026-07-21 01:51:02.715 Information  SystemStatus: Found device 12 GW1000/Ecowitt Local API
2026-07-21 01:51:02.720 Information ReplaceWebtagsPostAsync start:
2026-07-21 01:51:02.722 Information  PostUrlData Start: http://localhost:8998/api/tags/process.txt 
2026-07-21 01:51:02.722 Information PostUrlData Calling PostAsync
2026-07-21 01:51:02.765 Information PostUrlData success response : OK - OK
2026-07-21 01:51:02.769 SystemStatus : DoingUnix
2026-07-21 01:51:02.771 Information SystemStatus : DoingUnix Start
2026-07-21 01:51:02.779 Information StartProcess cat /etc/os-release
2026-07-21 01:51:02.793 Information StartProcess cat: output=PRETTY_NAME="Debian GNU/Linux 12 (bookworm)"
2026-07-21 01:512026-07-21 01:51:02.798 Information StartProcess cat: output=PRETTY_NAME="Debian GNU/Linux 12 (bookworm)"
2026-07-21 01:51:02.798 Information StartProcess cat: output=NAME="Debian GNU/Linux"
2026-07-21 01:51:02.798 Information StartProcess cat: output=VERSION_ID="12"
2026-07-21 01:51:02.798 Information StartProcess cat: output=VERSION="12 (bookworm)"
2026-07-21 01:51:02.798 Information StartProcess cat: output=VERSION_CODENAME=bookworm
2026-07-21 01:51:02.798 Information StartProcess cat: output=ID=debian
2026-07-21 01:51:02.798 Information StartProcess cat: output=HOME_URL="https://www.debian.org/"
2026-07-21 01:51:02.798 Information StartProcess cat: output=SUPPORT_URL="https://www.debian.org/support"
2026-07-21 01:51:02.798 Information StartProcess cat: output=BUG_REPORT_URL="htt2026-07-21 01:51:02.7992026-07-21 01:51:02.800 Information Found Linux NAME: PRETTY_NAME="Debian GNU/Linux 12 (bookworm)"
22026-07-21 01:51:02.807 Information StartProcess uptime: output=up 3 weeks, 3 days, 6 hours, 17 minutes
2026-07-21 01:51:02.807 Information StartProcess lshw -quiet -class system
2026-07-21 01:51:02.811 Error System/Processor:2026-07-21 01:51:02.812 Information StartProcess lshw -quiet -class system
2026-07-21 01:51:02.814 Error System/Processor: Unknown (exception) - An error occurred trying to start process 'lshw' with working directory '/opt/CumulusMX'. No such file or directory
2026-07-22026-07-21 01:51:02.816 Information StartProcess uname: output=Linux 6.1.0-23-amd64 x86_64
2026-07-21 01:51:02.816 Informa2026-07-21 01:51:02.817 Informati2026-07-21 01:51:02.844 Information StartProcess lsb_release: output=Distributor ID:	Debian
2026-07-21 01:51:02.844 Inform2026-07-21 01:51:02.847 Information StartProcess lsb_release: output=Distributor ID:	Debian
2026-07-21 01:51:02.847 Information StartProcess lsb_release: output=Description:	Debian GNU/Linux 12 (bookworm)
2026-07-21 01:51:02.847 Information StartProcess lsb_release: output=Release:	12
2026-07-21 01:51:02.847 Information St2026-07-21 01:51:02.852 Information StartProcess dotnet: output=Microsoft.NETCore.App 8.0.8 [/usr/share/dotnet/shared/Micr2026-07-21 01:51:022026-07-21 01:51:02.855 Information StartProcess free -m
2026-07-21 01:51:02.858 Information StartProcess free: output=               total        used        free      shared  bu2026-07-21 01:51:02.862 Information StartProcess free: output=               total        used        free      shared  buff/cache   available
2026-07-21 01:51:02.862 Information StartProcess free: output=Mem:             960         361         553          29         212         598
2026-07-21 01:51:02.862 Information StartProcess free: ou2026-07-21 01:51:02.864 Information StartProcess d2026-07-21 01:51:02.864 Information StartProcess df -T -text4 -tvfat -h
2026-07-21 01:51:02.872 Information StartProcess df: output=Filesystem     Type  Size  Used Avail Use% Mounted on
2026-07-21 01:51:02.873 Infor2026-07-21 01:51:02.883 Information MapsOn: Starting
2026-07-21 01:51:02.893 Information  MapsOn: Adding Station: Westlands
2026-07-21 01:51:02.908 Information MapsOn: Before testing DoneToday after parsing: 20/07/2026 10:31:03 
2026-07-21 01:51:02.913 Information DateIsToday for thisDate: 20/07/2026 10:31:03 | thisDate.DayOfYear: 201 versus Now.DayOfYear: 202)
2026-07-21 01:51:02.923 Information DateIsToday: thisSpan: 15:19:59.9130463 | thisSpan.TotalDays = 0.638887882480324
2026-2026-07-21 01:51:02.928 Information DateIsToday: thisSpan: 15:19:59.9107773 | thisSpan.TotalDays = 0.63888785621875
2026-07-21 01:51:02.928 Information MapsOn: Must NOT send signature, has been done already : 2026-07-20T10:31:03
2026-07-21 01:51:02.928 Information Fetch Map: Fetch2026-07-21 01:51:03.856 Information Main: <!--
 This file is generated as part of CumulusUti
2026-07-21 01:51:03.858 Information UserAskedData Starting...
2026-07-21 01:51:03.858 Information UserAskedData Doing the compiler stuff...
2026-07-21 01:51:03.888 Information CustomLogs constructor: starting
2026-07-21 01:51:03.903 Information CustomLogs WebtagInfo constructor: number of defined Webtag Units: 400, everything OK. 
2026-07-21 01:51:03.909 Information Custom Logs constructor: stop
2026-07-21 01:51:03.937 DefineUsercharts: Parsing User charts definitions - starting
2026-07-21 01:51:03.937 Information Parsing User Charts Definitions : Chart Overview'
2026-07-21 01:51:03.950 Information Parsing User Charts Definitions : Chart Temperature'
2026-07-21 01:51:03.950 Information Parsing User Charts Definitions : Chart Wind'
2026-07-21 01:51:03.950 Information Parsing User Charts Definitions : Chart WindDirection'
2026-07-21 01:51:03.950 Information Parsing User Charts Definitions : Chart Rain'
2026-07-21 01:51:03.950 Information Parsing User Charts Definitions : Chart Humidity'
2026-07-21 01:51:03.950 Information Parsing User Charts Definitions : Chart Solar'
2026-07-21 01:51:03.950 Information Parsing User Charts Definitions : Chart DailyTemp'
2026-07-21 01:51:03.950 Information Parsing User Charts Definitions : Chart DailyPressure'
2026-07-21 01:51:03.957 Information Parsing User Charts: Evaluating Expression '(MinBarometer+MaxBarometer)/2'.
2026-07-21 01:51:03.979 Generating Compiler UserAskedData: Starting
2026-07-21 01:51:03.980 Information GenerateUserAskedData: timeStart = 21/07/2026 01:42:00; timeEnd = 21/07/2026 01:51:00
2026-07-21 01:51:03.981 Monthfile constructor: Using fixed path: | data/ |; file: | *log.txt
2026-07-21 01:51:03.983 ReadPartialMonthlyLogs: Starting.
2026-07-21 01:51:03.992 Information ReadPartialMonthlyLogs: reading 202607log.txt
2026-07-21 01:51:04.317 Information ReadMonthlyLogs: End
2026-07-21 01:51:04.334 Information Generate UserAskedData: DoneToday = 20/07/2026 19:01:04.
2026-07-21 01:51:04.334 Information DateIsToday for thisDate: 20/07/2026 19:01:04 | thisDate.DayOfYear: 201 versus Now.DayOfYear: 202)
2026-07-21 01:51:04.334 Information DateIsToday: thisSpan: 06:50:00.3345016 | thisSpan.TotalDays = 0.28472609376851854
2026-07-21 01:51:04.334 Information Generate UserAskedData: Must NOT generate the ALL Range.
2026-07-21 01:51:04.334 Information Generate UserAskedData - Loop over Chart: Overview)
2026-07-21 01:51:04.335 Information Generate UserAskedData - Testing temp into tempdata.json (Range is Recent)
2026-07-21 01:51:04.335 Information Generate UserAskedData - Testing dew into tempdata.json (Range is Recent)
2026-07-21 01:51:04.335 Information Generate UserAskedData - Testing press into pressdata.json (Range is Recent)
2026-07-21 01:51:04.335 Information Generate UserAskedData - Testing hum into humdata.json (Range is Recent)
2026-07-21 01:51:04.335 Information Generate UserAskedData - Testing SolarRad into solardata.json (Range is Recent)
2026-07-21 01:51:04.335 Information Generate UserAskedData - Testing rfall into raindata.json (Range is Recent)
2026-07-21 01:51:04.335 Information Generate UserAskedData - Loop over Chart: Temperature)
2026-07-21 01:51:04.335 Information Generate UserAskedData - Testing intemp into tempdata.json (Range is Recent)
2026-07-21 01:51:04.335 Information Generate UserAskedData - Testing temp into tempdata.json (Range is Recent)
2026-07-21 01:51:04.335 Information Generate UserAskedData - Testing feelslike into tempdata.json (Range is Recent)
2026-07-21 01:51:04.335 Information Generate UserAskedData - Testing dew into tempdata.json (Range is Recent)
2026-07-21 01:51:04.335 Information Generate UserAskedData - Loop over Chart: Wind)
2026-07-21 01:51:04.335 Information Generate UserAskedData - Testing wgust into winddata.json (Range is Recent)
2026-07-21 01:51:04.335 Information Generate UserAskedData - Testing wspeed into winddata.json (Range is Recent)
2026-07-21 01:51:04.335 Information Generate UserAskedData - Loop over Chart: WindDirection)
2026-07-21 01:51:04.335 Information Generate UserAskedData - Testing bearing into wdirdata.json (Range is Recent)
2026-07-21 01:51:04.335 Information Generate UserAskedData - Testing avgbearing into wdirdata.json (Range is Recent)
2026-07-21 01:51:04.335 Information Generate UserAskedData - Loop over Chart: Rain)
2026-07-21 01:51:04.335 Information Generate UserAskedData - Testing rfall into raindata.json (Range is Recent)
2026-07-21 01:51:04.335 Information Generate UserAskedData - Testing rrate into raindata.json (Range is Recent)
2026-07-21 01:51:04.335 Information Generate UserAskedData - Loop over Chart: Humidity)
2026-07-21 01:51:04.335 Information Generate UserAskedData - Testing hum into humdata.json (Range is Recent)
2026-07-21 01:51:04.335 Information Generate UserAskedData - Testing inhum into humdata.json (Range is Recent)
2026-07-21 01:51:04.335 Information Generate UserAskedData - Loop over Chart: Solar)
2026-07-21 01:51:04.335 Information Generate UserAskedData - Testing UV into solardata.json (Range is Recent)
2026-07-21 01:51:04.335 Information Generate UserAskedData - Testing SolarRad into solardata.json (Range is Recent)
2026-07-21 01:51:04.335 Information Generate UserAskedData - Testing CurrentSolarMax into solardata.json (Range is Recent)
2026-07-21 01:51:04.335 Information Generate UserAskedData - Loop over Chart: DailyTemp)
2026-07-21 01:51:04.335 Information Generate UserAskedData - Testing avgTemp into alldailytempdata.json (Range is Daily)
2026-07-21 01:51:04.335 Information Generate UserAskedData - Testing avgTemp into alldailytempdata.json (Range is Daily)
2026-07-21 01:51:04.336 Information Generate UserAskedData - Loop over Chart: DailyPressure)
2026-07-21 01:51:04.336 Information Generate UserAskedData - Testing minBaro into alldailypressdata.json (Range is Daily)
2026-07-21 01:51:04.336 Information Generate UserAskedData - Testing  into  (Range is Daily)
2026-07-21 01:51:04.336 Information DoAirLink / AirQualitySensor  = False / False
2026-07-21 01:51:04.336 Information Uploading = maps.txt
2026-07-21 01:51:04.343 Testing PHP upload compression on https://jpickles.com/cutils/upload.php
2026-07-21 01:51:04.471 Information PHP upload does not support compression
2026-07-21 01:51:04.471 Information UploadFile: Starting utils/maps.txt => maps.txt
2026-07-21 01:51:04.471 Information Upload File values: localfile: utils/maps.txt
2026-07-21 01:51:04.471 Information Upload File values: remotefile: maps.txt
2026-07-21 01:51:04.479 Information PHP Upload: starting utils/maps.txt
2026-07-21 01:51:04.479 Information Incremental = False; filename = maps.txt; ext = .txt; HoursInGraph = 72
2026-07-21 01:51:04.558 Information InetPhp: maps.txt: Response code = 200: OK
2026-07-21 01:51:04.558 Information InetPhp: maps.txt: Response text follows:
Opening text file maps.txt for replacement
Writing text file maps.txt
Write complete
2026-07-21 01:51:04.558 Information PHP UploadFile: Success
2026-07-21 01:51:04.558 Information UploadFile: Starting utils/systeminfoTable.txt => systeminfoTable.txt
2026-07-21 01:51:04.558 Information Upload File values: localfile: utils/systeminfoTable.txt
2026-07-21 01:51:04.558 Information Upload File values: remotefile: systeminfoTable.txt
2026-07-21 01:51:04.558 Information PHP Upload: starting utils/systeminfoTable.txt
2026-07-21 01:51:04.559 Information Incremental = False; filename = systeminfoTable.txt; ext = .txt; HoursInGraph = 72
2026-07-21 01:51:04.593 Information InetPhp: systeminfoTable.txt: Response code = 200: OK
2026-07-21 01:51:04.593 Information InetPhp: systeminfoTable.txt: Response text follows:
Opening text file systeminfoTable.txt for replacement
Writing text file systeminfoTable.txt
Write complete
2026-07-21 01:51:04.593 Information PHP UploadFile: Success
2026-07-21 01:51:04.593 All done, Entering the finally section...; Closing down.
2026-07-21 01:51:04.593 Disposing Isup...
2026-07-21 01:51:04.593 Disposing Sup...
he finally section...; Closing down.
2026-07-21 01:51:04.575 Disposing Isup...
2026-07-21 01:51:04.575 Disposing Sup...
