2026-07-21 09:41:01.779 Information According to Inifile Info => Error: True, Warning: True, Info: True, Verbose: False, 
2026-07-21 09:41:01.806 CumulusUtils Initial: Shutting down the default listener
2026-07-21 09:41:01.806 Information CumulusUtils Initial: Shutting down the default listener
2026-07-21 09:41:01.860  CUstrings[xx].ini : CUstringsEN.ini looked for.
2026-07-21 09:41:01.885  CumulusUtils version: 7.1.1 
2026-07-21 09:41:01.885  CuSupport constructor : Unit Wind (m/s, mph, km/h, kts): mph
2026-07-21 09:41:01.885  CuSupport constructor : Unit Pressure (mb,hPa,inHg): hPa
2026-07-21 09:41:01.886  CuSupport constructor : Unit Rain (mm,in): mm
2022026-07-21 09:41:01.908  CumulusUtils version: 7.1.1 
2026-07-21 09:41:01.908  CuSupport constructor : Unit Wind (m/s, mph, km/h, kts): mph
2026-07-21 09:41:01.908  CuSupport constructor : Unit Pressure (mb,hPa,inHg): hPa
2026-07-21 09:41:01.909  CuSupport constructor : Unit Ra2026-07-21 09:41:01.971 CumulusUtils : ----------------------------
2026-07-21 09:41:01.971 CumulusUtils : Entering Main
2026-07-21 09:41:01.979 HelpTexts: starting
2026-07-21 09:41:02.008 Information HelpTexts Contructor: stop
2026-07-21 09:41:02.064 CommandLineArgs : starting
2026-07-21 09:41:02.064  CommandLineArgs : handling arg: sysinfo
2026-07-21 09:41:02.064  CommandLineArgs : handling arg: UserAskedData
2026-07-21 09:41:02.064  CommandLineArgs : handling arg: UserReports
2026-07-21 09:41:02.066 Dayfile: Reading2026-07-21 09:41:02.2026-07-21 09:41:02.148 Information CumulusUtils : Read dayfile.txt succesfully - 929 records
2026-07-21 09:41:02.176 Information SystemStatus : starting
2026-07-21 09:41:02.209 Information GetUrlData Start: URL - http://localhost:8998/api/tags/process.json?version&build&ProgramUpTime&NewBuildAvailable&NewBuildNumber&CpuCount&CPUTemp 
2026-07-21 09:41:02.622 CumulusMX Version: 4.5.2 build 4105
2026-07-21 09:41:02.634 Information  SystemStatus: Found device 12 GW1000/Ecowitt Local API
2026-07-21 09:41:02.635 Information ReplaceWebtagsPostAsync start:
2026-07-21 09:41:02.642 Information  PostUrlData Start: http://localhost:89982026-07-21 09:41:02.655 CumulusMX Version: 4.5.2 build 4105
2026-07-21 09:41:02.668 Infor2026-07-21 09:41:02.679 Information PostUrlData success response : OK - OK
2026-07-21 09:41:02.685 SystemStatus : DoingUnix
2026-07-21 09:41:02.687 Information SystemStatus : DoingUnix Start
2026-07-21 09:41:02.698 Information StartProcess cat /etc/os-release
2026-07-21 09:41:02.715 Information StartProcess cat: output=PRETTY_NAME="Debian GNU/Linux 12 (bookworm)"
2026-2026-07-21 09:41:02.715 SystemStatus : DoingUnix
2026-07-21 09:41:02.720 Information SystemStatus : DoingUnix Start
2026-07-21 09:41:02.726 Information StartProcess cat /etc/os-release
2026-07-21 09:41:02.739 Information StartProcess cat: output=PRETTY_NAME="Debian GNU/Linux 12 (bookworm)"
2026-07-21 09:41:02.739 Information StartProcess cat: output=NAME="Debian GNU/Linux"
2026-07-21 09:41:02.739 Information StartProcess cat: output=VERSION_ID="12"
2026-07-21 09:41:02.739 Information StartProcess cat: output=VERSION="12 (bookworm)"
2026-07-21 09:41:02.739 Information StartProcess cat: output=VERSION_CODENAME=bookworm
2026-07-21 09:41:02.739 Information StartProcess cat: output=ID=debian
2026-07-21 09:41:02.739 Information StartProcess cat: output=HOME_URL="https://www.debian.org/"
2026-07-21 09:41:02.739 Information StartProcess cat: output=SUPPORT_URL="https://www.debian.org/support"
2026-07-21 09:41:02.739 Information StartProcess cat: output=BUG_REPORT_URL="https://bugs.debian.org/"
2026-07-21 09:41:02.740 Information Found Linux NAME: PRETTY_NAME="Debian GNU/Linux 12 (bookworm)"
2026-07-21 09:41:02.741 Information Using Linux dialect: Debian
2026-07-21 09:41:02.741 Information StartProcess uptime -p
2026-07-21 09:41:02.745 Information StartProcess uptime: output=up 3 weeks, 3 days, 14 hours, 7 minutes
2026-07-21 09:41:02.747 Information StartProcess lshw -quiet -class system
2026-07-21 09:41:02.750 Error System/Processor: Unknown (exception) - An error occurred trying to start process 'lshw' with working directory '/opt/CumulusMX'. No such file or 2026-07-21 09:41:02.773 Information StartProcess lsb_release: output=Distributor ID:	Debian
2026-07-21 09:41:02.773 Information StartProcess lsb_release: output=Description:	Debian GNU/Linux 12 (bookworm)
2026-07-21 09:41:02.773 Information StartProcess lsb_release: output=Release:	12
2026-07-212026-07-21 09:41:02.785 Information StartProcess lsb_release: output=Distributor ID:	Debian
2026-07-21 09:41:02.785 Information StartProcess lsb_release: output=Description:	Debian GNU/Linux 12 (bookworm)
2026-07-21 09:41:02.786 Information StartProcess lsb_release: output=Release:	12
2026-07-21 09:41:02.786 Information StartProcess lsb_release: 2026-07-21 09:41:02.787 Information StartProcess free: output=               total        used    2026-07-21 09:41:02.791 Information StartProcess dotnet: output=Microsoft.NETCore.App 8.0.8 [/usr/share/dotnet/shared/Microsoft.NETCore.App]
2026-07-21 09:41:02.793 Information StartProcess free -m
2026-07-21 09:41:02.799 Information StartProcess free: output=               total        used        free      shared  buff/cache   available
2026-07-21 09:41:02.799 Information StartProcess free: output=Mem:             960         354         477          30         297         606
2026-07-21 09:41:02.799 Information StartProcess free: output=Swap:            974          77         897
2026-07-21 09:41:02.804 Information Start2026-07-21 09:41:02.806 Informa2026-07-21 09:41:02.812026-07-21 09:41:02.819 Information  MapsOn: Adding Station: Westlands
2026-07-21 09:41:02.835 Information MapsOn: Before testing DoneToday after parsing: 20/07/2026 10:31:03 
2026-07-21 09:41:02.836 Information DateIsToday for thisDate: 20/07/2026 10:31:03 | thisDate.DayOfYear: 201 versus Now.DayOfYear: 202)
2026-07-21 09:41:02.846 Information DateIsToday: thisSpa2026-07-21 09:41:02.851 Information MapsOn: Before testing DoneToday after parsing: 20/07/2026 10:31:03 
2026-07-21 09:41:02.851 Information DateIsToday for thisDate: 20/07/2026 10:31:03 | thisDate.DayOfYear: 201 versus Now.DayOfYear: 202)
2026-07-21 09:41:02.860 Information DateIsToday: thisSpan: 23:09:59.8517961 | thisSpan.TotalDays = 0.96527602026-07-21 09:41:03.800 Information Main: <!--
 This file is generated as part of CumulusUti
2026-07-21 09:41:03.801 Information UserAskedData Starting...
2026-07-21 09:41:03.801 Information UserAskedData Doing the compiler stuff...
2026-07-21 09:41:03.833 Information CustomLogs constructor: starting
2026-07-21 09:41:03.850 Information CustomLogs WebtagInfo constructor: number of defined Webtag Units: 400, everything OK. 
2026-07-21 09:41:03.852 Information Custom Logs constructor: stop
2026-07-21 09:41:03.876 DefineUsercharts: Parsing User charts definitions - starting
2026-07-21 09:41:03.876 Information Parsing User Charts Definitions : Chart Overview'
2026-07-21 09:41:03.888 Information Parsing User Charts Definitions : Chart Temperature'
2026-07-21 09:41:03.895 Information 2026-07-21 09:41:03.894 DefineUsercharts: Parsing User charts definitions - starting
2026-07-21 09:41:03.900 Information Parsing User Charts Definitions : Chart Overview'
2026-07-21 09:41:03.914 Information Parsing User Charts Definitions : Chart Temperature'
2026-07-21 09:41:03.914 Information Parsing User Charts Definitions : Chart Wind'
2026-07-21 09:41:03.914 Information Parsing User Charts Definitions : Chart WindDirection'
2026-07-21 09:41:03.914 Information Parsing User Charts Definitions : Chart Rain'
2026-07-21 09:41:03.914 Information Parsing User Charts Definitions : Chart Humidity'
2026-07-21 09:41:03.914 Information Parsing User Charts Definitions : Chart S2026-07-21 09:41:03.917 Generating Compiler UserAskedData: Starting
2026-07-21 09:41:03.919 Information GenerateUserAskedData: timeStart = 21/07/2026 09:32:00; timeEnd = 21/07/2026 09:2026-07-21 09:41:03.921 Information Parsing User Charts: Evaluating Expression '(MinBarometer+MaxBa2026-07-21 092026-07-21 09:41:03.939 Generating Compiler UserAskedData: Starting
2026-07-21 09:41:03.941 Information GenerateUserAskedData: 2026-07-21 09:41:04.257 Information ReadMonthlyLogs: End
2026-07-21 09:41:04.269 Information Generate UserAskedData: DoneToday = 20/07/2026 19:01:04.
2026-07-21 09:41:04.269 Information DateIsToday for thisDate: 20/07/2026 19:01:04 | thisDate.DayOfYear: 201 versus Now.DayOfYear: 202)
2026-07-21 09:41:04.269 Information DateIsToday: thisSpan: 14:40:00.2026-07-21 09:41:04.275 Information Generate UserAskedData: DoneToday = 20/07/2026 19:01:04.
2026-07-21 09:41:04.276 Information DateIsToday for thisDate: 20/07/2026 19:01:04 | thisDate.DayOfYear: 201 versus Now.DayOfYear: 202)
2026-07-21 09:41:04.276 Information DateIsToday: thisSpan: 14:40:00.2760187 | thisSpan.TotalDays = 0.6111143057719908
2026-07-21 09:41:04.276 Information Generate UserAskedData: Must NOT generate the ALL Range.
2026-07-21 09:41:04.276 Information Generate UserAskedData - Loop over Chart: Overview)
2026-07-21 09:41:04.277 Information Generate UserAskedData - Testing temp into tempdata.json (Range is Recent)
2026-07-21 09:41:04.277 Information Generate UserAskedData - Testing dew into tempdata.json (Range is Recent)
2026-07-21 09:41:04.277 Information Generate UserAskedData - Testing press into pressdata.json (Range is Recent)
2026-07-21 09:41:04.277 Information Generate UserAskedData - Testing hum into humdata.json (Range is Recent)
2026-07-21 09:41:04.277 Information Generate UserAskedData - Testing SolarRad into solardata.json (Range is Recent)
2026-07-21 09:41:04.277 Information Generate UserAskedData - Testing rfall into raindata.json (Range is Recent)
2026-07-21 09:41:04.277 Information Generate UserAskedData - Loop over Chart: Temperature)
2026-07-21 09:41:04.277 Information Generate UserAskedData - Testing intemp into tempdata.json (Range is Recent)
2026-07-21 09:41:04.277 Information Generate UserAskedData - Testing temp into tempdata.json (Range is Recent)
2026-07-21 09:41:04.277 Information Generate UserAskedData - Testing feelslike into tempdata.json (Range is Recent)
2026-07-21 09:41:04.277 Information Generate UserAskedData - Testing dew into tempdata.json (Range is Recent)
2026-07-21 09:41:04.277 Information Generate UserAskedData - Loop over Chart: Wind)
2026-07-21 09:41:04.277 Information Generate UserAskedData - Testing wgust into winddata.json (Range is Recent)
2026-07-21 09:41:04.277 Information Generate UserAskedData - Testing wspeed into winddata.json (Range is Recent)
2026-07-21 09:41:04.277 Information Generate UserAskedData - Loop over Chart: WindDirection)
2026-07-21 09:41:04.277 Information Generate UserAskedData - Testing bearing into wdirdata.json (Range is Recent)
2026-07-21 09:41:04.277 Information Generate UserAskedData - Testing avgbearing into wdirdata.json (Range is Recent)
2026-07-21 09:41:04.277 Information Generate UserAskedData - Loop over Chart: Rain)
2026-07-21 09:41:04.277 Information Generate UserAskedData - Testing rfall into raindata.json (Range is Recent)
2026-07-21 09:41:04.277 Information Generate UserAskedData - Testing rrate into raindata.json (Range is Recent)
2026-07-21 09:41:04.277 Information Generate UserAskedData - Loop over Chart: Humidity)
2026-07-21 09:41:04.277 Information Generate UserAskedData - Testing hum into humdata.json (Range is Recent)
2026-07-21 09:41:04.277 Information Generate UserAskedData - Testing inhum into humdata.json (Range is Recent)
2026-07-21 09:41:04.277 Information Generate UserAskedData - Loop over Chart: Solar)
2026-07-21 09:41:04.277 Information Generate UserAskedData - Testing UV into solardata.json (Range is Recent)
2026-07-21 09:41:04.277 Information Generate UserAskedData - Testing SolarRad into solardata.json (Range is Recent)
2026-07-21 09:41:04.277 Information Generate UserAskedData - Testing CurrentSolarMax into solardata.json (Range is Recent)
2026-07-21 09:41:04.277 Information Generate UserAskedData - Loop over Chart: DailyTemp)
2026-07-21 09:41:04.277 Information Generate UserAskedData - Testing avgTemp into alldailytempdata.json (Range is Daily)
2026-07-21 09:41:04.277 Information Generate UserAskedData - Testing avgTemp into alldailytempdata.json (Range is Daily)
2026-07-21 09:41:04.277 Information Generate UserAskedData - Loop over Chart: DailyPressure)
2026-07-21 09:41:04.277 Information Generate UserAskedData2026-07-21 09:41:04.288 Testing PHP upload compression on https://jpickles.com/cutils/upload.php
2026-07-21 09:41:04.432 Information PHP upload does not support compression
2026-07-21 09:41:04.432 Information UploadFile: Starting utils/maps.txt => maps.txt
2026-07-21 09:41:04.432 Information Upload File values: localfile: utils/maps.txt
2026-07-21 09:41:04.432 Information Upload File values2026-07-21 09:41:04.4402026-07-21 09:41:04.446 Information PHP Upload: starting utils/maps.txt
2026-07-21 09:41:04.447 Information Incremental = False; filename = maps.txt; ext = .txt; HoursInGraph = 72
2026-07-21 09:41:04.535 Information InetPhp: maps.txt: Response code = 200: OK
2026-07-21 09:41:04.535 Information InetPhp: maps.txt: Response text follows:
Opening text file maps.txt for replacement
Writing text file maps.txt
Write complete
2026-07-21 09:41:04.535 Information PHP UploadFile: Su2026-07-21 09:41:04.540 Information InetPhp: maps.txt: Response code = 200: OK
2026-07-21 09:41:04.540 Information InetPhp: maps.txt: Response text follows:
Opening text file maps.txt for replacement
Writing text file maps.txt
Write complete
2026-07-21 09:41:04.540 Information PHP UploadFile: Success
2026-07-21 09:41:04.540 Information UploadFile: Starting utils/systeminfoTable.txt => systeminfoTable.txt
2026-07-21 09:41:04.540 Information Upload File values: localfile: utils/systeminfoTabl2026-07-21 09:41:04.569 Information InetPhp: systeminfoTable.txt: Response code = 200: OK
2026-07-21 09:41:04.569 Information InetPhp: systeminfoTable.txt: Response text follows:
Opening text file systeminfoTable.txt for replacement
Writing text file systeminfoTable.txt
Write complete
2026-07-212026-07-21 09:41:04.575 Information InetPhp: systeminfoTable.txt: Response code = 200: OK
2026-07-21 09:41:04.575 Information InetPhp: systeminfoTable.txt: Response text follows:
Opening text file systeminfoTable.txt for replacement
Writing text file systeminfoTable.txt
Write complete
2026-07-21 09:41:04.575 Information PHP UploadFile: Success
2026-07-21 09:41:04.575 All done, Entering the finally section...; Closing down.
2026-07-21 09:41:04.575 Disposing Isup...
2026-07-21 09:41:04.576 Disposing Sup...
