2026-07-21 16:01:02.018 Information According to Inifile Info => Error: True, Warning: True, Info: True, Verbose: False, 
2026-07-21 16:01:02.045 CumulusUtils Initial: Shutting down the default listener
2026-07-21 16:01:02.045 Information CumulusUtils Initial: Shutting down the default listener
2026-07-21 16:01:02.097  CUstrings[xx].ini : CUstringsEN.ini looked for.
2026-07-21 16:01:02.125  CumulusUtils version: 7.1.1 
2026-07-21 16:01:02.125  CuSupport constructor : Unit Wind (m/s, mph, km/h, kts): mph
2026-07-21 16:01:02.126  CuSupport constructor : Unit Pressure (mb,hPa,inHg): hPa
2026-07-21 16:01:02.126  CuSupport constructor : Unit Rain (mm,in): mm
2026-07-21 16:01:02.126  CuSupport constructor : Unit T (C,F): °C
2026-07-21 16:01:02.127  CuSupport constructor : Unit Distance (m, mi, km, kn): mi
2026-07-21 16:01:02.127  CuSupport constructor : Unit Height (m, ft): ft
2026-07-21 16:01:02.143 InetSupport: Constructor starting
2026-07-21 16:01:02.203 CumulusUtils : ----------------------------
2026-07-21 16:01:02.203 CumulusUtils : Entering Main
2026-07-21 16:01:02.216 HelpTexts: starting
2026-07-21 16:01:02.254 Information HelpTexts Contructor: stop
2026-07-21 16:01:02.305 CommandLineArgs : starting
2026-07-21 16:01:02.305  CommandLineArgs : handling arg: sysinfo
2026-07-21 16:01:02.305  CommandLineArgs : handling arg: UserAskedData
2026-07-21 16:01:02.305  CommandLineArgs : handling arg: UserReports
2026-07-21 16:01:02.306 Dayfile: Reading the dayfile.txt...
2026-07-21 16:01:02.392 Information CumulusUtils : Read dayfile.txt succesfully - 929 records
2026-07-21 16:01:02.415 Information SystemStatus : starting
2026-07-21 16:01:02.446 Information GetUrlData Start: URL - http://localhost:8998/api/tags/process.json?version&build&ProgramUpTime&NewBuildAvailable&NewBuildNumber&CpuCount&CPUTemp 
2026-07-21 16:01:02.870 CumulusMX Version: 4.5.2 build 4105
2026-07-21 16:01:02.878 Information  SystemStatus: Found device 12 GW1000/Ecowitt Local API
2026-07-21 16:01:02.879 Information ReplaceWebtagsPostAsync start:
2026-07-21 16:01:02.885 Information  PostUrlData Start: http://localhost:8998/api/tags/process.txt 
2026-07-21 16:01:02.885 Information PostUrlData Calling PostAsync
2026-07-21 16:01:02.938 Information PostUrlData success response : OK - OK
2026-07-21 16:01:02.942 SystemStatus : DoingUnix
2026-07-21 16:01:02.943 Information SystemStatus : DoingUnix Start
2026-07-21 16:01:02.953 Information StartProcess cat /etc/os-release
2026-07-21 16:01:02.968 Information StartProcess cat: output=PRETTY_NAME="Debian GNU/Linux 12 (bookworm)"
2026-07-21 16:01:02.968 Information StartProcess cat: output=NAME="Debian GNU/Linux"
2026-07-21 16:01:02.968 Information StartProcess cat: output=VERSION_ID="12"
2026-07-21 16:01:02.968 Information StartProcess cat: output=VERSION="12 (bookworm)"
2026-07-21 16:01:02.968 Information StartProcess cat: output=VERSION_CODENAME=bookworm
2026-07-21 16:01:02.968 Information StartProcess cat: output=ID=debian
2026-07-21 16:01:02.968 Information StartProcess cat: output=HOME_URL="https://www.debian.org/"
2026-07-21 16:01:02.968 Information StartProcess cat: output=SUPPORT_URL="https://www.debian.org/support"
2026-07-21 16:01:02.968 Information StartProcess cat: output=BUG_REPORT_URL="https://bugs.debian.org/"
2026-07-21 16:01:02.969 Information Found Linux NAME: PRETTY_NAME="Debian GNU/Linux 12 (bookworm)"
2026-07-21 16:01:02.971 Information Using Linux dialect: Debian
2026-07-21 16:01:02.971 Information StartProcess uptime -p
2026-07-21 16:01:02.975 Information StartProcess uptime: output=up 3 weeks, 3 days, 20 hours, 27 minutes
2026-07-21 16:01:02.977 Information StartProcess lshw -quiet -class system
2026-07-21 16:01:02.979 Error System/Processor: Unknown (exception) - An error occurred trying to start process 'lshw' with working directory '/opt/CumulusMX'. No such file or directory
2026-07-21 16:01:02.980 Please install lshw (apt-get install lshw)
2026-07-21 16:01:02.980 Information StartProcess uname -s -r -m
2026-07-21 16:01:02.983 Information StartProcess uname: output=Linux 6.1.0-23-amd64 x86_64
2026-07-21 16:01:02.983 Information StartProcess lsb_release -a
2026-07-21 16:01:03.013 Information StartProcess lsb_release: output=Distributor ID:	Debian
2026-07-21 16:01:03.013 Information StartProcess lsb_release: output=Description:	Debian GNU/Linux 12 (bookworm)
2026-07-21 16:01:03.013 Information StartProcess lsb_release: output=Release:	12
2026-07-21 16:01:03.013 Information StartProcess lsb_release: output=Codename:	bookworm
2026-07-21 16:01:03.014 Information StartProcess dotnet --list-runtimes
2026-07-21 16:01:03.021 Information StartProcess dotnet: output=Microsoft.NETCore.App 8.0.8 [/usr/share/dotnet/shared/Microsoft.NETCore.App]
2026-07-21 16:01:03.021 Information StartProcess free -m
2026-07-21 16:01:03.037 Information StartProcess free: output=               total        used        free      shared  buff/cache   available
2026-07-21 16:01:03.037 Information StartProcess free: output=Mem:             960         380         406          32         353         580
2026-07-21 16:01:03.037 Information StartProcess free: output=Swap:            974          75         899
2026-07-21 16:01:03.037 Information StartProcess df -T -text4 -tvfat -h
2026-07-21 16:01:03.042 Information StartProcess df: output=Filesystem     Type  Size  Used Avail Use% Mounted on
2026-07-21 16:01:03.042 Information StartProcess df: output=/dev/sda1      ext4   31G  7.6G   22G  27% /
2026-07-21 16:01:03.047 USerReports: Starting
2026-07-21 16:01:03.060 Information MapsOn: Starting
2026-07-21 16:01:03.066 Information  MapsOn: Adding Station: Westlands
2026-07-21 16:01:03.082 Information MapsOn: Before testing DoneToday after parsing: 21/07/2026 10:31:03 
2026-07-21 16:01:03.083 Information DateIsToday for thisDate: 21/07/2026 10:31:03 | thisDate.DayOfYear: 202 versus Now.DayOfYear: 202)
2026-07-21 16:01:03.094 Information DateIsToday: thisSpan: 05:30:00.0832432 | thisSpan.TotalDays = 0.22916763012962962
2026-07-21 16:01:03.094 Information MapsOn: Must NOT send signature, has been done already : 2026-07-21T10:31:03
2026-07-21 16:01:03.094 Information Fetch Map: Fetching the generated map
2026-07-21 16:01:03.094 Information GetUrlData Start: URL - https://meteo-wagenborgen.nl/maps.txt 22026-07-21 16:01:04.181 Information Main: <!--
 This file is generated as part of CumulusUti
2026-07-21 16:01:04.183 Information UserAskedData Starting...
2026-07-21 16:01:04.183 Information UserAskedData Doing the compiler stuff...22026-07-21 16:01:04.208 Information CustomLogs constructor: starting22026-07-21 16:01:04.230 Information CustomLogs WebtagInfo constructor: number of defined Webtag Units: 400, everything OK. 
2026-07-21 16:01:04.236 Information Custom Logs constructor: stop22026-07-21 16:01:04.257 DefineUsercharts: Parsing User charts definitions - starting
2026-07-21 16:01:04.257 Information Parsing User Charts Definitions : Chart Overview'22026-07-21 16:01:04.277 Information Parsing User Charts Definitions : Chart Temperature'
2026-07-21 16:01:04.277 Information Parsing User Charts Definitions : Chart Wind'
2026-07-21 16:01:04.277 Information Parsing User Charts Definitions : Chart WindDirection'
2026-07-21 16:01:04.277 Information Parsing User Charts Definitions : Chart Rain'
2026-07-21 16:01:04.277 Information Parsing User Charts Definitions : Chart Humidity'
2026-07-21 16:01:04.277 Information Parsing User Charts Definitions : Chart Solar'
2026-07-21 16:01:04.277 Information Parsing User Charts Definitions : Chart DailyTemp'
2026-07-21 16:01:04.277 Information Parsing User Charts Definitions : Chart DailyPressure'
2026-07-21 16:01:04.285 Information Parsing User Charts: Evaluating Expression '(MinBarometer+MaxBarometer)/2'.
2026-07-21 16:01:04.300 Generating Compiler UserAskedData: Starting
2026-07-21 16:01:04.305 Information GenerateUserAskedData: timeStart = 21/07/2026 15:52:00; timeEnd = 21/07/2026 16:01:00
2026-07-21 16:01:04.306 Monthfile constructor: Using fixed path: | data/ |; file: | *log.txt
2026-07-21 16:01:04.316 ReadPartialMonthlyLogs: Starting.
2026-07-21 16:01:04.324 Information ReadPartialMonthlyLogs: reading 202607log.txt22026-07-21 16:01:04.638 Information ReadMonthlyLogs: End
2026-07-21 16:01:04.652 Information Generate UserAskedData: DoneToday = 20/07/2026 19:01:04.
2026-07-21 16:01:04.652 Information DateIsToday for thisDate: 20/07/2026 19:01:04 | thisDate.DayOfYear: 201 versus Now.DayOfYear: 202)
2026-07-21 16:01:04.652 Information DateIsToday: thisSpan: 21:00:00.6521161 | thisSpan.TotalDays = 0.8750075476400463
2026-07-21 16:01:04.652 Information Generate UserAskedData: Must NOT generate the ALL Range.
2026-07-21 16:01:04.652 Information Generate UserAskedData - Loop over Chart: Overview)
2026-07-21 16:01:04.653 Information Generate UserAskedData - Testing temp into tempdata.json (Range is Recent)
2026-07-21 16:01:04.653 Information Generate UserAskedData - Testing dew into tempdata.json (Range is Recent)
2026-07-21 16:01:04.653 Information Generate UserAskedData - Testing press into pressdata.json (Range is Recent)
2026-07-21 16:01:04.653 Information Generate UserAskedData - Testing hum into humdata.json (Range is Recent)
2026-07-21 16:01:04.653 Information Generate UserAskedData - Testing SolarRad into solardata.json (Range is Recent)
2026-07-21 16:01:04.653 Information Generate UserAskedData - Testing rfall into raindata.json (Range is Recent)
2026-07-21 16:01:04.653 Information Generate UserAskedData - Loop over Chart: Temperature)
2026-07-21 16:01:04.653 Information Generate UserAskedData - Testing intemp into tempdata.json (Range is Recent)
2026-07-21 16:01:04.653 Information Generate UserAskedData - Testing temp into tempdata.json (Range is Recent)
2026-07-21 16:01:04.653 Information Generate UserAskedData - Testing feelslike into tempdata.json (Range is Recent)
2026-07-21 16:01:04.653 Information Generate UserAskedData - Testing dew into tempdata.json (Range is Recent)
2026-07-21 16:01:04.653 Information Generate UserAskedData - Loop over Chart: Wind)
2026-07-21 16:01:04.653 Information Generate UserAskedData - Testing wgust into winddata.json (Range is Recent)
2026-07-21 16:01:04.653 Information Generate UserAskedData - Testing wspeed into winddata.json (Range is Recent)
2026-07-21 16:01:04.653 Information Generate UserAskedData - Loop over Chart: WindDirection)
2026-07-21 16:01:04.653 Information Generate UserAskedData - Testing bearing into wdirdata.json (Range is Recent)
2026-07-21 16:01:04.653 Information Generate UserAskedData - Testing avgbearing into wdirdata.json (Range is Recent)
2026-07-21 16:01:04.653 Information Generate UserAskedData - Loop over Chart: Rain)
2026-07-21 16:01:04.653 Information Generate UserAskedData - Testing rfall into raindata.json (Range is Recent)
2026-07-21 16:01:04.653 Information Generate UserAskedData - Testing rrate into raindata.json (Range is Recent)
2026-07-21 16:01:04.653 Information Generate UserAskedData - Loop over Chart: Humidity)
2026-07-21 16:01:04.653 Information Generate UserAskedData - Testing hum into humdata.json (Range is Recent)
2026-07-21 16:01:04.653 Information Generate UserAskedData - Testing inhum into humdata.json (Range is Recent)
2026-07-21 16:01:04.653 Information Generate UserAskedData - Loop over Chart: Solar)
2026-07-21 16:01:04.653 Information Generate UserAskedData - Testing UV into solardata.json (Range is Recent)
2026-07-21 16:01:04.653 Information Generate UserAskedData - Testing SolarRad into solardata.json (Range is Recent)
2026-07-21 16:01:04.653 Information Generate UserAskedData - Testing CurrentSolarMax into solardata.json (Range is Recent)
2026-07-21 16:01:04.653 Information Generate UserAskedData - Loop over Chart: DailyTemp)
2026-07-21 16:01:04.653 Information Generate UserAskedData - Testing avgTemp into alldailytempdata.json (Range is Daily)
2026-07-21 16:01:04.653 Information Generate UserAskedData - Testing avgTemp into alldailytempdata.json (Range is Daily)
2026-07-21 16:01:04.653 Information Generate UserAskedData - Loop over Chart: DailyPressure)
2026-07-21 16:01:04.653 Information Generate UserAskedData - Testing minBaro into alldailypressdata.json (Range is Daily)
2026-07-21 16:01:04.653 Information Generate UserAskedData - Testing  into  (Range is Daily)
2026-07-21 16:01:04.653 Information DoAirLink / AirQualitySensor  = False / False
2026-07-21 16:01:04.654 Information Uploading = maps.txt
2026-07-21 16:01:04.660 Testing PHP upload compression on https://jpickles.com/cutils/upload.php22026-07-21 16:01:04.789 Information PHP upload does not support compression
2026-07-21 16:01:04.790 Information UploadFile: Starting utils/maps.txt => maps.txt
2026-07-21 16:01:04.790 Information Upload File values: localfile: utils/maps.txt
2026-07-21 16:01:04.790 Information Upload File values: remotefile: maps.txt
2026-07-21 16:01:04.794 Information PHP Upload: starting utils/maps.txt
2026-07-21 16:01:04.795 Information Incremental = False; filename = maps.txt; ext = .txt; HoursInGraph = 7222026-07-21 16:01:04.873 Information InetPhp: maps.txt: Response code = 200: OK
2026-07-21 16:01:04.873 Information InetPhp: maps.txt: Response text follows:
Opening text file maps.txt for replacement
Writing text file maps.txt
Write complete
2026-07-21 16:01:04.873 Information PHP UploadFile: Success
2026-07-21 16:01:04.873 Information UploadFile: Starting utils/systeminfoTable.txt => systeminfoTable.txt
2026-07-21 16:01:04.873 Information Upload File values: localfile: utils/systeminfoTable.txt
2026-07-21 16:01:04.873 Information Upload File values: remotefile: systeminfoTable.txt
2026-07-21 16:01:04.873 Information PHP Upload: starting utils/systeminfoTable.txt
2026-07-21 16:01:04.873 Information Incremental = False; filename = systeminfoTable.txt; ext = .txt; HoursInGraph = 7222026-07-21 16:01:04.902 Information InetPhp: systeminfoTable.txt: Response code = 200: OK
2026-07-21 16:01:04.902 Information InetPhp: systeminfoTable.txt: Response text follows:
Opening text file systeminfoTable.txt for replacement
Writing text file systeminfoTable.txt
Write complete
2026-07-21 16:01:04.902 Information PHP UploadFile: Success
2026-07-21 16:01:04.902 All done, Entering the finally section...; Closing down.
2026-07-21 16:01:04.902 Disposing Isup...
2026-07-21 16:01:04.903 Disposing Sup...
