2026-07-20 21:31:01.682 Information According to Inifile Info => Error: True, Warning: True, Info: True, Verbose: False, 
2026-07-20 21:31:01.706 CumulusUtils Initial: Shutting down the default listener
2026-07-20 21:31:01.706 Information Cumul2026-07-20 21:31:01.709 CumulusUtils Initial: Shutti2026-07-20 21:31:01.755  CUstrings[xx].ini : CUstringsEN.ini looked for.
2026-07-20 21:31:01.780  CumulusUtils version: 7.1.1 
2026-07-20 21:31:01.784  CuSupport constructor : Unit Wind (m/s, mph, km/h, kts): mph
2026-07-20 21:31:01.785  CuSupport constructor : Unit Pressure (mb,hPa,inHg): hPa
2026-07-20 21:31:01.785  CuSupport constructor : Unit Rain (mm,in): mm
2026-07-20 21:31:01.786  CuSupport constructor : Unit T (C,F): °C
2026-07-20 21:31:01.786  CuSupport constructor : Unit D2026-07-20 21:31:01.789  CuSupport constructor : Unit T (C,F): °C
2026-07-20 21:31:01.789  CuSupport2026-07-20 21:31:01.802 InetSupport: Constructor starting
2026-07-20 21:31:01.865 CumulusUtils : ----------------------------
2026-07-20 21:31:01.865 CumulusUtils : Entering Main
2026-07-20 21:31:01.875 HelpTexts: starting
2026-07-20 21:31:01.919 Information HelpTexts Contructor: stop
2026-07-20 21:31:01.963 CommandLineArgs : starting
2026-07-20 21:31:01.963  CommandLineArgs : handling arg: sysinfo
2026-02026-07-20 21:31:01.969 CommandLineArgs : starting
2026-07-20 21:31:01.969  CommandLineArgs : handling arg: sysinfo
2026-07-20 21:31:01.969  CommandLineArgs : handling arg: UserAskedData
2026-072026-07-20 21:31:02.061 Information CumulusUtils : Read dayfile.txt succesfully - 928 records
2026-07-20 21:31:02.087 Information SystemStatus : starting
2026-07-20 21:31:02.124 Information GetUrlData Start: URL - http://localhost:8998/api/tags/process.json?version&build&Prog2026-07-20 21:31:02.128 Information GetUrlData Start: URL - h2026-07-20 21:31:02.537 CumulusMX Version: 4.5.2 build 4105
2026-07-20 21:31:02.540 Information  SystemStatus: Found devic2026-07-20 21:31:02.542 Cumulu2026-07-20 21:31:02.545 Inform2026-07-20 21:31:02.550 Information  SystemStatus: Found device 12 GW1000/Ecowitt Local API
2026-07-20 21:31:02.551 Information ReplaceWebtagsPostAsync start:
2026-07-20 21:31:02.557 Information  PostUrl2026-07-20 21:31:02.596 Information PostUrlData success response : OK - OK
2026-07-20 21:31:02.599 SystemStatus : DoingUni202026-07-20 21:31:02.606 Information SystemStatus : DoingUnix Start
2026-07-20 21:31:02.613 Information StartProcess cat /etc/os-release
2026-07-20 21:31:02.626 Information StartProcess cat: output=PRETTY_NAME="Debian GNU/Linux 12 (bookworm)"
2026-07-20 21:312026-07-20 21:31:02.632 Information StartProcess cat: output=PRETTY_NAME="Debian GNU/Linux 12 (bookworm)"
2026-07-20 21:31:02.632 Information StartProcess cat: output=NAME="Debian GNU/Linux"
2026-07-20 21:31:02.632 Information StartProcess cat: output=VERSION_ID="12"
2026-07-20 21:31:02.632 Information StartProcess cat: output=VERSION="12 (bookworm)"
2026-07-20 21:31:02.632 Information StartProcess cat: output=VERSION_CODENAME=bookworm
2026-07-20 21:31:02.632 Information StartProcess cat: output=ID=debian
2026-07-20 21:31:02.632 Information StartProcess cat: output=HOME_URL="https://www.debian.org/"
2026-07-20 21:31:02.632 Information StartProcess cat: output=SUPPORT_URL="https://www.debian.org/support"
2026-07-20 21:31:02.632 Information StartProcess cat: output=BUG_REPORT_URL="https://bugs.debian.org/"
2026-07-20 21:31:02.633 Information Found Linux NAME: PRETTY_NAME="Debian GNU/Linux 12 (bookworm)"
22026-07-20 21:31:02.637 Information StartProcess uptime: output=up 3 weeks, 3 days, 1 hour, 57 minutes
2026-07-20 21:31:022026-07-20 21:31:02.643 Information StartProcess uptime: output=up 3 weeks, 3 days, 1 hour, 57 minutes
2026-07-20 21:31:02.644 Information StartProcess lshw -quiet -class system
2026-07-20 21:31:02.646 Error System/Processor: Unknown (exception) - An error occurred trying to start process 'lshw' with working directory '/opt/CumulusMX'. No such file or directory
2026-07-22026-07-20 21:31:02.648 Information StartProcess uname: output=Linux 6.1.0-23-amd64 x86_64
2026-07-20 21:31:02.648 Informa2026-07-20 21:31:02.649 Informati2026-07-20 21:31:02.676 Information StartProcess lsb_release: output=Distributor ID:	Debian
2026-07-20 21:31:02.677 Inform2026-07-20 21:31:02.679 Information StartProcess lsb_release: output=Distributor ID:	Debian
2026-07-20 21:31:02.680 Information StartProcess lsb_release: output=Description:	Debian GNU/Linux 12 (bookworm)
2026-07-20 21:31:02.680 Information StartProcess lsb_release: output=Release:	12
2026-07-20 21:31:02.680 Information St2026-07-20 21:31:02.683 Information StartProcess dotnet: output=Microsoft.NETCore.App 8.0.8 [/usr/share/dotnet/shared/Micr2026-07-20 21:31:022026-07-20 21:31:02.687 Information StartProcess free -m
2026-07-20 21:31:02.691 Information StartProcess free: output=               total        used        free      shared  bu2026-07-20 21:31:02.694 Information StartProcess free: output=               total        used        free      shared  buff/cache   available
2026-07-20 21:31:02.694 Information StartProcess free: output=Mem:             960         374         396          30         366         586
2026-07-20 21:31:02.694 Information StartProcess free: ou2026-07-20 21:31:02.696 Information StartProcess df: output=Filesystem     Type  Size  Used Avail Use% Mounted on
2026-07-2026-07-20 21:31:02.701 Information StartProcess df: output=Filesystem     Type  Size  Used Avail Use% Mounted on
2026-07-20 21:31:02.702 Infor2026-07-20 21:31:02.716 Information MapsOn: Starting
2026-07-20 21:31:02.725 Information  MapsOn: Adding Station: Westlands
2026-07-20 21:31:02.741 Information MapsOn: Before testing DoneToday after parsing: 20/07/2026 10:31:03 
2026-07-20 21:31:02.741 Information DateIsToday for thisDate: 20/07/2026 10:31:03 | thisDate.DayOfYear: 201 versus Now.DayOfYear: 201)
2026-07-20 21:31:02.752 Information DateIsToday: thisSpan: 10:59:59.7418922 | thisSpan.TotalDays = 0.45833034597453703
2026-07-20 21:31:02.755 Information MapsOn: Must NOT send signature, has been done already : 2026-07-20T10:31:03
2026-07-20 21:31:02.755 Information Fetch Map: Fetching the generated map
2026-07-20 21:31:02.755 Information GetUrlData Start: URL - https://meteo-wagenborgen.nl/maps.txt 
2026-07-20 21:31:03.673 Information Main: <!--
 This file is generated as part of CumulusUti
2026-07-20 21:31:03.674 Information UserAskedData Starting...
2026-07-20 21:31:03.674 Information UserAskedData Doing the compiler stuff...
2026-07-20 21:31:03.702 Information CustomLogs constructor: starting
2026-07-20 21:31:03.725 Information CustomLogs WebtagInfo constructor: number of defined Webtag Units: 400, everything OK. 
2026-07-20 21:31:03.726 Information Custom Logs constructor: stop
2026-07-20 21:31:03.746 DefineUsercharts: Parsing User charts definitions - starting
2026-07-20 21:31:03.746 Information Parsing User Charts Definitions : Chart Overview'
2026-07-20 21:31:03.761 Information Parsing User Charts Definitions : Chart Temperature'
2026-07-20 21:31:03.761 Information Parsing User Charts Definitions : Chart Wind'
2026-07-20 21:31:03.761 Information Parsing User Charts Definitions : Chart WindDirection'
2026-07-20 21:31:03.762 Information Parsing User Charts Definitions : Chart Rain'
2026-07-20 21:31:03.762 Information Parsing User Charts Definitions : Chart Humidity'
2026-07-20 21:31:03.762 Information Parsing User Charts Definitions : Chart Solar'
2026-07-20 21:31:03.762 Information Parsing User Charts Definitions : Chart DailyTemp'
2026-07-20 21:31:03.762 Information Parsing User Charts Definitions : Chart DailyPressure'
2026-07-20 21:31:03.768 Information Parsing User Charts: Evaluating Expression '(MinBarometer+MaxBarometer)/2'.
2026-07-20 21:31:03.788 Generating Compiler UserAskedData: Starting
2026-07-20 21:31:03.793 Information GenerateUserAskedData: timeStart = 20/07/2026 21:22:00; timeEnd = 20/07/2026 21:31:00
2026-07-20 21:31:03.794 Monthfile constructor: Using fixed path: | data/ |; file: | *log.txt
2026-07-20 21:31:03.796 ReadPartialMonthlyLogs: Starting.
2026-07-20 21:31:03.808 Information ReadPartialMonthlyLogs: reading 202607log.txt
2026-07-20 21:31:04.097 Information ReadMonthlyLogs: End
2026-07-20 21:31:04.107 Information Generate UserAskedData: DoneToday = 20/07/2026 19:01:04.
2026-07-20 21:31:04.107 Information DateIsToday for thisDate: 20/07/2026 19:01:04 | thisDate.DayOfYear: 201 versus Now.DayOfYear: 201)
2026-07-20 21:31:04.107 Information DateIsToday: thisSpan: 02:30:00.1076876 | thisSpan.TotalDays = 0.10416791305092593
2026-07-20 21:31:04.107 Information Generate UserAskedData: Must NOT generate the ALL Range.
2026-07-20 21:31:04.107 Information Generate UserAskedData - Loop over Chart: Overview)
2026-07-20 21:31:04.113 Information Generate UserAskedData - Testing temp into tempdata.json (Range is Recent)
2026-07-20 21:31:04.113 Information Generate UserAskedData - Testing dew into tempdata.json (Range is Recent)
2026-07-20 21:31:04.113 Information Generate UserAskedData - Testing press into pressdata.json (Range is Recent)
2026-07-20 21:31:04.113 Information Generate UserAskedData - Testing hum into humdata.json (Range is Recent)
2026-07-20 21:31:04.113 Information Generate UserAskedData - Testing SolarRad into solardata.json (Range is Recent)
2026-07-20 21:31:04.113 Information Generate UserAskedData - Testing rfall into raindata.json (Range is Recent)
2026-07-20 21:31:04.113 Information Generate UserAskedData - Loop over Chart: Temperature)
2026-07-20 21:31:04.113 Information Generate UserAskedData - Testing intemp into tempdata.json (Range is Recent)
2026-07-20 21:31:04.113 Information Generate UserAskedData - Testing temp into tempdata.json (Range is Recent)
2026-07-20 21:31:04.113 Information Generate UserAskedData - Testing feelslike into tempdata.json (Range is Recent)
2026-07-20 21:31:04.113 Information Generate UserAskedData - Testing dew into tempdata.json (Range is Recent)
2026-07-20 21:31:04.113 Information Generate UserAskedData - Loop over Chart: Wind)
2026-07-20 21:31:04.113 Information Generate UserAskedData - Testing wgust into winddata.json (Range is Recent)
2026-07-20 21:31:04.113 Information Generate UserAskedData - Testing wspeed into winddata.json (Range is Recent)
2026-07-20 21:31:04.113 Information Generate UserAskedData - Loop over Chart: WindDirection)
2026-07-20 21:31:04.113 Information Generate UserAskedData - Testing bearing into wdirdata.json (Range is Recent)
2026-07-20 21:31:04.113 Information Generate UserAskedData - Testing avgbearing into wdirdata.json (Range is Recent)
2026-07-20 21:31:04.113 Information Generate UserAskedData - Loop over Chart: Rain)
2026-07-20 21:31:04.113 Information Generate UserAskedData - Testing rfall into raindata.json (Range is Recent)
2026-07-20 21:31:04.114 Information Generate UserAskedData - Testing rrate into raindata.json (Range is Recent)
2026-07-20 21:31:04.114 Information Generate UserAskedData - Loop over Chart: Humidity)
2026-07-20 21:31:04.114 Information Generate UserAskedData - Testing hum into humdata.json (Range is Recent)
2026-07-20 21:31:04.114 Information Generate UserAskedData - Testing inhum into humdata.json (Range is Recent)
2026-07-20 21:31:04.114 Information Generate UserAskedData - Loop over Chart: Solar)
2026-07-20 21:31:04.114 Information Generate UserAskedData - Testing UV into solardata.json (Range is Recent)
2026-07-20 21:31:04.114 Information Generate UserAskedData - Testing SolarRad into solardata.json (Range is Recent)
2026-07-20 21:31:04.114 Information Generate UserAskedData - Testing CurrentSolarMax into solardata.json (Range is Recent)
2026-07-20 21:31:04.114 Information Generate UserAskedData - Loop over Chart: DailyTemp)
2026-07-20 21:31:04.114 Information Generate UserAskedData - Testing avgTemp into alldailytempdata.json (Range is Daily)
2026-07-20 21:31:04.114 Information Generate UserAskedData - Testing avgTemp into alldailytempdata.json (Range is Daily)
2026-07-20 21:31:04.114 Information Generate UserAskedData - Loop over Chart: DailyPressure)
2026-07-20 21:31:04.114 Information Generate UserAskedData - Testing minBaro into alldailypressdata.json (Range is Daily)
2026-07-20 21:31:04.114 Information Generate UserAskedData - Testing  into  (Range is Daily)
2026-07-20 21:31:04.114 Information DoAirLink / AirQualitySensor  = False / False
2026-07-20 21:31:04.114 Information Uploading = maps.txt
2026-07-20 21:31:04.119 Testing PHP upload compression on https://jpickles.com/cutils/upload.php
2026-07-20 21:31:04.249 Information PHP upload does not support compression
2026-07-20 21:31:04.249 Information UploadFile: Starting utils/maps.txt => maps.txt
2026-07-20 21:31:04.249 Information Upload File values: localfile: utils/maps.txt
2026-07-20 21:31:04.249 Information Upload File values: remotefile: maps.txt
2026-07-20 21:31:04.259 Information PHP Upload: starting utils/maps.txt
2026-07-20 21:31:04.264 Information Incremental = False; filename = maps.txt; ext = .txt; HoursInGraph = 72
2026-07-20 21:31:04.347 Information InetPhp: maps.txt: Response code = 200: OK
2026-07-20 21:31:04.347 Information InetPhp: maps.txt: Response text follows:
Opening text file maps.txt for replacement
Writing text file maps.txt
Write complete
2026-07-20 21:31:04.347 Information PHP UploadFile: Success
2026-07-20 21:31:04.347 Information UploadFile: Starting utils/systeminfoTable.txt => systeminfoTable.txt
2026-07-20 21:31:04.347 Information Upload File values: localfile: utils/systeminfoTable.txt
2026-07-20 21:31:04.347 Information Upload File values: remotefile: systeminfoTable.txt
2026-07-20 21:31:04.347 Information PHP Upload: starting utils/systeminfoTable.txt
2026-07-20 21:31:04.347 Information Incremental = False; filename = systeminfoTable.txt; ext = .txt; HoursInGraph = 72
2026-07-20 21:31:04.381 Information InetPhp: systeminfoTable.txt: Response code = 200: OK
2026-07-20 21:31:04.381 Information InetPhp: systeminfoTable.txt: Response text follows:
Opening text file systeminfoTable.txt for replacement
Writing text file systeminfoTable.txt
Write complete
2026-07-20 21:31:04.381 Information PHP UploadFile: Success
2026-07-20 21:31:04.381 All done, Entering the finally section...; Closing down.
2026-07-20 21:31:04.381 Disposing Isup...
2026-07-20 21:31:04.382 Disposing Sup...
e finally section...; Closing down.
2026-07-20 21:31:04.369 Disposing Isup...
2026-07-20 21:31:04.370 Disposing Sup...
