2026-07-22 02:41:01.399 Information According to Inifile Info => Error: True, Warning: True, Info: True, Verbose: False, 
2026-07-22 02:41:01.433 CumulusUtils Initial: Shutting down the default listener
2026-07-22 02:41:01.433 Information CumulusUtils Initial: Shutting down the default listener
2026-07-22 02:41:01.480  CUstrings[xx].ini : CUstringsEN.ini looked for.
2026-07-22 02:41:01.509  CumulusUtils version: 7.1.1 
2026-07-22 02:41:01.509  CuSupport constructor : Unit Wind (m/s, mph, km/h, kts): mph
2026-07-22 02:41:01.510  CuSupport constructor : Unit Pressure (mb,hPa,inHg): hPa
2026-07-22 02:41:01.510  CuSupport constructor : Unit Rain (mm,in): mm
2026-07-22 02:41:01.510  CuSupport constructor : Unit T (C,F): °C
2026-07-22 02:41:01.511  CuSupport constructor : Unit Distance (m, mi, km, kn): mi
2026-07-22 02:41:01.511  CuSupport constructor : Unit Height (m, ft): ft
2026-07-22 02:41:01.531 InetSupport: Constructor starting
2026-07-22 02:41:01.597 CumulusUtils : ----------------------------
2026-07-22 02:41:01.597 CumulusUtils : Entering Main
2026-07-22 02:41:01.611 HelpTexts: starting
2026-07-22 02:41:01.653 Information HelpTexts Contructor: stop
2026-07-22 02:41:01.706 CommandLineArgs : starting
2026-07-22 02:41:01.706  CommandLineArgs : handling arg: sysinfo
2026-07-22 02:41:01.706  CommandLineArgs : handling arg: UserAskedData
2026-07-22 02:41:01.706  CommandLineArgs : handling arg: UserReports
2026-07-22 02:41:01.707 Dayfile: Reading the dayfile.txt...
2026-07-22 02:41:01.793 Information CumulusUtils : Read dayfile.txt succesfully - 930 records
2026-07-22 02:41:01.819 Information SystemStatus : starting
2026-07-22 02:41:01.848 Information GetUrlData Start: URL - http://localhost:8998/api/tags/process.json?version&build&ProgramUpTime&NewBuildAvailable&NewBuildNumber&CpuCount&CPUTemp 
2026-07-22 02:41:02.287 CumulusMX Version: 4.5.2 build 4105
2026-07-22 02:41:02.295 Information  SystemStatus: Found device 12 GW1000/Ecowitt Local API
2026-07-22 02:41:02.296 Information ReplaceWebtagsPostAsync start:
2026-07-22 02:41:02.302 Information  PostUrlData Start: http://localhost:8998/api/tags/process.txt 
2026-07-22 02:41:02.302 Information PostUrlData Calling PostAsync
2026-07-22 02:41:02.349 Information PostUrlData success response : OK - OK
2026-07-22 02:41:02.355 SystemStatus : DoingUnix
2026-07-22 02:41:02.362 Information SystemStatus : DoingUnix Start
2026-07-22 02:41:02.368 Information StartProcess cat /etc/os-release
2026-07-22 02:41:02.375 Information StartProcess cat: output=PRETTY_NAME="Debian GNU/Linux 12 (bookworm)"
2026-07-22 02:41:02.375 Information StartProcess cat: output=NAME="Debian GNU/Linux"
2026-07-22 02:41:02.376 Information StartProcess cat: output=VERSION_ID="12"
2026-07-22 02:41:02.376 Information StartProcess cat: output=VERSION="12 (bookworm)"
2026-07-22 02:41:02.376 Information StartProcess cat: output=VERSION_CODENAME=bookworm
2026-07-22 02:41:02.376 Information StartProcess cat: output=ID=debian
2026-07-22 02:41:02.376 Information StartProcess cat: output=HOME_URL="https://www.debian.org/"
2026-07-22 02:41:02.376 Information StartProcess cat: output=SUPPORT_URL="https://www.debian.org/support"
2026-07-22 02:41:02.376 Information StartProcess cat: output=BUG_REPORT_URL="https://bugs.debian.org/"
2026-07-22 02:41:02.379 Information Found Linux NAME: PRETTY_NAME="Debian GNU/Linux 12 (bookworm)"
2026-07-22 02:41:02.380 Information Using Linux dialect: Debian
2026-07-22 02:41:02.380 Information StartProcess uptime -p
2026-07-22 02:41:02.389 Information StartProcess uptime: output=up 3 weeks, 4 days, 7 hours, 7 minutes
2026-07-22 02:41:02.390 Information StartProcess lshw -quiet -class system
2026-07-22 02:41:02.392 Error System/Processor: Unknown (exception) - An error occurred trying to start process 'lshw' with working directory '/opt/CumulusMX'. No such file or directory
2026-07-22 02:41:02.392 Please install lshw (apt-get install lshw)
2026-07-22 02:41:02.392 Information StartProcess uname -s -r -m
2026-07-22 02:41:02.397 Information StartProcess uname: output=Linux 6.1.0-23-amd64 x86_64
2026-07-22 02:41:02.397 Information StartProcess lsb_release -a
2026-07-22 02:41:02.424 Information StartProcess lsb_release: output=Distributor ID:	Debian
2026-07-22 02:41:02.424 Information StartProcess lsb_release: output=Description:	Debian GNU/Linux 12 (bookworm)
2026-07-22 02:41:02.424 Information StartProcess lsb_release: output=Release:	12
2026-07-22 02:41:02.424 Information StartProcess lsb_release: output=Codename:	bookworm
2026-07-22 02:41:02.425 Information StartProcess dotnet --list-runtimes
2026-07-22 02:41:02.430 Information StartProcess dotnet: output=Microsoft.NETCore.App 8.0.8 [/usr/share/dotnet/shared/Microsoft.NETCore.App]
2026-07-22 02:41:02.432 Information StartProcess free -m
2026-07-22 02:41:02.438 Information StartProcess free: output=               total        used        free      shared  buff/cache   available
2026-07-22 02:41:02.438 Information StartProcess free: output=Mem:             960         368         528          31         235         592
2026-07-22 02:41:02.438 Information StartProcess free: output=Swap:            974          76         898
2026-07-22 02:41:02.439 Information StartProcess df -T -text4 -tvfat -h
2026-07-22 02:41:02.444 Information StartProcess df: output=Filesystem     Type  Size  Used Avail Use% Mounted on
2026-07-22 02:41:02.444 Information StartProcess df: output=/dev/sda1      ext4   31G  7.6G   22G  27% /
2026-07-22 02:41:02.447 USerReports: Starting
2026-07-22 02:41:02.459 Information MapsOn: Starting
2026-07-22 02:41:02.466 Information  MapsOn: Adding Station: Westlands
2026-07-22 02:41:02.484 Information MapsOn: Before testing DoneToday after parsing: 21/07/2026 10:31:03 
2026-07-22 02:41:02.486 Information DateIsToday for thisDate: 21/07/2026 10:31:03 | thisDate.DayOfYear: 202 versus Now.DayOfYear: 203)
2026-07-22 02:41:02.500 Information DateIsToday: thisSpan: 16:09:59.4866660 | thisSpan.TotalDays = 0.6736051697453703
2026-07-22 02:41:02.500 Information MapsOn: Must NOT send signature, has been done already : 2026-07-21T10:31:03
2026-07-22 02:41:02.501 Information Fetch Map: Fetching the generated map
2026-07-22 02:41:02.501 Information GetUrlData Start: URL - https://meteo-wagenborgen.nl/maps.txt 
2026-07-22 02:41:03.384 Information Main: <!--
 This file is generated as part of CumulusUti
2026-07-22 02:41:03.385 Information UserAskedData Starting...
2026-07-22 02:41:03.385 Information UserAskedData Doing the compiler stuff...
2026-07-22 02:41:03.411 Information CustomLogs constructor: starting
2026-07-22 02:41:03.433 Information CustomLogs WebtagInfo constructor: number of defined Webtag Units: 400, everything OK. 
2026-07-22 02:41:03.434 Information Custom Logs constructor: stop
2026-07-22 02:41:03.462 DefineUsercharts: Parsing User charts definitions - starting
2026-07-22 02:41:03.462 Information Parsing User Charts Definitions : Chart Overview'
2026-07-22 02:41:03.480 Information Parsing User Charts Definitions : Chart Temperature'
2026-07-22 02:41:03.480 Information Parsing User Charts Definitions : Chart Wind'
2026-07-22 02:41:03.480 Information Parsing User Charts Definitions : Chart WindDirection'
2026-07-22 02:41:03.480 Information Parsing User Charts Definitions : Chart Rain'
2026-07-22 02:41:03.480 Information Parsing User Charts Definitions : Chart Humidity'
2026-07-22 02:41:03.480 Information Parsing User Charts Definitions : Chart Solar'
2026-07-22 02:41:03.480 Information Parsing User Charts Definitions : Chart DailyTemp'
2026-07-22 02:41:03.480 Information Parsing User Charts Definitions : Chart DailyPressure'
2026-07-22 02:41:03.483 Information Parsing User Charts: Evaluating Expression '(MinBarometer+MaxBarometer)/2'.
2026-07-22 02:41:03.504 Generating Compiler UserAskedData: Starting
2026-07-22 02:41:03.510 Information GenerateUserAskedData: timeStart = 22/07/2026 02:32:00; timeEnd = 22/07/2026 02:41:00
2026-07-22 02:41:03.511 Monthfile constructor: Using fixed path: | data/ |; file: | *log.txt
2026-07-22 02:41:03.513 ReadPartialMonthlyLogs: Starting.
2026-07-22 02:41:03.521 Information ReadPartialMonthlyLogs: reading 202607log.txt
2026-07-22 02:41:03.840 Information ReadMonthlyLogs: End
2026-07-22 02:41:03.851 Information Generate UserAskedData: DoneToday = 21/07/2026 19:11:04.
2026-07-22 02:41:03.851 Information DateIsToday for thisDate: 21/07/2026 19:11:04 | thisDate.DayOfYear: 202 versus Now.DayOfYear: 203)
2026-07-22 02:41:03.851 Information DateIsToday: thisSpan: 07:29:59.8517447 | thisSpan.TotalDays = 0.31249828408217595
2026-07-22 02:41:03.851 Information Generate UserAskedData: Must NOT generate the ALL Range.
2026-07-22 02:41:03.851 Information Generate UserAskedData - Loop over Chart: Overview)
2026-07-22 02:41:03.857 Information Generate UserAskedData - Testing temp into tempdata.json (Range is Recent)
2026-07-22 02:41:03.857 Information Generate UserAskedData - Testing dew into tempdata.json (Range is Recent)
2026-07-22 02:41:03.857 Information Generate UserAskedData - Testing press into pressdata.json (Range is Recent)
2026-07-22 02:41:03.857 Information Generate UserAskedData - Testing hum into humdata.json (Range is Recent)
2026-07-22 02:41:03.857 Information Generate UserAskedData - Testing SolarRad into solardata.json (Range is Recent)
2026-07-22 02:41:03.857 Information Generate UserAskedData - Testing rfall into raindata.json (Range is Recent)
2026-07-22 02:41:03.857 Information Generate UserAskedData - Loop over Chart: Temperature)
2026-07-22 02:41:03.857 Information Generate UserAskedData - Testing intemp into tempdata.json (Range is Recent)
2026-07-22 02:41:03.857 Information Generate UserAskedData - Testing temp into tempdata.json (Range is Recent)
2026-07-22 02:41:03.857 Information Generate UserAskedData - Testing feelslike into tempdata.json (Range is Recent)
2026-07-22 02:41:03.857 Information Generate UserAskedData - Testing dew into tempdata.json (Range is Recent)
2026-07-22 02:41:03.857 Information Generate UserAskedData - Loop over Chart: Wind)
2026-07-22 02:41:03.857 Information Generate UserAskedData - Testing wgust into winddata.json (Range is Recent)
2026-07-22 02:41:03.857 Information Generate UserAskedData - Testing wspeed into winddata.json (Range is Recent)
2026-07-22 02:41:03.857 Information Generate UserAskedData - Loop over Chart: WindDirection)
2026-07-22 02:41:03.857 Information Generate UserAskedData - Testing bearing into wdirdata.json (Range is Recent)
2026-07-22 02:41:03.857 Information Generate UserAskedData - Testing avgbearing into wdirdata.json (Range is Recent)
2026-07-22 02:41:03.857 Information Generate UserAskedData - Loop over Chart: Rain)
2026-07-22 02:41:03.857 Information Generate UserAskedData - Testing rfall into raindata.json (Range is Recent)
2026-07-22 02:41:03.857 Information Generate UserAskedData - Testing rrate into raindata.json (Range is Recent)
2026-07-22 02:41:03.857 Information Generate UserAskedData - Loop over Chart: Humidity)
2026-07-22 02:41:03.857 Information Generate UserAskedData - Testing hum into humdata.json (Range is Recent)
2026-07-22 02:41:03.857 Information Generate UserAskedData - Testing inhum into humdata.json (Range is Recent)
2026-07-22 02:41:03.857 Information Generate UserAskedData - Loop over Chart: Solar)
2026-07-22 02:41:03.857 Information Generate UserAskedData - Testing UV into solardata.json (Range is Recent)
2026-07-22 02:41:03.857 Information Generate UserAskedData - Testing SolarRad into solardata.json (Range is Recent)
2026-07-22 02:41:03.857 Information Generate UserAskedData - Testing CurrentSolarMax into solardata.json (Range is Recent)
2026-07-22 02:41:03.857 Information Generate UserAskedData - Loop over Chart: DailyTemp)
2026-07-22 02:41:03.857 Information Generate UserAskedData - Testing avgTemp into alldailytempdata.json (Range is Daily)
2026-07-22 02:41:03.857 Information Generate UserAskedData - Testing avgTemp into alldailytempdata.json (Range is Daily)
2026-07-22 02:41:03.857 Information Generate UserAskedData - Loop over Chart: DailyPressure)
2026-07-22 02:41:03.857 Information Generate UserAskedData - Testing minBaro into alldailypressdata.json (Range is Daily)
2026-07-22 02:41:03.857 Information Generate UserAskedData - Testing  into  (Range is Daily)
2026-07-22 02:41:03.857 Information DoAirLink / AirQualitySensor  = False / False
2026-07-22 02:41:03.857 Information Uploading = maps.txt
2026-07-22 02:41:03.871 Testing PHP upload compression on https://jpickles.com/cutils/upload.php
2026-07-22 02:41:03.998 Information PHP upload does not support compression
2026-07-22 02:41:03.998 Information UploadFile: Starting utils/maps.txt => maps.txt
2026-07-22 02:41:03.998 Information Upload File values: localfile: utils/maps.txt
2026-07-22 02:41:03.998 Information Upload File values: remotefile: maps.txt
2026-07-22 02:41:04.002 Information PHP Upload: starting utils/maps.txt
2026-07-22 02:41:04.003 Information Incremental = False; filename = maps.txt; ext = .txt; HoursInGraph = 72
2026-07-22 02:41:04.078 Information InetPhp: maps.txt: Response code = 200: OK
2026-07-22 02:41:04.078 Information InetPhp: maps.txt: Response text follows:
Opening text file maps.txt for replacement
Writing text file maps.txt
Write complete
2026-07-22 02:41:04.078 Information PHP UploadFile: Success
2026-07-22 02:41:04.078 Information UploadFile: Starting utils/systeminfoTable.txt => systeminfoTable.txt
2026-07-22 02:41:04.078 Information Upload File values: localfile: utils/systeminfoTable.txt
2026-07-22 02:41:04.078 Information Upload File values: remotefile: systeminfoTable.txt
2026-07-22 02:41:04.078 Information PHP Upload: starting utils/systeminfoTable.txt
2026-07-22 02:41:04.078 Information Incremental = False; filename = systeminfoTable.txt; ext = .txt; HoursInGraph = 72
2026-07-22 02:41:04.110 Information InetPhp: systeminfoTable.txt: Response code = 200: OK
2026-07-22 02:41:04.110 Information InetPhp: systeminfoTable.txt: Response text follows:
Opening text file systeminfoTable.txt for replacement
Writing text file systeminfoTable.txt
Write complete
2026-07-22 02:41:04.110 Information PHP UploadFile: Success
2026-07-22 02:41:04.110 All done, Entering the finally section...; Closing down.
2026-07-22 02:41:04.110 Disposing Isup...
2026-07-22 02:41:04.111 Disposing Sup...
