2026-07-21 08:11:01.953 Information According to Inifile Info => Error: True, Warning: True, Info: True, Verbose: False, 
2026-07-21 08:11:02.000 CumulusUtils Initial: Shutting down the default listener
2026-07-21 08:11:02.000 Information Cumul2026-07-21 08:11:02.017 CumulusUtils Initial: Shutti2026-07-21 08:11:02.054  CUstrings[xx].ini : CUstringsEN.ini looked for.
2026-07-21 08:11:02.082  CumulusUtils version: 7.1.1 
2026-07-21 08:11:02.082  CuSupport constructor : Unit Wind (m/s, mph2026-07-21 08:11:02.104  CumulusUtils version: 7.1.1 
2026-07-21 08:11:02.105  CuSupport constructor : Unit Wind (m/s, mph, km/h, kts): mph
2026-07-21 08:11:02.105  CuSupport constructor : Unit Pressure (mb,hPa,inHg): hPa
2026-07-21 08:11:02.105  CuSupport constructor : Unit Rain (mm,in): mm
2026-07-21 08:11:02.106  CuSupport constructor : Unit T (C,F): °C
2026-07-21 08:11:02.106  CuSupport2026-07-21 08:11:02.108 InetSupport: Constructor starting
2026-07-21 08:11:02.175 CumulusUtils : ----------------------------
2026-07-21 08:11:02.175 CumulusUtils : Entering Main
2026-07-21 08:11:02.187 HelpTexts: starting
2026-07-21 08:11:02.226 Information HelpTexts Contructor: stop
2026-07-21 08:11:02.276 CommandLineArgs : starting
2026-07-21 08:11:02.276  CommandLineArgs : handling arg: sysinfo
2026-02026-07-21 08:11:02.297 CommandLineArgs : starting
2026-07-21 08:11:02.297  CommandLineArgs : handling arg: sysinfo
2026-07-21 08:11:02.297  CommandLineArgs : handling arg: UserAskedData
2026-072026-07-21 08:11:02.374 Information CumulusUtils : Read dayfile.txt succesfully - 929 records
2026-07-21 08:11:02.399 Information SystemStatus : starting
2026-07-21 08:11:02.431 Information GetUrlData Start: URL - http://localhost:8998/api/tags/process.json?version&build&Prog2026-07-21 08:11:02.447 Information GetUrlData Start: URL - h2026-07-21 08:11:02.875 CumulusMX Version: 4.5.2 build 4105
2026-07-21 08:11:02.879 Information  SystemStatus: Found devic2026-07-21 08:11:02.896 CumulusMX Version: 4.5.2 build 4105
2026-07-21 08:11:02.911 Information  SystemStatus: Found device 12 GW1000/Ecowitt Local API
2026-07-21 08:11:02.916 Information ReplaceWebtagsPostAsync start:
2026-07-21 08:11:02.918 Information  PostUrl2026-07-21 08:11:02.924 Information PostUrlData success response : OK - OK
2026-07-21 08:11:02.927 SystemStatus : DoingUni2026-07-21 08:11:02.965 Information PostUrlData success response : OK - OK
2026-07-21 08:11:02.972 SystemStatus : DoingUnix
2026-07-21 08:11:02.974 Information SystemStatus : DoingUnix Start
2026-07-21 08:11:02.978 Information StartProcess cat /etc/os-release
2026-07-21 08:11:02.988 Information StartProcess cat: output=PRETTY_NAME="Debian GNU/Linux 12 (bookworm)"
2026-07-21 08:11:02.988 Information StartProcess cat: output=NAME="Debian GNU/Linux"
2026-07-21 08:11:02.988 Information StartProcess cat: output=VERSION_ID="12"
2026-07-21 08:11:02.988 Information StartProcess cat: output=VERSION="12 (bookworm)"
2026-07-21 08:11:02.988 Information StartProcess cat: output=VERSION_CODENAME=bookworm
2026-07-21 08:11:02.988 Information StartProcess cat: output=ID=debian
2026-07-21 08:11:02.988 Information StartProcess cat: output=HOME_URL="https://www.debian.org/"
2026-07-21 08:11:02.988 Information StartProcess cat: output=SUPPORT_URL="https://www.debian.org/support"
2026-07-21 08:11:02.988 Information StartProcess cat: output=BUG_REPORT_URL="https://bugs.debian.org/"
2026-07-21 08:11:02.989 Information Found Linux NAME: PRETTY_NAME="Debian GNU/Linux 12 (bookworm)"
2026-07-21 08:11:02.990 Information Using Linux dialect: Debian
2026-07-21 08:11:02.990 Information StartProcess uptime -p
2026-07-21 08:11:02.998 Information StartProcess uptime: output=up 3 weeks, 3 days, 12 hours, 37 minutes
2026-07-21 08:11:02.999 Information StartProcess lshw -quiet -class system
2026-07-21 08:11:03.002 Error System/Processor: Unknown (exception) - An error occurred trying to start process 'lshw' with working directory '/opt/CumulusMX'. No such file or directory
2026-07-21 08:11:03.002 Please install lshw (apt-get install lshw)
2026-07-21 08:11:03.002 Information StartProcess uname -s -r -m
2026-07-21 08:11:03.005 Informati2026-07-21 08:11:03.017 Information StartProcess lsb_release: output=Distributor ID:	Debian
2026-07-21 08:11:03.017 Inform2026-07-21 08:11:03.034 Information StartProcess lsb_release: output=Distributor ID:	Debian
2026-07-21 08:11:03.034 Information StartProcess lsb_release: output=Description:	Debian GNU/Linux 12 (bookworm)
2026-07-21 08:11:03.034 Information StartProcess lsb_release: output=Release:	12
2026-07-21 08:11:03.034 Information StartProcess lsb_release: output=Codename:	bookworm
2026-07-21 08:11:03.036 Information StartProcess dotnet --list-runtimes
2026-07-21 08:11:03.043 Information StartProcess dotnet: output=Microsoft.NETCore.App 8.0.8 [/usr/share/dotnet/shared/Microsoft.NETCore.App]
2026-07-21 08:11:03.049 Information StartProcess free -m
2026-07-21 08:11:03.058 Information StartProcess free: output=               total        used        free      shared  buff/cache   available
2026-07-21 08:11:03.059 Information StartProcess free: output=Mem:             960         362         474          30         291         597
2026-07-21 08:11:03.059 Information StartProcess free: output=Swap:            974          77         897
2026-07-21 08:11:03.059 Information StartProcess df -T -text4 -tvfat -h
2026-07-21 08:11:03.066 Information StartProcess df: output=Filesystem     Type  Size  Used Avail Use% Mounted on
2026-07-21 08:11:03.066 Information StartProcess df: output=/dev/sda1      ext4   31G  7.6G   22G  27% /
2026-07-21 08:11:03.069 USerReports: Starting
2026-07-21 08:11:03.079 Information MapsOn: Starting
2026-07-21 08:11:03.087 Information  MapsOn: Adding Station: Westlands
2026-07-21 08:11:03.103 Information MapsOn: Before testing DoneToday after parsing: 20/07/2026 10:31:03 
2026-07-21 08:11:03.104 Information DateIsToday for thisDate: 20/07/2026 10:31:03 | thisDate.DayOfYear: 201 versus Now.DayOfYear: 202)
2026-07-21 08:11:03.111 Information DateIsToday: thisSpan: 21:40:00.1042376 | thisSpan.TotalDays = 0.9027789842314815
2026-07-21 08:11:03.111 Information MapsOn: Must NOT send signature, has been done already : 2026-07-20T10:31:03
2026-07-21 08:11:03.111 Information Fetch Map: Fetc2026-07-21 08:11:03.986 Information Main: <!--
 This file is generated as part of CumulusUti
2026-07-21 08:11:03.987 Infor2026-07-21 08:11:04.021 Information Main: <!--
 This file is generated as part of CumulusUti
2026-07-21 08:11:04.022 Information UserAskedData Starting...
2026-07-21 08:11:04.022 I2026-07-21 08:11:04.026 Information CustomLogs Webtag2026-07-21 08:11:04.053 Information CustomLogs constructor: starting
2026-07-21 08:11:04.074 Information CustomLogs WebtagInfo constructor: number of defined Webtag Units: 400, everything OK. 
2026-07-21 08:11:04.075 Information Custom Logs constructor: stop
2026-07-21 08:11:04.099 DefineUsercharts: Parsing User charts definitions - starting
2026-07-21 08:11:04.099 Information Parsing User Charts Definitions : Chart Overview'
2026-07-21 08:11:04.111 Information Parsing User Charts Definitions : Chart Temperature'
2026-07-21 08:11:04.111 Information Parsing User Charts Definitions : Chart Wind'
2026-07-21 08:11:04.111 Information Parsing User Charts Definitions : Chart WindDirection'
2026-07-21 08:11:04.111 Information Parsing User Charts Definitions : Chart Rain'
2026-07-21 08:11:04.111 Information Parsing User Charts Definitions : Chart Humidity'
2026-07-21 08:11:04.112 Information Parsing User Charts Definitions : Chart Solar'
2026-07-21 08:11:04.112 Information Parsing User Charts Definitions : Chart DailyTemp'
2026-07-21 08:11:04.112 Information Parsing User Charts Definitions : Chart DailyPressure'
2026-07-21 08:11:04.123 Information Parsing User Charts: Evaluating Expression '(MinBarometer+MaxBarometer)/2'.
2026-07-21 08:11:04.143 Generating Compiler UserAskedData: Starting
2026-07-21 08:11:04.144 Information GenerateUserAskedData: timeStart = 21/07/2026 08:02:00; timeEnd = 21/07/2026 08:11:00
2026-07-21 08:11:04.145 Monthfile constructor: Using fixed path: | data/ |; file: | *log.txt
2026-07-21 08:11:02026-07-21 08:11:04.334 Information ReadMonthlyLogs: End
2026-07-21 08:11:04.346 Information Generate UserAskedData: DoneToday = 20/07/2026 19:01:04.
2026-07-21 08:11:04.346 Information DateIsToday for thisDate: 20/07/2026 19:01:04 | thisDate.DayOfYear: 201 versus Now.DayOfYear: 202)
2026-07-21 08:11:04.346 Information DateIsToday: thisSpan: 13:10:00.3461726 | thisSpan.TotalDays = 0.548615117738426
2026-07-21 08:11:04.346 Information Generate UserAskedData: Must NOT generate the ALL Range.
2026-07-21 08:11:04.346 Information Generate UserAskedData - Loop over Chart: Overview)
2026-07-21 08:11:04.347 Information Generate UserAskedData - Testing temp into tempdata.json (Range is Recent)
2026-07-21 08:11:04.347 Information Generate UserAskedData - Testing dew into tempdata.json (Range is Recent)
2026-07-21 08:11:04.347 Information Generate UserAskedData - Testing press into pressdata.json (Range is Recent)
2026-07-21 08:11:04.347 Information Generate UserAskedData - Testing hum into humdata.json (Range is Recent)
2026-07-21 08:11:04.347 Information Generate UserAskedData - Testing SolarRad into solardata.json (Range is Recent)
2026-2026-07-21 08:11:04.412 Information InetPhp: maps.txt: Response code = 200: OK
2026-07-21 08:11:04.412 Information InetPhp: maps.txt: Response text follows:
Opening text file maps.txt for replacement
Writing text file maps.txt
Write complete
2026-07-21 08:11:04.412 Information PHP UploadFile: Success
2026-07-21 08:11:04.412 Information UploadFile: Starting utils/systeminfoTable.txt => systeminfoTable.txt
2026-07-21 08:11:04.412 Information Upload File values: localfile: utils/systeminfoTable.txt
2026-07-21 08:11:04.412 Information Upload File values: remotefile: systeminfoTable.txt
2026-07-21 08:11:04.412 Information PHP Upload: starting utils/systeminfoTable.txt
2026-07-21 08:11:04.412 Information Incremental = False; filename = systeminfoTable.txt; ext = .txt; HoursInGraph = 72
2026-07-21 08:11:04.445 Information InetPhp: systeminfoTable.txt: Response code = 200: OK
2026-07-21 08:11:04.445 Information InetPhp: systeminfoTable.txt: Response text follows:
Opening text file systeminfoTable.txt for replacement
Writing text file systeminfoTable.txt
Write complete
2026-07-21 08:11:04.445 Information PHP UploadFile: Success
2026-07-21 08:11:04.445 All done, Entering the finally section...; Closing down.
2026-07-21 08:11:04.445 Disposing Isup...
2026-07-21 08:11:04.445 Disposing Sup...
347 Information Generate UserAskedData - Loop over Chart: Rain)
2026-07-21 08:11:04.347 Information Generate UserAskedData - Testing rfall into raindata.json (Range is Recent)
2026-07-21 08:11:04.347 Information Generate UserAskedData - Testing rrate into raindata.json (Range is Recent)
2026-07-21 08:11:04.347 Information Generate UserAskedData - Loop over Chart: Humidity)
2026-07-21 08:11:04.347 Information Generate UserAskedData - Testing hum into humdata.json (Range is Recent)
2026-07-21 08:11:04.347 Information Generate UserAskedData - Testing inhum into humdata.json (Range is Recent)
2026-07-21 08:11:04.347 Information Generate UserAskedData - Loop over Chart: Solar)
2026-07-21 08:11:04.347 Information Generate UserAskedData - Testing UV into solardata.json (Range is Recent)
2026-07-21 08:11:04.347 Information Generate UserAskedData - Testing SolarRad into solardata.json (Range is Recent)
2026-07-21 08:11:04.347 Information Generate UserAskedData - Testing CurrentSolarMax into solardata.json (Range is Recent)
2026-07-21 08:11:04.347 Information Generate UserAskedData - Loop over Chart: DailyTemp)
2026-07-21 08:11:04.347 Information Generate UserAskedData - Testing avgTemp into alldailytempdata.json (Range is Daily)
2026-07-21 08:11:04.347 Information Generate UserAskedData - Testing avgTemp into alldailytempdata.json (Range is Daily)
2026-07-21 08:11:04.347 Information Generate UserAskedData - Loop over Chart: DailyPressure)
2026-07-21 08:11:04.347 Information Generate UserAskedData - Testing minBaro into alldailypressdata.json (Range is Daily)
2026-07-21 08:11:04.347 Information Generate UserAskedData - Testing  into  (Range is Daily)
2026-07-21 08:11:04.347 Information DoAirLink / AirQualitySensor  = False / False
2026-07-21 08:11:04.348 Information Uploading = maps.txt
2026-07-21 08:11:04.354 Testing PHP upload compression on https://jpickles.com/cutils/upload.php
2026-07-21 08:11:04.498 Information PHP upload does not support compression
2026-07-21 08:11:04.498 Information UploadFile: Starting utils/maps.txt => maps.txt
2026-07-21 08:11:04.498 Information Upload File values: localfile: utils/maps.txt
2026-07-21 08:11:04.498 Information Upload File values: remotefile: maps.txt
2026-07-21 08:11:04.503 Information PHP Upload: starting utils/maps.txt
2026-07-21 08:11:04.504 Information Incremental = False; filename = maps.txt; ext = .txt; HoursInGraph = 72
2026-07-21 08:11:04.586 Information InetPhp: maps.txt: Response code = 200: OK
2026-07-21 08:11:04.586 Information InetPhp: maps.txt: Response text follows:
Opening text file maps.txt for replacement
Writing text file maps.txt
Write complete
2026-07-21 08:11:04.587 Information PHP UploadFile: Success
2026-07-21 08:11:04.587 Information UploadFile: Starting utils/systeminfoTable.txt => systeminfoTable.txt
2026-07-21 08:11:04.587 Information Upload File values: localfile: utils/systeminfoTable.txt
2026-07-21 08:11:04.587 Information Upload File values: remotefile: systeminfoTable.txt
2026-07-21 08:11:04.587 Information PHP Upload: starting utils/systeminfoTable.txt
2026-07-21 08:11:04.587 Information Incremental = False; filename = systeminfoTable.txt; ext = .txt; HoursInGraph = 72
2026-07-21 08:11:04.616 Information InetPhp: systeminfoTable.txt: Response code = 200: OK
2026-07-21 08:11:04.616 Information InetPhp: systeminfoTable.txt: Response text follows:
Opening text file systeminfoTable.txt for replacement
Writing text file systeminfoTable.txt
Write complete
2026-07-21 08:11:04.616 Information PHP UploadFile: Success
2026-07-21 08:11:04.616 All done, Entering the finally section...; Closing down.
2026-07-21 08:11:04.616 Disposing Isup...
2026-07-21 08:11:04.616 Disposing Sup...
