2026-07-21 14:21:01.478 Information According to Inifile Info => Error: True, Warning: True, Info: True, Verbose: False, 
2026-07-21 14:21:01.510 CumulusUtils Initial: Shutting down the default listener
2026-07-21 14:21:01.510 Information CumulusUtils Initial: Shutting down the default listener
2026-07-21 14:21:01.560  CUstrings[xx].ini : CUstringsEN.ini looked for.
2026-07-21 14:21:01.584  CumulusUtils version: 7.1.1 
2026-07-21 14:21:01.584  CuSupport constructor : Unit Wind (m/s, mph2026-07-21 14:21:01.589  CumulusUtils version: 7.1.1 
2026-07-21 14:21:01.589  CuSupport constructor : Unit Wind (m/s, mph, km/h, kts): mph
2026-07-21 14:21:01.589  CuSupport constructor : Unit Pressure (mb,hPa,inHg): hPa
2026-07-21 14:21:01.590  CuSupport constructor : Unit Rain (mm,in): mm
2026-07-21 14:21:01.590  CuSupport constructor : Unit T (C,F): °C
2026-07-21 14:21:01.591  CuSupport2026-07-21 14:21:01.605 InetSupport: Constructor starting
2026-07-21 14:21:01.676 CumulusUtils : ----------------------------
2026-07-21 14:21:01.677 CumulusUtils : Entering Main
2026-07-21 14:21:01.687 HelpTexts: starting
2026-07-21 14:21:01.728 Information HelpTexts Contructor: stop
2026-07-21 14:21:01.780 CommandLineArgs : starting
2026-07-21 14:21:01.780  CommandLineArgs : handling arg: sysinfo
2026-07-21 14:21:01.780  CommandLineArgs : handling arg: UserAskedData
2026-07-21 14:21:01.780  CommandLineArgs : handling arg: UserReports
2026-07-21 14:21:01.781 Dayfile: Reading the dayfile.txt...
2026-07-21 14:21:01.863 Information CumulusUtils : Read dayfile.txt succesfully - 929 records
2026-07-21 14:21:01.884 Information SystemStatus : starting
2026-07-21 14:21:01.915 Information GetUrlData Start: URL - http://localhost:8998/api/tags/process.json?version&build&Prog2026-07-21 14:21:01.925 Information GetUrlData Start: URL - h2026-07-21 14:21:02.323 CumulusMX Version: 4.5.2 build 4105
2026-07-21 14:21:02.331 Information  SystemStatus: Found devic2026-07-21 14:21:02.333 CumulusMX Version: 4.5.2 build 4105
2026-07-21 14:21:02.341 Information  SystemStatus: Found device 12 GW1000/Ecowitt Local API
2026-07-21 14:21:02.342 Information ReplaceWebtagsPostAsync start:
2026-07-21 14:21:02.344 Information  PostUrl2026-07-21 14:21:02.383 Information PostUrlData success response : OK - OK
2026-07-21 14:21:02.386 SystemStatus : DoingUni2026-07-21 14:21:02.389 Information PostUrlData success response : OK2026-07-21 14:21:02.394 Information StartProcess cat /e2026-07-21 14:2026-07-21 14:21:02.408 Information StartProcess cat: output=PRETTY_NAME="Debian GNU/Linux 12 (bookworm)"
2026-07-21 14:212026-07-21 14:21:02.415 Information StartProcess cat: output=PRETTY_NAME="Debian GNU/Linux 12 (bookworm)"
2026-07-21 14:21:02.416 Information StartProcess cat: output=NAME="Debian GNU/Linux"
2026-07-21 14:21:02.416 Information StartProcess cat: output=VERSION_ID="12"
2026-07-21 14:21:02.416 Information StartProcess cat: output=VERSION="12 (bookworm)"
2026-07-21 14:21:02.416 Information StartProcess cat: output=VERSION_CODENAME=bookworm
2026-07-21 14:21:02.416 Information StartProcess cat: output=ID=debian
2026-07-21 14:21:02.416 Information StartProcess cat: output=HOME_URL="https://www.debian.org/"
2026-07-21 14:21:02.416 Information StartProcess cat: output=SUPPORT_URL="https://www.debian.org/support"
2026-07-21 14:21:02.416 Information StartProcess cat: output=BUG_REPORT_URL="https://bugs.debian.org/"
2026-07-21 14:21:02.416 Information Found Linux NAME: PRETTY_NAME="Debian GNU/Linux 12 (bookworm)"
22026-07-21 14:21:02.420 Information StartProcess uptime: output=up 3 weeks, 3 days, 18 hours, 47 minutes
2026-07-21 14:21:02.425 Information StartProcess lshw -quiet -class system
2026-07-21 14:21:02.427 Error System/Processor: Unknown (exception) - An error occurred trying to start process 'lshw' wit2026-07-21 14:21:02.429 Error System/Processor: Unknown (exception) - An error occurred trying to start process 'lshw' with working directory '/opt/CumulusMX'. No such file or directory
2026-07-22026-07-21 14:21:02.430 Information StartProcess uname: output=Linux 6.1.0-23-amd64 x86_64
2026-07-21 14:21:02.431 Informa2026-07-21 14:21:02.433 Informati2026-07-21 14:21:02.460 Information StartProcess lsb_release: output=Distributor ID:	Debian
2026-07-21 14:21:02.460 Inform2026-07-21 14:21:02.463 Information StartProcess lsb_release: output=Distributor ID:	Debian
2026-07-21 14:21:02.463 Information StartProcess lsb_release: output=Description:	Debian GNU/Linux 12 (bookworm)
2026-07-21 14:21:02.463 Information StartProcess lsb_release: output=Release:	12
2026-07-21 14:21:02.463 Information St2026-07-21 14:21:02.469 Information StartProcess dotnet: output=Microsoft.NETCore.App 8.0.8 [/usr/share/dotnet/shared/Micr2026-07-21 14:21:022026-07-21 14:21:02.471 Information StartProcess free -m
2026-07-21 14:21:02.474 Information StartProcess free: output=               total        used        free      shared  bu2026-07-21 14:21:02.479 Information StartProcess free: output=               total        used        free      shared  buff/cache   available
2026-07-21 14:21:02.479 Information StartProcess free: output=Mem:             960         373         417          32         347         587
2026-07-21 14:21:02.479 Information StartProcess free: ou2026-07-21 14:21:02.481 Information StartProcess df: output=Filesystem     Type  Size  Used Avail Use% Mounted on
2026-07-2026-07-21 14:21:02.490 Information StartProcess df: output=Filesystem     Type  Size  Used Avail Use% Mounted on
2026-07-21 14:21:02.490 Infor2026-07-21 14:21:02.500 Information MapsOn: Starting
2026-07-21 14:21:02.504 Information  MapsOn: Adding Station: Westland202026-07-21 14:21:02.523 Information MapsOn: Before testing DoneToday after parsing: 21/07/2026 10:31:03 
2026-07-21 14:21:2026-07-21 14:21:02.529 Information MapsOn: Before testing DoneToday after parsing: 21/07/2026 10:31:03 
2026-07-21 142026-07-21 14:21:02.537 Information DateIsToday: thisSpan: 03:49:59.5244364 | thisSpan.TotalDays = 0.1597167180138889
20262026-07-21 14:21:02.543 Information DateIsToday: thisSpan: 03:49:59.5299492 | thisSpan.TotalDays = 0.15971678181944443
2026-07-21 14:21:02.543 Information MapsOn: Must NOT send signature, has been done already : 2026-07-21T10:31:03
2026-07-21 14:21:02.543 Information Fetch Map: Fet2026-07-21 14:21:03.449 Information Main: <!--
 This file is generated as part of CumulusUti
2026-07-21 14:21:03.450 Inform2026-07-21 14:21:03.461 Information Main: <!--
 This file is generated as part of CumulusUti
2026-07-21 14:21:2026-07-21 14:21:03.478 Information CustomLogs constructor: starting
2026-07-21 14:21:03.499 Information CustomLogs WebtagInfo constructor: number of defined Webtag Units: 400, everything OK. 2026-07-21 14:21:03.510 Information CustomLogs WebtagInfo construct2026-07-21 14:21:03.529 DefineUsercharts: Parsing User charts definitions - starting
2026-07-21 14:21:03.529 Information Pa2026-07-21 14:21:03.537 DefineUsercharts: Parsin2026-07-21 14:21:03.549 Information Parsing User Charts Definitions : Chart Temperature'
2026-07-21 14:21:03.549 Informatio2026-07-21 14:21:03.557 Information Parsing User Charts Definitions : Chart Temperature'
2026-07-21 14:21:03.557 Information Parsing User Charts Definitions : Chart Wind'
2026-07-21 14:21:03.557 Information Parsing User Charts Definitions : Chart WindDirection'
2026-07-21 14:21:03.558 Information Parsing User Charts Definitions : Chart Rain'
2026-07-21 14:21:03.558 Information Parsing User Charts Definitions : Chart Humidity'
2026-07-21 14:21:03.558 Information Parsing User Charts Definitions : Chart Solar'
2026-07-21 14:21:03.558 Information Parsing User Charts Definitions : Chart DailyTemp'
2026-07-21 14:21:03.558 Information Parsing User Charts Definitions : Chart Dail2026-07-21 14:21:03.574 Generating Compiler UserAskedData: Starting
2026-07-21 14:21:03.575 Information GenerateUserAskedDa2026-07-21 14:21:03.578 Generating Compiler UserAskedData: Starting2026-07-21 14:21:03.580 Monthfile constructor: Using fixed path: | data/ |; file: | *log.txt
2026-07-21 14:21:03.582 ReadPa2026-07-21 14:21:03.588 Monthfile constructor: Using fixed path: | data/ |; file: | *log.txt
2026-07-21 14:21:2026-07-21 14:21:03.903 Information ReadMonthlyLogs: End
2026-07-21 14:21:03.917 Information Generate UserAskedData: DoneToday = 20/07/2026 19:01:04.
2026-07-21 14:21:03.918 Information DateIsToday for thisDate: 20/07/2026 19:01:04 | thisDate.DayOfYear: 201 versus Now.DayOfYear: 202)
2026-07-21 14:21:03.918 Information DateIsToday: thisSpan: 19:19:59.9183777 | thisSpan.TotalDays = 0.8055546108530093
2026-07-21 14:21:03.918 Information Generate UserAskedData: Must NOT generate the ALL Range.
2026-07-21 14:21:03.918 Information Generate UserAskedData - Loop over Chart: Overview)
2026-07-21 14:21:03.919 Information Generate UserAskedData - Testing temp into tempdata.json (Range is Recent)
2026-07-21 14:21:03.919 Information Generate UserAskedData - Testing dew into tempdata.json (Range is Recent)
2026-07-21 14:21:03.919 Information Generate UserAskedData - Testing press into pressdata.json (Range is Recent)
2026-07-21 14:21:03.919 Information Generate UserAskedData - Testing hum into humdata.json (Range is Recent)
2026-07-21 14:21:03.919 Information Generate UserAskedData - Testing SolarRad into solardata.json (Range is Recent)
2026-07-21 14:21:03.919 Information Generate UserAskedData - Testing rfall into raindata.json (Range is Recent)
2026-07-21 14:21:03.919 Information Generate UserAskedData - Loop over Chart: Temperature)
2026-07-21 14:21:03.919 Information Generate UserAskedData - Testing intemp into tempdata.json (Range is Recent)
2026-07-21 14:21:03.919 Information Generate UserAskedData - Testing temp into tempdata.json (Range is Recent)
2026-07-21 14:21:03.919 Information Generate UserAskedData - Testing feelslike into tempdata.json (Range is Recent)
2026-07-21 14:21:03.919 Information Generate UserAskedData - Testing dew into tempdata.json (Range is Recent)
2026-07-21 14:21:03.919 Information Generate UserAskedData - Loop over Chart: Wind)
2026-07-21 14:21:03.919 Information Generate UserAskedData - Testing wgust into winddata.json (Range is Recent)
2026-07-21 14:21:03.919 Information Generate UserAskedData - Testing wspeed into winddata.json (Range is Recent)
2026-07-21 14:21:03.919 Information Generate UserAskedData - Loop over Chart: WindDirection)
2026-07-21 14:21:03.919 Information Generate UserAskedData - Testing bearing into wdirdata.json (Range is Recent)
2026-07-21 14:21:03.919 Information Generate UserAskedData - Testing avgbearing into wdirdata.json (Range is Recent)
2026-07-21 14:21:03.919 Information Generate UserAskedData - Loop over Chart: Rain)
2026-07-21 14:21:03.919 Information Generate UserAskedData - Testing rfall into raindata.json (Range is Recent)
2026-07-21 14:21:03.919 Information Generate UserAskedData - Testing rrate into raindata.json (Range is Recent)
2026-07-21 14:21:03.919 Information Generate UserAskedData - Loop over Chart: Humidity)
2026-07-21 14:21:03.919 Information Generate UserAskedData - Testing hum into humdata.json (Range is Recent)
2026-07-21 14:21:03.919 Information Generate UserAskedData - Testing inhum into humdata.json (Range is Recent)
2026-07-21 14:21:03.919 Information Generate UserAskedData - Loop over Chart: Solar)
2026-07-21 14:21:03.919 Information Generate UserAskedData - Testing UV into solardata.json (Range is Recent)
2026-07-21 14:21:03.919 Information Generate UserAskedData - Testing SolarRad into solardata.json (Range is Recent)
2026-07-21 14:21:03.919 Information Generate UserAskedData - Testing CurrentSolarMax into solardata.json (Range is Recent)
2026-07-21 14:21:03.919 Information Generate UserAskedData - Loop over Chart: DailyTemp)
2026-07-21 14:21:03.919 Information Generate UserAskedData - Testing avgTemp into alldailytempdata.json (Range is Daily)
2026-07-21 14:21:03.919 Information Generate UserAskedData - Testing avgTemp into alldailytempdata.json (Range is Daily)
2026-07-21 14:21:03.919 Information Generate UserAskedData - Loop over Chart: DailyPressure)
2026-07-21 14:21:03.919 Information Generate UserAskedData - Testing minBaro into alldailypressdata.json (Range is Daily)
2026-07-21 14:21:03.919 Information Generate UserAskedData - Testing  into  (Range is Daily)
2026-07-21 14:21:03.919 Information DoAirLink / AirQualitySensor  = False / False
2026-07-21 14:21:03.920 Information Uploading = maps.txt
2026-07-21 14:21:03.934 Testing PHP upload compression on https://jpickles.com/cutils/upload.php
2026-07-21 14:21:04.067 Information PHP upload does not support compression
2026-07-21 14:21:04.068 Information UploadFile: Starting utils/maps.txt => maps.txt
2026-07-21 14:21:04.068 Information Upload File values: localfile: utils/maps.txt
2026-07-21 14:21:04.068 Information Upload File values: remotefile: maps.txt
2026-07-21 14:21:04.072 Information PHP Upload: starting utils/maps.txt
2026-07-21 14:21:04.076 Information Incremental = False; filename = maps.txt; ext = .txt; HoursInGraph = 72
2026-07-21 14:21:04.158 Information InetPhp: maps.txt: Response code = 200: OK
2026-07-21 14:21:04.158 Information InetPhp: maps.txt: Response text follows:
Opening text file maps.txt for replacement
Writing text file maps.txt
Write complete
2026-07-21 14:21:04.158 Information PHP UploadFile: Success
2026-07-21 14:21:04.159 Information UploadFile: Starting utils/systeminfoTable.txt => systeminfoTable.txt
2026-07-21 14:21:04.159 Information Upload File values: localfile: utils/systeminfoTable.txt
2026-07-21 14:21:04.159 Information Upload File values: remotefile: systeminfoTable.txt
2026-07-21 14:21:04.159 Information PHP Upload: starting utils/systeminfoTable.txt
2026-07-21 14:21:04.159 Information Incremental = False; filename = systeminfoTable.txt; ext = .txt; HoursInGraph = 72
2026-07-21 14:21:04.196 Information InetPhp: systeminfoTable.txt: Response code = 200: OK
2026-07-21 14:21:04.196 Information InetPhp: systeminfoTable.txt: Response text follows:
Opening text file systeminfoTable.txt for replacement
Writing text file systeminfoTable.txt
Write complete
2026-07-21 14:21:04.196 Information PHP UploadFile: Success
2026-07-21 14:21:04.196 All done, Entering the finally section...; Closing down.
2026-07-21 14:21:04.196 Disposing Isup...
2026-07-21 14:21:04.196 Disposing Sup...
g the finally section...; Closing down.
2026-07-21 14:21:04.190 Disposing Isup...
2026-07-21 14:21:04.191 Disposing Sup...
