2026-07-20 19:11:01.447 Information According to Inifile Info => Error: True, Warning: True, Info: True, Verbose: False, 
2026-07-20 19:11:01.476 CumulusUtils Initial: Shutting down the default listener
2026-07-20 19:11:01.476 Information CumulusUtils Initial: Shutting down the default listener
2026-07-20 19:11:01.523  CUstrings[xx].ini : CUstringsEN.ini looked for.
2026-07-20 19:11:01.551  CumulusUtils version: 7.1.1 
2026-07-20 19:11:01.551  CuSupport constructor : Unit Wind (m/s, mph, km/h, kts): mph
2026-07-20 19:11:01.551  CuSupport constructor : Unit Pressure (mb,hPa,inHg): hPa
2026-07-20 19:11:01.551  CuSupport constructor : Unit Rain (mm,in): mm
2026-07-20 19:11:01.552  CuSupport constructor : Unit T (C,F): °C
2026-07-20 19:11:01.552  CuSupport constructor : Unit Distance (m, mi, km, kn): mi
2026-07-20 19:11:01.556  CuSupport constructor : Unit Height (m, ft): ft
2026-07-20 19:11:01.573 InetSupport: Constructor starting
2026-07-20 19:11:01.628 CumulusUtils : ----------------------------
2026-07-20 19:11:01.628 CumulusUtils : Entering Main
2026-07-20 19:11:01.643 HelpTexts: starting
2026-07-20 19:11:01.686 Information HelpTexts Contructor: stop
2026-07-20 19:11:01.729 CommandLineArgs : starting
2026-07-20 19:11:01.729  CommandLineArgs : handling arg: sysinfo
2026-02026-07-20 19:11:01.733 CommandLineArgs : starting
2026-07-20 19:11:01.733  CommandLineArgs : handling arg: sysinfo
2026-07-20 19:11:01.733  CommandLineArgs : handling arg: UserAskedData
2026-072026-07-20 19:11:01.816 Information CumulusUtils : Read dayfile.txt succesfully - 928 records
2026-07-20 19:11:01.836 Information SystemStatus : starting
2026-07-20 19:11:01.871 Information GetUrlData Start: URL - http://localhost:8998/api/tags/process.json?version&build&Prog2026-07-20 19:11:01.872 Information GetUrlData Start: URL - h2026-07-20 19:11:02.274 CumulusMX Version: 4.5.2 build 4105
2026-07-20 19:11:02.282 Information  SystemStatus: Found device 12 GW1000/Ecowitt Local API
2026-07-20 19:11:02.283 Inform2026-07-20 19:11:02.287 Information  2026-07-20 19:11:02.289 Information  PostUrlData Start: http://localhost:8998/api/tags/process.txt 
2026-07-20 19:11:02.282026-07-20 19:11:02.293 Information  PostUrl2026-07-20 19:11:02.316 Information PostUrlData success response : OK - OK
2026-07-20 19:11:02.327 SystemStatus : DoingUni2026-07-20 19:11:02.339 Information PostUrlData success response : OK - OK
2026-07-20 19:11:02.345 SystemStatus : DoingUnix
2026-07-20 19:2026-07-20 19:11:02.352 Information StartProcess cat:2026-07-20 19:11:02.356 Information StartProcess cat /etc/os-release
2026-07-20 19:11:02.369 Information StartProcess cat: output=PRETTY_NAME="Debian GNU/Linux 12 (bookworm)"
2026-07-20 19:11:02.369 Information StartProcess cat: output=NAME="Debian GNU/Linux"
2026-07-20 19:11:02.369 Information StartProcess cat: output=VERSION_ID="12"
2026-07-20 19:11:02.369 Information StartProcess cat: output=VERSION="12 (bookworm)"
2026-07-20 19:11:02.370 Information StartProcess cat: output=VERSION_CODENAME=bookworm
2026-07-20 19:11:02.370 Information StartProcess cat: output=ID=debian
2026-07-20 19:11:02.370 Information StartProcess cat: output=HOME_URL="https://www.debian.org/"
2026-07-20 19:11:02.370 Information StartProcess cat: output=SUPPORT_URL="https://www.debian.org/support"
2026-07-20 19:11:02.370 Information StartProcess cat: output=BUG_REPORT_URL="https://bugs.debian.org/"
2026-07-20 19:11:02.371 Information Found Linux NAME: PRETTY_NAME="Debian GNU/Linux 12 (bookworm)"
2026-07-20 19:11:02.372 Information Using Linux dialect: Debian
2026-07-20 19:11:02.372 Information StartProcess uptime -p
2026-07-20 19:11:02.377 Information StartProcess uptime: output=up 3 weeks, 2 days, 23 hours, 37 minutes
2026-07-20 19:11:02.378 Information StartProcess lshw -quiet -class system
2026-07-20 19:11:02.381 Error System/Processor: Unknown (exception) - An error occurred trying to start process 'lshw' with working directory '/opt/CumulusMX'. No such file or directory
2026-07-20 19:11:02.381 Please install lshw (apt-get install lshw)
2026-07-20 19:11:02.381 Information StartProcess uname -s -r -m
2026-07-20 19:11:02.383 Informati2026-07-20 19:11:02.409 Information StartProcess lsb_release: output=Distributor ID:	Debian
2026-07-20 19:11:02.409 Inform2026-07-20 19:11:02.415 Information StartProcess lsb_release: output=Distributor ID:	Debian
2026-07-20 19:11:02.415 Information StartProcess lsb_release: output=Description:	Debian GNU/Linux 12 (bookworm)
2026-07-20 19:11:02.415 Information StartProcess lsb_release: output=Release:	12
2026-07-20 19:11:02.415 Information StartProcess lsb_release: output=Codename:	bookworm
2026-07-20 19:11:02.416 Information StartProcess dotnet --list-runtimes
2026-07-20 19:11:02.419 Information StartProcess dotnet: output=Microsoft.NE2026-07-20 19:11:02.423 Information StartProcess free: output=               total        used        free      shared  bu2026-07-20 19:11:02.428 Information StartProcess free: output=               total        used        free      shared  buff/cache   available
2026-07-20 19:11:02.428 Information StartProcess free: output=Mem:             960         360         416          29         358         600
2026-07-20 19:11:02.428 Information StartProcess free: ou2026-07-20 19:11:02.429 Information StartProcess d2026-07-20 19:11:02.437 Information StartProcess df -T -text4 -tvfat -h
2026-07-20 19:11:02.441 Information StartProcess df: output=Filesystem     Type  Size  Used Avail Use% Mounted on
2026-07-20 19:11:02.441 Infor2026-07-20 19:11:02.443 Information MapsOn: Starting
2026-07-20 19:11:02.451 Information  MapsOn: Adding Station: Westland202026-07-20 19:11:02.471 Information MapsOn: Before testing DoneToday after parsing: 20/07/2026 10:31:03 
2026-07-20 19:11:2026-07-20 19:11:02.481 Information MapsOn: Before testing DoneToday after parsing: 20/07/2026 10:31:03 
2026-07-20 192026-07-20 19:11:02.486 Information DateIsToday: thisSpan: 08:39:59.4716747 | thisSpan.TotalDays = 0.3611049962349537
20262026-07-20 19:11:02.494 Information DateIsToday: thisSpan: 08:39:59.4824635 | thisSpan.TotalDays = 0.36110512110532406
2026-07-20 19:11:02.495 Information MapsOn: Must NOT send signature, has been done already : 2026-07-20T10:31:03
2026-07-20 19:11:02.495 Information Fetch Map: Fet2026-07-20 19:11:03.410 Information Main: <!--
 This file is generated as part of CumulusUti
2026-07-20 19:11:03.411 Inform2026-07-20 19:11:03.433 Information Main: <!--
 This file is generated as part of CumulusUti
2026-07-20 19:11:2026-07-20 19:11:03.444 Information CustomLogs constructor: starting
2026-07-20 19:11:03.461 Information CustomLogs WebtagI2026-07-20 19:11:03.464 Information CustomLogs constructor: starting
2026-07-20 19:11:03.484 Information CustomLogs WebtagInfo construct2026-07-20 19:11:03.492 DefineUsercharts: Parsing User charts definitions - starting
2026-07-20 19:11:03.492 Information Pa2026-07-20 19:11:03.515 DefineUsercharts: Parsing User charts definitions - starting
2026-07-20 19:11:03.515 Information Parsing User Charts Definitions : Chart Overview'
2026-07-20 19:11:03.531 Information Parsing User Charts Definitions : Chart Temperature'
2026-07-20 19:11:03.532 Information Parsing User Charts Definitions : Chart Wind'
2026-07-20 19:11:03.532 Information Parsing User Charts Definitions : Chart WindDirection'
2026-07-20 19:11:03.532 Information Parsing User Charts Definitions : Chart Rain'
2026-07-20 19:11:03.532 Information Parsing User Charts Definitions : Chart Humidity'
2026-07-20 19:11:03.532 Information Parsing User Charts Definitions : Chart Solar'
2026-07-20 19:11:03.532 Information Parsing User Charts Definitions : Chart DailyTemp'
2026-07-20 19:11:03.532 Information Parsing User Charts Definitions : Chart Dail2026-07-20 2026-07-20 19:11:03.538 Information Parsing User Charts: 2026-07-20 19:11:03.541 Information GenerateUserAskedDa2026-07-20 19:11:03.557 Generating Compiler UserAskedData: Starting
2026-07-20 19:11:03.558 Information GenerateUserAskedData: timeStart = 20/07/2026 19:02:00; timeEnd = 20/07/2026 19:11:00
2026-07-20 19:11:03.559 Mont2026-07-20 19:11:03.561 Information ReadPartialMonthlyLogs: readi2026-07-20 19:11:2026-07-20 19:11:03.861 Information ReadMonthlyLogs: End
2026-07-20 19:11:03.872 Information Generate UserAskedData: DoneTo2026-07-20 19:11:03.874 Information ReadMonthlyLogs: End
2026-07-20 19:11:03.886 Information Generate UserAskedData: DoneToday = 20/07/2026 19:01:04.
2026-07-20 19:11:03.886 Information DateIsToday for thisDate: 20/07/2026 19:01:04 | thisDate.DayOfYear: 201 versus Now.DayOfYear: 201)
2026-07-20 19:11:03.886 Information DateIsToday: thisSpan: 00:09:59.8863347 | thisSpan.TotalDays = 0.006943128873842593
2026-07-20 19:11:03.886 Information Generate UserAskedData: Must NOT generate the ALL Range.
2026-07-20 19:11:03.886 Information Generate UserAskedData - Loop over Chart: Overview)
2026-07-20 19:11:03.887 Information Generate UserAskedData - Testing temp into tempdata.json (Range is Recent)
2026-07-20 19:11:03.887 Information Generate UserAskedData - Testing dew into tempdata.json (Range is Recent)
2026-07-20 19:11:03.887 Information Generate UserAskedData - Testing press into pressdata.json (Range is Recent)
2026-07-20 19:11:03.887 Information Generate UserAskedData - Testing hum into humdata.json (Range is Recent)
2026-07-20 19:11:03.887 Information Generate UserAskedData - Testing SolarRad into solardata.json (Range is Recent)
2026-07-20 19:11:03.887 Information Generate UserAskedData - Testing rfall into raindata.json (Range is Recent)
2026-07-20 19:11:03.887 Information Generate UserAskedData - Loop over Chart: Temperature)
2026-07-20 19:11:03.887 Information Generate UserAskedData - Testing intemp into tempdata.json (Range is Recent)
2026-07-20 19:11:03.887 Information Generate UserAskedData - Testing temp into tempdata.json (Range is Recent)
2026-07-20 19:11:03.887 Information Generate UserAskedData - Testing feelslike into tempdata.json (Range is Recent)
2026-07-20 19:11:03.887 Information Generate UserAskedData - Testing dew into tempdata.json (Range is Recent)
2026-07-20 19:11:03.887 Information Generate UserAskedData - Loop over Chart: Wind)
2026-07-20 19:11:03.887 Information Generate UserAskedData - Testing wgust into winddata.json (Range is Recent)
2026-07-20 19:11:03.887 Information Generate UserAskedData - Testing wspeed into winddata.json (Range is Recent)
2026-07-20 19:11:03.887 Information Generate UserAskedData - Loop over Chart: WindDirection)
2026-07-20 19:11:03.887 Information Generate UserAskedData - Testing bearing into wdirdata.json (Range is Recent)
2026-07-20 19:11:03.887 Information Generate UserAskedData - Testing avgbearing into wdirdata.json (Range is Recent)
2026-07-20 19:11:03.887 Information Generate UserAskedData - Loop over Chart: Rain)
2026-07-20 19:11:03.887 Information Generate UserAskedData - Testing rfall into raindata.json (Range is Recent)
2026-07-20 19:11:03.887 Information Generate UserAskedData - Testing rrate into raindata.json (Range is Recent)
2026-07-20 19:11:03.887 Information Generate UserAskedData - Loop over Chart: Humidity)
2026-07-20 19:11:03.887 Information Generate UserAskedData - Testing hum into humdata.json (Range is Recent)
2026-07-20 19:11:03.887 Information Generate UserAskedData - Testing inhum into humdata.json (Range is Recent)
2026-07-20 19:11:03.887 Information Generate UserAskedData - Loop over Chart: Solar)
2026-07-20 19:11:03.887 Information Generate UserAskedData - Testing UV into solardata.json (Range is Recent)
2026-07-20 19:11:03.887 Information Generate UserAskedData - Testing SolarRad into solardata.json (Range is Recent)
2026-07-20 19:11:03.887 Information Generate UserAskedData - Testing CurrentSolarMax into solardata.json (Range is Recent)
2026-07-20 19:11:03.887 Information Generate UserAskedData - Loop over Chart: DailyTemp)
2026-07-20 19:11:03.887 Information Generate UserAskedData - Testing avgTemp into alldailytempdata.json (Range is Daily)
2026-07-20 19:11:03.887 Information Generate UserAskedData - Testing avgTemp into alldailytempdata.json (Range is Daily)
2026-07-20 19:11:03.887 Information Generate UserAskedData - Loop over Chart: DailyPressure)
2026-07-20 19:11:03.887 Information Generate UserAskedData - Testing minBaro into alldailypressdata.json (Range is Daily)
2026-07-20 19:11:03.887 Information Generate UserAskedData - Testing  into  (Range is Daily)
2026-07-20 19:112026-07-20 19:11:03.891 Testing PHP upload compression on https://jpickles.com/cutils/upload.php
2026-07-20 19:11:04.037 Information PHP upload does not support compression
2026-07-20 19:11:04.037 Information UploadFile: Starting utils/maps.txt => maps.txt
2026-07-20 19:11:04.037 Information Upload File values: localfile: utils/maps.txt
2026-07-20 19:11:04.037 Information Upload File values: remotefile: maps.txt
2026-07-20 19:11:04.046 Information PHP Upload: starting utils/maps.txt
2026-07-20 19:11:04.046 Information Incremental = False; filename = maps.txt; ext = .txt; HoursInGraph = 72
2026-07-20 19:11:04.122 Information InetPhp: maps.txt: Response code = 200: OK
2026-07-20 19:11:04.122 Information InetPhp: maps.txt: Response text follows:
Opening text file maps.txt for replacement
Writing text file maps.txt
Write complete
2026-07-20 19:11:04.122 Information PHP UploadFile: Success
2026-07-20 19:11:04.122 Information UploadFile: Starting utils/systeminfoTable.txt => systeminfoTable.txt
2026-07-20 19:11:04.123 Information Upload File values: localfile: utils/systeminfoTable.txt
2026-07-20 19:11:04.123 Information Upload File values: remotefile: systeminfoTable.txt
2026-07-20 19:11:04.123 Information PHP Upload: starting utils/systeminfoTable.txt
2026-07-20 19:11:04.123 Information Incremental = False; filename = systeminfoTable.txt; ext = .txt; HoursInGraph = 72
2026-07-20 19:11:04.153 Information InetPhp: systeminfoTable.txt: Response code = 200: OK
2026-07-20 19:11:04.153 Information InetPhp: systeminfoTable.txt: Response text follows:
Opening text file systeminfoTable.txt for replacement
Writing text file systeminfoTable.txt
Write complete
2026-07-20 19:11:04.153 Information PHP UploadFile: Success
2026-07-20 19:11:04.153 All done, Entering the finally section...; Closing down.
2026-07-20 19:11:04.153 Disposing Isup...
2026-07-20 19:11:04.154 Disposing Sup...
g the finally section...; Closing down.
2026-07-20 19:11:04.145 Disposing Isup...
2026-07-20 19:11:04.146 Disposing Sup...
