2026-07-21 12:41:02.214 Information According to Inifile Info => Error: True, Warning: True, Info: True, Verbose: False, 
2026-07-21 12:41:02.243 CumulusUtils Initial: Shutting down the default listener
2026-07-21 12:41:02.243 Information Cumul2026-07-21 12:41:02.247 CumulusUtils Initial: Shutti2026-07-21 12:41:02.294  CUstrings[xx].ini : CUstringsEN.ini looked for.
2026-07-21 12:41:02.323  CumulusUtils version: 7.1.1 
2026-07-21 12:41:02.323  CuSupport constructor : Unit Wind (m/s, mph, km/h, kts): mph
2026-07-21 12:41:02.323  CuSupport constructor : Unit Pressure (mb,hPa,inHg): hPa
2026-07-21 12:41:02.323  CuSupport constructor : Unit Rain (mm,in): mm
2026-07-21 12:41:02.324  CuSupport constructor : Unit T (C,F): °C
2026-07-21 12:41:02.324  CuSupport constructor : Unit Distance (m, mi, km, kn): mi
2026-07-21 12:41:02.324  CuSupport constructor : Unit Height (m, ft): ft
2026-07-21 12:41:02.336 InetSupport: Constructor starting
2026-07-21 12:41:02.398 CumulusUtils : ----------------------------
2026-07-21 12:41:02.398 CumulusUtils : Entering Main
2026-07-21 12:41:02.411 HelpTexts: starting
2026-07-21 12:41:02.453 Information HelpTexts Contructor: stop
2026-07-21 12:41:02.505 CommandLineArgs : starting
2026-07-21 12:41:02.505  CommandLineArgs : handling arg: sysinfo
2026-07-21 12:41:02.505  CommandLineArgs : handling arg: UserAskedData
2026-07-21 12:41:02.505  CommandLineArgs : handling arg: UserReports
2026-07-21 12:41:02.506 Dayfile: Reading the dayfile.txt...
2026-07-21 12:41:02.593 Information CumulusUtils : Read dayfile.txt succesfully - 929 records
2026-07-21 12:41:02.618 Information SystemStatus : starting
2026-07-21 12:41:02.645 Information GetUrlData Start: URL - http://localhost:8998/api/tags/process.json?version&build&Prog2026-07-21 12:41:02.650 Information GetUrlData Start: URL - h2026-07-21 12:41:03.056 CumulusMX Version: 4.5.2 build 4105
2026-07-21 12:41:03.061 Information  SystemStatus: Found device 12 GW1000/Ecowitt Local API
2026-07-21 12:41:03.062 Inform2026-07-21 12:41:03.066 Information  SystemStatus: Found device 12 GW1000/Ecowitt Local API
2026-07-21 12:41:03.067 Information ReplaceWebtagsPostAsync start:
2026-07-21 12:41:03.073 Information  PostUrl2026-07-21 12:41:03.116 Information PostUrlData success response : OK - OK
2026-07-21 12:41:03.121 SystemStatus : DoingUnix
2026-07-21 12:41:03.123 Information SystemStatus : DoingUnix Start
2026-07-21 12:41:03.131 Information StartProcess cat /etc/os-release
2026-07-21 12:41:03.143 Information StartProcess cat: output=PRETTY_NAME="Debian GNU/Linux 12 (bookworm)"
2026-07-21 12:412026-07-21 12:41:03.144 Information StartProcess cat: output=PRETTY_NAME="Debian GNU/Linux 12 (bookworm)"
2026-07-21 12:41:03.144 Information StartProcess cat: output=NAME="Debian GNU/Linux"
2026-07-21 12:41:03.144 Information StartProcess cat: output=VERSION_ID="12"
2026-07-21 12:41:03.144 Information StartProcess cat: output=VERSION="12 (bookworm)"
2026-07-21 12:41:03.144 Information StartProcess cat: output=VERSION_CODENAME=bookworm
2026-07-21 12:41:03.144 Information StartProcess cat: output=ID=debian
2026-07-21 12:41:03.144 Information StartProcess cat: output=HOME_URL="https://www.debian.org/"
2026-07-21 12:41:03.144 Information StartProcess cat: output=SUPPORT_URL="https://www.d2026-07-21 12:41:03.147 Information Found Linux NAME: PRETTY_NAME="Debian GNU/Linux 12 (bookworm)"
2026-07-21 12:41:03.148 Information Using Linux dialect: Debian
2026-07-21 12:41:03.148 Information StartProcess uptime -p
2026-07-21 12:41:03.159 Information StartProcess uptime: output=up 3 weeks, 3 days, 17 hours, 7 minutes
2026-07-21 12:41:03.160 Information StartProcess lshw -quiet -class system
2026-07-21 12:41:03.162 Error System/Processor: Unknown (exception) - An error occurred trying to start process 'lshw' with working directory '/opt/CumulusMX'. No such file or directory
2026-07-21 12:41:03.162 Please install lshw (apt-get install lshw)
2026-07-21 12:41:03.162 Information StartProcess uname -s -r -m
2026-07-21 12:41:03.165 Information StartProcess uname: output=Linux 6.1.0-23-amd64 x86_64
2026-07-21 12:41:03.165 Information StartProcess lsb_release -a
2026-07-21 12:41:03.200 Information StartProcess lsb_release: output=Distributor ID:	Debian
2026-07-21 12:41:03.200 Information StartProcess lsb_release: output=Description:	Debian GNU/Linux 12 (bookworm)
2026-07-21 12:41:03.200 Information StartProcess lsb_release: output=Release:	12
2026-07-21 12:41:03.200 Information StartProcess lsb_release: output=Codename:	bookworm
2026-07-21 12:41:03.201 Information StartProcess dotnet --list-runtimes
2026-07-21 12:41:03.206 Information StartProcess dotnet: output=Microsoft.NETCore.App 8.0.8 [/usr/share/dotnet/shared/Microsoft.NETCore.App]
2026-07-21 12:41:03.209 Information StartProcess free -m
2026-07-21 12:41:03.214 Information StartProcess free: output=               total        used        free      shared  buff/cache   available
2026-07-21 12:41:03.214 Information StartProcess free: output=Mem:             960         376         419          32         342         584
2026-07-21 12:41:03.214 Information StartProcess free: output=Swap:            974          76         898
2026-07-21 12:41:03.216 Information StartProcess df -T -text4 -tvfat -h
2026-07-21 12:41:03.225 Information StartProcess df: output=Filesystem     Type  Size  Used Avail Use% Mounted on
2026-07-21 12:41:03.225 Information StartProcess df: output=/dev/sda1      ext4   31G  7.6G   22G  27% /
2026-07-21 12:41:03.228 USerReports: Starting
2026-07-21 12:41:03.245 Information MapsOn: Starting
2026-07-21 12:41:03.253 Information  MapsOn: Adding Station: Westlands
2026-07-21 12:41:03.269 Information MapsOn: Before testing DoneToday after parsing: 21/07/2026 10:31:03 
2026-07-21 12:41:03.269 Information DateIsToday for thisDate: 21/07/2026 10:31:03 | thisDate.DayOfYear: 202 versus Now.DayOfYear: 202)
2026-07-21 12:41:03.280 Information DateIsToday: thisSpan: 02:10:00.2697889 | thisSpan.TotalDays = 0.09028090033449074
2022026-07-21 12:41:03.281 Information DateIsToday: thisSpan: 02:10:00.2634304 | thisSpan.TotalDays = 0.09028082674074074
2026-07-21 12:41:03.281 Information MapsOn: Must NOT send signature, has been done already : 2026-07-21T10:31:03
2026-07-21 12:41:03.281 Information Fetch Map: Fetc2026-07-21 12:41:04.181 Information Main: <!--
 This file is generated as part of CumulusUti
2026-07-21 12:41:04.182 Information UserAskedData Starting...
2026-07-21 12:41:04.183 Information UserAskedData Doing the compiler stuff...
2026-07-21 12:41:04.207 Information CustomLogs constructor: starting
2026-07-21 12:41:04.233 Information CustomLogs WebtagInfo constructor: number of defined Webtag Units: 400, everything OK. 
2026-07-21 12:41:04.235 Information Custom Logs constructor: stop
2026-07-21 12:41:04.261 DefineUsercharts: Parsing User charts definitions - starting
2026-07-21 12:41:04.261 Information Parsing User Charts Definitions : Chart Overview'
2026-07-21 12:41:04.278 Information Parsing User Charts Definitions : Chart Temperature'
2026-07-21 12:41:04.278 Information Parsing User Charts Definitions : Chart Wind'
2026-07-21 12:41:04.278 Information Parsing User Charts Definitions : Chart WindDirection'
2026-07-21 12:41:04.278 Information Parsing User Charts Definitions : Chart Rain'
2026-07-21 12:41:04.278 Information Parsing User Charts Definitions : Chart Humidity'
2026-07-21 12:41:04.278 Information Parsing User Charts Definitions : Chart Solar'
2026-07-21 12:41:04.278 Information Parsing User Charts Definitions : Chart DailyTemp'
2026-07-21 12:41:04.278 Information Parsing User Charts Definitions : Chart DailyPressure'
2026-07-21 12:41:04.286 Information Parsing User Charts: Evaluating Expression '(MinBarometer+MaxBarometer)/2'.
2026-07-21 12:41:04.314 Generating Compiler UserAskedData: Starting
2026-07-21 12:41:04.315 Information GenerateUserAskedData: timeStart = 21/07/2026 12:32:00; timeEnd = 21/07/2026 12:41:00
2026-07-21 12:41:04.316 Monthfile constructor: Using fixed path: | data/ |; file: | *log.txt
2026-07-21 12:41:04.323 ReadPartialMonthlyLogs: Starting.
2026-07-21 12:41:04.327 Information ReadPartialMonthlyLogs: reading 202607log.txt
2026-07-21 12:41:04.655 Information ReadMonthlyLogs: End
2026-07-21 12:41:04.669 Information Generate UserAskedData: DoneToday = 20/07/2026 19:01:04.
2026-07-21 12:41:04.670 Infor2026-07-21 12:41:04.684 Information Generate UserAskedData: DoneToday = 20/07/2026 19:01:04.
2026-07-21 12:41:04.684 Information DateIsToday for thisDate: 20/07/2026 19:01:04 | thisDate.DayOfYear: 201 versus Now.DayOfYear: 202)
2026-07-21 12:41:04.684 Information DateIsToday: thisSpan: 17:40:00.6842749 | thisSpan.TotalDays = 0.7361190309594907
2026-07-21 12:41:04.684 Information Generate UserAskedData: Must NOT generate the ALL Range.
2026-07-21 12:41:04.684 Information Generate UserAskedData - Loop over Chart: Overview)
2026-07-21 12:41:04.689 Information Generate UserAskedData - Testing temp into tempdata.json (Range is Recent)
2026-07-21 12:41:04.690 Information Generate UserAskedData - Testing dew into tempdata.json (Range is Recent)
2026-07-21 12:41:04.690 Information Generate UserAskedData - Testing press into pressdata.json (Range is Recent)
2026-07-21 12:41:04.690 Information Generate UserAskedData - Testing hum into humdata.json (Range is Recent)
2026-07-21 12:41:04.690 Information Generate UserAskedData - Testing SolarRad into solardata.json (Range is Recent)
2026-07-21 12:41:04.690 Information Generate UserAskedData - Testing rfall into raindata.json (Range is Recent)
2026-07-21 12:41:04.690 Information Generate UserAskedData - Loop over Chart: Temperature)
2026-07-21 12:41:04.690 Information Generate UserAskedData - Testing intemp into tempdata.json (Range is Recent)
2026-07-21 12:41:04.690 Information Generate UserAskedData - Testing temp into tempdata.json (Range is Recent)
2026-07-21 12:41:04.690 Information Generate UserAskedData - Testing feelslike into tempdata.json (Range is Recent)
2026-07-21 12:41:04.690 Information Generate UserAskedData - Testing dew into tempdata.json (Range is Recent)
2026-07-21 12:41:04.690 Information Generate UserAskedData - Loop over Chart: Wind)
2026-07-21 12:41:04.690 Information Generate UserAskedData - Testing wgust into winddata.json (Range is Recent)
2026-07-21 12:41:04.690 Information Generate UserAskedData - Testing wspeed into winddata.json (Range is Recent)
2026-07-21 12:41:04.690 Information Generate UserAskedData - Loop over Chart: WindDirection)
2026-07-21 12:41:04.690 Information Generate UserAskedData - Testing bearing into wdirdata.json (Range is Recent)
2026-07-21 12:41:04.691 Information Generate UserAskedData - Testing avgbearing into wdirdata.json (Range is Recent)
2026-07-21 12:41:04.691 Information Generate UserAskedData - Loop over Chart: Rain)
2026-07-21 12:41:04.691 Information Generate UserAskedData - Testing rfall into raindata.json (Range is Recent)
2026-07-21 12:41:04.691 Information Generate UserAskedData - Testing rrate into raindata.json (Range is Recent)
2026-07-21 12:41:04.691 Information Generate UserAskedData - Loop over Chart: Humidity)
2026-07-21 12:41:04.691 Information Generate UserAskedData - Testing hum into humdata.json (Range is Recent)
2026-07-21 12:41:04.691 Information Generate UserAskedData - Testing inhum into humdata.json (Range is Recent)
2026-07-21 12:41:04.691 Information Generate UserAskedData - Loop over Chart: Solar)
2026-07-21 12:41:04.691 Information Generate UserAskedData - Testing UV into solardata.json (Range is Recent)
2026-07-21 12:41:04.691 Information Generate UserAskedData - Testing SolarRad into solardata.json (Range is Recent)
2026-07-21 12:41:04.691 Information Generate UserAskedData - Testing CurrentSolarMax into solardata.json (Range is Recent)
2026-07-21 12:41:04.691 Information Generate UserAskedData - Loop over Chart: DailyTemp)
2026-07-21 12:41:04.691 Information Generate UserAskedData - Testing avgTemp into alldailytempdata.json (Range is Daily)
2026-07-21 12:41:04.691 Information Generate UserAskedData - Testing avgTemp into alldailytempdata.json (Range is Daily)
2026-07-21 12:41:04.691 Information Generate UserAskedData - Loop over Chart: DailyPressure)
2026-07-21 12:41:04.691 Information Generate UserAskedData - Testing minBaro into alldailypressdata.json (Range is Daily)
2026-07-21 12:41:04.691 Information Generate UserAskedData - Testing  into  (Range is Daily)
2026-07-21 12:41:04.691 Information DoAirLink / AirQualitySensor  = False / False
2026-07-21 12:41:04.691 Informat2026-07-21 12:41:04.832 Information PHP upload does not support compression
2026-07-21 12:41:04.832 Information UploadFile2026-07-21 12:41:04.835 Information PHP upload does not support compression
2026-07-21 12:41:04.835 Information UploadFile: Starting utils/maps.txt => maps.txt
2026-07-21 12:41:04.835 Information U2026-07-21 12:41:04.843 Information PHP Upload: starting utils/maps.txt
2026-07-21 12:41:04.843 Information Incremental = False; filename = maps.txt; ext = .txt; HoursInGraph = 72
2026-07-21 12:41:04.929 Information InetPhp: maps.txt: Response code = 200: OK
2026-07-21 12:41:04.929 Information InetPhp: maps.txt: Response text follows:
Opening text file maps.txt for replacement
Writing text file maps.txt
Write complete
2026-07-21 12:41:04.930 Information PHP UploadFile: Success
2026-07-21 12:41:04.930 Information UploadFile: Starting utils/systeminfoTable.txt => systeminfoTable.txt
2026-07-21 12:41:04.930 Information Upload File values: localfile: utils/systeminfoTable.txt
2026-07-21 12:41:04.930 Information Upload File values: remotefile: systeminfoTable.txt
2026-07-21 12:41:04.930 Information PHP Upload: starting utils/systeminfoTable.txt
2026-07-21 12:41:04.930 Information Incremental = False; filename = systeminfoTable.txt; ext = .txt; HoursInGraph = 72
2026-07-21 12:41:04.969 Information InetPhp: systeminfoTable.txt: Response code = 200: OK
2026-07-21 12:41:04.969 Information InetPhp: systeminfoTable.txt: Response text follows:
Opening text file systeminfoTable.txt for replacement
Writing text file systeminfoTable.txt
Write complete
2026-07-21 12:41:04.969 Information PHP UploadFile: Success
2026-07-21 12:41:04.969 All done, Entering the finally section...; Closing down.
2026-07-21 12:41:04.969 Disposing Isup...
2026-07-21 12:41:04.969 Disposing Sup...
 the finally section...; Closing down.
2026-07-21 12:41:04.966 Disposing Isup...
2026-07-21 12:41:04.967 Disposing Sup...
