2026-07-21 17:41:01.470 Information According to Inifile Info => Error: True, Warning: True, Info: True, Verbose: False, 
2026-07-21 17:41:01.496 CumulusUtils Initial: Shutting down the default listener
2026-07-21 17:41:01.496 Information CumulusUtils Initial: Shutting down the default listener
2026-07-21 17:41:01.552  CUstrings[xx].ini : CUstringsEN.ini looked for.
2026-07-21 17:41:01.575  CumulusUtils version: 7.1.1 
2026-07-21 17:41:01.576  CuSupport constructor : Unit Wind (m/s, mph, km/h, kts): mph
2026-07-21 17:41:01.580  CuSupport constructor : Unit Pressure (mb,hPa,inHg): hPa
22026-07-21 17:41:01.587  CUstrings[xx].ini : CUstringsEN.ini looked for.
2026-07-21 17:41:01.613  CumulusUtils version: 7.1.1 
2026-07-21 17:41:01.613  CuSupport constructor : Unit Wind (m/s, mph, km/h, kts): mph
2026-07-21 17:41:01.613  CuSupport constructor : Unit Pressure (mb,hPa,inHg): hPa
2026-07-21 17:41:01.613  CuSupport constructor : Unit Ra2026-07-21 17:41:01.655 CumulusUtils : ----------------------------
2026-07-21 17:41:01.655 CumulusUtils : Entering Main
2026-07-21 17:41:01.667 HelpTexts: starting
2026-07-21 17:41:01.699 Information HelpTexts Contructor: stop
2026-07-21 17:41:01.752 CommandLineArgs : starting
2026-07-21 17:41:01.752  CommandLineArgs : handling arg: sysinfo
2026-07-21 17:41:01.752  CommandLineArgs : handling arg: UserAskedData
2026-07-21 17:41:01.752  CommandLineArgs : handling arg: UserReports
2026-07-21 17:41:01.753 Dayfile: Reading2026-07-21 17:41:01.2026-07-21 17:41:01.847 Information CumulusUtils : Read dayfile.txt succesfully - 929 records
2026-07-21 17:41:01.872 Information SystemStatus : starting
2026-07-21 17:41:01.908 Information GetUrlData Start: URL - http://localhost:8998/api/tags/process.json?version&build&ProgramUpTime&NewBuildAvailable&NewBuildNumber&CpuCount&CPUTemp 
2026-07-21 17:41:02.333 CumulusMX Version: 4.5.2 build 4105
2026-07-21 17:41:02.341 Information  SystemStatus: Found device 12 GW1000/Ecowitt Local API
2026-07-21 17:41:02.342 Information ReplaceWebtagsPostAsync start:
2026-07-21 17:41:02.344 Information  PostUrlData Start: http://localhost:89982026-07-21 17:41:02.368 CumulusMX Version: 4.5.2 build 4105
2026-07-21 17:41:02.380 Infor2026-07-21 17:41:02.388 Information PostUrlData success response : OK - OK
2026-07-21 17:41:02.396 SystemStatus : DoingUnix
2026-07-21 17:41:02.398 Information SystemStatus : DoingUnix Start
2026-07-21 17:41:02.407 Information StartProcess cat /etc/os-release
2026-07-21 17:41:02.424 Information 2026-07-21 17:41:02.428 Information PostUrlData success response : OK - OK
2026-07-21 17:41:02.431 SystemStatus : DoingUnix
2026-07-21 17:41:02.436 Information SystemStatus : DoingUnix Start
2026-07-21 17:41:02.442 Information StartProcess cat /etc/os-release
2026-07-21 17:41:02.453 Information StartProcess cat: output=PRETTY_NAME="Debian GNU/Linux 12 (bookworm)"
2026-07-21 17:41:02.453 Information StartProcess cat: output=NAME="Debian GNU/Linux"
2026-07-21 17:41:02.453 Information StartProcess cat: output=VERSION_ID="12"
2026-07-21 17:41:02.453 Information StartProcess cat: output=VERSION="12 (bookworm)"
2026-07-21 17:41:02.453 Information StartProcess cat: output=VERSION_CODENAME=bookworm
2026-07-21 17:41:02.453 Information StartProcess cat: output=ID=debian
2026-07-21 17:41:02.453 Information StartProcess cat: output=HOME_URL="https://www.debian.org/"
2026-07-21 17:41:02.453 Information StartProcess cat: output=SUPPORT_URL="https://www.debian.org/support"
2026-07-21 17:41:02.453 Information StartProcess cat: output=BUG_REPORT_URL="https://bugs.debian.org/"
2026-07-21 17:41:02.453 Information Found Linux NAME: PRETTY_NAME="Debian GNU/Linux 12 (bookworm)"
2026-07-21 17:41:02.454 Information Using Linux dialect: Debian
2026-07-21 17:41:02.454 Information StartProcess uptime -p
2026-07-21 17:41:02.460 Information StartProcess uptime: output=up 3 weeks, 3 days, 22 hours, 7 minutes
2026-07-21 17:41:02.461 Information StartProcess lshw -quiet -class system
2026-07-21 17:41:02.463 Error System/Processor: Unknown (exception) - An error occurred trying to start process 'lshw' with working directory '/opt/CumulusMX'. No such file or 2026-07-21 17:41:02.484 Information StartProcess lsb_release: output=Distributor ID:	Debian
2026-07-21 17:41:02.484 Information StartProcess lsb_release: output=Description:	Debian GNU/Linux 12 (bookworm)
2026-07-21 17:41:02.484 Information StartProcess lsb_release: output=Release:	12
2026-07-212026-07-21 17:41:02.496 Information StartProcess lsb_release: output=Distributor ID:	Debian
2026-07-21 17:41:02.497 Information StartProcess lsb_release: output=Description:	Debian GNU/Linux 12 (bookworm)
2026-07-21 17:41:02.497 Information StartProcess lsb_release: output=Release:	12
2026-07-21 17:41:02.497 Information StartProcess lsb_release: output=Codename:	bookworm
2026-07-21 17:41:02.497 Information StartProcess dotnet --list-runtimes
2026-07-21 17:41:02.501 Information StartProcess dotnet: output=Microsoft.NETCore.App 8.0.8 [/usr/share/dotnet/shared/Microsoft.NETCore.App]
2026-07-21 17:41:02.503 Information StartProcess free -m
2026-07-21 17:41:02.511 Information StartProcess free: output=               total        used        free      shared  buff/cache   available
2026-07-21 17:41:02.511 Information StartProcess free: output=Mem:             960         381         401          32         356         579
2026-07-21 17:41:02.511 Information StartProcess free: output=Swap:            974          75         899
2026-07-21 17:41:02.513 Information Start2026-07-21 17:41:02.516 Informa2026-07-21 17:41:02.512026-07-21 17:41:02.527 Information  MapsOn: Adding Station: Westlands
2026-07-21 17:41:02.544 Information MapsOn: Before testing DoneToday after parsing: 21/07/2026 10:31:03 
2026-07-21 17:41:02.548 Information DateIsToday for thisDate: 21/07/2026 10:31:03 | thisDate.DayOfYear: 202 versus Now.DayOfYear: 202)
2026-07-21 17:41:02.559 Information DateIsToday: thisSpan: 07:09:59.5488774 | thisSpan.TotalDays = 0.29860588978472224
2026-07-21 17:41:02.559 Information MapsOn2026-07-21 17:41:02.561 Information DateIsToday for thisDate: 21/07/2026 10:31:03 | thisDate.DayOfYear: 202 versus Now.DayOfYear: 202)
2026-07-21 17:41:02.571 Information DateIsToday: thisSpan: 07:09:59.5612081 | thisSpan.TotalDays = 0.298606032026-07-21 17:41:03.478 Information Main: <!--
 This file is generated as part of CumulusUti
2026-07-21 17:41:03.479 Information UserAskedData Starting...
2026-07-21 17:41:03.479 Information UserAskedData Doing the compiler stuff...
2026-07-21 17:41:03.500 Information CustomLogs constructor: st2026-072026-07-21 17:41:03.519 Information CustomLogs WebtagInfo constructor: number of defined Webtag Units: 400, everything OK. 
2026-07-21 17:41:03.520 Information Custom Logs constructor: stop
2026-07-21 17:41:03.544 DefineUsercharts: Parsing User charts definitions - starting
2026-07-21 17:41:03.2026-07-21 17:41:03.556 Information CustomLogs WebtagInfo construc2026-07-21 17:41:03.565 Information Parsing User Charts Definitions : Chart Temperature'
2026-07-21 17:41:03.565 Information2026-07-21 17:41:03.585 DefineUsercharts: Parsing User charts definitions - starting
2026-07-21 17:41:03.585 Information Parsing User Charts Definitions : Chart Overview'
2026-07-21 17:41:03.605 Information Parsing User Charts Definitions : Chart Temperature'
2026-07-21 17:41:03.605 Information Parsing User Charts Definitions : Chart Wind'
2026-07-21 17:41:03.605 Information Parsing User Charts Definitions : Chart WindDirection'
2026-07-21 17:41:03.605 Information Parsing User Charts Definitions : Chart Rain'
2026-07-21 17:41:03.605 Information Parsing User Charts Definitions : Chart Humidity'
2026-07-21 17:41:03.605 Information Parsing User Charts Definitions : Chart Solar'
2026-07-21 17:41:03.605 Information Parsing User Charts Definitions : Chart DailyTemp'
2026-07-21 17:41:03.605 Information Parsing User Charts Definitions : Chart DailyPressure'
2026-07-21 17:41:03.608 Information Parsing User Charts: Evaluating Expression '(MinBarometer+MaxBarometer)/2'.
2026-07-21 17:41:03.626 Generating Compiler UserAskedData: Starting
2026-07-21 17:41:03.627 Information GenerateUserAskedData: t2026-07-21 17:41:03.923 Information ReadMonthlyLogs: End
2026-07-21 17:41:03.937 Information Generate UserAskedData: DoneToday = 20/07/2026 19:01:04.
2026-07-21 17:41:03.937 Information DateIsToday for thisDate: 20/07/2026 19:01:04 | thisDate.DayOfYear: 201 versus Now.DayOfYear: 202)
2026-07-212026-07-21 17:41:03.954 Information ReadMonthlyLogs: End
2026-07-21 17:41:03.964 Information Generate UserAskedData: DoneToday = 20/07/2026 19:01:04.
2026-07-21 17:41:03.965 Information DateIsToday for thisDate: 20/07/2026 19:01:04 | thisDate.DayOfYear: 201 versus Now.DayOfYear: 202)
2026-07-21 17:41:03.965 Information DateIsToday: thisSpan: 22:39:59.9652846 | thisSpan.TotalDays = 0.9444440426458334
2026-07-21 17:41:03.965 Information Generate UserAskedData: Must NOT generate the ALL Range.
2026-07-21 17:41:03.965 Information Generate UserAskedData - Loop over Chart: Overview)
2026-07-21 17:41:03.966 Information Generate UserAskedData - Testing temp into tempdata.json (Range is Recent)
2026-07-21 17:41:03.966 Information Generate UserAskedData - Testing dew into tempdata.json (Range is Recent)
2026-07-21 17:41:03.966 Information Generate UserAskedData - Testing press into pressdata.json (Range is Recent)
2026-07-21 17:41:03.966 Information Generate UserAskedData - Testing hum into humdata.json (Range is Recent)
2026-07-21 17:41:03.966 Information Generate UserAskedData - Testing SolarRad into solardata.json (Range is Recent)
2026-07-21 17:41:03.966 Information Generate UserAskedData - Testing rfall into raindata.json (Range is Recent)
2026-07-21 17:41:03.966 Information Generate UserAskedData - Loop over Chart: Temperature)
2026-07-21 17:41:03.966 Information Generate UserAskedData - Testing intemp into tempdata.json (Range is Recent)
2026-07-21 17:41:03.966 Information Generate UserAskedData - Testing temp into tempdata.json (Range is Recent)
2026-07-21 17:41:03.966 Information Generate UserAskedData - Testing feelslike into tempdata.json (Range is Recent)
2026-07-21 17:41:03.966 Information Generate UserAskedData - Testing dew into tempdata.json (Range is Recent)
2026-07-21 17:41:03.966 Information Generate UserAskedData - Loop over Chart: Wind)
2026-07-21 17:41:03.966 Information Generate UserAskedData - Testing wgust into winddata.json (Range is Recent)
2026-07-21 17:41:03.966 Information Generate UserAskedData - Testing wspeed into winddata.json (Range is Recent)
2026-07-21 17:41:03.966 Information Generate UserAskedData - Loop over Chart: WindDirection)
2026-07-21 17:41:03.966 Information Generate UserAskedData - Testing bearing into wdirdata.json (Range is Recent)
2026-07-21 17:41:03.966 Information Generate UserAskedData - Testing avgbearing into wdirdata.json (Range is Recent)
2026-07-21 17:41:03.966 Information Generate UserAskedData - Loop over Chart: Rain)
2026-07-21 17:41:03.966 Information Generate UserAskedData - Testing rfall into raindata.json (Range is Recent)
2026-07-21 17:41:03.966 Information Generate UserAskedData - Testing rrate into raindata.json (Range is Recent)
2026-07-21 17:41:03.966 Information Generate UserAskedData - Loop over Chart: Humidity)
2026-07-21 17:41:03.966 Information Generate UserAskedData - Testing hum into humdata.json (Range is Recent)
2026-07-21 17:41:03.966 Information Generate UserAskedData - Testing inhum into humdata.json (Range is Recent)
2026-07-21 17:41:03.966 Information Generate UserAskedData - Loop over Chart: Solar)
2026-07-21 17:41:03.966 Information Generate UserAskedData - Testing UV into solardata.json (Range is Recent)
2026-07-21 17:41:03.966 Information Generate UserAskedData - Testing SolarRad into solardata.json (Range is Recent)
2026-07-21 17:41:03.966 Information Generate UserAskedData - Testing CurrentSolarMax into solardata.json (Range is Recent)
2026-07-21 17:41:03.966 Information Generate UserAskedData - Loop over Chart: DailyTemp)
2026-07-21 17:41:03.966 Information Generate UserAskedData - Testing avgTemp into alldailytempdata.json (Range is Daily)
2026-07-21 17:41:03.966 Information Generate UserAskedData - Testing avgTemp into alldailytempdata.json (Range is Daily)
2026-07-21 17:41:03.966 Information Generate UserAskedData - Loop over Chart: DailyPressure)
2026-07-21 17:41:03.966 Information Generate UserAskedData - Testing minBaro into alldailypressdata.json (Range is Daily)
2026-07-21 17:41:03.966 Informatio2026-07-21 17:41:04.097 Information PHP upload does not support compression
2026-07-21 17:41:04.097 Information UploadFile: Starting utils/maps.txt => maps.txt
2026-07-21 17:41:04.097 Information Upload File values: localfile: utils/maps.txt
2026-07-21 17:41:04.097 Information Upload File value2026-07-21 17:41:04.101 2026-07-21 17:41:04.105 Information PHP Upload: starting utils/maps.txt
2026-07-21 17:41:04.106 Information Incremental = False; filename = maps.txt; ext = .txt; HoursInGraph = 72
2026-07-21 17:41:04.193 Information InetPhp: maps.txt: Response code = 200: OK
2026-07-21 17:41:04.193 Information InetPhp: maps.txt: Response text follows:
Opening text file maps.txt for replacement
Writing text file maps.txt
Write complete
2026-07-21 17:41:04.194 Information PHP UploadFile: S2026-07-21 17:41:04.195 Information InetPhp: maps.txt: Response code = 200: OK
2026-07-21 17:41:04.195 Information InetPhp: maps.txt: Response text follows:
Opening text file maps.txt for replacement
Writing text file maps.txt
Write complete
2026-07-21 17:41:04.195 Information PHP UploadFile: Success
2026-07-21 17:41:04.195 Information UploadFile: Starting utils/systeminfoTable.txt => systeminfoTable.txt
2026-07-21 17:41:04.195 Information Upload File values: localfile: utils/systeminfoTable2026-07-21 17:41:04.225 Information InetPhp: systeminfoTable.txt: Response code = 200: OK
2026-07-21 17:41:04.225 Information InetPhp: systeminfoTable.txt: Response text follows:
Opening text file systeminfoTable.txt for replacement
Writing text file systeminfoTable.txt
Write complete
2026-07-22026-07-21 17:41:04.231 Information InetPhp: systeminfoTable.txt: Response code = 200: OK
2026-07-21 17:41:04.231 Information InetPhp: systeminfoTable.txt: Response text follows:
Opening text file systeminfoTable.txt for replacement
Writing text file systeminfoTable.txt
Write complete
2026-07-21 17:41:04.231 Information PHP UploadFile: Success
2026-07-21 17:41:04.231 All done, Entering the finally section...; Closing down.
2026-07-21 17:41:04.231 Disposing Isup...
2026-07-21 17:41:04.232 Disposing Sup...
