2026-07-22 10:41:01.816 Information According to Inifile Info => Error: True, Warning: True, Info: True, Verbose: False, 
2026-07-22 10:41:01.842 CumulusUtils Initial: Shutting down the default listener
2026-07-22 10:41:01.842 Information CumulusUtils Initial: Shutting down the default listener
2026-07-22 10:41:01.896  CUstrings[xx].ini : CUstringsEN.ini looked for.
2026-07-22 10:41:01.919  CumulusUtils version: 7.1.1 
2026-07-22 10:41:01.923  CuSupport constructor : Unit Wind (m/s, mph, km/h, kts): mph
2026-07-22 10:41:01.923  CuSupport constructor : Unit Pressure (mb,hPa,inHg): hPa
2026-07-22 10:41:01.924  CuSupport constructor : Unit Rain (mm,in): mm
2026-07-22 10:41:01.928  CuSupport constructor : Unit T (C,F): °C
2026-07-22 10:41:01.929  CuSupport constructor : Unit Distance (m, mi, km, kn): mi
2026-07-22 10:41:01.929  CuSupport constructor : Unit Height (m, ft): ft
2026-07-22 10:41:01.941 InetSupport: Constructor starting
2026-07-22 10:41:02.008 CumulusUtils : ----------------------------
2026-07-22 10:41:02.008 CumulusUtils : Entering Main
2026-07-22 10:41:02.023 HelpTexts: starting
2026-07-22 10:41:02.065 Information HelpTexts Contructor: stop
2026-07-22 10:41:02.112 CommandLineArgs : starting
2026-07-22 10:41:02.113  CommandLineArgs : handling arg: sysinfo
2026-07-22 10:41:02.113  CommandLineArgs : handling arg: UserAskedData
2026-07-22 10:41:02.113  CommandLineArgs : handling arg: UserReports
2026-07-22 10:41:02.113 Dayfile: Reading the dayfile.txt...
2026-07-22 10:41:02.199 Information CumulusUtils : Read dayfile.txt succesfully - 930 records
2026-07-22 10:41:02.227 Information SystemStatus : starting
2026-07-22 10:41:02.257 Information GetUrlData Start: URL - http://localhost:8998/api/tags/process.json?version&build&ProgramUpTime&NewBuildAvailable&NewBuildNumber&CpuCount&CPUTemp 
2026-07-22 10:41:02.693 CumulusMX Version: 4.5.2 build 4105
2026-07-22 10:41:02.701 Information  SystemStatus: Found device 12 GW1000/Ecowitt Local API
2026-07-22 10:41:02.702 Information ReplaceWebtagsPostAsync start:
2026-07-22 10:41:02.713 Information  PostUrlData Start: http://localhost:8998/api/tags/process.txt 
2026-07-22 10:41:02.713 Information PostUrlData Calling PostAsync
2026-07-22 10:41:02.755 Information PostUrlData success response : OK - OK
2026-07-22 10:41:02.759 SystemStatus : DoingUnix
2026-07-22 10:41:02.768 Information SystemStatus : DoingUnix Start
2026-07-22 10:41:02.771 Information StartProcess cat /etc/os-release
2026-07-22 10:41:02.782 Information StartProcess cat: output=PRETTY_NAME="Debian GNU/Linux 12 (bookworm)"
2026-07-22 10:41:02.782 Information StartProcess cat: output=NAME="Debian GNU/Linux"
2026-07-22 10:41:02.782 Information StartProcess cat: output=VERSION_ID="12"
2026-07-22 10:41:02.782 Information StartProcess cat: output=VERSION="12 (bookworm)"
2026-07-22 10:41:02.782 Information StartProcess cat: output=VERSION_CODENAME=bookworm
2026-07-22 10:41:02.782 Information StartProcess cat: output=ID=debian
2026-07-22 10:41:02.782 Information StartProcess cat: output=HOME_URL="https://www.debian.org/"
2026-07-22 10:41:02.782 Information StartProcess cat: output=SUPPORT_URL="https://www.debian.org/support"
2026-07-22 10:41:02.782 Information StartProcess cat: output=BUG_REPORT_URL="https://bugs.debian.org/"
2026-07-22 10:41:02.782 Information Found Linux NAME: PRETTY_NAME="Debian GNU/Linux 12 (bookworm)"
2026-07-22 10:41:02.787 Information Using Linux dialect: Debian
2026-07-22 10:41:02.787 Information StartProcess uptime -p
2026-07-22 10:41:02.794 Information StartProcess uptime: output=up 3 weeks, 4 days, 15 hours, 7 minutes
2026-07-22 10:41:02.797 Information StartProcess lshw -quiet -class system
2026-07-22 10:41:02.799 Error System/Processor: Unknown (exception) - An error occurred trying to start process 'lshw' with working directory '/opt/CumulusMX'. No such file or directory
2026-07-22 10:41:02.799 Please install lshw (apt-get install lshw)
2026-07-22 10:41:02.799 Information StartProcess uname -s -r -m
2026-07-22 10:41:02.805 Information StartProcess uname: output=Linux 6.1.0-23-amd64 x86_64
2026-07-22 10:41:02.806 Information StartProcess lsb_release -a
2026-07-22 10:41:02.833 Information StartProcess lsb_release: output=Distributor ID:	Debian
2026-07-22 10:41:02.833 Information StartProcess lsb_release: output=Description:	Debian GNU/Linux 12 (bookworm)
2026-07-22 10:41:02.833 Information StartProcess lsb_release: output=Release:	12
2026-07-22 10:41:02.833 Information StartProcess lsb_release: output=Codename:	bookworm
2026-07-22 10:41:02.834 Information StartProcess dotnet --list-runtimes
2026-07-22 10:41:02.838 Information StartProcess dotnet: output=Microsoft.NETCore.App 8.0.8 [/usr/share/dotnet/shared/Microsoft.NETCore.App]
2026-07-22 10:41:02.842 Information StartProcess free -m
2026-07-22 10:41:02.848 Information StartProcess free: output=               total        used        free      shared  buff/cache   available
2026-07-22 10:41:02.848 Information StartProcess free: output=Mem:             960         366         457          31         307         594
2026-07-22 10:41:02.848 Information StartProcess free: output=Swap:            974          75         899
2026-07-22 10:41:02.849 Information StartProcess df -T -text4 -tvfat -h
2026-07-22 10:41:02.854 Information StartProcess df: output=Filesystem     Type  Size  Used Avail Use% Mounted on
2026-07-22 10:41:02.854 Information StartProcess df: output=/dev/sda1      ext4   31G  7.6G   22G  27% /
2026-07-22 10:41:02.858 USerReports: Starting
2026-07-22 10:41:02.876 Information MapsOn: Starting
2026-07-22 10:41:02.880 Information  MapsOn: Adding Station: Westlands
2026-07-22 10:41:02.898 Information MapsOn: Before testing DoneToday after parsing: 21/07/2026 10:31:03 
2026-07-22 10:41:02.904 Information DateIsToday for thisDate: 21/07/2026 10:31:03 | thisDate.DayOfYear: 202 versus Now.DayOfYear: 203)
2026-07-22 10:41:02.915 Information DateIsToday: thisSpan: 1.00:09:59.9047260 | thisSpan.TotalDays = 1.006943341736111
2026-07-22 10:41:02.915 Information MapsOn: Must send signature: 2026-07-21T10:31:03 / Setting DoneToday to now.
2026-07-22 10:41:02.916 Information  PostUrlData Start: https://meteo-wagenborgen.nl/cgi-bin/receive.pl 
2026-07-22 10:41:02.916 Information PostUrlData Calling PostAsync
2026-07-22 10:41:03.945 Information PostUrlData success response : OK - OK
2026-07-22 10:41:03.946 Information MapsOn : Success
2026-07-22 10:41:03.946 Information filename#MapsOn-ylncbwglng.xml&filecontent#<?xml version="1.0" encoding="utf-8"?>
<Station>
  <Name>Westlands</Name>
  <Description>Westlands PWM</Description>
  <Website>https:////www.jpickles.com/cutils/</Website>
  <Latitude>53.0052777777778</Latitude>
  <Longitude>-2.24</Longitude>
  <Date>22-07-2026 09:41</Date>
  <CUversion>7.1.1 </CUversion>
</Station>
2026-07-22 10:41:03.946 Information Fetch Map: Fetching the generated map
2026-07-22 10:41:03.946 Information GetUrlData Start: URL - https://meteo-wagenborgen.nl/maps.txt 
2026-07-22 10:41:04.100 Information Main: <!--
 This file is generated as part of CumulusUti
2026-07-22 10:41:04.102 Information UserAskedData Starting...
2026-07-22 10:41:04.102 Information UserAskedData Doing the compiler stuff...
2026-07-22 10:41:04.132 Information CustomLogs constructor: starting
2026-07-22 10:41:04.144 Information CustomLogs WebtagInfo constructor: number of defined Webtag Units: 400, everything OK. 
2026-07-22 10:41:04.153 Information Custom Logs constructor: stop
2026-07-22 10:41:04.177 DefineUsercharts: Parsing User charts definitions - starting
2026-07-22 10:41:04.177 Information Parsing User Charts Definitions : Chart Overview'
2026-07-22 10:41:04.193 Information Parsing User Charts Definitions : Chart Temperature'
2026-07-22 10:41:04.194 Information Parsing User Charts Definitions : Chart Wind'
2026-07-22 10:41:04.194 Information Parsing User Charts Definitions : Chart WindDirection'
2026-07-22 10:41:04.194 Information Parsing User Charts Definitions : Chart Rain'
2026-07-22 10:41:04.194 Information Parsing User Charts Definitions : Chart Humidity'
2026-07-22 10:41:04.194 Information Parsing User Charts Definitions : Chart Solar'
2026-07-22 10:41:04.194 Information Parsing User Charts Definitions : Chart DailyTemp'
2026-07-22 10:41:04.194 Information Parsing User Charts Definitions : Chart DailyPressure'
2026-07-22 10:41:04.204 Information Parsing User Charts: Evaluating Expression '(MinBarometer+MaxBarometer)/2'.
2026-07-22 10:41:04.219 Generating Compiler UserAskedData: Starting
2026-07-22 10:41:04.225 Information GenerateUserAskedData: timeStart = 22/07/2026 10:32:00; timeEnd = 22/07/2026 10:41:00
2026-07-22 10:41:04.225 Monthfile constructor: Using fixed path: | data/ |; file: | *log.txt
2026-07-22 10:41:04.231 ReadPartialMonthlyLogs: Starting.
2026-07-22 10:41:04.240 Information ReadPartialMonthlyLogs: reading 202607log.txt
2026-07-22 10:41:04.576 Information ReadMonthlyLogs: End
2026-07-22 10:41:04.591 Information Generate UserAskedData: DoneToday = 21/07/2026 19:11:04.
2026-07-22 10:41:04.591 Information DateIsToday for thisDate: 21/07/2026 19:11:04 | thisDate.DayOfYear: 202 versus Now.DayOfYear: 203)
2026-07-22 10:41:04.591 Information DateIsToday: thisSpan: 15:30:00.5914609 | thisSpan.TotalDays = 0.6458401789456019
2026-07-22 10:41:04.591 Information Generate UserAskedData: Must NOT generate the ALL Range.
2026-07-22 10:41:04.591 Information Generate UserAskedData - Loop over Chart: Overview)
2026-07-22 10:41:04.596 Information Generate UserAskedData - Testing temp into tempdata.json (Range is Recent)
2026-07-22 10:41:04.596 Information Generate UserAskedData - Testing dew into tempdata.json (Range is Recent)
2026-07-22 10:41:04.596 Information Generate UserAskedData - Testing press into pressdata.json (Range is Recent)
2026-07-22 10:41:04.596 Information Generate UserAskedData - Testing hum into humdata.json (Range is Recent)
2026-07-22 10:41:04.596 Information Generate UserAskedData - Testing SolarRad into solardata.json (Range is Recent)
2026-07-22 10:41:04.596 Information Generate UserAskedData - Testing rfall into raindata.json (Range is Recent)
2026-07-22 10:41:04.597 Information Generate UserAskedData - Loop over Chart: Temperature)
2026-07-22 10:41:04.597 Information Generate UserAskedData - Testing intemp into tempdata.json (Range is Recent)
2026-07-22 10:41:04.597 Information Generate UserAskedData - Testing temp into tempdata.json (Range is Recent)
2026-07-22 10:41:04.597 Information Generate UserAskedData - Testing feelslike into tempdata.json (Range is Recent)
2026-07-22 10:41:04.597 Information Generate UserAskedData - Testing dew into tempdata.json (Range is Recent)
2026-07-22 10:41:04.597 Information Generate UserAskedData - Loop over Chart: Wind)
2026-07-22 10:41:04.597 Information Generate UserAskedData - Testing wgust into winddata.json (Range is Recent)
2026-07-22 10:41:04.597 Information Generate UserAskedData - Testing wspeed into winddata.json (Range is Recent)
2026-07-22 10:41:04.597 Information Generate UserAskedData - Loop over Chart: WindDirection)
2026-07-22 10:41:04.597 Information Generate UserAskedData - Testing bearing into wdirdata.json (Range is Recent)
2026-07-22 10:41:04.597 Information Generate UserAskedData - Testing avgbearing into wdirdata.json (Range is Recent)
2026-07-22 10:41:04.597 Information Generate UserAskedData - Loop over Chart: Rain)
2026-07-22 10:41:04.597 Information Generate UserAskedData - Testing rfall into raindata.json (Range is Recent)
2026-07-22 10:41:04.597 Information Generate UserAskedData - Testing rrate into raindata.json (Range is Recent)
2026-07-22 10:41:04.597 Information Generate UserAskedData - Loop over Chart: Humidity)
2026-07-22 10:41:04.597 Information Generate UserAskedData - Testing hum into humdata.json (Range is Recent)
2026-07-22 10:41:04.597 Information Generate UserAskedData - Testing inhum into humdata.json (Range is Recent)
2026-07-22 10:41:04.597 Information Generate UserAskedData - Loop over Chart: Solar)
2026-07-22 10:41:04.597 Information Generate UserAskedData - Testing UV into solardata.json (Range is Recent)
2026-07-22 10:41:04.597 Information Generate UserAskedData - Testing SolarRad into solardata.json (Range is Recent)
2026-07-22 10:41:04.597 Information Generate UserAskedData - Testing CurrentSolarMax into solardata.json (Range is Recent)
2026-07-22 10:41:04.597 Information Generate UserAskedData - Loop over Chart: DailyTemp)
2026-07-22 10:41:04.597 Information Generate UserAskedData - Testing avgTemp into alldailytempdata.json (Range is Daily)
2026-07-22 10:41:04.597 Information Generate UserAskedData - Testing avgTemp into alldailytempdata.json (Range is Daily)
2026-07-22 10:41:04.597 Information Generate UserAskedData - Loop over Chart: DailyPressure)
2026-07-22 10:41:04.597 Information Generate UserAskedData - Testing minBaro into alldailypressdata.json (Range is Daily)
2026-07-22 10:41:04.597 Information Generate UserAskedData - Testing  into  (Range is Daily)
2026-07-22 10:41:04.597 Information DoAirLink / AirQualitySensor  = False / False
2026-07-22 10:41:04.597 Information Uploading = maps.txt
2026-07-22 10:41:04.603 Testing PHP upload compression on https://jpickles.com/cutils/upload.php
2026-07-22 10:41:04.744 Information PHP upload does not support compression
2026-07-22 10:41:04.744 Information UploadFile: Starting utils/maps.txt => maps.txt
2026-07-22 10:41:04.744 Information Upload File values: localfile: utils/maps.txt
2026-07-22 10:41:04.744 Information Upload File values: remotefile: maps.txt
2026-07-22 10:41:04.749 Information PHP Upload: starting utils/maps.txt
2026-07-22 10:41:04.749 Information Incremental = False; filename = maps.txt; ext = .txt; HoursInGraph = 72
2026-07-22 10:41:04.826 Information InetPhp: maps.txt: Response code = 200: OK
2026-07-22 10:41:04.826 Information InetPhp: maps.txt: Response text follows:
Opening text file maps.txt for replacement
Writing text file maps.txt
Write complete
2026-07-22 10:41:04.826 Information PHP UploadFile: Success
2026-07-22 10:41:04.826 Information UploadFile: Starting utils/systeminfoTable.txt => systeminfoTable.txt
2026-07-22 10:41:04.826 Information Upload File values: localfile: utils/systeminfoTable.txt
2026-07-22 10:41:04.826 Information Upload File values: remotefile: systeminfoTable.txt
2026-07-22 10:41:04.826 Information PHP Upload: starting utils/systeminfoTable.txt
2026-07-22 10:41:04.826 Information Incremental = False; filename = systeminfoTable.txt; ext = .txt; HoursInGraph = 72
2026-07-22 10:41:04.857 Information InetPhp: systeminfoTable.txt: Response code = 200: OK
2026-07-22 10:41:04.857 Information InetPhp: systeminfoTable.txt: Response text follows:
Opening text file systeminfoTable.txt for replacement
Writing text file systeminfoTable.txt
Write complete
2026-07-22 10:41:04.857 Information PHP UploadFile: Success
2026-07-22 10:41:04.857 All done, Entering the finally section...; Closing down.
2026-07-22 10:41:04.857 Disposing Isup...
2026-07-22 10:41:04.858 Disposing Sup...
