2026-07-20 18:21:01.350 Information According to Inifile Info => Error: True, Warning: True, Info: True, Verbose: False, 
2026-07-20 18:21:01.379 CumulusUtils Initial: Shutting down the default listener
2026-07-20 18:21:01.379 Information CumulusUtils Initial: Shutting down the default listener
2026-07-20 18:21:01.434  CUstrings[xx].ini : CUstringsEN.ini looked for.
2026-07-20 18:21:01.455  CumulusUtils version: 7.1.1 
2026-07-20 18:21:01.455  CuSupport constructor : Unit Wind (m/s, mph, km/h, kts): mph
2026-07-20 18:21:01.455  CuSupport constructor : Unit Pressure (mb,hPa,inHg): hPa
2026-07-20 18:21:01.456  CuSupport constructor : Unit Rain (mm,in): mm
2026-07-20 18:21:01.460  CuSupport constructor : Unit T (C,F): °C
2026-07-20 18:21:01.461  CuSupport constructor : Unit Distance (m, mi, km, kn): mi
2026-07-20 18:21:01.461  CuSupport constructor : Unit Height (m, ft): ft
2026-07-20 18:21:01.481 InetSupport: Constructor starting
2026-07-20 18:21:01.539 CumulusUtils : ----------------------------
2026-07-20 18:21:01.539 CumulusUtils : Entering Main
2026-07-20 18:21:01.551 HelpTexts: starting
2026-07-20 18:21:01.588 Information HelpTexts Contructor: stop
2026-07-20 18:21:01.636 CommandLineArgs : starting
2026-07-20 18:21:01.636  CommandLineArgs : handling arg: sysinfo
2026-07-20 18:21:01.636  CommandLineArgs : handling arg: UserAskedData
2026-07-20 18:21:01.640  CommandLineArgs : handling arg: UserReports
2026-07-20 18:21:01.641 Dayfile: Reading the dayfile.txt...
2026-07-20 18:21:01.726 Information CumulusUtils : Read dayfile.txt succesfully - 928 records
2026-07-20 18:21:01.751 Information SystemStatus : starting
2026-07-20 18:21:01.788 Information GetUrlData Start: URL - http://localhost:8998/api/tags/process.json?version&build&ProgramUpTime&NewBuildAvailable&NewBuildNumber&CpuCount&CPUTemp 
2026-07-20 18:21:02.195 CumulusMX Version: 4.5.2 build 4105
2026-07-20 18:21:02.204 Information  SystemStatus: Found device 12 GW1000/Ecowitt Local API
2026-07-20 18:21:02.205 Information ReplaceWebtagsPostAsync start:
2026-07-20 18:21:02.207 Information  PostUrlData Start: http://localhost:8998/api/tags/process.txt 
2026-07-20 18:21:02.207 Information PostUrlData Calling PostAsync
2026-07-20 18:21:02.253 Information PostUrlData success response : OK - OK
2026-07-20 18:21:02.261 SystemStatus : DoingUnix
2026-07-20 18:21:02.263 Information SystemStatus : DoingUnix Start
2026-07-20 18:21:02.270 Information StartProcess cat /etc/os-release
2026-07-20 18:21:02.283 Information StartProcess cat: output=PRETTY_NAME="Debian GNU/Linux 12 (bookworm)"
2026-07-20 18:21:02.283 Information StartProcess cat: output=NAME="Debian GNU/Linux"
2026-07-20 18:21:02.283 Information StartProcess cat: output=VERSION_ID="12"
2026-07-20 18:21:02.283 Information StartProcess cat: output=VERSION="12 (bookworm)"
2026-07-20 18:21:02.283 Information StartProcess cat: output=VERSION_CODENAME=bookworm
2026-07-20 18:21:02.283 Information StartProcess cat: output=ID=debian
2026-07-20 18:21:02.283 Information StartProcess cat: output=HOME_URL="https://www.debian.org/"
2026-07-20 18:21:02.283 Information StartProcess cat: output=SUPPORT_URL="https://www.debian.org/support"
2026-07-20 18:21:02.283 Information StartProcess cat: output=BUG_REPORT_URL="https://bugs.debian.org/"
2026-07-20 18:21:02.285 Information Found Linux NAME: PRETTY_NAME="Debian GNU/Linux 12 (bookworm)"
2026-07-20 18:21:02.286 Information Using Linux dialect: Debian
2026-07-20 18:21:02.286 Information StartProcess uptime -p
2026-07-20 18:21:02.292 Information StartProcess uptime: output=up 3 weeks, 2 days, 22 hours, 47 minutes
2026-07-20 18:21:02.295 Information StartProcess lshw -quiet -class system
2026-07-20 18:21:02.297 Error System/Processor: Unknown (exception) - An error occurred trying to start process 'lshw' with working directory '/opt/CumulusMX'. No such file or directory
2026-07-20 18:21:02.297 Please install lshw (apt-get install lshw)
2026-07-20 18:21:02.297 Information StartProcess uname -s -r -m
2026-07-20 18:21:02.303 Information StartProcess uname: output=Linux 6.1.0-23-amd64 x86_64
2026-07-20 18:21:02.303 Information StartProcess lsb_release -a
2026-07-20 18:21:02.336 Information StartProcess lsb_release: output=Distributor ID:	Debian
2026-07-20 18:21:02.336 Information StartProcess lsb_release: output=Description:	Debian GNU/Linux 12 (bookworm)
2026-07-20 18:21:02.336 Information StartProcess lsb_release: output=Release:	12
2026-07-20 18:21:02.336 Information StartProcess lsb_release: output=Codename:	bookworm
2026-07-20 18:21:02.337 Information StartProcess dotnet --list-runtimes
2026-07-20 18:21:02.342 Information StartProcess dotnet: output=Microsoft.NETCore.App 8.0.8 [/usr/share/dotnet/shared/Microsoft.NETCore.App]
2026-07-20 18:21:02.344 Information StartProcess free -m
2026-07-20 18:21:02.350 Information StartProcess free: output=               total        used        free      shared  buff/cache   available
2026-07-20 18:21:02.350 Information StartProcess free: output=Mem:             960         377         402          29         356         583
2026-07-20 18:21:02.351 Information StartProcess free: output=Swap:            974          77         897
2026-07-20 18:21:02.352 Information StartProcess df -T -text4 -tvfat -h
2026-07-20 18:21:02.356 Information StartProcess df: output=Filesystem     Type  Size  Used Avail Use% Mounted on
2026-07-20 18:21:02.356 Information StartProcess df: output=/dev/sda1      ext4   31G  7.6G   22G  27% /
2026-07-20 18:21:02.360 USerReports: Starting
2026-07-20 18:21:02.377 Information MapsOn: Starting
2026-07-20 18:21:02.384 Information  MapsOn: Adding Station: Westlands
2026-07-20 18:21:02.398 Information MapsOn: Before testing DoneToday after parsing: 20/07/2026 10:31:03 
2026-07-20 18:21:02.399 Information DateIsToday for thisDate: 20/07/2026 10:31:03 | thisDate.DayOfYear: 201 versus Now.DayOfYear: 201)
2026-07-20 18:21:02.413 Information DateIsToday: thisSpan: 07:49:59.3993206 | thisSpan.TotalDays = 0.3263819365810185
2026-07-20 18:21:02.413 Information MapsOn: Must NOT send signature, has been done already : 2026-07-20T10:31:03
2026-07-20 18:21:02.413 Information Fetch Map: Fetching the generated map
2026-07-20 18:21:02.413 Information GetUrlData Start: URL - https://meteo-wagenborgen.nl/maps.txt 
2026-07-20 18:21:03.321 Information Main: <!--
 This file is generated as part of CumulusUti
2026-07-20 18:21:03.322 Information UserAskedData Starting...
2026-07-20 18:21:03.322 Information UserAskedData Doing the compiler stuff...
2026-07-20 18:21:03.353 Information CustomLogs constructor: starting
2026-07-20 18:21:03.372 Information CustomLogs WebtagInfo constructor: number of defined Webtag Units: 400, everything OK. 
2026-07-20 18:21:03.377 Information Custom Logs constructor: stop
2026-07-20 18:21:03.396 DefineUsercharts: Parsing User charts definitions - starting
2026-07-20 18:21:03.396 Information Parsing User Charts Definitions : Chart Overview'
2026-07-20 18:21:03.419 Information Parsing User Charts Definitions : Chart Temperature'
2026-07-20 18:21:03.419 Information Parsing User Charts Definitions : Chart Wind'
2026-07-20 18:21:03.419 Information Parsing User Charts Definitions : Chart WindDirection'
2026-07-20 18:21:03.419 Information Parsing User Charts Definitions : Chart Rain'
2026-07-20 18:21:03.419 Information Parsing User Charts Definitions : Chart Humidity'
2026-07-20 18:21:03.419 Information Parsing User Charts Definitions : Chart Solar'
2026-07-20 18:21:03.419 Information Parsing User Charts Definitions : Chart DailyTemp'
2026-07-20 18:21:03.419 Information Parsing User Charts Definitions : Chart DailyPressure'
2026-07-20 18:21:03.422 Information Parsing User Charts: Evaluating Expression '(MinBarometer+MaxBarometer)/2'.
2026-07-20 18:21:03.443 Generating Compiler UserAskedData: Starting
2026-07-20 18:21:03.448 Information GenerateUserAskedData: timeStart = 20/07/2026 18:12:00; timeEnd = 20/07/2026 18:21:00
2026-07-20 18:21:03.449 Monthfile constructor: Using fixed path: | data/ |; file: | *log.txt
2026-07-20 18:21:03.453 ReadPartialMonthlyLogs: Starting.
2026-07-20 18:21:03.461 Information ReadPartialMonthlyLogs: reading 202607log.txt
2026-07-20 18:21:03.462 Information UserAskedData: Failing in GenerateUSerAskedData - i.e. Compiler data)
2026-07-20 18:21:03.462 Information UserAskedData: Message The process cannot access the file '/opt/CumulusMX/data/copy_202607log.txt' because it is being used by another process.)
2026-07-20 18:21:03.462 Information UserAskedData: Continuing
2026-07-20 18:21:03.462 Information DoAirLink / AirQualitySensor  = False / False
2026-07-20 18:21:03.462 Information Uploading = maps.txt
2026-07-20 18:21:03.476 Testing PHP upload compression on https://jpickles.com/cutils/upload.php
2026-07-20 18:21:03.619 Information PHP upload does not support compression
2026-07-20 18:21:03.619 Information UploadFile: Starting utils/maps.txt => maps.txt
2026-07-20 18:21:03.619 Information Upload File values: localfile: utils/maps.txt
2026-07-20 18:21:03.619 Information Upload File values: remotefile: maps.txt
2026-07-20 18:21:03.623 Information PHP Upload: starting utils/maps.txt
2026-07-20 18:21:03.624 Information Incremental = False; filename = maps.txt; ext = .txt; HoursInGraph = 72
2026-07-20 18:21:03.710 Information InetPhp: maps.txt: Response code = 200: OK
2026-07-20 18:21:03.710 Information InetPhp: maps.txt: Response text follows:
Opening text file maps.txt for replacement
Writing text file maps.txt
Write complete
2026-07-20 18:21:03.710 Information PHP UploadFile: Success
2026-07-20 18:21:03.710 Information UploadFile: Starting utils/systeminfoTable.txt => systeminfoTable.txt
2026-07-20 18:21:03.711 Information Upload File values: localfile: utils/systeminfoTable.txt
2026-07-20 18:21:03.711 Information Upload File values: remotefile: systeminfoTable.txt
2026-07-20 18:21:03.711 Information PHP Upload: starting utils/systeminfoTable.txt
2026-07-20 18:21:03.711 Information Incremental = False; filename = systeminfoTable.txt; ext = .txt; HoursInGraph = 72
2026-07-20 18:21:03.740 Information InetPhp: systeminfoTable.txt: Response code = 200: OK
2026-07-20 18:21:03.741 Information InetPhp: systeminfoTable.txt: Response text follows:
Opening text file systeminfoTable.txt for replacement
Writing text file systeminfoTable.txt
Write complete
2026-07-20 18:21:03.741 Information PHP UploadFile: Success
2026-07-20 18:21:03.741 All done, Entering the finally section...; Closing down.
2026-07-20 18:21:03.741 Disposing Isup...
2026-07-20 18:21:03.741 Disposing Sup...
