2026-07-21 14:11:02.110 Information According to Inifile Info => Error: True, Warning: True, Info: True, Verbose: False, 
2026-07-21 14:11:02.139 CumulusUtils Initial: Shutting down the default listener
2026-07-21 14:11:02.139 Information Cumul2026-07-21 14:11:02.145 CumulusUtils Initial: Shutti2026-07-21 14:11:02.198  CUstrings[xx].ini : CUstringsEN.ini looked for.
2026-07-21 14:11:02.224  CumulusUtils version: 7.1.1 
2026-07-21 14:11:02.224  CuSupport constructor : Unit Wind (m/s, mph, km/h, kts): mph
2026-07-21 14:11:02.228  CuSupport constructor : Unit Pressure (mb,hPa,inHg): hPa
2026-07-21 14:11:02.229  CuSupport constructor : Unit Rain (mm,in): mm
2026-07-21 14:11:02.229  CuSupport constructor : Unit T (C,F): °C
2026-07-21 14:11:02.229  CuSupport constructor : Unit Distance (m, mi, km, kn): mi
2026-07-21 14:11:02.230  CuSupport constructor : Unit Height (m, ft): ft
2026-07-21 14:11:02.242 InetSupport: Constructor starting
2026-07-21 14:11:02.307 CumulusUtils : ----------------------------
2026-07-21 14:11:02.307 CumulusUtils : Entering Main
2026-07-21 14:11:02.315 HelpTexts: starting
2026-07-21 14:11:02.360 Information HelpTexts Contructor: stop
2026-07-21 14:11:02.414 CommandLineArgs : starting
2026-07-21 14:11:02.414  CommandLineArgs : handling arg: sysinfo
2026-07-21 14:11:02.414  CommandLineArgs : handling arg: UserAskedData
2026-07-21 14:11:02.414  CommandLineArgs : handling arg: UserReports
2026-07-21 14:11:02.415 Dayfile: Reading the dayfile.txt...
2026-07-21 14:11:02.505 Information CumulusUtils : Read dayfile.txt succesfully - 929 records
2026-07-21 14:11:02.534 Information SystemStatus : starting
2026-07-21 14:11:02.566 Information GetUrlData Start: URL - http://localhost:8998/api/tags/process.json?version&build&ProgramUpTime&NewBuildAvailable&NewBuildNumber&CpuCount&CPUTemp 
2026-07-21 14:11:02.990 CumulusMX Version: 4.5.2 build 4105
2026-07-21 14:11:02.998 Information  SystemStatus: Found device 12 GW1000/Ecowitt Local API
2026-07-21 14:11:02.999 Inform2026-07-21 14:11:03.002 Information  2026-07-21 14:11:03.004 Information  PostUrlData Start:2026-07-21 14:11:03.007 Information ReplaceWebtagsPostAsync start:
2026-07-21 14:11:03.009 Information  PostUrl2026-07-21 14:11:03.046 Information PostUrlData success response : OK - OK
2026-07-21 14:11:03.054 SystemStatus : DoingUni2026-07-21 14:11:03.059 Information PostUrlData success response : OK2026-02026-07-21 14:11:03.065 SystemStatus : DoingUnix
2026-07-21 14:2026-07-21 14:11:03.079 Information StartProcess cat: output=PRETTY_NAME="Debian GNU/Linux 12 (bookworm)"
2026-07-21 14:112026-07-21 14:11:03.084 Information StartProcess cat: output=PRETTY_NAME="Debian GNU/Linux 12 (bookworm)"
2026-07-21 14:11:03.084 Information StartProcess cat: output=NAME="Debian GNU/Linux"
2026-07-21 14:11:03.085 Information StartProcess cat: output=VERSION_ID="12"
2026-07-21 14:11:03.085 Information StartProcess cat: output=VERSION="12 (bookworm)"
2026-07-21 14:11:03.085 Information StartProcess cat: output=VERSION_CODENAME=bookworm
2026-07-21 14:11:03.085 Information StartProcess cat: output=ID=debian
2026-07-21 14:11:03.085 Information StartProcess cat: output=HOME_URL="https://www.debian.org/"
2026-07-21 14:11:03.085 Information StartProcess cat: output=SUPPORT_URL="https://www.debian.org/support"
2026-07-21 14:11:03.085 Information StartProcess cat: output=BUG_REPORT_URL="https://bugs.debian.org/"
2026-07-21 14:11:03.085 Information Found Linux NAME: PRETTY_NAME="Debian GNU/Linux 12 (bookworm)"
2026-07-21 14:11:03.089 Information Using Linux dialect: Debian
2026-07-21 14:11:03.089 Information StartP2026-07-21 14:11:2026-07-21 14:11:03.095 Information StartProcess uptime: output=up 3 weeks, 3 days, 18 hours, 37 minutes
2026-07-21 14:11:03.096 Information StartProcess lshw -quiet -class system
2026-07-21 14:11:03.099 Error System/Processor: Unknown (exception) - An error occurred trying to start process 'lshw' with working directory '/opt/CumulusMX'. No such file or directory
2026-07-22026-07-21 14:11:03.100 Information StartProcess uname: output=Linux 6.1.0-23-amd64 x86_64
2026-07-21 14:11:03.100 Informa2026-07-21 14:11:03.101 Informati2026-07-21 14:11:03.128 Information StartProcess lsb_release: output=Distributor ID:	Debian
2026-07-21 14:11:03.128 Inform2026-07-21 14:11:03.131 Information StartProcess lsb_release: output=Distributor ID:	Debian
2026-07-21 14:11:03.131 Information StartProcess lsb_release: output=Description:	Debian GNU/Linux 12 (bookworm)
2026-07-21 14:11:03.131 Information StartProcess lsb_release: output=Release:	12
2026-07-21 14:11:03.131 Information St2026-07-21 14:11:03.139 Information StartProcess dotnet: output=Microsoft.NETCore.App 8.0.8 [/usr/share/dotnet/shared/Microsoft.NETCore.App]
2026-07-21 14:11:03.139 Information StartProcess free -m
2026-07-21 14:11:03.143 Information StartProcess free: output=               total        used        free      shared  bu2026-07-21 14:11:03.146 Information StartProcess free: output=               total        used        free      shared  buff/cache   available
2026-07-21 14:11:03.146 Information StartProcess free: output=Mem:             960         375         416          32         347         584
2026-07-21 14:11:03.146 Information StartProcess free: ou2026-07-21 14:11:03.148 Information StartProcess df: output=Filesystem     Type  Size  Used Avail Use% Mounted on
2026-07-2026-07-21 14:11:03.157 Information StartProcess df: output=Filesystem     Type  Size  Used Avail Use% Mounted on
2026-07-21 14:11:03.157 Infor2026-07-21 14:11:03.166 Information MapsOn: Starting
2026-07-21 14:11:03.171 Information  MapsOn: Adding Station: Westland202026-07-21 14:11:03.190 Information MapsOn: Before testing DoneToday after parsing: 21/07/2026 10:31:03 
2026-07-21 14:11:2026-07-21 14:11:03.194 Information MapsOn: Before testing DoneToday after parsing: 21/07/2026 10:31:03 
2026-07-21 142026-07-21 14:11:03.205 Information DateIsToday: thisSpan: 03:40:00.1909020 | thisSpan.TotalDays = 0.15277998729166667
2022026-07-21 14:11:03.211 Information DateIsToday: thisSpan: 03:40:00.1950690 | thisSpan.TotalDays = 0.15278003552083333
2026-07-21 14:11:03.211 Information MapsOn: Must NOT send signature, has been done already : 2026-07-21T10:31:03
2026-07-21 14:11:03.211 Information Fetch Map: Fetc2026-07-21 14:11:04.125 Information Main: <!--
 This file is generated as part of CumulusUti
2026-07-21 14:11:04.127 Infor2026-07-21 14:11:04.155 Information Main: <!--
 This file is generated as part of CumulusUti
2026-07-21 14:11:04.158 Information UserAskedData Starting...
2026-07-21 14:11:04.158 I2026-07-21 14:11:04.170 Information CustomLogs Webtag2026-07-21 14:11:04.189 Information CustomLogs constructor: starting
2026-07-21 14:11:04.203 Information CustomLogs WebtagInfo constructor: number of defined Webtag Units: 400, everything OK. 
2026-07-21 14:11:04.212 Information Custom Logs constructor: stop
2026-07-21 14:11:04.232 DefineUsercharts: Parsing User charts definitions - starting
2026-07-21 14:11:04.233 Information Parsing User Charts Definitions : Chart Overview'
2026-07-21 14:11:04.253 Information Parsing User Charts Definitions : Chart Temperature'
2026-07-21 14:11:04.253 Information Parsing User Charts Definitions : Chart Wind'
2026-07-21 14:11:04.253 Information Parsing User Charts Definitions : Chart WindDirection'
2026-07-21 14:11:04.253 Information Parsing User Charts Definitions : Chart Rain'
2026-07-21 14:11:04.253 Information Parsing User Charts Definitions : Chart Humidity'
2026-07-21 14:11:04.253 Information Parsing User Charts Definitions : Chart Solar'
2026-07-21 14:11:04.253 Information Parsing User Charts Definitions : Chart DailyTemp'
2026-07-21 14:11:04.254 Information Parsing User Charts Definitions : Chart DailyPressure'
2026-07-21 14:11:04.257 Information Parsing User Charts: Evaluating Expression '(MinBarometer+MaxBarometer)/2'.
2026-07-21 14:11:04.278 Generating Compiler UserAskedData: Starting
2026-07-21 14:11:04.280 Information GenerateUserAskedData: timeStart = 21/07/2026 14:02:00; timeEnd = 21/07/2026 14:11:00
2026-07-21 14:11:04.282 Monthfile constructor: Using fixed path: | data/ |; file: | *log.txt
2026-07-21 14:11:02026-07-21 14:11:04.567 Information ReadMonthlyLogs: End
2026-07-21 14:11:04.582 Information Generate UserAskedData: DoneT2026-07-21 14:11:04.606 Information ReadMonthlyLogs: End
2026-07-21 14:11:04.613 Information Generate UserAskedData: DoneToday = 20/07/2026 19:01:04.
2026-07-21 14:11:04.613 Information DateIsToday for thisDate: 20/07/2026 19:01:04 | thisDate.DayOfYear: 201 versus Now.DayOfYear: 202)
2026-07-21 14:11:04.613 Information DateIsToday: thisSpan: 19:10:00.6137842 | thisSpan.TotalDays = 0.7986182150949074
2026-07-21 14:11:04.613 Information Generate UserAskedData: Must NOT generate the ALL Range.
2026-07-21 14:11:04.613 Information Generate UserAskedData - Loop over Chart: Overview)
2026-07-21 14:11:04.614 Information Generate UserAskedData - Testing temp into tempdata.json (Range is Recent)
2026-07-21 14:11:04.614 Information Generate UserAskedData - Testing dew into tempdata.json (Range is Recent)
2026-07-21 14:11:04.615 Information Generate UserAskedData - Testing press into pressdata.json (Range is Recent)
2026-07-21 14:11:04.615 Information Generate UserAskedData - Testing hum into humdata.json (Range is Recent)
2026-07-21 14:11:04.615 Information Generate UserAskedData - Testing SolarRad into solardata.json (Range is Recent)
2026-07-21 14:11:04.615 Information Generate UserAskedData - Testing rfall into raindata.json (Range is Recent)
2026-07-21 14:11:04.615 Information Generate UserAskedData - Loop over Chart: Temperature)
2026-07-21 14:11:04.615 Information Generate UserAskedData - Testing intemp into tempdata.json (Range is Recent)
2026-07-21 14:11:04.615 Information Generate UserAskedData - Testing temp into tempdata.json (Range is Recent)
2026-07-21 14:11:04.615 Information Generate UserAskedData - Testing feelslike into tempdata.json (Range is Recent)
2026-07-21 14:11:04.615 Information Generate UserAskedData - Testing dew into tempdata.json (Range is Recent)
2026-07-21 14:11:04.615 Information Generate UserAskedData - Loop over Chart: Wind)
2026-07-21 14:11:04.615 Information Generate UserAskedData - Testing wgust into winddata.json (Range is Recent)
2026-07-21 14:11:04.615 Information Generate UserAskedData - Testing wspeed into winddata.json (Range is Recent)
2026-07-21 14:11:04.615 Information Generate UserAskedData - Loop over Chart: WindDirection)
2026-07-21 14:11:04.615 Information Generate UserAskedData - Testing bearing into wdirdata.json (Range is Recent)
2026-07-21 14:11:04.615 Information Generate UserAskedData - Testing avgbearing into wdirdata.json (Range is Recent)
2026-07-21 14:11:04.615 Information Generate UserAskedData - Loop over Chart: Rain)
2026-07-21 14:11:04.615 Information Generate UserAskedData - Testing rfall into raindata.json (Range is Recent)
2026-07-21 14:11:04.615 Information Generate UserAskedData - Testing rrate into raindata.json (Range is Recent)
2026-07-21 14:11:04.615 Information Generate UserAskedData - Loop over Chart: Humidity)
2026-07-21 14:11:04.615 Information Generate UserAskedData - Testing hum into humdata.json (Range is Recent)
2026-07-21 14:11:04.615 Information Generate UserAskedData - Testing inhum into humdata.json (Range is Recent)
2026-07-21 14:11:04.615 Information Generate UserAskedData - Loop over Chart: Solar)
2026-07-21 14:11:04.615 Information Generate UserAskedData - Testing UV into solardata.json (Range is Recent)
2026-07-21 14:11:04.615 Information Generate UserAskedData - Testing SolarRad into solardata.json (Range is Recent)
2026-07-21 14:11:04.615 Information Generate UserAskedData - Testing CurrentSolarMax into solardata.json (Range is Recent)
2026-07-21 14:11:04.615 Information Generate UserAskedData - Loop over Chart: DailyTemp)
2026-07-21 14:11:04.615 Information Generate UserAskedData - Testing avgTemp into alldailytempdata.json (Range is Daily)
2026-07-21 14:11:04.615 Information Generate UserAskedData - Testing avgTemp into alldailytempdata.json (Range is Daily)
2026-07-21 14:11:04.615 Information Generate UserAskedData - Loop over Chart: DailyPressure)
2026-07-21 14:11:04.615 Information Generate UserAskedData - Testing minBaro into alldailypressdata.json (Range is Daily)
2026-07-21 14:11:04.615 Information Generate UserAskedData - Testing  into  (Range is Daily)
2026-07-21 14:11:04.615 Information DoAirLink / AirQualitySensor  = False / False
2026-07-21 14:11:04.615 Informat2026-07-21 14:11:04.734 Information PHP upload does not support compression
2026-07-21 14:11:04.734 Information UploadFile2026-07-21 14:11:04.746 Information PHP upload does not support compression
2026-07-21 14:11:04.746 Information UploadFile: Starting utils/maps.txt => maps.txt
2026-07-21 14:11:04.746 Information Upload File values: localfile: utils/maps.txt
2026-07-21 14:11:04.746 Information Upload File values: remotefile: maps.txt
2026-07-21 14:11:04.752 Information PHP Upload: starting u2026-07-21 14:11:04.815 Information InetPhp: maps.txt: Response code = 200: OK
2026-07-21 14:11:04.815 Information InetPhp2026-07-21 14:11:04.823 Information InetPhp: maps.txt: Response code = 200: OK
2026-07-21 14:11:04.824 Information InetPhp: maps.txt: Response text follows:
Opening text file maps.txt for replacement
Writing text file maps.txt
Write complete
2026-07-21 14:11:04.824 Information PHP UploadFile: Success
2026-07-21 14:11:04.824 Information UploadFile: Starting utils/systeminfoTable.txt => systeminfoTable.txt
2026-07-21 14:11:04.824 Information Upload File values: localfile: utils/systeminfoTable.txt
2026-07-21 14:11:04.824 Information Upload File values: remotefile: systeminfoTable.txt
2026-07-21 14:11:04.824 Information PHP Upload: starting utils/systeminfoTable.t2026-07-21 14:11:04.846 Information InetPhp: systeminfoTable.txt: Response code = 200: OK
2026-07-21 14:11:04.846 Informat2026-07-21 14:11:04.855 Information InetPhp: systeminfoTable.txt: Response code = 200: OK
2026-07-21 14:11:04.855 Information InetPhp: systeminfoTable.txt: Response text follows:
Opening text file systeminfoTable.txt for replacement
Writing text file systeminfoTable.txt
Write complete
2026-07-21 14:11:04.855 Information PHP UploadFile: Success
2026-07-21 14:11:04.856 All done, Entering the finally section...; Closing down.
2026-07-21 14:11:04.856 Disposing Isup...
2026-07-21 14:11:04.856 Disposing Sup...
