2026-07-22 02:21:01.597 Information According to Inifile Info => Error: True, Warning: True, Info: True, Verbose: False, 
2026-07-22 02:21:01.623 CumulusUtils Initial: Shutting down the default listener
2026-07-22 02:21:01.624 Information Cumul2026-07-22 02:21:01.624 CumulusUtils Initial: Shutti2026-07-22 02:21:01.677  CUstrings[xx].ini : CUstringsEN.ini looked for.
2026-07-22 02:21:01.698  CumulusUtils version: 7.1.1 
2026-07-22 02:21:01.698  CuSupport constructor : Unit Wind (m/s, mph2026-07-22 02:21:01.703  CumulusUtils version: 7.1.1 
2026-07-22 02:21:01.703  CuSupport constructor : Unit Wind (m/s, mph, km/h, kts): mph
2026-07-22 02:21:01.703  CuSupport constructor : Unit Pressure (mb,hPa,inHg): hPa
2026-07-22 02:21:01.703  CuSupport constructor : Unit Rain (mm,in): mm
2026-07-22 02:21:01.704  CuSupport constructor : Unit T (C,F): °C
2026-07-22 02:21:01.706  CuSupport2026-07-22 02:21:01.719 InetSupport: Constructor starting
2026-07-22 02:21:01.789 CumulusUtils : ----------------------------
2026-07-22 02:21:01.789 CumulusUtils : Entering Main
2026-07-22 02:21:01.799 HelpTexts: starting
2026-07-22 02:21:01.841 Information HelpTexts Contructor: stop
2026-07-22 02:21:01.894 CommandLineArgs : starting
2026-07-22 02:21:01.894  CommandLineArgs : handling arg: sysinfo
2026-02026-07-22 02:21:01.896 CommandLineArgs : starting
2026-07-22 02:21:01.896  CommandLineArgs : handling arg: sysinfo
2026-07-22 02:21:01.896  CommandLineArgs : handling arg: UserAskedData
2026-072026-07-22 02:21:01.984 Information CumulusUtils : Read dayfile.txt succesfully - 930 records
2026-07-22 02:21:02.009 Information SystemStatus : starting
2026-07-22 02:21:02.043 Information GetUrlData Start: URL - http://localhost:8998/api/tags/process.json?version&build&Prog2026-07-22 02:21:02.046 Information GetUrlData Start: URL - h2026-07-22 02:21:02.463 CumulusMX Version: 4.5.2 build 4105
2026-07-22 02:21:02.466 Information  SystemStatus: Found device 12 GW1000/Ecowitt Local API
2026-07-22 02:21:02.467 Inform2026-07-22 02:21:02.469 Information  2026-07-22 02:21:02.474 Information  PostUrlData Start: http://localhost:8998/api/tags/process.txt 
2026-07-22 02:21:02.474 Information PostUrlData Calling PostAsync
2026-07-22 02:21:02.522 Information PostUrlData success response : OK - OK
2026-07-22 02:21:02.528 SystemStatus : DoingUnix
2026-07-22 02:21:02.529 Information SystemStatus : DoingUnix Start
2026-07-22 02:21:02.532 Information StartProcess cat /etc/os-release
2026-07-22 02:21:02.552 Information StartProcess cat: output=PRETTY_NAME="Debian GNU/Linux 12 (bookworm)"
2026-07-22 02:21:02.552 Information StartProcess cat: output=NAME="Debian GNU/Linux"
2026-07-22 02:21:02.552 Information StartProcess cat: output=VERSION_ID="12"
2026-07-22 02:21:02.552 Information StartProcess cat: output=VERSION="12 (bookworm)"
2026-07-22 02:21:02.552 Information StartProcess cat: output=VERSION_CODENAME=bookworm
2026-07-22 02:21:02.552 Information StartProcess cat: output=ID=debian
2026-07-22 02:21:02.552 Information StartProcess cat: output=HOME_URL="https://www.debian.org/"
2026-07-22 02:21:02.552 Information StartProcess cat: output=SUPPORT_URL="https://www.debian.org/support"
2026-07-22 02:21:02.552 Information StartProcess cat: output=BUG_REPORT_URL="https://bugs.debian.org/"
2026-07-22 02:21:02.553 Information Found Linux NAME: PRETTY_NAME="Debian GNU/Linux 12 (bookworm)"
2026-07-22 02:21:02.554 Information Using Linux dialect: Debian
2026-07-22 02:21:02.554 Information StartProcess uptime -p
2026-07-22 02:21:02.559 Information StartProcess uptime: output=up 3 weeks, 4 days, 6 hours, 47 minutes
2026-07-22 02:21:02.560 Information StartProcess lshw -quiet -class system
2026-07-22 02:21:02.562 Error System/Processor: Unknown (exception) - An error occurred trying to start process 'lshw' with working directory '/opt/CumulusMX'. No such file or directory
2026-07-22 02:21:02.562 Please install lshw (apt-get install lshw)
2026-07-22 02:21:02.562 Information StartProcess uname -s -r -m
2026-07-22 02:21:02.564 Information StartProcess uname: output=Linux 6.1.0-23-amd64 x86_64
2026-07-22 02:21:02.565 Information StartProcess lsb_release -a
2026-07-22 02:21:02.598 Information StartProcess lsb_release: output=Distributor ID:	Debian
2026-07-22 02:21:02.598 Information StartProcess lsb_release: output=Description:	Debian GNU/Linux 12 (bookworm)
2026-07-22 02:21:02.598 Information StartProcess lsb_release: output=Release:	12
2026-07-22 02:21:02.598 Information StartProcess lsb_release: output=Codename:	bookworm
2026-07-22 02:21:02.599 Information StartProcess dotnet --list-runtimes
2026-07-22 02:21:02.603 Information StartProcess dotnet: output=Microsoft.NETCore.App 8.0.8 [/usr/share/dotnet/shared/Microsoft.NETCore.App]
2026-07-22 02:21:02.604 Information StartProcess free -m
2026-07-22 02:21:02.610 Information StartProcess free: output=               total        used        free      shared  buff/cache   available
2026-07-22 02:21:02.610 Information StartProcess free: output=Mem:             960         363         537          31         231         597
2026-07-22 02:21:02.610 Information StartProcess free: output=Swap:            974          76         898
2026-07-22 02:21:02.610 Information StartProcess df -T -text4 -tvfat -h
2026-07-22 02:21:02.618 Information StartProcess df: output=Filesystem     Type  Size  Used Avail Use% Mounted on
2026-07-22 02:21:02.618 Information StartProcess df: output=/dev/sda1      ext4   31G  7.6G   22G  27% /
2026-07-22 02:21:02.624 USerReports: Starting
2026-07-22 02:21:02.635 Information MapsOn: Starting
2026-07-22 02:21:02.642 Information  MapsOn: Adding Station: Westlands
2026-07-22 02:21:02.658 Information MapsOn: Before testing DoneToday after parsing: 21/07/2026 10:31:03 
2026-07-22 02:21:02.658 Information DateIsToday for thisDate: 21/07/2026 10:31:03 | thisDate.DayOfYear: 202 versus Now.DayOfYear: 203)
2026-07-22 02:21:02.672 Information DateIsToday: thisSpan: 15:49:59.6587019 | thisSpan.TotalDays = 0.6597182720127315
2026-07-22 02:21:02.673 Information MapsOn: Must NOT send signature, has been done already : 2026-07-21T10:31:03
2026-07-22 02:21:02.673 Information Fetch Map: Fetching the generated map
2026-07-22 02:21:02.673 Information GetUrlData Start: URL - https://meteo-wagenborgen.nl/maps.txt 
2026-07-22 02:21:03.608 Information Main: <!--
 This file is generated as part of CumulusUti
2026-07-22 02:21:03.610 Infor2026-07-22 02:21:03.619 Information Main: <!--
 This file is generated as part of CumulusUti
2026-07-22 02:21:02026-07-22 02:21:03.639 Information CustomLogs constructor: starting
2026-07-22 02:21:03.655 Information CustomLogs WebtagInfo constructor: number of defined Webtag Units: 400, everything OK.2026-07-22 02:21:03.663 Information CustomLogs WebtagInfo constructo2026-07-22 02:21:03.685 DefineUsercharts: Parsing User charts definitions - starting
2026-07-22 02:21:03.686 Information P2026-07-22 02:21:03.697 DefineUsercharts: Parsing2026-07-22 02:21:03.706 Information Parsing User Charts Definitions : Chart Temperature'
2026-07-22 02:21:03.706 Informati2026-07-22 02:21:03.709 Information Parsing User Charts Definitions : Chart Temperature'
2026-07-22 02:21:03.709 Information Parsing User Charts Definitions : Chart Wind'
2026-07-22 02:21:03.709 Information Parsing User Charts Definitions : Chart WindDirection'
2026-07-22 02:21:03.709 Information Parsing User Charts Definitions : Chart Rain'
2026-07-22 02:21:03.709 Information Parsing User Charts Definitions : Chart Humidity'
2026-07-22 02:21:03.709 Information Parsing User Charts Definitions : Chart Solar'
2026-07-22 02:21:03.709 Information Parsing User Charts 2026-07-22 02:21:03.712 Information Parsing User Charts: Evaluating Expression '(MinBarometer+MaxBarometer)/2'.
2026-07-22 02:21:03.727 Generating Compiler UserAskedData: Starting
2026-07-22 02:21:03.733 Information GenerateUserAskedD2026-07-22 02:21:03.738 Generating Compiler UserAskedData: Starting
2026-07-22 02:21:03.740 Information GenerateUserAskedData: timeStart = 22/07/2026 02:12:00; timeEnd = 22/07/2026 02:21:00
2026-07-22 02:21:03.744 Month2026-07-22 02:21:03.753 Information ReadPartialMonthlyLogs: reading 202607log.txt
2026-07-22 02:21:04.080 Information ReadMonthlyLogs: End
2026-07-22 02:21:04.093 Information Generate UserAskedData: DoneToday = 21/07/2026 19:11:04.
2026-07-22 02:21:04.093 Infor2026-07-22 02:21:04.099 Information Generate UserAskedData: DoneToday = 21/07/2026 19:11:04.
2026-07-22 02:21:04.099 Information DateIsToday for thisDate: 21/07/2026 19:11:04 | thisDate.DayOfYear: 202 versus Now.DayOfYear: 203)
2026-07-22 02:21:04.099 Information DateIsToday: thisSpan: 07:10:00.0998425 | thisSpan.TotalDays = 0.29861226669560187
2026-07-22 02:21:04.100 Information Generate UserAskedData: Must NOT generate the ALL Range.
2026-07-22 02:21:04.100 Information Generate UserAskedData - Loop over Chart: Overview)
2026-07-22 02:21:04.101 Information Generate UserAskedData - Testing temp into tempdata.json (Range is Recent)
2026-07-22 02:21:04.101 Information Generate UserAskedData - Testing dew into tempdata.json (Range is Recent)
2026-07-22 02:21:04.101 Information Generate UserAskedData - Testing press into pressdata.json (Range is Recent)
2026-07-22 02:21:04.101 Information Generate UserAskedData - Testing hum into humdata.json (Range is Recent)
2026-07-22 02:21:04.101 Information Generate UserAskedData - Testing SolarRad into solardata.json (Range is Recent)
2026-07-22 02:21:04.101 Information Generate UserAskedData - Testing rfall into raindata.json (Range is Recent)
2026-07-22 02:21:04.101 Information Generate UserAskedData - Loop over Chart: Temperature)
2026-07-22 02:21:04.101 Information Generate UserAskedData - Testing intemp into tempdata.json (Range is Recent)
2026-07-22 02:21:04.101 Information Generate UserAskedData - Testing temp into tempdata.json (Range is Recent)
2026-07-22 02:21:04.101 Information Generate UserAskedData - Testing feelslike into tempdata.json (Range is Recent)
2026-07-22 02:21:04.101 Information Generate UserAskedData - Testing dew into tempdata.json (Range is Recent)
2026-07-22 02:21:04.101 Information Generate UserAskedData - Loop over Chart: Wind)
2026-07-22 02:21:04.101 Information Generate UserAskedData - Testing wgust into winddata.json (Range is Recent)
2026-07-22 02:21:04.101 Information Generate UserAskedData - Testing wspeed into winddata.json (Range is Recent)
2026-07-22 02:21:04.102 Information Generate UserAskedData - Loop over Chart: WindDirection)
2026-07-22 02:21:04.102 Information Generate UserAskedData - Testing bearing into wdirdata.json (Range is Recent)
2026-07-22 02:21:04.102 Information Generate UserAskedData - Testing avgbearing into wdirdata.json (Range is Recent)
2026-07-22 02:21:04.102 Information Generate UserAskedData - Loop over Chart: Rain)
2026-07-22 02:21:04.102 Information Generate UserAskedData - Testing rfall into raindata.json (Range is Recent)
2026-07-22 02:21:04.102 Information Generate UserAskedData - Testing rrate into raindata.json (Range is Recent)
2026-07-22 02:21:04.102 Information Generate UserAskedData - Loop over Chart: Humidity)
2026-07-22 02:21:04.102 Information Generate UserAskedData - Testing hum into humdata.json (Range is Recent)
2026-07-22 02:21:04.102 Information Generate UserAskedData - Testing inhum into humdata.json (Range is Recent)
2026-07-22 02:21:04.102 Information Generate UserAskedData - Loop over Chart: Solar)
2026-07-22 02:21:04.102 Information Generate UserAskedData - Testing UV into solardata.json (Range is Recent)
2026-07-22 02:21:04.102 Information Generate UserAskedData - Testing SolarRad into solardata.json (Range is Recent)
2026-07-22 02:21:04.102 Information Generate UserAskedData - Testing CurrentSolarMax into solardata.json (Range is Recent)
2026-07-22 02:21:04.102 Information Generate UserAskedData - Loop over Chart: DailyTemp)
2026-07-22 02:21:04.102 Information Generate UserAskedData - Testing avgTemp into alldailytempdata.json (Range is Daily)
2026-07-22 02:21:04.102 Information Generate UserAskedData - Testing avgTemp into alldailytempdata.json (Range is Daily)
2026-07-22 02:21:04.102 Information Generate UserAskedData - Loop over Chart: DailyPressure)
2026-07-22 02:21:04.102 Information Generate UserAskedData - Testing minBaro into alldailypressdata.json (Range is Daily)
2026-07-22 02:21:04.102 Information Generate UserAskedData - Testing  into  (Range is Daily)
2026-07-22 02:21:2026-07-22 02:21:04.112 Testing PHP upload compression on https://jpickles.com/cutils/upload.php
2026-07-22 02:21:04.300 Information PHP upload does not support compression
2026-07-22 02:21:04.300 Information UploadFile: Starting utils/maps.txt => maps.txt
2026-07-22 02:21:04.300 Information Upload File values: localfile: utils/maps.txt
2026-07-22 02:21:04.300 Information Upload File values: remotefile: maps.txt
2026-07-22 02:21:04.305 Information PHP Upload: starting utils/maps.txt
2026-07-22 02:21:04.305 Information Incremental = False; filename = maps.txt; ext = .txt; HoursInGraph = 72
2026-07-22 02:21:04.380 Information InetPhp: maps.txt: Response code = 200: OK
2026-07-22 02:21:04.380 Information InetPhp: maps.txt: Response text follows:
Opening text file maps.txt for replacement
Writing text file maps.txt
Write complete
2026-07-22 02:21:04.380 Information PHP UploadFile: Success
2026-07-22 02:21:04.380 Information UploadFile: Starting utils/systeminfoTable.txt => systeminfoTable.txt
2026-07-22 02:21:04.381 Information Upload File values: localfile: utils/systeminfoTable.txt
2026-07-22 02:21:04.381 Information Upload File values: remotefile: systeminfoTable.txt
2026-07-22 02:21:04.381 Information PHP Upload: starting utils/systeminfoTable.txt
2026-07-22 02:21:04.381 Information Incremental = False; filename = systeminfoTable.txt; ext = .txt; HoursInGraph = 72
2026-07-22 02:21:04.417 Information InetPhp: systeminfoTable.txt: Response code = 200: OK
2026-07-22 02:21:04.417 Information InetPhp: systeminfoTable.txt: Response text follows:
Opening text file systeminfoTable.txt for replacement
Writing text file systeminfoTable.txt
Write complete
2026-07-22 02:21:04.417 Information PHP UploadFile: Success
2026-07-22 02:21:04.417 All done, Entering the finally section...; Closing down.
2026-07-22 02:21:04.417 Disposing Isup...
2026-07-22 02:21:04.418 Disposing Sup...
 the finally section...; Closing down.
2026-07-22 02:21:04.372 Disposing Isup...
2026-07-22 02:21:04.373 Disposing Sup...
