2026-07-21 15:11:01.786 Information According to Inifile Info => Error: True, Warning: True, Info: True, Verbose: False, 
2026-07-21 15:11:01.811 CumulusUtils Initial: Shutting down the default listener
2026-07-21 15:11:01.811 Information Cumul2026-07-21 15:11:01.816 CumulusUtils Initial: Shutti2026-07-21 15:11:01.867  CUstrings[xx].ini : CUstringsEN.ini looked for.
2026-07-21 15:11:01.893  CumulusUtils version: 7.1.1 
2026-07-21 15:11:01.893  CuSupport constructor : Unit Wind (m/s, mph, km/h, kts): mph
2026-07-21 15:11:01.893  CuSupport constructor : Unit Pressure (mb,hPa,inHg): hPa
2026-07-21 15:11:01.894  CuSupport constructor : Unit Rain (mm,in): mm
2026-07-21 15:11:01.895  CuSupport constructor : Unit T (C,F): °C
2026-07-21 15:11:01.895  CuSupport constructor : Unit Distance (m, mi, km, kn): mi
2026-07-21 15:11:01.895  CuSupport constructor : Unit Height (m, ft): ft
2026-07-21 15:11:01.906 InetSupport: Constructor starting
2026-07-21 15:11:01.971 CumulusUtils : ----------------------------
2026-07-21 15:11:01.971 CumulusUtils : Entering Main
2026-07-21 15:11:01.979 HelpTexts: starting
2026-07-21 15:11:02.023 Information HelpTexts Contructor: stop
2026-07-21 15:11:02.074 CommandLineArgs : starting
2026-07-21 15:11:02.074  CommandLineArgs : handling arg: sysinfo
2026-02026-07-21 15:11:02.079 CommandLineArgs : starting
2026-07-21 15:11:02.079  CommandLineArgs : handling arg: sysinfo
2026-07-21 15:11:02.079  CommandLineArgs : handling arg: UserAskedData
2026-072026-07-21 15:11:02.179 Information CumulusUtils : Read dayfile.txt succesfully - 929 records
2026-07-21 15:11:02.207 Information SystemStatus : starting
2026-07-21 15:11:02.240 Information GetUrlData Start: URL - http://localhost:8998/api/tags/process.json?version&build&ProgramUpTime&NewBuildAvailable&NewBuildNumber&CpuCount&CPUTemp 
2026-07-21 15:11:02.655 CumulusMX Version: 4.5.2 build 4105
2026-07-21 15:11:02.663 Information  SystemStatus: Found device 12 GW1000/Ecowitt Local API
2026-07-21 15:11:02.665 Information ReplaceWebtagsPostAsync start:
2026-07-21 15:11:02.667 Information  PostUrlData Start:2026-07-21 15:11:02.668 Information ReplaceWebtagsPostAsync start:
2026-07-21 15:11:02.670 Information  PostUrl2026-07-21 15:11:02.717 Information PostUrlData success response : OK - OK
2026-07-21 15:11:02.720 SystemStatus : DoingUnix
2026-07-21 15:11:02.722 Information SystemStatus : DoingUnix Start
2026-07-21 15:11:02.729 Information StartProcess cat /etc/os-release
2026-07-21 15:11:02.743 Information StartProcess cat: output=PRETTY_NAME="Debian GNU/Linux 12 (bookworm)"
2026-07-21 15:112026-07-21 15:11:02.749 Information StartProcess cat: output=PRETTY_NAME="Debian GNU/Linux 12 (bookworm)"
2026-07-21 15:11:02.749 Information StartProcess cat: output=NAME="Debian GNU/Linux"
2026-07-21 15:11:02.749 Information StartProcess cat: output=VERSION_ID="12"
2026-07-21 15:11:02.749 Information StartProcess cat: output=VERSION="12 (bookworm)"
2026-07-21 15:11:02.749 Information StartProcess cat: output=VERSION_CODENAME=bookworm
2026-07-21 15:11:02.749 Information StartProcess cat: output=ID=debian
2026-07-21 15:11:02.749 Information StartProcess cat: output=HOME_URL="https://www.debian.org/"
2026-07-21 15:11:02.749 Information StartProcess cat: output=SUPPORT_URL="https://www.debian.org/support"
2026-07-21 15:11:02.749 Information StartProcess cat: output=BUG_REPORT_URL="https://bugs.debian.org/"
2026-07-21 15:11:02.750 Information Found Linux NAME: PRETTY_NAME="Debian GNU/Linux 12 (bookworm)"
22026-07-21 15:11:02.754 Information StartProcess uptime: output=up 3 weeks, 3 days, 19 hours, 37 minutes
2026-07-21 15:11:2026-07-21 15:11:02.761 Information StartProcess uptime: output=up 3 weeks, 3 days, 19 hours, 37 minutes
2026-07-21 15:11:02.763 Information StartProcess lshw -quiet -class system
2026-07-21 15:11:02.766 Error System/Processor: Unknown (exception) - An error occurred trying to start process 'lshw' with working directory '/opt/CumulusMX'. No such file or directory
2026-07-21 15:11:02.766 Please install lshw (apt-get install lshw)
2026-07-21 15:11:02.766 Informati2026-07-21 15:11:02.766 Informa2026-07-21 15:11:02.768 Informati2026-07-21 15:11:02.797 Information StartProcess lsb_release: output=Distributor ID:	Debian
2026-07-21 15:11:02.797 Inform2026-07-21 15:11:02.803 Information StartProcess lsb_release: output=Distributor ID:	Debian
2026-07-21 15:11:02.803 Information StartProcess lsb_release: output=Description:	Debian GNU/Linux 12 (bookworm)
2026-07-21 15:11:02.803 Information StartProcess lsb_release: output=Release:	12
2026-07-21 15:11:02.803 Information StartProcess lsb_release: output=Codename:	bookworm
2026-07-21 15:11:02.804 Information StartProcess dotnet --list-runtimes
2026-07-21 15:11:02.809 Information StartProcess dotnet: output=Microsoft.NE2026-07-21 15:11:02.811 Information StartProcess free: output=   2026-07-21 15:11:02.812 Information StartProcess free -m
2026-07-21 15:11:02.816 Information StartProcess free: output=               total        used        free      shared  buff/cache   available
2026-07-21 15:11:02.816 Information StartProcess free: output=Mem:             960         369         419          32         350         590
2026-07-21 15:11:02.816 Information StartProcess free: ou2026-07-21 15:11:02.818 Information StartProcess d2026-07-21 15:11:02.818 Information StartProcess df -T -text4 -tvfat -h
2026-07-21 15:11:02.826 Information StartProcess df: output=Filesystem     Type  Size  Used Avail Use% Mounted on
2026-07-21 15:11:02.826 Infor2026-07-21 15:11:02.836 Information MapsOn: Starting
2026-07-21 15:11:02.849 Information  MapsOn: Adding Station: Westlands
2026-07-21 15:11:02.862 Information MapsOn: Before testing DoneToday after parsing: 21/07/2026 10:31:03 
2026-07-21 15:11:2026-07-21 15:11:02.866 Information MapsOn: Before testing DoneToday after parsing: 21/07/2026 10:31:03 
2026-07-21 152026-07-21 15:11:02.879 Information DateIsToday: thisSpan: 04:39:59.8626474 | thisSpan.TotalDays = 0.19444285471527778
2026-07-21 15:11:02.879 Information MapsOn: Must NOT send signature, has been done already : 2026-07-21T10:31:03
2026-07-21 15:11:02.879 Information Fetch Map: Fetching the generated map
2026-07-21 15:11:02.879 Information GetUrlData Start: URL - https://meteo-wagenborgen.nl/maps.txt 
2026-07-21 15:11:03.856 Information Main: <!--
 This file is generated as part of CumulusUti
2026-07-21 15:11:03.862 Information UserAskedData Starting...
2026-07-21 15:11:03.863 Information UserAskedData Doing the compiler stuff...
2026-07-21 15:11:03.889 Information CustomLogs constructor: starting
2026-07-21 15:11:03.908 Information CustomLogs WebtagInfo constructor: number of defined Webtag Units: 400, everything OK. 
2026-07-21 15:11:03.917 Information Custom Logs constructor: stop
2026-07-21 15:11:03.938 DefineUsercharts: Parsing User charts definitions - starting
2026-07-21 15:11:03.938 Information Parsing User Charts Definitions : Chart Overview'
2026-07-21 15:11:03.956 Information Parsing User Charts Definitions : Chart Temperature'
2026-07-21 15:11:03.956 Information Parsing User Charts Definitions : Chart Wind'
2026-07-21 15:11:03.956 Information Parsing User Charts Definitions : Chart WindDirection'
2026-07-21 15:11:03.956 Information Parsing User Charts Definitions : Chart Rain'
2026-07-21 15:11:03.956 Information Parsing User Charts Definitions : Chart Humidity'
2026-07-21 15:11:03.956 Information Parsing User Charts Definitions : Chart Solar'
2026-07-21 15:11:03.956 Information Parsing User Charts Definitions : Chart DailyTemp'
2026-07-21 15:11:03.956 Information Parsing User Charts Definitions : Chart DailyPressure'
2026-07-21 15:11:03.959 Information Parsing User Charts: Evaluating Expression '(MinBarometer+MaxBarometer)/2'.
2026-07-21 15:11:03.982 Generating Compiler UserAskedData: Starting
2026-07-21 15:11:03.983 Information GenerateUserAskedData: timeStart = 21/07/2026 15:02:00; timeEnd = 21/07/2026 15:11:00
2026-07-21 15:11:03.984 Monthfile constructor: Using fixed path: | data/ |; file: | *log.txt
2026-07-21 15:11:03.992 ReadPartialMonthlyLogs: Starting.
2026-07-21 15:11:04.000 Information ReadPartialMonthlyLogs: reading 202607log.txt
2026-07-21 15:11:04.328 Information ReadMonthlyLogs: End
2026-07-21 15:11:04.343 Information Generate UserAskedData: DoneToday = 20/07/2026 19:01:04.
2026-07-21 15:11:04.343 Information DateIsToday for thisDate: 20/07/2026 19:01:04 | thisDate.DayOfYear: 201 versus Now.DayOfYear: 202)
2026-07-21 15:11:04.343 Information DateIsToday: thisSpan: 20:10:00.3435036 | thisSpan.TotalDays = 0.8402817535138889
2026-07-21 15:11:04.343 Information Generate UserAskedData: Must NOT generate the ALL Range.
2026-07-21 15:11:04.343 Information Generate UserAskedData - Loop over Chart: Overview)
2026-07-21 15:11:04.345 Information Generate UserAskedData - Testing temp into tempdata.json (Range is Recent)
2026-07-21 15:11:04.345 Information Generate UserAskedData - Testing dew into tempdata.json (Range is Recent)
2026-07-21 15:11:04.345 Information Generate UserAskedData - Testing press into pressdata.json (Range is Recent)
2026-07-21 15:11:04.345 Information Generate UserAskedData - Testing hum into humdata.json (Range is Recent)
2026-07-21 15:11:04.345 Information Generate UserAskedData - Testing SolarRad into solardata.json (Range is Recent)
2026-07-21 15:11:04.345 Information Generate UserAskedData - Testing rfall into raindata.json (Range is Recent)
2026-07-21 15:11:04.345 Information Generate UserAskedData - Loop over Chart: Temperature)
2026-07-21 15:11:04.345 Information Generate UserAskedData - Testing intemp into tempdata.json (Range is Recent)
2026-07-21 15:11:04.345 Information Generate UserAskedData - Testing temp into tempdata.json (Range is Recent)
2026-07-21 15:11:04.345 Information Generate UserAskedData - Testing feelslike into tempdata.json (Range is Recent)
2026-07-21 15:11:04.345 Information Generate UserAskedData - Testing dew into tempdata.json (Range is Recent)
2026-07-21 15:11:04.345 Information Generate UserAskedData - Loop over Chart: Wind)
2026-07-21 15:11:04.345 Information Generate UserAskedData - Testing wgust into winddata.json (Range is Recent)
2026-07-21 15:11:04.345 Information Generate UserAskedData - Testing wspeed into winddata.json (Range is Recent)
2026-07-21 15:11:04.345 Information Generate UserAskedData - Loop over Chart: WindDirection)
2026-07-21 15:11:04.345 Information Generate UserAskedData - Testing bearing into wdirdata.json (Range is Recent)
2026-07-21 15:11:04.345 Information Generate UserAskedData - Testing avgbearing into wdirdata.json (Range is Recent)
2026-07-21 15:11:04.345 Information Generate UserAskedData - Loop over Chart: Rain)
2026-07-21 15:11:04.345 Information Generate UserAskedData - Testing rfall into raindata.json (Range is Recent)
2026-07-21 15:11:04.345 Information Generate UserAskedData - Testing rrate into raindata.json (Range is Recent)
2026-07-21 15:11:04.345 Information Generate UserAskedData - Loop over Chart: Humidity)
2026-07-21 15:11:04.345 Information Generate UserAskedData - Testing hum into humdata.json (Range is Recent)
2026-07-21 15:11:04.345 Information Generate UserAskedData - Testing inhum into humdata.json (Range is Recent)
2026-07-21 15:11:04.345 Information Generate UserAskedData - Loop over Chart: Solar)
2026-07-21 15:11:04.345 Information Generate UserAskedData - Testing UV into solardata.json (Range is Recent)
2026-07-21 15:11:04.345 Information Generate UserAskedData - Testing SolarRad into solardata.json (Range is Recent)
2026-07-21 15:11:04.345 Information Generate UserAskedData - Testing CurrentSolarMax into solardata.json (Range is Recent)
2026-07-21 15:11:04.345 Information Generate UserAskedData - Loop over Chart: DailyTemp)
2026-07-21 15:11:04.345 Information Generate UserAskedData - Testing avgTemp into alldailytempdata.json (Range is Daily)
2026-07-21 15:11:04.345 Information Generate UserAskedData - Testing avgTemp into alldailytempdata.json (Range is Daily)
2026-07-21 15:11:04.345 Information Generate UserAskedData - Loop over Chart: DailyPressure)
2026-07-21 15:11:04.345 Information Generate UserAskedData - Testing minBaro into alldailypressdata.json (Range is Daily)
2026-07-21 15:11:04.345 Information Generate UserAskedData - Testing  into  (Range is Daily)
2026-07-21 15:11:04.345 Information DoAirLink / AirQualitySensor  = False / False
2026-07-21 15:11:04.346 Information Uploading = maps.txt
2026-07-21 15:11:04.354 Testing PHP upload compression on https://jpickles.com/cutils/upload.php
2026-07-21 15:11:04.493 Information PHP upload does not support compression
2026-07-21 15:11:04.493 Information UploadFile: Starting utils/maps.txt => maps.txt
2026-07-21 15:11:04.493 Information Upload File values: localfile: utils/maps.txt
2026-07-21 15:11:04.493 Information Upload File values: remotefile: maps.txt
2026-07-21 15:11:04.502 Information PHP Upload: starting utils/maps.txt
2026-07-21 15:11:04.502 Information Incremental = False; filename = maps.txt; ext = .txt; HoursInGraph = 72
2026-07-21 15:11:04.586 Information InetPhp: maps.txt: Response code = 200: OK
2026-07-21 15:11:04.586 Information InetPhp: maps.txt: Response text follows:
Opening text file maps.txt for replacement
Writing text file maps.txt
Write complete
2026-07-21 15:11:04.586 Information PHP UploadFile: Success
2026-07-21 15:11:04.586 Information UploadFile: Starting utils/systeminfoTable.txt => systeminfoTable.txt
2026-07-21 15:11:04.586 Information Upload File values: localfile: utils/systeminfoTable.txt
2026-07-21 15:11:04.586 Information Upload File values: remotefile: systeminfoTable.txt
2026-07-21 15:11:04.586 Information PHP Upload: starting utils/systeminfoTable.txt
2026-07-21 15:11:04.586 Information Incremental = False; filename = systeminfoTable.txt; ext = .txt; HoursInGraph = 72
2026-07-21 15:11:04.623 Information InetPhp: systeminfoTable.txt: Response code = 200: OK
2026-07-21 15:11:04.623 Information InetPhp: systeminfoTable.txt: Response text follows:
Opening text file systeminfoTable.txt for replacement
Writing text file systeminfoTable.txt
Write complete
2026-07-21 15:11:04.623 Information PHP UploadFile: Success
2026-07-21 15:11:04.624 All done, Entering the finally section...; Closing down.
2026-07-21 15:11:04.624 Disposing Isup...
2026-07-21 15:11:04.624 Disposing Sup...
 the finally section...; Closing down.
2026-07-21 15:11:04.618 Disposing Isup...
2026-07-21 15:11:04.618 Disposing Sup...
