2026-07-21 15:21:02.198 Information According to Inifile Info => Error: True, Warning: True, Info: True, Verbose: False, 
2026-07-21 15:21:02.227 CumulusUtils Initial: Shutting down the default listener
2026-07-21 15:21:02.227 Information CumulusUtils Initial: Shutting down the default listener
2026-07-21 15:21:02.277  CUstrings[xx].ini : CUstringsEN.ini looked for.
2026-07-21 15:21:02.302  CumulusUtils version: 7.1.1 
2026-07-21 15:21:02.302  CuSupport constructor : Unit Wind (m/s, mph2026-07-21 15:21:02.305  CumulusUtils version: 7.1.1 
2026-07-21 15:21:02.305  CuSupport constructor : Unit Wind (m/s, mph, km/h, kts): mph
2026-07-21 15:21:02.305  CuSupport constructor : Unit Pressure (mb,hPa,inHg): hPa
2026-07-21 15:21:02.305  CuSupport constructor : Unit Rain (mm,in): mm
2026-07-21 15:21:02.307  CuSupport constructor : Unit T (C,F): °C
2026-07-21 15:21:02.307  CuSupport2026-07-21 15:21:02.323 InetSupport: Constructor starting
2026-07-21 15:21:02.384 CumulusUtils : ----------------------------
2026-07-21 15:21:02.384 CumulusUtils : Entering Main
2026-07-21 15:21:02.395 HelpTexts: starting
2026-07-21 15:21:02.434 Information HelpTexts Contructor: stop
2026-07-21 15:21:02.478 CommandLineArgs : starting
2026-07-21 15:21:02.478  CommandLineArgs : handling arg: sysinfo
2026-02026-07-21 15:21:02.481 CommandLineArgs : starting
2026-07-21 15:21:02.481  CommandLineArgs : handling arg: sysinfo
2026-07-21 15:21:02.481  CommandLineArgs : handling arg: UserAskedData
2026-072026-07-21 15:21:02.565 Information CumulusUtils : Read dayfile.txt succesfully - 929 records
2026-07-21 15:21:02.593 Information SystemStatus : starting
2026-07-21 15:21:02.621 Information GetUrlData Start: URL - http://localhost:8998/api/tags/process.json?version&build&Prog2026-07-21 15:21:02.626 Information GetUrlData Start: URL - h2026-07-21 15:21:03.022 CumulusMX Version: 4.5.2 build 4105
2026-07-21 15:21:03.034 Information  SystemStatus: Found device 12 GW1000/Ecowitt Local API
2026-07-21 15:21:03.035 Inform2026-07-21 15:21:03.040 Information  SystemStatus: Found device 12 GW1000/Ecowitt Local API
2026-07-21 15:21:03.041 Information ReplaceWebtagsPostAsync start:
2026-07-21 15:21:03.044 Information  PostUrl2026-07-21 15:21:03.081 Information PostUrlData success response : OK - OK
2026-07-21 15:21:03.085 SystemStatus : DoingUni2026-07-21 15:21:03.089 Information PostUrlData success response : OK2026-07-21 15:21:03.097 Information StartProcess cat /etc/os-release
2026-07-21 15:21:03.108 Information StartProcess cat: output=PRETTY_NAME="Debian GNU/Linux 12 (bookworm)"
2026-07-21 15:212026-07-21 15:21:03.114 Information StartProcess cat: output=PRETTY_NAME="Debian GNU/Linux 12 (bookworm)"
2026-07-21 15:21:03.114 Information StartProcess cat: output=NAME="Debian GNU/Linux"
2026-07-21 15:21:03.114 Information StartProcess cat: output=VERSION_ID="12"
2026-07-21 15:21:03.114 Information StartProcess cat: output=VERSION="12 (bookworm)"
2026-07-21 15:21:03.114 Information StartProcess cat: output=VERSION_CODENAME=bookworm
2026-07-21 15:21:03.114 Information StartProcess cat: output=ID=debian
2026-07-21 15:21:03.114 Information StartProcess cat: output=HOME_URL="https://www.debian.org/"
2026-07-21 15:21:03.114 Information StartProcess cat: output=SUPPORT_URL="https://www.debian.org/support"
2026-07-21 15:21:03.114 Information StartProcess cat: output=BUG_REPORT_URL="https://bugs.debian.org/"
2026-07-21 15:21:03.115 Information Found Linux NAME: PRETTY_NAME="Debian GNU/Linux 12 (bookworm)"
22026-07-21 15:21:03.119 Information StartProcess uptime: output=up 3 weeks, 3 days, 19 hours, 47 minutes
2026-07-21 15:21:2026-07-21 15:21:03.125 Information StartProcess uptime: output=up 3 weeks, 3 days, 19 hours, 47 minutes
2026-07-21 15:21:03.126 Information StartProcess lshw -quiet -class system
2026-07-21 15:21:03.128 Error System/Processor: Unknown (exception) - An error occurred trying to start process 'lshw' with working directory '/opt/CumulusMX'. No such file or directory
2026-07-22026-07-21 15:21:03.130 Information StartProcess uname: output=Linux 6.1.0-23-amd64 x86_64
2026-07-21 15:21:03.130 Informa2026-07-21 15:21:03.131 Informati2026-07-21 15:21:03.157 Information StartProcess lsb_release: output=Distributor ID:	Debian
2026-07-21 15:21:03.157 Inform2026-07-21 15:21:03.164 Information StartProcess lsb_release: output=Distributor ID:	Debian
2026-07-21 15:21:03.164 Information StartProcess lsb_release: output=Description:	Debian GNU/Linux 12 (bookworm)
2026-07-21 15:21:03.164 Information StartProcess lsb_release: output=Release:	12
2026-07-21 15:21:03.164 Information StartProcess lsb_release: output=Codename:	bookworm
2026-07-21 15:21:03.164 Information StartProcess dotnet --list-runtimes
2026-07-21 15:21:03.168 Information StartProcess dotnet: output=Microsoft.NE2026-07-21 15:21:03.171 Information StartProcess free: output=   2026-07-21 15:21:03.172 Information StartProcess free -m
2026-07-21 15:21:03.175 Information StartProcess free: output=               total        used        free      shared  buff/cache   available
2026-07-21 15:21:03.175 Information StartProcess free: output=Mem:             960         373         414          32         351         587
2026-07-21 15:21:03.175 Information StartProcess free: ou2026-07-21 15:21:03.179 Information StartProcess df: output=Filesystem     Type  Size  Used Avail Use% Mounted on
2026-07-2026-07-21 15:21:03.187 Information StartProcess df: output=Filesystem     Type  Size  Used Avail Use% Mounted on
2026-07-21 15:21:03.187 Infor2026-07-21 15:21:03.195 Information MapsOn: Starting
2026-07-21 15:21:03.204 Information  MapsOn: Adding Station: Westlands
2026-07-21 15:21:03.222 Information MapsOn: Before testing DoneToday after parsing: 21/07/2026 10:31:03 
2026-07-21 15:21:2026-07-21 15:21:03.226 Information MapsOn: Before testing DoneToday after parsing: 21/07/2026 10:31:03 
2026-07-21 152026-07-21 15:21:03.237 Information DateIsToday: thisSpan: 04:50:00.2230659 | thisSpan.TotalDays = 0.20139147067013888
2022026-07-21 15:21:03.240 Information DateIsToday: thisSpan: 04:50:00.2268293 | thisSpan.TotalDays = 0.20139151422800927
2026-07-21 15:21:03.240 Information MapsOn: Must NOT send signature, has been done already : 2026-07-21T10:31:03
2026-07-21 15:21:03.240 Information Fetch Map: Fetc2026-07-21 15:21:04.312 Information Main: <!--
 This file is generated as part of CumulusUti
2026-07-21 15:21:04.313 Information UserAskedData Starting...
2026-07-21 15:21:04.313 Information UserAskedData Doing the compiler stuff...
2026-07-21 15:21:04.342 Information CustomLogs constructor: starting
2026-07-21 15:21:04.360 Information CustomLogs WebtagInfo constructor: number of defined Webtag Units: 400, everything OK. 
2026-07-21 15:21:04.366 Information Custom Logs constructor: stop
2026-07-21 15:21:04.390 DefineUsercharts: Parsing User charts definitions - starting
2026-07-21 15:21:04.390 Information Parsing User Charts Definitions : Chart Overview'
2026-07-21 15:21:04.406 Information Parsing User Charts Definitions : Chart Temperature'
2026-07-21 15:21:04.406 Information Parsing User Charts Definitions : Chart Wind'
2026-07-21 15:21:04.406 Information Parsing User Charts Definitions : Chart WindDirection'
2026-07-21 15:21:04.406 Information Parsing User Charts Definitions : Chart Rain'
2026-07-21 15:21:04.406 Information Parsing User Charts Definitions : Chart Humidity'
2026-07-21 15:21:04.406 Information Parsing User Charts Definitions : Chart Solar'
2026-07-21 15:21:04.406 Information Parsing User Charts Definitions : Chart DailyTemp'
2026-07-21 15:21:04.406 Information Parsing User Charts Definitions : Chart DailyPressure'
2026-07-21 15:21:04.412 Information Parsing User Charts: Evaluating Expression '(MinBarometer+MaxBarometer)/2'.
2026-07-21 15:21:04.427 Generating Compiler UserAskedData: Starting
2026-07-21 15:21:04.437 Information GenerateUserAskedData: timeStart = 21/07/2026 15:12:00; timeEnd = 21/07/2026 15:21:00
2026-07-21 15:21:04.437 Monthfile constructor: Using fixed path: | data/ |; file: | *log.txt
2026-07-21 15:21:04.439 ReadPartialMonthlyLogs: Starting.
2026-07-21 15:21:04.448 Information ReadPartialMonthlyLogs: reading 202607log.txt
2026-07-21 15:21:04.755 Information ReadMonthlyLogs: End
2026-07-21 15:21:04.774 Information Generate UserAskedData: DoneToday = 20/07/2026 19:01:04.
2026-07-21 15:21:04.774 Information DateIsToday for thisDate: 20/07/2026 19:01:04 | thisDate.DayOfYear: 201 versus Now.DayOfYear: 202)
2026-07-21 15:21:04.774 Information DateIsToday: thisSpan: 20:20:00.7741609 | thisSpan.TotalDays = 0.847231182417824
2026-07-21 15:21:04.774 Information Generate UserAskedData: Must NOT generate the ALL Range.
2026-07-21 15:21:04.774 Information Generate UserAskedData - Loop over Chart: Overview)
2026-07-21 15:21:04.775 Information Generate UserAskedData - Testing temp into tempdata.json (Range is Recent)
2026-07-21 15:21:04.775 Information Generate UserAskedData - Testing dew into tempdata.json (Range is Recent)
2026-07-21 15:21:04.775 Information Generate UserAskedData - Testing press into pressdata.json (Range is Recent)
2026-07-21 15:21:04.775 Information Generate UserAskedData - Testing hum into humdata.json (Range is Recent)
2026-07-21 15:21:04.775 Information Generate UserAskedData - Testing SolarRad into solardata.json (Range is Recent)
2026-07-21 15:21:04.775 Information Generate UserAskedData - Testing rfall into raindata.json (Range is Recent)
2026-07-21 15:21:04.775 Information Generate UserAskedData - Loop over Chart: Temperature)
2026-07-21 15:21:04.775 Information Generate UserAskedData - Testing intemp into tempdata.json (Range is Recent)
2026-07-21 15:21:04.775 Information Generate UserAskedData - Testing temp into tempdata.json (Range is Recent)
2026-07-21 15:21:04.775 Information Generate UserAskedData - Testing feelslike into tempdata.json (Range is Recent)
2026-07-21 15:21:04.775 Information Generate UserAskedData - Testing dew into tempdata.json (Range is Recent)
2026-07-21 15:21:04.775 Information Generate UserAskedData - Loop over Chart: Wind)
2026-07-21 15:21:04.775 Information Generate UserAskedData - Testing wgust into winddata.json (Range is Recent)
2026-07-21 15:21:04.775 Information Generate UserAskedData - Testing wspeed into winddata.json (Range is Recent)
2026-07-21 15:21:04.775 Information Generate UserAskedData - Loop over Chart: WindDirection)
2026-07-21 15:21:04.775 Information Generate UserAskedData - Testing bearing into wdirdata.json (Range is Recent)
2026-07-21 15:21:04.775 Information Generate UserAskedData - Testing avgbearing into wdirdata.json (Range is Recent)
2026-07-21 15:21:04.775 Information Generate UserAskedData - Loop over Chart: Rain)
2026-07-21 15:21:04.775 Information Generate UserAskedData - Testing rfall into raindata.json (Range is Recent)
2026-07-21 15:21:04.775 Information Generate UserAskedData - Testing rrate into raindata.json (Range is Recent)
2026-07-21 15:21:04.775 Information Generate UserAskedData - Loop over Chart: Humidity)
2026-07-21 15:21:04.775 Information Generate UserAskedData - Testing hum into humdata.json (Range is Recent)
2026-07-21 15:21:04.775 Information Generate UserAskedData - Testing inhum into humdata.json (Range is Recent)
2026-07-21 15:21:04.775 Information Generate UserAskedData - Loop over Chart: Solar)
2026-07-21 15:21:04.775 Information Generate UserAskedData - Testing UV into solardata.json (Range is Recent)
2026-07-21 15:21:04.775 Information Generate UserAskedData - Testing SolarRad into solardata.json (Range is Recent)
2026-07-21 15:21:04.775 Information Generate UserAskedData - Testing CurrentSolarMax into solardata.json (Range is Recent)
2026-07-21 15:21:04.775 Information Generate UserAskedData - Loop over Chart: DailyTemp)
2026-07-21 15:21:04.775 Information Generate UserAskedData - Testing avgTemp into alldailytempdata.json (Range is Daily)
2026-07-21 15:21:04.775 Information Generate UserAskedData - Testing avgTemp into alldailytempdata.json (Range is Daily)
2026-07-21 15:21:04.775 Information Generate UserAskedData - Loop over Chart: DailyPressure)
2026-07-21 15:21:04.775 Information Generate UserAskedData - Testing minBaro into alldailypressdata.json (Range is Daily)
2026-07-21 15:21:04.775 Information Generate UserAskedData - Testing  into  (Range is Daily)
2026-07-21 15:21:04.775 Information DoAirLink / AirQualitySensor  = False / False
2026-07-21 15:21:04.775 Information Uploading = maps.txt
2026-07-21 15:21:04.786 Testing PHP upload compression on https://jpickles.com/cutils/upload.php
2026-07-21 15:21:04.931 Information PHP upload does not support compression
2026-07-21 15:21:04.931 Information UploadFile: Starting utils/maps.txt => maps.txt
2026-07-21 15:21:04.931 Information Upload File values: localfile: utils/maps.txt
2026-07-21 15:21:04.931 Information Upload File values: remotefile: maps.txt
2026-07-21 15:21:04.939 Information PHP Upload: starting utils/maps.txt
2026-07-21 15:21:04.940 Information Incremental = False; filename = maps.txt; ext = .txt; HoursInGraph = 72
2026-07-21 15:21:05.026 Information InetPhp: maps.txt: Response code = 200: OK
2026-07-21 15:21:05.026 Information InetPhp: maps.txt: Response text follows:
Opening text file maps.txt for replacement
Writing text file maps.txt
Write complete
2026-07-21 15:21:05.026 Information PHP UploadFile: Success
2026-07-21 15:21:05.026 Information UploadFile: Starting utils/systeminfoTable.txt => systeminfoTable.txt
2026-07-21 15:21:05.026 Information Upload File values: localfile: utils/systeminfoTable.txt
2026-07-21 15:21:05.026 Information Upload File values: remotefile: systeminfoTable.txt
2026-07-21 15:21:05.026 Information PHP Upload: starting utils/systeminfoTable.txt
2026-07-21 15:21:05.026 Information Incremental = False; filename = systeminfoTable.txt; ext = .txt; HoursInGraph = 72
2026-07-21 15:21:05.057 Information InetPhp: systeminfoTable.txt: Response code = 200: OK
2026-07-21 15:21:05.057 Information InetPhp: systeminfoTable.txt: Response text follows:
Opening text file systeminfoTable.txt for replacement
Writing text file systeminfoTable.txt
Write complete
2026-07-21 15:21:05.057 Information PHP UploadFile: Success
2026-07-21 15:21:05.057 All done, Entering the finally section...; Closing down.
2026-07-21 15:21:05.057 Disposing Isup...
2026-07-21 15:21:05.058 Disposing Sup...
 the finally section...; Closing down.
2026-07-21 15:21:05.051 Disposing Isup...
2026-07-21 15:21:05.052 Disposing Sup...
