2026-07-22 07:01:02.287 Information According to Inifile Info => Error: True, Warning: True, Info: True, Verbose: False, 
2026-07-22 07:01:02.315 CumulusUtils Initial: Shutting down the default listener
2026-07-22 07:01:02.315 Information CumulusUtils Initial: Shutting down the default listener
2026-07-22 07:01:02.371  CUstrings[xx].ini : CUstringsEN.ini looked for.
2026-07-22 07:01:02.396  CumulusUtils version: 7.1.1 
2026-07-22 07:01:02.396  CuSupport constructor : Unit Wind (m/s, mph, km/h, kts): mph
2026-07-22 07:01:02.397  CuSupport constructor : Unit Pressure (mb,hPa,inHg): hPa
2026-07-22 07:01:02.397  CuSupport constructor : Unit Rain (mm,in): mm
2026-07-22 07:01:02.397  CuSupport constructor : Unit T (C,F): °C
2026-07-22 07:01:02.398  CuSupport constructor : Unit Distance (m, mi, km, kn): mi
2026-07-22 07:01:02.398  CuSupport constructor : Unit Height (m, ft): ft
2026-07-22 07:01:02.418 InetSupport: Constructor starting
2026-07-22 07:01:02.483 CumulusUtils : ----------------------------
2026-07-22 07:01:02.483 CumulusUtils : Entering Main
2026-07-22 07:01:02.492 HelpTexts: starting
2026-07-22 07:01:02.531 Information HelpTexts Contructor: stop
2026-07-22 07:01:02.585 CommandLineArgs : starting
2026-07-22 07:01:02.585  CommandLineArgs : handling arg: sysinfo
2026-07-22 07:01:02.585  CommandLineArgs : handling arg: UserAskedData
2026-07-22 07:01:02.585  CommandLineArgs : handling arg: UserReports
2026-07-22 07:01:02.587 Dayfile: Reading the dayfile.txt...
2026-07-22 07:01:02.679 Information CumulusUtils : Read dayfile.txt succesfully - 930 records
2026-07-22 07:01:02.707 Information SystemStatus : starting
2026-07-22 07:01:02.739 Information GetUrlData Start: URL - http://localhost:8998/api/tags/process.json?version&build&ProgramUpTime&NewBuildAvailable&NewBuildNumber&CpuCount&CPUTemp 
2026-07-22 07:01:03.170 CumulusMX Version: 4.5.2 build 4105
2026-07-22 07:01:03.178 Information  SystemStatus: Found device 12 GW1000/Ecowitt Local API
2026-07-22 07:01:03.179 Information ReplaceWebtagsPostAsync start:
2026-07-22 07:01:03.185 Information  PostUrlData Start: http://localhost:8998/api/tags/process.txt 
2026-07-22 07:01:03.185 Information PostUrlData Calling PostAsync
2026-07-22 07:01:03.220 Information PostUrlData success response : OK - OK
2026-07-22 07:01:03.229 SystemStatus : DoingUnix
2026-07-22 07:01:03.231 Information SystemStatus : DoingUnix Start
2026-07-22 07:01:03.241 Information StartProcess cat /etc/os-release
2026-07-22 07:01:03.260 Information StartProcess cat: output=PRETTY_NAME="Debian GNU/Linux 12 (bookworm)"
2026-07-22 07:01:03.260 Information StartProcess cat: output=NAME="Debian GNU/Linux"
2026-07-22 07:01:03.260 Information StartProcess cat: output=VERSION_ID="12"
2026-07-22 07:01:03.260 Information StartProcess cat: output=VERSION="12 (bookworm)"
2026-07-22 07:01:03.260 Information StartProcess cat: output=VERSION_CODENAME=bookworm
2026-07-22 07:01:03.260 Information StartProcess cat: output=ID=debian
2026-07-22 07:01:03.260 Information StartProcess cat: output=HOME_URL="https://www.debian.org/"
2026-07-22 07:01:03.260 Information StartProcess cat: output=SUPPORT_URL="https://www.debian.org/support"
2026-07-22 07:01:03.260 Information StartProcess cat: output=BUG_REPORT_URL="https://bugs.debian.org/"
2026-07-22 07:01:03.260 Information Found Linux NAME: PRETTY_NAME="Debian GNU/Linux 12 (bookworm)"
2026-07-22 07:01:03.262 Information Using Linux dialect: Debian
2026-07-22 07:01:03.262 Information StartProcess uptime -p
2026-07-22 07:01:03.267 Information StartProcess uptime: output=up 3 weeks, 4 days, 11 hours, 27 minutes
2026-07-22 07:01:03.271 Information StartProcess lshw -quiet -class system
2026-07-22 07:01:03.273 Error System/Processor: Unknown (exception) - An error occurred trying to start process 'lshw' with working directory '/opt/CumulusMX'. No such file or directory
2026-07-22 07:01:03.273 Please install lshw (apt-get install lshw)
2026-07-22 07:01:03.273 Information StartProcess uname -s -r -m
2026-07-22 07:01:03.281 Information StartProcess uname: output=Linux 6.1.0-23-amd64 x86_64
2026-07-22 07:01:03.281 Information StartProcess lsb_release -a
2026-07-22 07:01:03.316 Information StartProcess lsb_release: output=Distributor ID:	Debian
2026-07-22 07:01:03.316 Information StartProcess lsb_release: output=Description:	Debian GNU/Linux 12 (bookworm)
2026-07-22 07:01:03.317 Information StartProcess lsb_release: output=Release:	12
2026-07-22 07:01:03.317 Information StartProcess lsb_release: output=Codename:	bookworm
2026-07-22 07:01:03.317 Information StartProcess dotnet --list-runtimes
2026-07-22 07:01:03.323 Information StartProcess dotnet: output=Microsoft.NETCore.App 8.0.8 [/usr/share/dotnet/shared/Microsoft.NETCore.App]
2026-07-22 07:01:03.328 Information StartProcess free -m
2026-07-22 07:01:03.331 Information StartProcess free: output=               total        used        free      shared  buff/cache   available
2026-07-22 07:01:03.331 Information StartProcess free: output=Mem:             960         368         470          31         293         592
2026-07-22 07:01:03.331 Information StartProcess free: output=Swap:            974          76         898
2026-07-22 07:01:03.333 Information StartProcess df -T -text4 -tvfat -h
2026-07-22 07:01:03.337 Information StartProcess df: output=Filesystem     Type  Size  Used Avail Use% Mounted on
2026-07-22 07:01:03.337 Information StartProcess df: output=/dev/sda1      ext4   31G  7.6G   22G  27% /
2026-07-22 07:01:03.340 USerReports: Starting
2026-07-22 07:01:03.352 Information MapsOn: Starting
2026-07-22 07:01:03.362 Information  MapsOn: Adding Station: Westlands
2026-07-22 07:01:03.376 Information MapsOn: Before testing DoneToday after parsing: 21/07/2026 10:31:03 
2026-07-22 07:01:03.379 Information DateIsToday for thisDate: 21/07/2026 10:31:03 | thisDate.DayOfYear: 202 versus Now.DayOfYear: 203)
2026-07-22 07:01:03.393 Information DateIsToday: thisSpan: 20:30:00.3793009 | thisSpan.TotalDays = 0.8541710567233797
2026-07-22 07:01:03.393 Information MapsOn: Must NOT send signature, has been done already : 2026-07-21T10:31:03
2026-07-22 07:01:03.393 Information Fetch Map: Fetching the generated map
2026-07-22 07:01:03.393 Information GetUrlData Start: URL - https://meteo-wagenborgen.nl/maps.txt 
2026-07-22 07:01:04.336 Information Main: <!--
 This file is generated as part of CumulusUti
2026-07-22 07:01:04.337 Information UserAskedData Starting...
2026-07-22 07:01:04.337 Information UserAskedData Doing the compiler stuff...
2026-07-22 07:01:04.367 Information CustomLogs constructor: starting
2026-07-22 07:01:04.384 Information CustomLogs WebtagInfo constructor: number of defined Webtag Units: 400, everything OK. 
2026-07-22 07:01:04.389 Information Custom Logs constructor: stop
2026-07-22 07:01:04.417 DefineUsercharts: Parsing User charts definitions - starting
2026-07-22 07:01:04.417 Information Parsing User Charts Definitions : Chart Overview'
2026-07-22 07:01:04.429 Information Parsing User Charts Definitions : Chart Temperature'
2026-07-22 07:01:04.429 Information Parsing User Charts Definitions : Chart Wind'
2026-07-22 07:01:04.429 Information Parsing User Charts Definitions : Chart WindDirection'
2026-07-22 07:01:04.430 Information Parsing User Charts Definitions : Chart Rain'
2026-07-22 07:01:04.430 Information Parsing User Charts Definitions : Chart Humidity'
2026-07-22 07:01:04.430 Information Parsing User Charts Definitions : Chart Solar'
2026-07-22 07:01:04.430 Information Parsing User Charts Definitions : Chart DailyTemp'
2026-07-22 07:01:04.430 Information Parsing User Charts Definitions : Chart DailyPressure'
2026-07-22 07:01:04.432 Information Parsing User Charts: Evaluating Expression '(MinBarometer+MaxBarometer)/2'.
2026-07-22 07:01:04.454 Generating Compiler UserAskedData: Starting
2026-07-22 07:01:04.455 Information GenerateUserAskedData: timeStart = 22/07/2026 06:52:00; timeEnd = 22/07/2026 07:01:00
2026-07-22 07:01:04.460 Monthfile constructor: Using fixed path: | data/ |; file: | *log.txt
2026-07-22 07:01:04.462 ReadPartialMonthlyLogs: Starting.
2026-07-22 07:01:04.476 Information ReadPartialMonthlyLogs: reading 202607log.txt
2026-07-22 07:01:04.480 Information UserAskedData: Failing in GenerateUSerAskedData - i.e. Compiler data)
2026-07-22 07:01:04.481 Information UserAskedData: Message The process cannot access the file '/opt/CumulusMX/data/copy_202607log.txt' because it is being used by another process.)
2026-07-22 07:01:04.481 Information UserAskedData: Continuing
2026-07-22 07:01:04.481 Information DoAirLink / AirQualitySensor  = False / False
2026-07-22 07:01:04.481 Information Uploading = maps.txt
2026-07-22 07:01:04.491 Testing PHP upload compression on https://jpickles.com/cutils/upload.php
2026-07-22 07:01:04.626 Information PHP upload does not support compression
2026-07-22 07:01:04.626 Information UploadFile: Starting utils/maps.txt => maps.txt
2026-07-22 07:01:04.626 Information Upload File values: localfile: utils/maps.txt
2026-07-22 07:01:04.626 Information Upload File values: remotefile: maps.txt
2026-07-22 07:01:04.635 Information PHP Upload: starting utils/maps.txt
2026-07-22 07:01:04.635 Information Incremental = False; filename = maps.txt; ext = .txt; HoursInGraph = 72
2026-07-22 07:01:04.718 Information InetPhp: maps.txt: Response code = 200: OK
2026-07-22 07:01:04.718 Information InetPhp: maps.txt: Response text follows:
Opening text file maps.txt for replacement
Writing text file maps.txt
Write complete
2026-07-22 07:01:04.718 Information PHP UploadFile: Success
2026-07-22 07:01:04.718 Information UploadFile: Starting utils/systeminfoTable.txt => systeminfoTable.txt
2026-07-22 07:01:04.718 Information Upload File values: localfile: utils/systeminfoTable.txt
2026-07-22 07:01:04.718 Information Upload File values: remotefile: systeminfoTable.txt
2026-07-22 07:01:04.718 Information PHP Upload: starting utils/systeminfoTable.txt
2026-07-22 07:01:04.718 Information Incremental = False; filename = systeminfoTable.txt; ext = .txt; HoursInGraph = 72
2026-07-22 07:01:04.754 Information InetPhp: systeminfoTable.txt: Response code = 200: OK
2026-07-22 07:01:04.754 Information InetPhp: systeminfoTable.txt: Response text follows:
Opening text file systeminfoTable.txt for replacement
Writing text file systeminfoTable.txt
Write complete
2026-07-22 07:01:04.754 Information PHP UploadFile: Success
2026-07-22 07:01:04.754 All done, Entering the finally section...; Closing down.
2026-07-22 07:01:04.754 Disposing Isup...
2026-07-22 07:01:04.754 Disposing Sup...
