2026-07-22 01:11:02.214 Information According to Inifile Info => Error: True, Warning: True, Info: True, Verbose: False, 
2026-07-22 01:11:02.231 CumulusUtils Initial: Shutting down the default listener
2026-07-22 01:11:02.231 Information CumulusUtils Initial: Shutting down the default listener
2026-07-22 01:11:02.288  CUstrings[xx].ini : CUstringsEN.ini looked for.
2026-07-22 01:11:02.315  CumulusUtils version: 7.1.1 
2026-07-22 01:11:02.316  CuSupport constructor : Unit Wind (m/s, mph2026-07-22 01:11:02.332 CumulusUtils Initial: Shutting down the default listener
2026-07-22 01:11:02.333 Information CumulusUtils Initial: Shutting down the default listener
2026-07-22 01:11:02.367  CUstrings[xx].ini : CUstringsEN.ini looked for.
2026-07-22 01:11:02.380  CumulusUtils version: 7.1.1 
2026-07-22 01:11:02.380  CuSupport constructor : Unit Wind (m/s, mph, km/h, kts): mph
2026-07-22 01:11:02.381  CuSupport constructor : Unit Pressure (m2026-07-22 01:11:02.482 CumulusUtils : ----------------------------
2026-07-22 01:11:02.482 CumulusUtils : Entering Main
2026-07-22 01:11:02.497 HelpTexts: starting
2026-07-22 01:11:02.534 Information HelpTexts Contructor: stop
2026-07-22 01:11:02.584 CommandLineArgs : starting
2026-07-22 01:11:02.584  CommandLineArgs : handling arg: sysinfo
2026-07-22 01:11:02.584  CommandLineArgs : handling arg: UserAskedData
2026-07-22 01:11:02.584  CommandLineArgs : handling arg: UserReports
2026-07-22 01:11:02.588 Dayfile: Reading the dayfile.txt...
2026-07-22 01:11:02.671 Information CumulusUtils : Read dayfile.txt succesfully - 930 records
2026-07-22 01:11:02.695 Information SystemStatus : starting
2026-07-22 01:11:02.732 Information GetUrlData Start: URL - http://localhost:8998/api/tags/process.json?version&build&ProgramUpTime&NewBuildAvailable&NewBuildNumber&CpuCount&CPUTemp 
2026-07-22 01:11:03.562 CumulusMX Version: 4.5.2 build 4105
2026-07-22 01:11:03.570 Information  SystemStatus: Found device 12 GW1000/Ecowitt Local API
2026-07-22 01:11:03.573 Information ReplaceWebtagsPostAsync start:
2026-07-22 01:11:03.575 Information  PostUrlData Start: http://localhost:8998/api/tags/process.txt 
2026-07-22 01:11:03.575 Information PostUrlData Calling PostAsync
2026-07-22 01:11:03.623 Information PostUrlData success response : OK - OK
2026-07-22 01:11:03.629 SystemStatus : DoingUnix
2026-07-22 01:11:03.631 Information SystemStatus : DoingUnix Start
2026-07-22 01:11:03.637 Information StartProcess cat /etc/os-release
2026-07-22 01:11:03.659 Information StartProcess cat: output=PRETTY_NAME="Debian GNU/Linux 12 (bookworm)"
2026-07-22 01:11:03.659 Information StartProcess cat: output=NAME="Debian GNU/Linux"
2026-07-22 01:11:03.659 Information StartProcess cat: output=VERSION_ID="12"
2026-07-22 01:11:03.659 Information StartProcess cat: output=VERSION="12 (bookworm)"
2026-07-22 01:11:03.659 Information StartProcess cat: output=VERSION_CODENAME=bookworm
2026-07-22 01:11:03.659 Information StartProcess cat: output=ID=debian
2026-07-22 01:11:03.659 Information StartProcess cat: output=HOME_URL="https://www.debian.org/"
2026-07-22 01:11:03.659 Information StartProcess cat: output=SUPPORT_URL="https://www.debian.org/support"
2026-07-22 01:11:03.659 Information StartProcess cat: output=BUG_REPORT_URL="https://bugs.debian.org/"
2026-07-22 01:11:03.661 Information Found Linux NAME: PRETTY_NAME="Debian GNU/Linux 12 (bookworm)"
2026-07-22 01:11:03.662 Information Using Linux dialect: Debian
2026-07-22 01:11:03.662 Information StartProcess uptime -p
2026-07-22 01:11:03.855 Information StartProcess uptime: output=up 3 weeks, 4 days, 5 hours, 37 minutes
2026-07-22 01:11:03.855 Information StartProcess lshw -quiet -class system
2026-07-22 01:11:03.858 Error System/Processor: Unknown (exception) - An error occurred trying to start process 'lshw' with working directory '/opt/CumulusMX'. No such file or directory
2026-07-22 01:11:03.858 Please install lshw (apt-get install lshw)
2026-07-22 01:11:03.858 Information Start2026-07-22 01:11:03.8592026-07-22 01:11:03.876 Information StartProcess uname: output=Linux 6.1.0-23-amd64 x86_64
2026-07-22 01:11:03.877 Information StartProcess lsb_release -a
2026-07-22 01:11:03.936 Information StartProcess lsb_release: output=Distributor ID:	Debian
2026-07-22 01:11:03.936 Information StartProcess lsb_release: output=Description:	Debian GNU/Linux 12 (bookworm)
2026-07-22 01:11:03.936 Information StartProcess lsb_release: output=Release:	12
2026-07-22 01:11:03.936 Information StartProcess lsb_release: output=Codename:	book2026-07-22 01:11:03.943 Information StartProcess lsb_release: output=Distributor ID:	Debian
2026-07-22 01:11:03.943 Information StartProcess lsb_release: output=Description:	Debian GNU/Linux 12 (bookworm)
2026-07-22 012026-07-22 01:11:03.945 Information StartProcess free -m
2026-07-22 01:11:03.962 Information StartProcess free: output=               total        used        free      shared  buff/cache   available
2026-07-22 01:11:03.962 Information StartProcess free: output=Mem:             960         369         545          31         217         591
2026-07-22 01:11:03.962 Information StartProcess free: output=Swap:            974 2026-07-22 01:11:03.965 Information StartProcess free: output=               total        used  2026-07-22 01:11:03.971 Information StartProcess df: output=Filesystem     Type  Size  Used Avail Use% Mounted on
2026-07-22 01:11:03.971 Information StartProcess df: output=/dev/sda1      ext4   31G  7.6G   22G  27% /
2026-07-22 01:11:03.974 USerReports: Starting
2026-07-22 01:11:03.988 Information MapsOn: Starting
2026-07-22 01:11:03.992 Information  MapsOn: Adding Station: Westlands
2026-07-22 01:11:04.010 Information MapsOn: Before testing DoneToday after parsing: 21/07/2026 10:31:03 
2026-07-22 01:11:04.010 Information DateIsToday for thisDate: 21/07/2026 10:31:03 | thisDate.DayOfYear: 202 versus Now.DayOfYear: 203)
2026-07-22 01:11:04.023 Information DateIsToday: thisSpan: 14:40:01.0109612 | thisSpan.TotalDays = 0.6111228120509259
2026-07-22 01:11:04.023 Information MapsOn: Must NOT send signature, has been done already : 2026-07-21T10:31:03
2026-07-22 01:11:04.023 Information Fetch Map: Fetching the generated map
2026-07-22 01:11:04.023 Information GetUrlData Start: URL - http2026-07-22 01:11:04.028 Information2026-07-22 01:11:04.921 Information Main: <!--
 This file is generated as part of CumulusUti
2026-07-22 01:11:04.923 Information UserAskedData Starting...
2026-07-22 01:11:04.923 Information UserAskedData Doing the compiler stuff...
2026-07-22 01:11:04.953 Information CustomLogs constructor: starting
2026-07-22 01:11:04.971 Information CustomLogs WebtagInfo constructor: number of defined Webtag Units: 400, everything OK. 
2026-07-22 01:11:04.976 Information Custom Logs constructor: stop
2026-07-22 01:11:05.001 DefineUsercharts: Parsing User charts definitions - starting
2026-07-22 01:11:05.001 Information Parsing User Charts Definitions : Chart Overview'
2026-07-22 01:11:05.013 Information Parsing User Charts Definitions : Chart Temperature'
2026-07-22 01:11:05.013 Information Parsing User Charts Definitions : Chart Wind'
2026-07-22 01:11:05.013 Information Parsing User Charts Definitions : Chart WindDirection'
2026-07-22 01:11:05.013 Information Parsing User Charts Definitions : Chart Rain'
2026-07-22 01:11:05.013 Information Parsing User Charts Definitions : Chart Humidity'
2026-07-22 01:11:05.013 Information Parsing User Charts Definitions : Chart Solar'
2026-07-22 01:11:05.013 Information Parsing User Charts Definitions : Chart DailyTemp'
2026-07-22 01:11:05.014 Information Parsing User Charts Definitions : Chart DailyPressure'
2026-07-22 01:11:05.016 Information Parsing User Charts: Evaluating Expression '(MinBarometer+MaxBarometer)/2'.
2026-07-22 01:11:05.038 Generating Compiler UserAskedData: Starting
2026-07-22 01:11:05.039 Information GenerateUserAskedData: timeStart = 22/07/2026 01:02:00; timeEnd = 22/07/2026 01:11:00
2026-07-22 01:11:05.046 Monthfile constructor: Using fixed path: | data/ |; file: | *log.txt
2026-07-22 01:11:05.049 ReadPartialMonthlyLogs: Starting.
2026-07-22 01:11:05.072 Information ReadPartialMonthlyLogs: reading 202607log.txt
2026-07-22 01:11:05.265 Information ReadMonthlyLogs: End
2026-07-22 01:11:05.272 Information Generate UserAskedData: DoneToday = 21/07/2026 19:11:04.
2026-07-22 01:11:05.272 Information DateIsToday for thisDate: 21/07/2026 19:11:04 | thisDate.DayOfYear: 202 versus Now.DayOfYear: 203)
2026-07-22 01:11:05.273 Information DateIsToday: thisSpan: 06:00:01.2729167 | thisSpan.TotalDays = 0.2500147328321759
2026-07-22 01:11:05.273 Information Generate UserAskedData: Must NOT generate the ALL Range.
2026-07-22 01:11:05.273 Information Generate UserAskedData - Loop over Chart: Overview)
2026-07-22 01:11:05.274 Information Generate UserAskedData - Testing temp into tempdata.json (Range is Recent)
2026-07-22 01:11:05.274 Information Generate UserAskedData - Testing dew into tempdata.json (Range is Recent)
2026-07-22 01:11:05.274 Information Generate UserAskedData - Testing press into pressdata.json (Range is Recent)
2026-07-22 01:11:05.274 Information Generate UserAskedData - Testing hum into humdata.json (Range is Recent)
2026-07-22 01:11:05.274 Information Generate UserAskedData - Testing SolarRad into solardata.json (Range is Recent)
2026-07-22 01:11:05.274 Information Generate UserAskedData - Testing rfall into raindata.json (Range is Recent)
2026-07-22 01:11:05.274 Information Generate UserAskedData - Loop over Chart: Temperature)
2026-07-22 01:11:05.274 Information Generate UserAskedData - Testing intemp into tempdata.json (Range is Re2026-07-22 01:11:05.298 Information InetPhp: maps.txt: Response code = 200: OK
2026-07-22 01:11:05.298 Information InetPhp: maps.txt: Response text follows:
Opening text file maps.txt for replacement
Writing text file maps.txt
Write complete
2026-07-22 01:11:05.298 Information PHP UploadFile: Success
2026-07-22 01:11:05.298 Information UploadFile: Starting utils/systeminfoTable.txt => systeminfoTable.txt
2026-07-22 01:11:05.298 Information Upload File values: localfile: utils/systeminfoTable.txt
2026-07-22 01:11:05.298 Information Upload File values: remotefile: systeminfoTable.txt
2026-07-22 01:11:05.298 Information PHP Upload: starting utils/systeminfoTable.txt
2026-07-22 01:11:05.298 Information Incremental = False; filename = systeminfoTable.txt; ext = .txt; HoursInGraph = 72
2026-07-22 01:11:05.336 Information InetPhp: systeminfoTable.txt: Response code = 200: OK
2026-07-22 01:11:05.336 Information InetPhp: systeminfoTable.txt: Response text follows:
Opening text file systeminfoTable.txt for replacement
Writing text file systeminfoTable.txt
Write complete
2026-07-22 01:11:05.336 Information PHP UploadFile: Success
2026-07-22 01:11:05.336 All done, Entering the finally section...; Closing down.
2026-07-22 01:11:05.336 Disposing Isup...
2026-07-22 01:11:05.337 Disposing Sup...
05.274 Information Generate UserAskedData - Loop over Chart: Humidity)
2026-07-22 01:11:05.274 Information Generate UserAskedData - Testing hum into humdata.json (Range is Recent)
2026-07-22 01:11:05.274 Information Generate UserAskedData - Testing inhum into humdata.json (Range is Recent)
2026-07-22 01:11:05.274 Information Generate UserAskedData - Loop over Chart: Solar)
2026-07-22 01:11:05.274 Information Generate UserAskedData - Testing UV into solardata.json (Range is Recent)
2026-07-22 01:11:05.274 Information Generate UserAskedData - Testing SolarRad into solardata.json (Range is Recent)
2026-07-22 01:11:05.274 Information Generate UserAskedData - Testing CurrentSolarMax into solardata.json (Range is Recent)
2026-07-22 01:11:05.274 Information Generate UserAskedData - Loop over Chart: DailyTemp)
2026-07-22 01:11:05.274 Information Generate UserAskedData - Testing avgTemp into alldailytempdata.json (Range is Daily)
2026-07-22 01:11:05.274 Information Generate UserAskedData - Testing avgTemp into alldailytempdata.json (Range is Daily)
2026-07-22 01:11:05.274 Information Generate UserAskedData - Loop over Chart: DailyPressure)
2026-07-22 01:11:05.274 Information Generate UserAskedData - Testing minBaro into alldailypressdata.json (Range is Daily)
2026-07-22 01:11:05.274 Information Generate UserAskedData - Testing  into  (Range is Daily)
2026-07-22 01:11:05.274 Information DoAirLink / AirQualitySensor  = False / False
2026-07-22 01:11:05.274 Information Uploading = maps.txt
2026-07-22 01:11:05.279 Testing PHP upload compression on https://jpickles.com/cutils/upload.php
2026-07-22 01:11:05.417 Information PHP upload does not support compression
2026-07-22 01:11:05.417 Information UploadFile: Starting utils/maps.txt => maps.txt
2026-07-22 01:11:05.417 Information Upload File values: localfile: utils/maps.txt
2026-07-22 01:11:05.417 Information Upload File values: remotefile: maps.txt
2026-07-22 01:11:05.426 Information PHP Upload: starting utils/maps.txt
2026-07-22 01:11:05.427 Information Incremental = False; filename = maps.txt; ext = .txt; HoursInGraph = 72
2026-07-22 01:11:05.506 Information InetPhp: maps.txt: Response code = 200: OK
2026-07-22 01:11:05.506 Information InetPhp: maps.txt: Response text follows:
Opening text file maps.txt for replacement
Writing text file maps.txt
Write complete
2026-07-22 01:11:05.507 Information PHP UploadFile: Success
2026-07-22 01:11:05.507 Information UploadFile: Starting utils/systeminfoTable.txt => systeminfoTable.txt
2026-07-22 01:11:05.507 Information Upload File values: localfile: utils/systeminfoTable.txt
2026-07-22 01:11:05.507 Information Upload File values: remotefile: systeminfoTable.txt
2026-07-22 01:11:05.507 Information PHP Upload: starting utils/systeminfoTable.txt
2026-07-22 01:11:05.507 Information Incremental = False; filename = systeminfoTable.txt; ext = .txt; HoursInGraph = 72
2026-07-22 01:11:05.544 Information InetPhp: systeminfoTable.txt: Response code = 200: OK
2026-07-22 01:11:05.544 Information InetPhp: systeminfoTable.txt: Response text follows:
Opening text file systeminfoTable.txt for replacement
Writing text file systeminfoTable.txt
Write complete
2026-07-22 01:11:05.544 Information PHP UploadFile: Success
2026-07-22 01:11:05.544 All done, Entering the finally section...; Closing down.
2026-07-22 01:11:05.544 Disposing Isup...
2026-07-22 01:11:05.544 Disposing Sup...
