2026-07-21 06:11:02.040 Information According to Inifile Info => Error: True, Warning: True, Info: True, Verbose: False, 
2026-07-21 06:11:02.066 CumulusUtils Initial: Shutting down the default listener
2026-07-21 06:11:02.066 Information Cumul2026-07-21 06:11:02.068 CumulusUtils Initial: Shutti2026-07-21 06:11:02.120  CUstrings[xx].ini : CUstringsEN.ini looked for.
2026-07-21 06:11:02.144  CumulusUtils version: 7.1.1 
2026-07-21 06:11:02.148  CuSupport constructor : Unit Wind (m/s, mph, km/h, kts): mph
2026-07-21 06:11:02.148  CuSupport constructor : Unit Pressure (mb,hPa,inHg): hPa
2026-07-21 06:11:02.149  CuSupport constructor : Unit Rain (mm,in): mm
2026-07-21 06:11:02.149  CuSupport constructor : Unit T (C,F): °C
2026-07-21 06:11:02.149  CuSupport constructor : Unit Distance (m, mi, km, kn): mi
2026-07-21 06:11:02.150  CuSupport constructor : Unit Height (m, ft): ft
2026-07-21 06:11:02.165 InetSupport: Constructor starting
2026-07-21 06:11:02.229 CumulusUtils : ----------------------------
2026-07-21 06:11:02.229 CumulusUtils : Entering Main
2026-07-21 06:11:02.243 HelpTexts: starting
2026-07-21 06:11:02.280 Information HelpTexts Contructor: stop
2026-07-21 06:11:02.336 CommandLineArgs : starting
2026-07-21 06:11:02.336  CommandLineArgs : handling arg: sysinfo
2026-07-21 06:11:02.336  CommandLineArgs : handling arg: UserAskedData
2026-07-21 06:11:02.336  CommandLineArgs : handling arg: UserReports
2026-07-21 06:11:02.337 Dayfile: Reading the dayfile.txt...
2026-07-21 06:11:02.425 Information CumulusUtils : Read dayfile.txt succesfully - 929 records
2026-07-21 06:11:02.449 Information SystemStatus : starting
2026-07-21 06:11:02.477 Information GetUrlData Start: URL - http://localhost:8998/api/tags/process.json?version&build&Prog2026-07-21 06:11:02.482 Information GetUrlData Start: URL - h2026-07-21 06:11:02.888 CumulusMX Version: 4.5.2 build 4105
2026-07-21 06:11:02.899 Information  SystemStatus: Found device 12 GW1000/Ecowitt Local API
2026-07-21 06:11:02.904 Information ReplaceWebtagsPostAsync start:
2026-07-21 06:11:02.908 Information  PostUrlData Start: http://localhost:8998/api/tags/process.txt 
2026-07-21 06:11:02.908 Information PostUrlData Calling PostAsync
2026-07-21 06:11:02.952 Information PostUrlData success response : OK - OK
2026-07-21 06:11:02.957 SystemStatus : DoingUnix
2026-07-21 06:11:02.959 Information SystemStatus : DoingUnix Start
2026-07-21 06:11:02.966 Information StartProcess cat /etc/os-release
2026-07-21 06:11:02.978 Information StartProcess cat: output=PRETTY_NAME="Debian GNU/Linux 12 (bookworm)"
2026-07-21 06:112026-07-21 06:11:02.983 Information StartProcess cat: output=PRETTY_NAME="Debian GNU/Linux 12 (bookworm)"
2026-07-21 06:11:02.983 Information StartProcess cat: output=NAME="Debian GNU/Linux"
2026-07-21 06:11:02.983 Information StartProcess cat: output=VERSION_ID="12"
2026-07-21 06:11:02.983 Information StartProcess cat: output=VERSION="12 (bookworm)"
2026-07-21 06:11:02.983 Information StartProcess cat: output=VERSION_CODENAME=bookworm
2026-07-21 06:11:02.983 Information StartProcess cat: output=ID=debian
2026-07-21 06:11:02.983 Information StartProcess cat: output=HOME_URL="https://www.debian.org/"
2026-07-21 06:11:02.983 Information StartProcess cat: output=SUPPORT_URL="https://www.debian.org/support"
2026-07-21 06:11:02.983 Information StartProcess cat: output=BUG_REPORT_URL="https://bugs.debian.org/"
2026-07-21 06:11:02.985 Information Found Linux NAME: PRETTY_NAME="Debian GNU/Linux 12 (bookworm)"
22026-07-21 06:11:02.990 Information StartProcess uptime: output=up 3 weeks, 3 days, 10 hours, 37 minutes
2026-07-21 06:11:2026-07-21 06:11:02.996 Information StartProcess uptime: output=up 3 weeks, 3 days, 10 hours, 37 minutes
2026-07-21 06:11:02.996 Information StartProcess lshw -quiet -class system
2026-07-21 06:11:03.000 Error System/Processor: Unknown (exception) - An error occurred trying to start process 'lshw' with working directory '/opt/CumulusMX'. No such file or directory
2026-07-22026-07-21 06:11:03.001 Information StartProcess uname: output=Linux 6.1.0-23-amd64 x86_64
2026-07-21 06:11:03.001 Informa2026-07-21 06:11:03.003 Informati2026-07-21 06:11:03.030 Information StartProcess lsb_release: output=Distributor ID:	Debian
2026-07-21 06:11:03.030 Inform2026-07-21 06:11:03.037 Information StartProcess lsb_release: output=Distributor ID:	Debian
2026-07-21 06:11:03.037 Information StartProcess lsb_release: output=Description:	Debian GNU/Linux 12 (bookworm)
2026-07-21 06:11:03.037 Information StartProcess lsb_release: output=Release:	12
2026-07-21 06:11:03.037 Information StartProcess lsb_release: output=Codename:	bookworm
2026-07-21 06:11:03.038 Information StartProcess dotnet --list-runtimes
2026-07-21 06:11:03.041 Information StartProcess dotnet: output=Microsoft.NE2026-07-21 06:11:03.046 Information StartProcess free: output=               total        used        free      shared  bu2026-07-21 06:11:03.052 Information StartProcess free: output=               total        used        free      shared  buff/cache   available
2026-07-21 06:11:03.052 Information StartProcess free: output=Mem:             960         364         519          30         244         596
2026-07-21 06:11:03.052 Information StartProcess free: output=Swap:            974          78         896
2026-07-21 06:11:03.052 Information StartProcess df -T -text4 -tvfat -h
2026-07-21 06:11:03.058 Information StartProcess df: output=Filesystem     Type  Size  Used Avail Use% Mounted on
2026-07-21 06:11:03.058 Infor2026-07-21 06:11:03.072 Information MapsOn: Starting
2026-07-21 06:11:03.080 Information  MapsOn: Adding Station: Westlands
2026-07-21 06:11:03.092 Information MapsOn: Before testing DoneToday after parsing: 20/07/2026 10:31:03 
2026-07-21 06:11:03.097 Information DateIsToday for thisDate: 20/07/2026 10:31:03 | thisDate.DayOfYear: 201 versus Now.DayOfYear: 202)
2026-07-21 06:11:03.108 Information DateIsToday: thisSpan: 19:40:00.0972142 | thisSpan.TotalDays = 0.8194455696087963
2026-07-21 06:11:03.119 Information MapsOn: Must NOT send signature, has been done already : 2026-07-20T10:31:03
2026-07-22026-07-21 06:11:03.122 Information MapsOn: Must NOT send signature, has been done already : 2026-07-20T10:31:03
2026-07-21 06:11:03.122 Information Fetch Map: Fetc2026-07-21 06:11:04.043 Information Main: <!--
 This file is generated as part of CumulusUti
2026-07-21 06:11:04.044 Infor2026-07-21 06:11:04.104 Information Main: <!--
 This file is generated as part of CumulusUti
2026-07-21 06:11:04.105 Information UserAskedData Starting...
2026-07-21 06:11:04.105 Information UserAskedData Doing the compiler stuff...
2026-07-21 06:11:04.137 Information CustomLogs constructor: starting
2026-07-21 06:11:04.151 Information CustomLogs WebtagInfo constructor: number of defined Webtag Units: 400, everything OK. 
2026-07-21 06:11:04.156 Information Custom Logs constructor: stop
2026-07-21 06:11:04.182 DefineUsercharts: Parsing User charts definitions - starting
2026-07-21 06:11:04.182 Information Parsing User Charts Definitions : Chart Overview'
2026-07-21 06:11:04.198 Information Parsing User Charts Definitions : Chart Temperature'
2026-07-21 06:11:04.198 Information Parsing User Charts Definitions : Chart Wind'
2026-07-21 06:11:04.198 Information Parsing User Charts Definitions : Chart WindDirection'
2026-07-21 06:11:04.198 Information Parsing User Charts Definitions : Chart Rain'
2026-07-21 06:11:04.198 Information Parsing User Charts Definitions : Chart Humidity'
2026-07-21 06:11:04.198 Information Parsing User Charts Definitions : Chart Solar'
2026-07-21 06:11:04.198 Information Parsing User Charts Definitions : Chart DailyTemp'
2026-07-21 06:11:04.198 Information Parsing User Charts Definitions : Chart DailyPressure'
2026-07-21 06:11:04.205 Information Parsing User Charts: Evaluating Expression '(MinBarometer+MaxBarometer)/2'.
2026-07-21 06:11:04.227 Generating Compiler UserAskedData: Starting
2026-07-21 06:11:04.228 Information GenerateUserAskedData: timeStart = 21/07/2026 06:02:00; timeEnd = 21/07/2026 06:11:00
2026-07-21 06:11:04.229 Monthfile constructor: Using fixed path: | data/ |; file: | *log.txt
2026-07-21 06:11:02026-07-21 06:11:04.459 Information ReadMonthlyLogs: End
2026-07-21 06:11:04.470 Information Generate UserAskedData: DoneT2026-07-21 06:11:04.512 Information ReadMonthlyLogs: End
2026-07-21 06:11:04.520 Information Generate UserAskedData: DoneToday = 20/07/2026 19:01:04.
2026-07-21 06:11:04.521 Information DateIsToday for thisDate: 20/07/2026 19:01:04 | thisDate.DayOfYear: 201 versus Now.DayOfYear: 202)
2026-07-21 06:11:04.521 Information DateIsToday: thisSpan: 11:10:00.5210033 | thisSpan.TotalDays = 0.46528380790856483
2026-07-21 06:11:04.521 Information Generate UserAskedData: Must NOT generate the ALL Range.
2026-07-21 06:11:04.521 Information Generate UserAskedData - Loop over Chart: Overview)
2026-07-21 06:11:04.522 Information Generate UserAskedData - Testing temp into tempdata.json (Range is Recent)
2026-07-21 06:11:04.522 Information Generate UserAskedData - Testing dew into tempdata.json (Range is Recent)
2026-07-21 06:11:04.522 Information Generate UserAskedData - Testing press into pressdata.json (Range is Recent)
2026-07-21 06:11:04.522 Information Generate UserAskedData - Testing hum into humdata.json (Range is Recent)
2026-07-21 06:11:04.522 Information Generate UserAskedData - Testing SolarRad into solardata.json (Range is Recent)
2026-07-21 06:11:04.522 Information Generate UserAskedData - Testing rfall into raindata.json (Range is Recent)
2026-07-21 06:11:04.522 Information Generate UserAskedData - Loop over Chart: Temperature)
2026-07-21 06:11:04.522 Information Generate UserAskedData - Testing intemp into tempdata.json (Range is Recent)
2026-07-21 06:11:04.522 Information Generate UserAskedData - Testing temp into tempdata.json (Range is Recent)
2026-07-21 06:11:04.522 Information Generate UserAskedData - Testing feelslike into tempdata.json (Range is Recent)
2026-07-21 06:11:04.522 Information Generate UserAskedData - Testing dew into tempdata.json (Range is Recent)
2026-07-21 06:11:04.522 Information Generate UserAskedData - Loop over Chart: Wind)
2026-07-21 06:11:04.522 Information Generate UserAskedData - Testing wgust into winddata.json (Range is Recent)
2026-07-21 06:11:04.522 Information Generate UserAskedData - Testing wspeed into winddata.json (Range is Recent)
2026-07-21 06:11:04.522 Information Generate UserAskedData - Loop over Chart: WindDirection)
2026-07-21 06:11:04.522 Information Generate UserAskedData - Testing bearing into wdirdata.json (Range is Recent)
2026-07-21 06:11:04.522 Information Generate UserAskedData - Testing avgbearing into wdirdata.json (Range is Recent)
2026-07-21 06:11:04.522 Information Generate UserAskedData - Loop over Chart: Rain)
2026-07-21 06:11:04.522 Information Generate UserAskedData - Testing rfall into raindata.json (Range is Recent)
2026-07-21 06:11:04.522 Information Generate UserAskedData - Testing rrate into raindata.json (Range is Recent)
2026-07-21 06:11:04.522 Information Generate UserAskedData - Loop over Chart: Humidity)
2026-07-21 06:11:04.522 Information Generate UserAskedData - Testing hum into humdata.json (Range is Recent)
2026-07-21 06:11:04.522 Information Generate UserAskedData - Testing inhum into humdata.json (Range is Recent)
2026-07-21 06:11:04.522 Information Generate UserAskedData - Loop over Chart: Solar)
2026-07-21 06:11:04.522 Information Generate UserAskedData - Testing UV into solardata.json (Range is Recent)
2026-07-21 06:11:04.522 Information Generate UserAskedData - Testing SolarRad into solardata.json (Range is Recent)
2026-07-21 06:11:04.522 Information Generate UserAskedData - Testing CurrentSolarMax into solardata.json (Range is Recent)
2026-07-21 06:11:04.522 Information Generate UserAskedData - Loop over Chart: DailyTemp)
2026-07-21 06:11:04.522 Information Generate UserAskedData - Testing avgTemp into alldailytempdata.json (Range is Daily)
2026-07-21 06:11:04.522 Information Generate UserAskedData - Testing avgTemp into alldailytempdata.json (Range is Daily)
2026-07-21 06:11:04.522 Information Generate UserAskedData - Loop over Chart: DailyPressure)
2026-07-21 06:11:04.522 Information Generate UserAskedData - Testing minBaro into alldailypressdata.json (Range is Daily)
2026-07-21 06:11:04.522 Information Generate UserAskedData - Testing  into  (Range is Daily)
2026-07-21 06:11:04.522 Information DoAirLink / AirQualitySensor  = False / False
2026-07-21 06:11:04.522 Informa2026-07-21 06:11:04.622 Information PHP upload does not support compression
2026-07-21 06:11:04.622 Information UploadFile:2026-07-21 06:11:04.664 Information PHP upload does not support compression
2026-07-21 06:11:04.665 Information UploadFile: Starting utils/maps.txt => maps.txt
2026-07-21 06:11:04.665 Information Upload File values: localfile: utils/maps.txt
2026-07-21 06:11:04.665 Information Upload File values: remotefile: maps.txt
2026-07-21 06:11:04.669 Information PHP Upload: starting 2026-07-21 06:11:04.708 Information InetPhp: maps.txt: Response code = 200: OK
2026-07-21 06:11:04.708 Information InetPhp:2026-07-21 06:11:04.798 Information InetPhp: maps.txt: Response code = 200: OK
2026-07-21 06:11:04.798 Information InetPhp: maps.txt: Response text follows:
Opening text file maps.txt for replacement
Writing text file maps.txt
Write complete
2026-07-21 06:11:04.798 Information PHP UploadFile: Success
2026-07-21 06:11:04.798 Information UploadFile: Starting utils/systeminfoTable.txt => systeminfoTable.txt
2026-07-21 06:11:04.798 Information Upload File values: localfile: utils/systeminfoTable.txt
2026-07-21 06:11:04.798 Information Upload File values: remotefile: systeminfoTable.txt
2026-07-21 06:11:04.798 Information PHP Upload: starting utils/systeminfoTable.txt
2026-07-21 06:11:04.798 Information Incremental = False; filename = systeminfoTable.txt; ext = .txt; HoursInGraph = 72
2026-07-21 06:11:04.830 Information InetPhp: systeminfoTable.txt: Response code = 200: OK
2026-07-21 06:11:04.830 Information InetPhp: systeminfoTable.txt: Response text follows:
Opening text file systeminfoTable.txt for replacement
Writing text file systeminfoTable.txt
Write complete
2026-07-21 06:11:04.830 Information PHP UploadFile: Success
2026-07-21 06:11:04.831 All done, Entering the finally section...; Closing down.
2026-07-21 06:11:04.831 Disposing Isup...
2026-07-21 06:11:04.831 Disposing Sup...
