2026-07-22 10:51:01.474 Information According to Inifile Info => Error: True, Warning: True, Info: True, Verbose: False, 
2026-07-22 10:51:01.501 CumulusUtils Initial: Shutting down the default listener
2026-07-22 10:51:01.501 Information CumulusUtils Initial: Shutting down the default listener
2026-07-22 10:51:01.548  CUstrings[xx].ini : CUstringsEN.ini looked for.
2026-07-22 10:51:01.574  CumulusUtils version: 7.1.1 
2026-07-22 10:51:01.580  CuSupport constructor : Unit Wind (m/s, mph, km/h, kts): mph
2026-07-22 10:51:01.581  CuSupport constructor : Unit Pressure (mb,hPa,inHg): hPa
2026-07-22 10:51:01.581  CuSupport constructor : Unit Rain (mm,in): mm
2026-07-22 10:51:01.581  CuSupport constructor : Unit T (C,F): °C
2026-07-22 10:51:01.582  CuSupport constructor : Unit Distance (m, mi, km, kn): mi
2026-07-22 10:51:01.582  CuSupport constructor : Unit Height (m, ft): ft
2026-07-22 10:51:01.594 InetSupport: Constructor starting
2026-07-22 10:51:01.658 CumulusUtils : ----------------------------
2026-07-22 10:51:01.658 CumulusUtils : Entering Main
2026-07-22 10:51:01.672 HelpTexts: starting
2026-07-22 10:51:01.712 Information HelpTexts Contructor: stop
2026-07-22 10:51:01.764 CommandLineArgs : starting
2026-07-22 10:51:01.764  CommandLineArgs : handling arg: sysinfo
2026-07-22 10:51:01.764  CommandLineArgs : handling arg: UserAskedData
2026-07-22 10:51:01.764  CommandLineArgs : handling arg: UserReports
2026-07-22 10:51:01.765 Dayfile: Reading the dayfile.txt...
2026-07-22 10:51:01.850 Information CumulusUtils : Read dayfile.txt succesfully - 930 records
2026-07-22 10:51:01.878 Information SystemStatus : starting
2026-07-22 10:51:01.911 Information GetUrlData Start: URL - http://localhost:8998/api/tags/process.json?version&build&Prog2026-07-22 10:51:01.919 Information GetUrlData Start: URL - h2026-07-22 10:51:02.340 CumulusMX Version: 4.5.2 build 4105
2026-07-22 10:51:02.352 Information  SystemStatus: Found device 12 GW1000/Ecowitt Local API
2026-07-22 10:51:02.356 Inform2026-07-22 10:51:02.360 Information  SystemStatus: Found device 12 GW1000/Ecowitt Local API
2026-07-22 10:51:02.365 Information ReplaceWebtagsPostAsync start:
2026-07-22 10:51:02.367 Information  PostUrl2026-07-22 10:51:02.398 Information PostUrlData success response : OK - OK
2026-07-22 10:51:02.401 SystemStatus : DoingUni2026-07-22 10:51:02.416 Information PostUrlData success response : OK - OK
2026-07-22 10:51:02.421 SystemStatus : DoingUnix
2026-07-22 10:51:02.428 Information SystemStatus : DoingUnix Start
2026-07-22 10:51:02.432 Information StartProcess cat /etc/os-release
2026-07-22 10:51:02.448 Information StartProcess cat: output=PRETTY_NAME="Debian GNU/Linux 12 (bookworm)"
2026-07-22 10:51:02.448 Information StartProcess cat: output=NAME="Debian GNU/Linux"
2026-07-22 10:51:02.448 Information StartProcess cat: output=VERSION_ID="12"
2026-07-22 10:51:02.448 Information StartProcess cat: output=VERSION="12 (bookworm)"
2026-07-22 10:51:02.448 Information StartProcess cat: output=VERSION_CODENAME=bookworm
2026-07-22 10:51:02.448 Information StartProcess cat: output=ID=debian
2026-07-22 10:51:02.448 Information StartProcess cat: output=HOME_URL="https://www.debian.org/"
2026-07-22 10:51:02.448 Information StartProcess cat: output=SUPPORT_URL="https://www.debian.org/support"
2026-07-22 10:51:02.448 Information StartProcess cat: output=BUG_REPORT_URL="https://bugs.debian.org/"
2026-07-22 10:51:02.450 Information Found Linux NAME: PRETTY_NAME="Debian GNU/Linux 12 (bookworm)"
2026-07-22 10:51:02.451 Information Using Linux dialect: Debian
2026-07-22 10:51:02.451 Information StartProcess uptime -p
2026-07-22 10:51:02.456 Information StartProcess uptime: output=up 3 weeks, 4 days, 15 hours, 17 minutes
2026-07-22 10:51:02.458 Information StartProcess lshw -quiet -class system
2026-07-22 10:51:02.460 Error System/Processor: Unknown (exception) - An error occurred trying to start process 'lshw' with working directory '/opt/CumulusMX'. No such file or directory
2026-07-22 10:51:02.460 Please install lshw (apt-get install lshw)
2026-07-22 10:51:02.461 Information StartProcess uname -s -r -m
2026-07-22 10:51:02.462 Informati2026-07-22 10:51:02.482 Information StartProcess lsb_release: output=Distributor ID:	Debian
2026-07-22 10:51:02.482 Inform2026-07-22 10:51:02.495 Information StartProcess lsb_release: output=Distributor ID:	Debian
2026-07-22 10:51:02.495 Information StartProcess lsb_release: output=Description:	Debian GNU/Linux 12 (bookworm)
2026-07-22 10:51:02.495 Information StartProcess lsb_release: output=Release:	12
2026-07-22 10:51:02.495 Information StartProcess lsb_release: output=Codename:	bookworm
2026-07-22 10:51:02.496 Information StartProcess dotnet --list-runtimes
2026-07-22 10:51:02.499 Information StartProcess dotnet: output=Microsoft.NETCore.App 8.0.8 [/usr/share/dotnet/shared/Microsoft.NETCore.App]
2026-07-22 10:51:02.500 Information StartProcess free -m
2026-07-22 10:51:02.511 Information StartProcess free: output=               total        used        free      shared  buff/cache   available
2026-07-22 10:51:02.511 Information StartProcess free: output=Mem:             960         363         459          31         308         597
2026-07-22 10:51:02.511 Information StartProcess free: output=Swap:            974          75         899
2026-07-22 10:51:02.511 Information StartProcess df -T -text4 -tvfat -h
2026-07-22 10:51:02.518 Information StartProcess df: output=Filesystem     Type  Size  Used Avail Use% Mounted on
2026-07-22 10:51:02.518 Information StartProcess df: output=/dev/sda1      ext4   2026-07-22 10:51:02.526 Information  MapsOn: Adding Station: Westland202026-07-22 10:51:02.545 Information MapsOn: Before testing DoneToday after parsing: 22/07/2026 10:41:02 
2026-07-22 10:51:2026-07-22 10:51:02.558 Information MapsOn: Before testing DoneToday after parsing: 22/07/2026 10:41:02 
2026-07-22 102026-07-22 10:51:02.561 Information DateIsToday: thisSpan: 00:10:00.5458525 | thisSpan.TotalDays = 0.006950762181712963
202026-07-22 10:51:02.571 Information DateIsToday: thisSpan: 00:10:00.5588651 | thisSpan.TotalDays = 0.00695091279050926
2026-07-22 10:51:02.571 Information MapsOn: Must NOT send signature, has been done already : 2026-07-22T10:41:02
2026-07-22 10:51:02.571 Information Fetch Map: Fetch2026-07-22 10:51:03.647 Information Main: <!--
 This file is generated as part of CumulusUti
2026-07-22 10:51:03.648 Info2026-07-22 10:51:03.685 Information Main: <!--
 This file is generated as part of CumulusUti
2026-07-22 10:51:032026-07-22 10:51:03.697 Information CustomLogs constructor: starting
2026-07-22 10:51:03.716 Information CustomLogs Webta2026-07-22 10:51:03.727 Information CustomLogs constructor: starting
2026-07-22 10:51:03.752 Information CustomLogs WebtagInfo constructor2026-07-22 10:51:03.770 DefineUsercharts: Parsing User charts definitions - starting
2026-07-22 10:51:03.771 Information 2026-07-22 10:51:03.799 DefineUsercharts: Parsing 2026-07-22 10:51:03.800 Information Parsing User Charts Definitions : Chart Temperature'
2026-07-22 10:51:03.800 Informat2026-07-22 10:51:03.832 Information Parsing User Charts Definitions : Chart Temperature'
2026-07-22 10:51:03.832 Information Parsing User Charts Definitions : Chart Wind'
2026-07-22 10:51:03.832 Information Parsing User Charts Definitions : Chart WindDirection'
2026-07-22 10:51:03.840 Information Parsing User Charts Definitions : Chart Rain'
2026-07-22 10:51:03.840 Information Parsing User Charts Definitions : Chart Humidity'
2026-07-22 10:51:03.840 Information Parsing User Charts Definitions : Chart Solar'
2026-07-22 10:51:03.840 Information Parsing User Charts Definitions : Chart DailyTemp'
2026-07-22 10:51:03.841 Information Parsing User Charts Definitions : Chart DailyP2026-07-22 10:51:03.846 Generating Compiler UserAskedData: Starting
2026-07-22 10:51:03.848 Information GenerateUserAsked2026-07-22 10:51:03.874 Generating Compiler UserAskedData: Starting
2026-07-22 10:51:03.875 Information GenerateUserAskedData: timeStart = 22/07/2026 10:42:00; timeEnd = 22/07/2026 10:51:00
2026-07-22 10:51:03.884 Monthfile constructor: Using fixed path: | data/ |; file: | *log.txt
2026-07-22 10:51:032026-07-22 10:51:04.296 Information ReadMonthlyLogs: End
2026-07-22 10:51:04.307 Information Generate UserAskedData: Done2026-07-22 10:51:04.324 Information ReadMonthlyLogs: End
2026-07-22 10:51:04.338 Information Generate UserAskedData: DoneToday = 21/07/2026 19:11:04.
2026-07-22 10:51:04.338 Information DateIsToday for thisDate: 21/07/2026 19:11:04 | thisDate.DayOfYear: 202 versus Now.DayOfYear: 203)
2026-07-22 10:51:04.338 Information DateIsToday: thisSpan: 15:40:00.3383966 | thisSpan.TotalDays = 0.6527816944050926
2026-07-22 10:51:04.338 Information Generate UserAskedData: Must NOT generate the ALL Range.
2026-07-22 10:51:04.338 Information Generate UserAskedData - Loop over Chart: Overview)
2026-07-22 10:51:04.339 Information Generate UserAskedData - Testing temp into tempdata.json (Range is Recent)
2026-07-22 10:51:04.339 Information Generate UserAskedData - Testing dew into tempdata.json (Range is Recent)
2026-07-22 10:51:04.339 Information Generate UserAskedData - Testing press into pressdata.json (Range is Recent)
2026-07-22 10:51:04.339 Information Generate UserAskedData - Testing hum into humdata.json (Range is Recent)
2026-07-22 10:51:04.339 Information Generate UserAskedData - Testing SolarRad into solardata.json (Range is Recent)
2026-07-22 10:51:04.339 Information Generate UserAskedData - Testing rfall into raindata.json (Range is Recent)
2026-07-22 10:51:04.339 Information Generate UserAskedData - Loop over Chart: Temperature)
2026-07-22 10:51:04.339 Information Generate UserAskedData - Testing intemp into tempdata.json (Range is Recent)
2026-07-22 10:51:04.339 Information Generate UserAskedData - Testing temp into tempdata.json (Range is Recent)
2026-07-22 10:51:04.339 Information Generate UserAskedData - Testing feelslike into tempdata.json (Range is Recent)
2026-07-22 10:51:04.339 Information Generate UserAskedData - Testing dew into tempdata.json (Range is Recent)
2026-07-22 10:51:04.339 Information Generate UserAskedData - Loop over Chart: Wind)
2026-07-22 10:51:04.339 Information Generate UserAskedData - Testing wgust into winddata.json (Range is Recent)
2026-07-22 10:51:04.339 Information Generate UserAskedData - Testing wspeed into winddata.json (Range is Recent)
2026-07-22 10:51:04.339 Information Generate UserAskedData - Loop over Chart: WindDirection)
2026-07-22 10:51:04.339 Information Generate UserAskedData - Testing bearing into wdirdata.json (Range is Recent)
2026-07-22 10:51:04.339 Information Generate UserAskedData - Testing avgbearing into wdirdata.json (Range is Recent)
2026-07-22 10:51:04.339 Information Generate UserAskedData - Loop over Chart: Rain)
2026-07-22 10:51:04.339 Information Generate UserAskedData - Testing rfall into raindata.json (Range is Recent)
2026-07-22 10:51:04.339 Information Generate UserAskedData - Testing rrate into raindata.json (Range is Recent)
2026-07-22 10:51:04.339 Information Generate UserAskedData - Loop over Chart: Humidity)
2026-07-22 10:51:04.339 Information Generate UserAskedData - Testing hum into humdata.json (Range is Recent)
2026-07-22 10:51:04.339 Information Generate UserAskedData - Testing inhum into humdata.json (Range is Recent)
2026-07-22 10:51:04.339 Information Generate UserAskedData - Loop over Chart: Solar)
2026-07-22 10:51:04.339 Information Generate UserAskedData - Testing UV into solardata.json (Range is Recent)
2026-07-22 10:51:04.339 Information Generate UserAskedData - Testing SolarRad into solardata.json (Range is Recent)
2026-07-22 10:51:04.339 Information Generate UserAskedData - Testing CurrentSolarMax into solardata.json (Range is Recent)
2026-07-22 10:51:04.339 Information Generate UserAskedData - Loop over Chart: DailyTemp)
2026-07-22 10:51:04.339 Information Generate UserAskedData - Testing avgTemp into alldailytempdata.json (Range is Daily)
2026-07-22 10:51:04.339 Information Generate UserAskedData - Testing avgTemp into alldailytempdata.json (Range is Daily)
2026-07-22 10:51:04.340 Information Generate UserAskedData - Loop over Chart: DailyPressure)
2026-07-22 10:51:04.340 Information Generate UserAskedData - Testing minBaro into alldailypressdata.json (Range is Daily)
2026-07-22 10:51:04.340 Information Generate UserAskedData - Testing  into  (Range is Daily)
2026-07-22 10:51:04.340 Information DoAirLink / AirQualitySensor  = False / False
2026-07-22 10:51:04.340 Informati2026-07-22 10:51:04.461 Information PHP upload does not support compression
2026-07-22 10:51:04.462 Information UploadFil2026-07-22 10:51:04.475 Information PHP upload does not support compression
2026-07-22 10:51:04.475 Information UploadFile: Starting utils/maps.txt => maps.txt
2026-07-22 10:51:04.475 Information Upload File values: localfile: utils/maps.txt
2026-07-22 10:51:04.475 Information Upload File values: remotefile: maps.txt
2026-07-22 10:51:04.480 Information PHP Upload: starting ut2026-07-22 10:51:04.549 Information InetPhp: maps.txt: Response code = 200: OK
2026-07-22 10:51:04.549 Information InetPh2026-07-22 10:51:04.562 Information InetPhp: maps.txt: Response code = 200: OK
2026-07-22 10:51:04.562 Information InetPhp: maps.txt: Response text follows:
Opening text file maps.txt for replacement
Writing text file maps.txt
Write complete
2026-07-22 10:51:04.562 Information PHP UploadFile: Success
2026-07-22 10:51:04.563 Information UploadFile: Starting utils/systeminfoTable.txt => systeminfoTable.txt
2026-07-22 10:51:04.563 Information Upload File values: localfile: utils/systeminfoTable.txt
2026-07-22 10:51:04.563 Information Upload File values: remotefile: systeminfoTable.txt
2026-07-22 10:51:04.563 Information PHP Upload: starting utils/systeminfoTable.tx2026-07-22 10:51:04.581 Information InetPhp: systeminfoTable.txt: Response code = 200: OK
2026-07-22 10:51:04.581 Informa2026-07-22 10:51:04.595 Information InetPhp: systeminfoTable.txt: Response code = 200: OK
2026-07-22 10:51:04.595 Information InetPhp: systeminfoTable.txt: Response text follows:
Opening text file systeminfoTable.txt for replacement
Writing text file systeminfoTable.txt
Write complete
2026-07-22 10:51:04.595 Information PHP UploadFile: Success
2026-07-22 10:51:04.595 All done, Entering the finally section...; Closing down.
2026-07-22 10:51:04.595 Disposing Isup...
2026-07-22 10:51:04.596 Disposing Sup...
