2026-07-22 06:51:01.693 Information According to Inifile Info => Error: True, Warning: True, Info: True, Verbose: False, 
2026-07-22 06:51:01.720 CumulusUtils Initial: Shutting down the default listener
2026-07-22 06:51:01.721 Information Cumul2026-07-22 06:51:01.725 CumulusUtils Initial: Shutti2026-07-22 06:51:01.770  CUstrings[xx].ini : CUstringsEN.ini looked for.
2026-07-22 06:51:01.795  CumulusUtils version: 7.1.1 
2026-07-22 06:51:01.795  CuSupport constructor : Unit Wind (m/s, mph2026-07-22 06:51:01.800  CumulusUtils version: 7.1.1 
2026-07-22 06:51:01.804  CuSupport constructor : Unit Wind (m/s, mph, km/h, kts): mph
2026-07-22 06:51:01.805  CuSupport constructor : Unit Pressure (mb,hPa,inHg): hPa
2026-07-22 06:51:01.805  CuSupport constructor : Unit Rain (mm,in): mm
2026-07-22 06:51:01.805  CuSupport constructor : Unit T (C,F): °C
2026-07-22 06:51:01.806  CuSupport2026-07-22 06:51:01.820 InetSupport: Constructor starting
2026-07-22 06:51:01.879 CumulusUtils : ----------------------------
2026-07-22 06:51:01.879 CumulusUtils : Entering Main
2026-07-22 06:51:01.891 HelpTexts: starting
2026-07-22 06:51:01.935 Information HelpTexts Contructor: stop
2026-07-22 06:51:01.979 CommandLineArgs : starting
2026-07-22 06:51:01.979  CommandLineArgs : handling arg: sysinfo
2026-02026-07-22 06:51:01.983 CommandLineArgs : starting
2026-07-22 06:51:01.984  CommandLineArgs : handling arg: sysinfo
2026-07-22 06:51:01.984  CommandLineArgs : handling arg: UserAskedData
2026-072026-07-22 06:51:02.070 Information CumulusUtils : Read dayfile.txt succesfully - 930 records
2026-07-22 06:51:02.090 Information SystemStatus : starting
2026-07-22 06:51:02.122 Information GetUrlData Start: URL - http://localhost:8998/api/tags/process.json?version&build&Prog2026-07-22 06:51:02.127 Information GetUrlData Start: URL - h2026-07-22 06:51:02.522 CumulusMX Version: 4.5.2 build 4105
2026-07-22 06:51:02.534 Information  SystemStatus: Found device 12 GW1000/Ecowitt Local API
2026-07-22 06:51:02.535 Information ReplaceWebtagsPostAsync start:
2026-07-22 06:51:02.537 Information  PostUrlData Start: http://localhost:8998/api/tags/process.txt 
2026-07-22 06:51:02.532026-07-22 06:51:02.541 Information  PostUrl2026-07-22 06:51:02.571 Information PostUrlData success response : OK - OK
2026-07-22 06:51:02.577 SystemStatus : DoingUni2026-07-22 06:51:02.588 Information PostUrlData success response : OK - OK
2026-07-22 06:51:02.592 SystemStatus : DoingUnix
2026-07-22 06:2026-07-22 06:51:02.602 Information StartProcess cat: output=PRETTY_NAME="Debian GNU/Linux 12 (bookworm)"
2026-07-22 06:512026-07-22 06:51:02.610 Information StartProcess cat: output=PRETTY_NAME="Debian GNU/Linux 12 (bookworm)"
2026-07-22 06:51:02.610 Information StartProcess cat: output=NAME="Debian GNU/Linux"
2026-07-22 06:51:02.610 Information StartProcess cat: output=VERSION_ID="12"
2026-07-22 06:51:02.610 Information StartProcess cat: output=VERSION="12 (bookworm)"
2026-07-22 06:51:02.610 Information StartProcess cat: output=VERSION_CODENAME=bookworm
2026-07-22 06:51:02.610 Information StartProcess cat: output=ID=debian
2026-07-22 06:51:02.610 Information StartProcess cat: output=HOME_URL="https://www.debian.org/"
2026-07-22 06:51:02.610 Information StartProcess cat: output=SUPPORT_URL="https://www.debian.org/support"
2026-07-22 06:51:02.610 Information StartProcess cat: output=BUG_REPORT_URL="https://bugs.debian.org/"
2026-07-22 06:51:02.610 Information Found Linux NAME: PRETTY_NAME="Debian GNU/Linux 12 (bookworm)"
22026-07-22 06:51:02.614 Information StartProcess uptime: output=up 3 weeks, 4 days, 11 hours, 17 minutes
2026-07-22 06:51:2026-07-22 06:51:02.620 Information StartProcess uptime: output=up 3 weeks, 4 days, 11 hours, 17 minutes
2026-07-22 06:51:02.620 Information StartProcess lshw -quiet -class system
2026-07-22 06:51:02.623 Error System/Processor: Unknown (exception) - An error occurred trying to start process 'lshw' with working directory '/opt/CumulusMX'. No such file or directory
2026-07-22026-07-22 06:51:02.624 Information StartProcess uname: output=Linux 6.1.0-23-amd64 x86_64
2026-07-22 06:51:02.625 Informa2026-07-22 06:51:02.626 Informati2026-07-22 06:51:02.651 Information StartProcess lsb_release: output=Distributor ID:	Debian
2026-07-22 06:51:02.651 Inform2026-07-22 06:51:02.658 Information StartProcess lsb_release: output=Distributor ID:	Debian
2026-07-22 06:51:02.659 Information StartProcess lsb_release: output=Description:	Debian GNU/Linux 12 (bookworm)
2026-07-22 06:51:02.659 Information StartProcess lsb_release: output=Release:	12
2026-07-22 06:51:02.659 Information StartProcess lsb_release: output=Codename:	bookworm
2026-07-22 06:51:02.659 Information StartProcess dotnet --list-runtimes
2026-07-22 06:51:02.663 Information StartProcess dotnet: output=Microsoft.NE2026-07-22 06:51:02.666 Information StartProcess free: output=               total        used        free      shared  bu2026-07-22 06:51:02.670 Information StartProcess free: output=               total        used        free      shared  buff/cache   available
2026-07-22 06:51:02.670 Information StartProcess free: output=Mem:             960         363         508          31         259         597
2026-07-22 06:51:02.670 Information StartProcess free: ou2026-07-22 06:51:02.672 Information StartProcess d2026-07-22 06:51:02.672 Information StartProcess df -T -text4 -tvfat -h
2026-07-22 06:51:02.678 Information StartProcess df: output=Filesystem     Type  Size  Used Avail Use% Mounted on
2026-07-22 06:51:02.678 Infor2026-07-22 06:51:02.688 Information MapsOn: Starting
2026-07-22 06:51:02.695 Information  MapsOn: Adding Station: Westland202026-07-22 06:51:02.713 Information MapsOn: Before testing DoneToday after parsing: 21/07/2026 10:31:03 
2026-07-22 06:51:2026-07-22 06:51:02.719 Information MapsOn: Before testing DoneToday after parsing: 21/07/2026 10:31:03 
2026-07-22 062026-07-22 06:51:02.728 Information DateIsToday: thisSpan: 20:19:59.7144960 | thisSpan.TotalDays = 0.8472189177777778
20262026-07-22 06:51:02.732 Information DateIsToday: thisSpan: 20:19:59.7196744 | thisSpan.TotalDays = 0.847218977712963
2026-07-22 06:51:02.732 Information MapsOn: Must NOT send signature, has been done already : 2026-07-21T10:31:03
2026-07-22 06:51:02.732 Information Fetch Map: Fetch2026-07-22 06:51:03.898 Information Main: <!--
 This file is generated as part of CumulusUti
2026-07-22 06:51:03.899 Info2026-07-22 06:51:03.918 Information Main: <!--
 This file is generated as part of CumulusUti
2026-07-22 06:51:032026-07-22 06:51:03.948 Information CustomLogs constructor: starting
2026-07-22 06:51:03.981 Information CustomLogs WebtagInfo constructor: number of defined Webtag Units: 400, everything OK2026-07-22 06:51:03.994 Information CustomLogs WebtagInfo constructor2026-07-22 06:51:04.017 DefineUsercharts: Parsing User charts definitions - starting
2026-07-22 06:51:04.017 Information 2026-07-22 06:51:04.028 DefineUsercharts: Parsing 2026-07-22 06:51:04.038 Information Parsing User Charts Definitions : Chart Temperature'
2026-07-22 06:51:04.039 Informat2026-07-22 06:51:04.054 Information Parsing User Charts Definitions : Chart Temperature'
2026-07-22 06:51:04.055 Information Parsing User Charts Definitions : Chart Wind'
2026-07-22 06:51:04.055 Information Parsing User Charts Definitions : Chart WindDirection'
2026-07-22 06:51:04.055 Information Parsing User Charts Definitions : Chart Rain'
2026-07-22 06:51:04.055 Information Parsing User Charts Definitions : Chart Humidity'
2026-07-22 06:51:04.055 Information Parsing User Charts Definitions : Chart Solar'
2026-07-22 06:51:04.055 Information Parsing User Charts D2026-07-22 06:51:04.056 Information Parsing User Charts: Evaluating Expression '(MinBarometer+MaxBarometer)/2'.
2026-07-22 06:51:04.079 Generating Compiler UserAskedData: Starting
2026-07-22 06:51:04.085 Information GenerateUserAsked2026-07-22 06:51:04.096 Generating Compiler UserAskedData: Starting
2026-07-22 06:51:04.101 Information GenerateUserAskedData: timeStart = 22/07/2026 06:42:00; timeEnd = 22/07/2026 06:51:00
2026-07-22 06:51:04.102 Monthf2026-07-22 06:51:04.107 Information ReadPartialMonthlyLogs: reading 202607log.txt
2026-07-22 06:51:04.429 Information ReadMonthlyLogs: End
2026-07-22 06:51:04.444 Information Generate UserAskedData: DoneToday = 21/07/2026 19:11:04.
2026-07-22 06:51:04.444 Info2026-07-22 06:51:04.451 Information Generate UserAskedData: DoneToday = 21/07/2026 19:11:04.
2026-07-22 06:51:04.451 Information DateIsToday for thisDate: 21/07/2026 19:11:04 | thisDate.DayOfYear: 202 versus Now.DayOfYear: 203)
2026-07-22 06:51:04.452 Information DateIsToday: thisSpan: 11:40:00.4519639 | thisSpan.TotalDays = 0.4861163421747685
2026-07-22 06:51:04.452 Information Generate UserAskedData: Must NOT generate the ALL Range.
2026-07-22 06:51:04.452 Information Generate UserAskedData - Loop over Chart: Overview)
2026-07-22 06:51:04.457 Information Generate UserAskedData - Testing temp into tempdata.json (Range is Recent)
2026-07-22 06:51:04.457 Information Generate UserAskedData - Testing dew into tempdata.json (Range is Recent)
2026-07-22 06:51:04.457 Information Generate UserAskedData - Testing press into pressdata.json (Range is Recent)
2026-07-22 06:51:04.457 Information Generate UserAskedData - Testing hum into humdata.json (Range is Recent)
2026-07-22 06:51:04.457 Information Generate UserAskedData - Testing SolarRad into solardata.json (Range is Recent)
2026-07-22 06:51:04.457 Information Generate UserAskedData - Testing rfall into raindata.json (Range is Recent)
2026-07-22 06:51:04.457 Information Generate UserAskedData - Loop over Chart: Temperature)
2026-07-22 06:51:04.457 Information Generate UserAskedData - Testing intemp into tempdata.json (Range is Recent)
2026-07-22 06:51:04.457 Information Generate UserAskedData - Testing temp into tempdata.json (Range is Recent)
2026-07-22 06:51:04.457 Information Generate UserAskedData - Testing feelslike into tempdata.json (Range is Recent)
2026-07-22 06:51:04.457 Information Generate UserAskedData - Testing dew into tempdata.json (Range is Recent)
2026-07-22 06:51:04.457 Information Generate UserAskedData - Loop over Chart: Wind)
2026-07-22 06:51:04.457 Information Generate UserAskedData - Testing wgust into winddata.json (Range is Recent)
2026-07-22 06:51:04.457 Information Generate UserAskedData - Testing wspeed into winddata.json (Range is Recent)
2026-07-22 06:51:04.457 Information Generate UserAskedData - Loop over Chart: WindDirection)
2026-07-22 06:51:04.457 Information Generate UserAskedData - Testing bearing into wdirdata.json (Range is Recent)
2026-07-22 06:51:04.457 Information Generate UserAskedData - Testing avgbearing into wdirdata.json (Range is Recent)
2026-07-22 06:51:04.457 Information Generate UserAskedData - Loop over Chart: Rain)
2026-07-22 06:51:04.457 Information Generate UserAskedData - Testing rfall into raindata.json (Range is Recent)
2026-07-22 06:51:04.457 Information Generate UserAskedData - Testing rrate into raindata.json (Range is Recent)
2026-07-22 06:51:04.457 Information Generate UserAskedData - Loop over Chart: Humidity)
2026-07-22 06:51:04.457 Information Generate UserAskedData - Testing hum into humdata.json (Range is Recent)
2026-07-22 06:51:04.457 Information Generate UserAskedData - Testing inhum into humdata.json (Range is Recent)
2026-07-22 06:51:04.457 Information Generate UserAskedData - Loop over Chart: Solar)
2026-07-22 06:51:04.457 Information Generate UserAskedData - Testing UV into solardata.json (Range is Recent)
2026-07-22 06:51:04.457 Information Generate UserAskedData - Testing SolarRad into solardata.json (Range is Recent)
2026-07-22 06:51:04.457 Information Generate UserAskedData - Testing CurrentSolarMax into solardata.json (Range is Recent)
2026-07-22 06:51:04.457 Information Generate UserAskedData - Loop over Chart: DailyTemp)
2026-07-22 06:51:04.457 Information Generate UserAskedData - Testing avgTemp into alldailytempdata.json (Range is Daily)
2026-07-22 06:51:04.457 Information Generate UserAskedData - Testing avgTemp into alldailytempdata.json (Range is Daily)
2026-07-22 06:51:04.457 Information Generate UserAskedData - Loop over Chart: DailyPressure)
2026-07-22 06:51:04.457 Information Generate UserAskedData - Testing minBaro into alldailypressdata.json (Range is Daily)
2026-07-22 06:51:04.457 Information Generate UserAskedData - Testing  into  (Range is Daily)
2026-07-22 06:51:04.457 Information DoAirLink / AirQualitySensor  = False / False
2026-07-22 06:51:04.457 Informati2026-07-22 06:51:04.654 Information PHP upload does not support compression
2026-07-22 06:51:04.654 Information UploadFile: Starting utils/maps.txt => maps.txt
2026-07-22 06:51:04.655 Information Upload File values: localfile: utils/maps.txt
2026-07-22 06:51:04.655 Information Upload File values: remotefile: maps.txt
2026-07-22 06:51:04.660 Information PHP Upload: starting utils/maps.txt
2026-07-22 06:51:04.661 Information Incremental = False; filename = maps.txt; ext = .txt; HoursInGraph = 72
2026-07-22 06:51:04.733 Information InetPhp: maps.txt: Response code = 200: OK
2026-07-22 06:51:04.733 Information InetPhp: maps.txt: Response text follows:
Opening text file maps.txt for replacement
Writing text file maps.txt
Write complete
2026-07-22 06:51:04.733 Information PHP UploadFile: Success
2026-07-22 06:51:04.733 Information UploadFile: Starting utils/systeminfoTable.txt => systeminfoTable.txt
2026-07-22 06:51:04.733 Information Upload File values: localfile: utils/systeminfoTable.txt
2026-07-22 06:51:04.733 Information Upload File values: remotefile: systeminfoTable.txt
2026-07-22 06:51:04.734 Information PHP Upload: starting utils/systeminfoTable.txt
2026-07-22 06:51:04.734 Information Incremental = False; filename = systeminfoTable.txt; ext = .txt; HoursInGraph = 72
2026-07-22 06:51:04.764 Information InetPhp: systeminfoTable.txt: Response code = 200: OK
2026-07-22 06:51:04.764 Information InetPhp: systeminfoTable.txt: Response text follows:
Opening text file systeminfoTable.txt for replacement
Writing text file systeminfoTable.txt
Write complete
2026-07-22 06:51:04.764 Information PHP UploadFile: Success
2026-07-22 06:51:04.764 All done, Entering the finally section...; Closing down.
2026-07-22 06:51:04.764 Disposing Isup...
2026-07-22 06:51:04.764 Disposing Sup...
the finally section...; Closing down.
2026-07-22 06:51:04.727 Disposing Isup...
2026-07-22 06:51:04.727 Disposing Sup...
