2026-07-21 15:31:01.789 Information According to Inifile Info => Error: True, Warning: True, Info: True, Verbose: False, 
2026-07-21 15:31:01.821 CumulusUtils Initial: Shutting down the default listener
2026-07-21 15:31:01.821 Information CumulusUtils Initial: Shutting down the default listener
2026-07-21 15:31:01.870  CUstrings[xx].ini : CUstringsEN.ini looked for.
2026-07-21 15:31:01.890  CumulusUtils version: 7.1.1 
2026-07-21 15:31:01.890  CuSupport constructor : Unit Wind (m/s, mph, km/h, kts): mph
2026-07-21 15:31:01.891  CuSupport constructor : Unit Pressure (mb,hPa,inHg): hPa
22026-07-21 15:31:01.996  CUstrings[xx].ini : CUstringsEN.ini looked for.
2026-07-21 15:31:02.023  CumulusUtils version: 7.1.1 
2026-07-21 15:31:02.024  CuSupport constructor : Unit Wind (m/s, mph, km/h, kts): mph
2026-07-21 15:31:02.024  CuSupport constructor : Unit Pressure (mb,hPa,inHg): hPa
2026-07-21 15:31:02.024  CuSupport constructor : Unit Rain (mm,in): mm
2026-07-21 15:31:02.025  CuSupport constructor : Unit T (C,F): °C
2026-07-21 15:31:02.025  CuSupport constructor : Unit Distance (m, mi, km, kn): mi
2026-07-21 15:31:02.025  CuSupport constructor : Unit Height (m, ft): ft
2026-07-21 15:31:02.043 InetSupport: Constructor starting
2026-07-21 15:31:02.110 CumulusUtils : ----------------------------
2026-07-21 15:31:02.110 CumulusUtils : Entering Main
2026-07-21 15:31:02.119 HelpTexts: starting
2026-07-21 15:31:02.166 Information HelpTexts Contructor: stop
2026-07-21 15:31:02.210 CommandLineArgs : starting
2026-07-21 15:31:02.210  CommandLineArgs : handling arg: sysinfo
2026-07-21 15:31:02.210  CommandLineArgs : handling arg: UserAskedData
2026-07-21 15:31:02.210  CommandLineArgs : handling arg: UserReports
2026-07-21 15:31:02.211 Dayfile: Reading the dayfile.txt...
2026-07-21 15:31:02.312 Information Cumul2026-07-21 15:31:02.566 CumulusMX Version: 4.5.2 build 4105
2026-07-21 15:31:02.573 Information  SystemStatus: Found device 12 GW1000/Ecowitt Local API
2026-07-21 15:31:02.574 Information ReplaceWebtagsPostAsync start:
2026-07-21 15:31:02.580 Information  PostUrlData Start: http://localhost:89982026-07-21 15:31:02.748 CumulusMX Version: 4.5.2 build 4105
2026-07-21 15:31:02.760 Information  SystemStatus: Found device 12 GW1000/Ecowitt Local API
2026-07-21 15:31:02.765 Information ReplaceWebtagsPostAsync start:
2026-07-21 15:31:02.767 Information  PostUrlData Start: http://localhost:8998/api/tags/process.txt 
2026-07-21 15:31:02.767 Information PostUrlData Calling PostAsync
2026-07-21 15:31:02.805 Information PostUrlData success response : OK - OK
2026-07-21 15:31:02.813 SystemStatus : DoingUnix
2026-07-21 15:31:02.815 Information SystemStatus : DoingUnix Start
2026-07-21 15:31:02.819 Information StartProcess cat /etc/os-release
2026-07-21 15:31:02.826 Information StartProcess cat: output=PRETTY_NAME="Debian GNU/Linux 12 (bookworm)"
2026-07-21 15:31:02.826 Information StartProcess cat: output=NAME="Debian GNU/Linux"
2026-07-21 15:31:02.826 Information StartProcess cat: output=VERSION_ID="12"
2026-07-21 15:31:02.826 Information StartProcess cat: output=VERSION="12 (bookworm)"
2026-07-21 15:31:02.826 Information StartProcess cat: output=VERSION_CODENAME=bookworm
2026-07-21 15:31:02.826 Information StartProcess cat: output=ID=debian
2026-07-21 15:31:02.826 Information StartProcess cat: output=HOME_URL="https://www.debian.org/"
2026-07-21 15:31:02.826 Information StartProcess cat: output=SUPPORT_URL="https://www.debian.org/support"
2026-07-21 15:31:02.826 Information StartProcess cat: output=BUG_REPORT_URL="https://bugs.debian.org/"
2026-07-21 15:31:02.828 Information Found Linux NAME: PRETTY_NAME="Debian GNU/Linux 12 (bookworm)"
2026-07-21 15:31:02.829 Information Using Linux dialect: Debian
2026-07-21 15:31:02.829 Information StartProcess uptime -p
2026-07-21 15:31:02.832 Information StartProcess uptime: output=up 3 weeks, 3 days, 19 hours, 57 minutes
2026-07-21 15:31:02.832 Information StartProcess lshw -quiet -class system
2026-07-21 15:31:02.834 Error System/Processor: Unknown (exception) - An error occurred trying to start process 'lshw' with working directory '/opt/CumulusMX'. No such file or directory
2026-07-21 15:31:02.835 Please install lshw (apt-get install lshw)
2026-07-21 15:31:02.835 Information StartProcess uname -s -r -m
2026-07-21 15:31:02.836 Information StartProcess uname: output=Linux 6.1.0-23-amd64 x86_64
2026-07-21 15:31:02.836 Information StartProcess lsb_release -a
2026-07-21 15:31:02.850 Information StartProcess lsb_release: output=Distributor ID:	Debian
2026-07-21 15:31:02.850 Information StartProcess lsb_release: output=Description:	Debian GNU/Linux 12 (bookworm)
2026-07-21 15:31:02.850 Information StartProcess lsb_release: output=Release:	12
2026-07-21 15:31:02.850 Information StartProcess lsb_release: output=Codename:	bookworm
2026-07-21 15:31:02.850 Information StartProcess dotnet --list-runtimes
2026-07-21 15:31:02.855 Information StartProcess dotnet: output=Microsoft.NETCore.App 8.0.8 [/usr/share/dotnet/shared/Microsoft.NETCore.App]
2026-07-21 15:31:02.855 Information StartProcess free -m
2026-07-21 15:31:02.858 Information StartProcess free: output=               total        used        free      shared  buff/cache   available
2026-07-21 15:31:02.858 Information StartProcess free: output=Mem:             960         374         413          32         352         586
2026-07-21 15:31:02.858 Information StartProcess free: output=Swap:            974          75         899
2026-07-21 15:31:02.859 Information StartProcess df -T -text4 -tvfat -h
2026-07-21 15:31:02.860 Information StartProcess df: output=Filesystem     Type  Size  Used Avail Use% Mounted on
2026-07-21 15:31:02.860 Information StartProcess df: output=/dev/sda1      ext4   31G  7.6G   22G  27% /
2026-07-21 15:31:02.863 USerReports: Starting
2026-07-21 15:31:02.869 Information MapsOn: Starting
2026-07-21 15:31:02.874 Information  MapsOn: Adding Station: Westlands
2026-07-21 15:31:02.881 Information MapsOn: Before testing DoneToday after parsing: 21/07/2026 10:31:03 
2026-07-21 15:31:02.882 Information DateIsToday for thisDate: 21/07/2026 10:31:03 | thisDate.DayOfYear: 202 versus Now.DayOfYear: 202)
2026-07-21 15:31:02.888 Information DateIsToday: thisSpan: 04:59:59.8824558 | thisSpan.TotalDays = 0.208331972026-07-21 15:31:03.824 Information Main: <!--
 This file is generated as part of CumulusUti
2026-07-21 15:31:03.825 Information UserAskedData Starting...
2026-07-21 15:31:03.825 Information UserAskedData Doing the compiler stuff...
2026-07-21 15:31:03.849 Information CustomLogs constructor: sta2026-02026-07-21 15:31:03.869 Information CustomLogs WebtagInfo constructor: number of defined Webtag Units: 400, everything OK. 
2026-07-21 15:31:03.870 Information Custom Logs constructor: stop
2026-07-21 15:31:03.895 DefineUsercharts: Parsing User charts definitions - starting
2026-07-21 15:31:03.82026-07-21 15:31:03.900 Information CustomLogs WebtagInfo constru2026-07-21 15:31:03.911 Information Parsing User Charts Definitions : Chart Temperature'
2026-07-21 15:31:03.911 Information 2026-07-21 15:31:03.926 DefineUsercharts: Parsing User charts definitions - starting
2026-07-21 15:31:03.927 Information Parsing User Charts Definitions : Chart Overview'
2026-07-21 15:31:03.946 Information Parsing User Charts Definitions : Chart Temperature'
2026-07-21 15:31:03.946 Information Parsing User Charts Definitions : Chart Wind'
2026-07-21 15:31:03.946 Information Parsing User Charts Definitions : Chart WindDirection'
2026-07-21 15:31:03.946 Information Parsing User Charts Definitions : Chart Rain'
2026-07-21 15:31:03.946 Information Parsing User Charts Definitions : Chart Humidity'
2026-07-21 15:31:03.946 Information Parsing User Charts Definitions : Chart Solar'
2026-07-21 15:31:03.946 Information Parsing User Charts Definitions : Chart DailyTemp'
2026-07-21 15:31:03.947 Information Parsing User Charts Definitions : Chart DailyPressure'
2026-07-21 15:31:03.954 Information Parsing User Charts: Evaluating Expression '(MinBarometer+MaxBarometer)/2'.
2026-07-21 15:31:03.968 Generating Compiler UserAskedData: Starting
2026-07-21 15:31:03.973 Information GenerateUserAskedData: 2026-07-21 15:31:04.267 Information ReadMonthlyLogs: End
2026-07-21 15:31:04.279 Information Generate UserAskedData: DoneToday = 20/07/2026 19:01:04.
2026-07-21 15:31:04.279 Information DateIsToday for thisDate: 20/07/2026 19:01:04 | thisDate.DayOfYear: 201 versus Now.DayOfYear: 202)
2026-07-21 2026-07-21 15:31:04.293 Information ReadMonthlyLogs: End
2026-07-21 15:31:04.304 Information Generate UserAskedData: DoneToday = 20/07/2026 19:01:04.
2026-07-21 15:31:04.304 Information DateIsToday for thisDate: 20/07/2026 19:01:04 | thisDate.DayOfYear: 201 versus Now.DayOfYear: 202)
2026-07-21 15:31:04.307 Information DateIsToday: thisSpan: 20:30:00.3044120 | thisSpan.TotalDays = 0.8541701899537038
2026-07-21 15:31:04.308 Information Generate UserAskedData: Must NOT generate the ALL Range.
2026-07-21 15:31:04.308 Information Generate UserAskedData - Loop over Chart: Overview)
2026-07-21 15:31:04.309 Information Generate UserAskedData - Testing temp into tempdata.json (Range is Recent)
2026-07-21 15:31:04.309 Information Generate UserAskedData - Testing dew into tempdata.json (Range is Recent)
2026-07-21 15:31:04.309 Information Generate UserAskedData - Testing press into pressdata.json (Range is Recent)
2026-07-21 15:31:04.309 Information Generate UserAskedData - Testing hum into humdata.json (Range is Recent)
2026-07-21 15:31:04.309 Information Generate UserAskedData - Testing SolarRad into solardata.json (Range is Recent)
2026-07-21 15:31:04.309 Information Generate UserAskedData - Testing rfall into raindata.json (Range is Recent)
2026-07-21 15:31:04.309 Information Generate UserAskedData - Loop over Chart: Temperature)
2026-07-21 15:31:04.309 Information Generate UserAskedData - Testing intemp into tempdata.json (Range is Recent)
2026-07-21 15:31:04.309 Information Generate UserAskedData - Testing temp into tempdata.json (Range is Recent)
2026-07-21 15:31:04.309 Information Generate UserAskedData - Testing feelslike into tempdata.json (Range is Recent)
2026-07-21 15:31:04.309 Information Generate UserAskedData - Testing dew into tempdata.json (Range is Recent)
2026-07-21 15:31:04.309 Information Generate UserAskedData - Loop over Chart: Wind)
2026-07-21 15:31:04.309 Information Generate UserAskedData - Testing wgust into winddata.json (Range is Recent)
2026-07-21 15:31:04.309 Information Generate UserAskedData - Testing wspeed into winddata.json (Range is Recent)
2026-07-21 15:31:04.309 Information Generate UserAskedData - Loop over Chart: WindDirection)
2026-07-21 15:31:04.309 Information Generate UserAskedData - Testing bearing into wdirdata.json (Range is Recent)
2026-07-21 15:31:04.309 Information Generate UserAskedData - Testing avgbearing into wdirdata.json (Range is Recent)
2026-07-21 15:31:04.309 Information Generate UserAskedData - Loop over Chart: Rain)
2026-07-21 15:31:04.309 Information Generate UserAskedData - Testing rfall into raindata.json (Range is Recent)
2026-07-21 15:31:04.309 Information Generate UserAskedData - Testing rrate into raindata.json (Range is Recent)
2026-07-21 15:31:04.309 Information Generate UserAskedData - Loop over Chart: Humidity)
2026-07-21 15:31:04.309 Information Generate UserAskedData - Testing hum into humdata.json (Range is Recent)
2026-07-21 15:31:04.309 Information Generate UserAskedData - Testing inhum into humdata.json (Range is Recent)
2026-07-21 15:31:04.309 Information Generate UserAskedData - Loop over Chart: Solar)
2026-07-21 15:31:04.309 Information Generate UserAskedData - Testing UV into solardata.json (Range is Recent)
2026-07-21 15:31:04.309 Information Generate UserAskedData - Testing SolarRad into solardata.json (Range is Recent)
2026-07-21 15:31:04.309 Information Generate UserAskedData - Testing CurrentSolarMax into solardata.json (Range is Recent)
2026-07-21 15:31:04.309 Information Generate UserAskedData - Loop over Chart: DailyTemp)
2026-07-21 15:31:04.309 Information Generate UserAskedData - Testing avgTemp into alldailytempdata.json (Range is Daily)
2026-07-21 15:31:04.309 Information Generate UserAskedData - Testing avgTemp into alldailytempdata.json (Range is Daily)
2026-07-21 15:31:04.309 Information Generate UserAskedData - Loop over Chart: DailyPressure)
2026-07-21 15:31:04.309 Information Generate UserAskedData - Testing minBaro into alldailypressdata.json (Range is Daily)
2026-07-21 15:31:04.309 Informati2026-07-21 15:31:04.437 Information PHP upload does not support compression
2026-07-21 15:31:04.437 Information UploadFile: Starting utils/maps.txt => maps.txt
2026-07-21 15:31:04.438 Information Upload File values: localfile: utils/maps.txt
2026-07-21 15:31:04.438 Information Upload File values2026-07-21 15:31:04.486 Information PHP upload does not support compression
2026-07-21 15:31:04.486 Information UploadFile: Starting utils/maps.txt => maps.txt
2026-07-21 15:31:04.486 Information Upload 2026-07-21 15:31:04.522 Information InetPhp: maps.txt: Response code = 200: OK
2026-07-21 15:31:04.522 Information InetPhp: maps.txt: Response text follows:
Opening text file maps.txt for replacement
Writing text file maps.txt
Write complete
2026-07-21 15:31:04.522 Information PHP UploadFile: Su2026-07-21 15:31:04.570 Information InetPhp: maps.txt: Response code = 200: OK
2026-07-21 15:31:04.570 Information InetPhp: maps.txt: Response text follows:
Opening text file maps.txt for replacement
Writing text file maps.txt
Write complete
2026-07-21 15:31:04.570 Information PHP UploadFile: Success
2026-07-21 15:31:04.570 Information UploadFile: Starting utils/systeminfoTable.txt => systeminfoTable.txt
2026-07-21 15:31:04.570 Information Upload File values: localfile: utils/systeminfoTable.txt
2026-07-21 15:31:04.570 Information Upload File values: remotefile: systeminfoTable.txt
2026-07-21 15:31:04.570 Information PHP Upload: starting utils/systeminfoTable.txt
2026-07-21 15:31:04.570 Information Incremental = False; filename = systeminfoTable.txt; ext = .txt; HoursInGraph = 72
2026-07-21 15:31:04.603 Information InetPhp: systeminfoTable.txt: Response code = 200: OK
2026-07-21 15:31:04.604 Information InetPhp: systeminfoTable.txt: Response text follows:
Opening text file systeminfoTable.txt for replacement
Writing text file systeminfoTable.txt
Write complete
2026-07-21 15:31:04.604 Information PHP UploadFile: Success
2026-07-21 15:31:04.604 All done, Entering the finally section...; Closing down.
2026-07-21 15:31:04.604 Disposing Isup...
2026-07-21 15:31:04.604 Disposing Sup...
