2026-07-20 22:31:02.093 Information According to Inifile Info => Error: True, Warning: True, Info: True, Verbose: False, 
2026-07-20 22:31:02.120 CumulusUtils Initial: Shutting down the default listener
2026-07-20 22:31:02.120 Information CumulusUtils Initial: Shutting down the default listener
2026-07-20 22:31:02.151  CUstrings[xx].ini : CUstringsEN.ini looked for.
2026-07-20 22:31:02.165  CumulusUtils version: 7.1.1 
2026-07-20 22:31:02.165  CuSupport constructor : Unit Wind (m/s, mph, km/h, kts): mph
2026-07-20 22:31:02.165  CuSupport constructor : Unit Pressure (mb,hPa,inHg): hPa
2026-07-20 22:31:02.166  CuSupport constructor : Unit Rain (mm,in): mm
2026-07-20 22:31:02.166  CuSupport constructor : Unit T (C,F): °C
2026-07-20 22:31:02.166  CuSupport constructor : Unit Distance (m, mi, km, kn): mi
2026-07-20 22:31:02.167  CuSupport constructor : Unit Height (m, ft): ft
2026-07-20 22:31:02.174 InetSupport: Constructor starting
2026-07-20 22:31:02.206 CumulusUtils : ----------------------------
2026-07-20 22:31:02.207 CumulusUtils : Entering Main
2026-07-20 22:31:02.222 HelpTexts: starting
2026-07-20 22:31:02.253 Information HelpTexts Contructor: stop
2026-07-20 22:31:02.278 CommandLineArgs : starting
2026-07-20 22:31:02.278  CommandLineArgs : handling arg: sysinfo
2026-07-20 22:31:02.278  CommandLineArgs : handling arg: UserAskedData
2026-07-20 22:31:02.278  CommandLineArgs : handling arg: UserReports
2026-07-20 22:31:02.279 Dayfile: Reading the dayfile.txt...
2026-07-20 22:31:02.324 Information CumulusUtils : Read dayfile.txt succesfully - 928 records
2026-07-20 22:31:02.339 Information SystemStatus : starting
2026-07-20 22:31:02.356 Information GetUrlData Start: URL - http://localhost:8998/api/tags/process.json?version&build&ProgramUpTime&NewBuildAvailable&NewBuildNumber&CpuCount&CPUTemp 
2026-07-20 22:31:02.564 CumulusMX Version: 4.5.2 build 4105
2026-07-20 22:31:02.568 Information  SystemStatus: Found device 12 GW1000/Ecowitt Local API
2026-07-20 22:31:02.569 Information ReplaceWebtagsPostAsync start:
2026-07-20 22:31:02.571 Information  PostUrlData Start: http://localhost:8998/api/tags/process.txt 
2026-07-20 22:31:02.571 Information PostUrlData Calling PostAsync
2026-07-20 22:31:02.588 Information PostUrlData success response : OK - OK
2026-07-20 22:31:02.591 SystemStatus : DoingUnix
2026-07-20 22:31:02.592 Information SystemStatus : DoingUnix Start
2026-07-20 22:31:02.595 Information StartProcess cat /etc/os-release
2026-07-20 22:31:02.601 Information StartProcess cat: output=PRETTY_NAME="Debian GNU/Linux 12 (bookworm)"
2026-07-20 22:31:02.602 Information StartProcess cat: output=NAME="Debian GNU/Linux"
2026-07-20 22:31:02.602 Information StartProcess cat: output=VERSION_ID="12"
2026-07-20 22:31:02.602 Information StartProcess cat: output=VERSION="12 (bookworm)"
2026-07-20 22:31:02.602 Information StartProcess cat: output=VERSION_CODENAME=bookworm
2026-07-20 22:31:02.602 Information StartProcess cat: output=ID=debian
2026-07-20 22:31:02.602 Information StartProcess cat: output=HOME_URL="https://www.debian.org/"
2026-07-20 22:31:02.602 Information StartProcess cat: output=SUPPORT_URL="https://www.debian.org/support"
2026-07-20 22:31:02.602 Information StartProcess cat: output=BUG_REPORT_URL="https://bugs.debian.org/"
2026-07-20 22:31:02.603 Information Found Linux NAME: PRETTY_NAME="Debian GNU/Linux 12 (bookworm)"
2026-07-20 22:31:02.604 Information Using Linux dialect: Debian
2026-07-20 22:31:02.604 Information StartProcess uptime -p
2026-07-20 22:31:02.607 Information StartProcess uptime: output=up 3 weeks, 3 days, 2 hours, 57 minutes
2026-07-20 22:31:02.607 Information StartProcess lshw -quiet -class system
2026-07-20 22:31:02.609 Error System/Processor: Unknown (exception) - An error occurred trying to start process 'lshw' with working directory '/opt/CumulusMX'. No such file or directory
2026-07-20 22:31:02.609 Please install lshw (apt-get install lshw)
2026-07-20 22:31:02.609 Information StartProcess uname -s -r -m
2026-07-20 22:31:02.611 Information StartProcess uname: output=Linux 6.1.0-23-amd64 x86_64
2026-07-20 22:31:02.611 Information StartProcess lsb_release -a
2026-07-20 22:31:02.625 Information StartProcess lsb_release: output=Distributor ID:	Debian
2026-07-20 22:31:02.625 Information StartProcess lsb_release: output=Description:	Debian GNU/Linux 12 (bookworm)
2026-07-20 22:31:02.625 Information StartProcess lsb_release: output=Release:	12
2026-07-20 22:31:02.625 Information StartProcess lsb_release: output=Codename:	bookworm
2026-07-20 22:31:02.626 Information StartProcess dotnet --list-runtimes
2026-07-20 22:31:02.629 Information StartProcess dotnet: output=Microsoft.NETCore.App 8.0.8 [/usr/share/dotnet/shared/Microsoft.NETCore.App]
2026-07-20 22:31:02.629 Information StartProcess free -m
2026-07-20 22:31:02.633 Information StartProcess free: output=               total        used        free      shared  buff/cache   available
2026-07-20 22:31:02.633 Information StartProcess free: output=Mem:             960         333         435          22         360         627
2026-07-20 22:31:02.633 Information StartProcess free: output=Swap:            974          76         898
2026-07-20 22:31:02.633 Information StartProcess df -T -text4 -tvfat -h
2026-07-20 22:31:02.635 Information StartProcess df: output=Filesystem     Type  Size  Used Avail Use% Mounted on
2026-07-20 22:31:02.635 Information StartProcess df: output=/dev/sda1      ext4   31G  7.6G   22G  27% /
2026-07-20 22:31:02.638 USerReports: Starting
2026-07-20 22:31:02.644 Information MapsOn: Starting
2026-07-20 22:31:02.648 Information  MapsOn: Adding Station: Westlands
2026-07-20 22:31:02.655 Information MapsOn: Before testing DoneToday after parsing: 20/07/2026 10:31:03 
2026-07-20 22:31:02.656 Information DateIsToday for thisDate: 20/07/2026 10:31:03 | thisDate.DayOfYear: 201 versus Now.DayOfYear: 201)
2026-07-20 22:31:02.663 Information DateIsToday: thisSpan: 11:59:59.6563737 | thisSpan.TotalDays = 0.49999602284375
2026-07-20 22:31:02.672 Information MapsOn: Must NOT send signature, has been done already : 2026-07-20T10:31:03
2026-07-20 22:31:02.672 Information Fetch Map: Fetching the generated map
2026-07-20 22:31:02.672 Information GetUrlData Start: URL - https://meteo-wagenborgen.nl/maps.txt 
2026-07-20 22:31:03.219 Information Main: <!--
 This file is generated as part of CumulusUti
2026-07-20 22:31:03.221 Information UserAskedData Starting...
2026-07-20 22:31:03.222 Information UserAskedData Doing the compiler stuff...
2026-07-20 22:31:03.236 Information CustomLogs constructor: starting
2026-07-20 22:31:03.245 Information CustomLogs WebtagInfo constructor: number of defined Webtag Units: 400, everything OK. 
2026-07-20 22:31:03.246 Information Custom Logs constructor: stop
2026-07-20 22:31:03.261 DefineUsercharts: Parsing User charts definitions - starting
2026-07-20 22:31:03.261 Information Parsing User Charts Definitions : Chart Overview'
2026-07-20 22:31:03.268 Information Parsing User Charts Definitions : Chart Temperature'
2026-07-20 22:31:03.268 Information Parsing User Charts Definitions : Chart Wind'
2026-07-20 22:31:03.268 Information Parsing User Charts Definitions : Chart WindDirection'
2026-07-20 22:31:03.269 Information Parsing User Charts Definitions : Chart Rain'
2026-07-20 22:31:03.269 Information Parsing User Charts Definitions : Chart Humidity'
2026-07-20 22:31:03.269 Information Parsing User Charts Definitions : Chart Solar'
2026-07-20 22:31:03.269 Information Parsing User Charts Definitions : Chart DailyTemp'
2026-07-20 22:31:03.269 Information Parsing User Charts Definitions : Chart DailyPressure'
2026-07-20 22:31:03.272 Information Parsing User Charts: Evaluating Expression '(MinBarometer+MaxBarometer)/2'.
2026-07-20 22:31:03.283 Generating Compiler UserAskedData: Starting
2026-07-20 22:31:03.284 Information GenerateUserAskedData: timeStart = 20/07/2026 22:22:00; timeEnd = 20/07/2026 22:31:00
2026-07-20 22:31:03.285 Monthfile constructor: Using fixed path: | data/ |; file: | *log.txt
2026-07-20 22:31:03.290 ReadPartialMonthlyLogs: Starting.
2026-07-20 22:31:03.295 Information ReadPartialMonthlyLogs: reading 202607log.txt
2026-07-20 22:31:03.447 Information ReadMonthlyLogs: End
2026-07-20 22:31:03.453 Information Generate UserAskedData: DoneToday = 20/07/2026 19:01:04.
2026-07-20 22:31:03.453 Information DateIsToday for thisDate: 20/07/2026 19:01:04 | thisDate.DayOfYear: 201 versus Now.DayOfYear: 201)
2026-07-20 22:31:03.453 Information DateIsToday: thisSpan: 03:29:59.4536445 | thisSpan.TotalDays = 0.14582700977430554
2026-07-20 22:31:03.453 Information Generate UserAskedData: Must NOT generate the ALL Range.
2026-07-20 22:31:03.453 Information Generate UserAskedData - Loop over Chart: Overview)
2026-07-20 22:31:03.454 Information Generate UserAskedData - Testing temp into tempdata.json (Range is Recent)
2026-07-20 22:31:03.454 Information Generate UserAskedData - Testing dew into tempdata.json (Range is Recent)
2026-07-20 22:31:03.454 Information Generate UserAskedData - Testing press into pressdata.json (Range is Recent)
2026-07-20 22:31:03.454 Information Generate UserAskedData - Testing hum into humdata.json (Range is Recent)
2026-07-20 22:31:03.455 Information Generate UserAskedData - Testing SolarRad into solardata.json (Range is Recent)
2026-07-20 22:31:03.455 Information Generate UserAskedData - Testing rfall into raindata.json (Range is Recent)
2026-07-20 22:31:03.455 Information Generate UserAskedData - Loop over Chart: Temperature)
2026-07-20 22:31:03.455 Information Generate UserAskedData - Testing intemp into tempdata.json (Range is Recent)
2026-07-20 22:31:03.455 Information Generate UserAskedData - Testing temp into tempdata.json (Range is Recent)
2026-07-20 22:31:03.455 Information Generate UserAskedData - Testing feelslike into tempdata.json (Range is Recent)
2026-07-20 22:31:03.455 Information Generate UserAskedData - Testing dew into tempdata.json (Range is Recent)
2026-07-20 22:31:03.455 Information Generate UserAskedData - Loop over Chart: Wind)
2026-07-20 22:31:03.455 Information Generate UserAskedData - Testing wgust into winddata.json (Range is Recent)
2026-07-20 22:31:03.455 Information Generate UserAskedData - Testing wspeed into winddata.json (Range is Recent)
2026-07-20 22:31:03.455 Information Generate UserAskedData - Loop over Chart: WindDirection)
2026-07-20 22:31:03.455 Information Generate UserAskedData - Testing bearing into wdirdata.json (Range is Recent)
2026-07-20 22:31:03.455 Information Generate UserAskedData - Testing avgbearing into wdirdata.json (Range is Recent)
2026-07-20 22:31:03.455 Information Generate UserAskedData - Loop over Chart: Rain)
2026-07-20 22:31:03.455 Information Generate UserAskedData - Testing rfall into raindata.json (Range is Recent)
2026-07-20 22:31:03.455 Information Generate UserAskedData - Testing rrate into raindata.json (Range is Recent)
2026-07-20 22:31:03.455 Information Generate UserAskedData - Loop over Chart: Humidity)
2026-07-20 22:31:03.455 Information Generate UserAskedData - Testing hum into humdata.json (Range is Recent)
2026-07-20 22:31:03.455 Information Generate UserAskedData - Testing inhum into humdata.json (Range is Recent)
2026-07-20 22:31:03.455 Information Generate UserAskedData - Loop over Chart: Solar)
2026-07-20 22:31:03.455 Information Generate UserAskedData - Testing UV into solardata.json (Range is Recent)
2026-07-20 22:31:03.455 Information Generate UserAskedData - Testing SolarRad into solardata.json (Range is Recent)
2026-07-20 22:31:03.455 Information Generate UserAskedData - Testing CurrentSolarMax into solardata.json (Range is Recent)
2026-07-20 22:31:03.455 Information Generate UserAskedData - Loop over Chart: DailyTemp)
2026-07-20 22:31:03.455 Information Generate UserAskedData - Testing avgTemp into alldailytempdata.json (Range is Daily)
2026-07-20 22:31:03.455 Information Generate UserAskedData - Testing avgTemp into alldailytempdata.json (Range is Daily)
2026-07-20 22:31:03.455 Information Generate UserAskedData - Loop over Chart: DailyPressure)
2026-07-20 22:31:03.455 Information Generate UserAskedData - Testing minBaro into alldailypressdata.json (Range is Daily)
2026-07-20 22:31:03.455 Information Generate UserAskedData - Testing  into  (Range is Daily)
2026-07-20 22:31:03.455 Information DoAirLink / AirQualitySensor  = False / False
2026-07-20 22:31:03.455 Information Uploading = maps.txt
2026-07-20 22:31:03.462 Testing PHP upload compression on https://jpickles.com/cutils/upload.php
2026-07-20 22:31:03.590 Information PHP upload does not support compression
2026-07-20 22:31:03.590 Information UploadFile: Starting utils/maps.txt => maps.txt
2026-07-20 22:31:03.590 Information Upload File values: localfile: utils/maps.txt
2026-07-20 22:31:03.590 Information Upload File values: remotefile: maps.txt
2026-07-20 22:31:03.594 Information PHP Upload: starting utils/maps.txt
2026-07-20 22:31:03.594 Information Incremental = False; filename = maps.txt; ext = .txt; HoursInGraph = 72
2026-07-20 22:31:03.672 Information InetPhp: maps.txt: Response code = 200: OK
2026-07-20 22:31:03.672 Information InetPhp: maps.txt: Response text follows:
Opening text file maps.txt for replacement
Writing text file maps.txt
Write complete
2026-07-20 22:31:03.672 Information PHP UploadFile: Success
2026-07-20 22:31:03.673 Information UploadFile: Starting utils/systeminfoTable.txt => systeminfoTable.txt
2026-07-20 22:31:03.673 Information Upload File values: localfile: utils/systeminfoTable.txt
2026-07-20 22:31:03.673 Information Upload File values: remotefile: systeminfoTable.txt
2026-07-20 22:31:03.673 Information PHP Upload: starting utils/systeminfoTable.txt
2026-07-20 22:31:03.673 Information Incremental = False; filename = systeminfoTable.txt; ext = .txt; HoursInGraph = 72
2026-07-20 22:31:03.705 Information InetPhp: systeminfoTable.txt: Response code = 200: OK
2026-07-20 22:31:03.705 Information InetPhp: systeminfoTable.txt: Response text follows:
Opening text file systeminfoTable.txt for replacement
Writing text file systeminfoTable.txt
Write complete
2026-07-20 22:31:03.705 Information PHP UploadFile: Success
2026-07-20 22:31:03.705 All done, Entering the finally section...; Closing down.
2026-07-20 22:31:03.705 Disposing Isup...
2026-07-20 22:31:03.705 Disposing Sup...
