2026-07-21 23:01:01.874 Information According to Inifile Info => Error: True, Warning: True, Info: True, Verbose: False, 
2026-07-21 23:01:01.907 CumulusUtils Initial: Shutting down the default listener
2026-07-21 23:01:01.908 Information CumulusUtils Initial: Shutting down the default listener
2026-07-21 23:01:01.959  CUstrings[xx].ini : CUstringsEN.ini looked for.
2026-07-21 23:01:01.989  CumulusUtils version: 7.1.1 
2026-07-21 23:01:01.992  CuSupport constructor : Unit Wind (m/s, mph, km/h, kts): mph
2026-07-21 23:01:01.993  CuSupport constructor : Unit Pressure (mb,hPa,inHg): hPa
2026-07-21 23:01:01.993  CuSupport constructor : Unit Rain (mm,in): mm
2026-07-21 23:01:01.994  CuSupport constructor : Unit T (C,F): °C
2026-07-21 23:01:01.994  CuSupport constructor : Unit Distance (m, mi, km, kn): mi
2026-07-21 23:01:01.994  CuSupport constructor : Unit Height (m, ft): ft
2026-07-21 23:01:02.011 InetSupport: Constructor starting
2026-07-21 23:01:02.072 CumulusUtils : ----------------------------
2026-07-21 23:01:02.072 CumulusUtils : Entering Main
2026-07-21 23:01:02.084 HelpTexts: starting
2026-07-21 23:01:02.130 Information HelpTexts Contructor: stop
2026-07-21 23:01:02.178 CommandLineArgs : starting
2026-07-21 23:01:02.178  CommandLineArgs : handling arg: sysinfo
2026-07-21 23:01:02.178  CommandLineArgs : handling arg: UserAskedData
2026-07-21 23:01:02.178  CommandLineArgs : handling arg: UserReports
2026-07-21 23:01:02.179 Dayfile: Reading the dayfile.txt...
2026-07-21 23:01:02.267 Information CumulusUtils : Read dayfile.txt succesfully - 929 records
2026-07-21 23:01:02.296 Information SystemStatus : starting
2026-07-21 23:01:02.328 Information GetUrlData Start: URL - http://localhost:8998/api/tags/process.json?version&build&ProgramUpTime&NewBuildAvailable&NewBuildNumber&CpuCount&CPUTemp 
2026-07-21 23:01:02.746 CumulusMX Version: 4.5.2 build 4105
2026-07-21 23:01:02.753 Information  SystemStatus: Found device 12 GW1000/Ecowitt Local API
2026-07-21 23:01:02.755 Information ReplaceWebtagsPostAsync start:
2026-07-21 23:01:02.760 Information  PostUrlData Start: http://localhost:8998/api/tags/process.txt 
2026-07-21 23:01:02.760 Information PostUrlData Calling PostAsync
2026-07-21 23:01:02.807 Information PostUrlData success response : OK - OK
2026-07-21 23:01:02.813 SystemStatus : DoingUnix
2026-07-21 23:01:02.815 Information SystemStatus : DoingUnix Start
2026-07-21 23:01:02.824 Information StartProcess cat /etc/os-release
2026-07-21 23:01:02.838 Information StartProcess cat: output=PRETTY_NAME="Debian GNU/Linux 12 (bookworm)"
2026-07-21 23:01:02.838 Information StartProcess cat: output=NAME="Debian GNU/Linux"
2026-07-21 23:01:02.838 Information StartProcess cat: output=VERSION_ID="12"
2026-07-21 23:01:02.838 Information StartProcess cat: output=VERSION="12 (bookworm)"
2026-07-21 23:01:02.838 Information StartProcess cat: output=VERSION_CODENAME=bookworm
2026-07-21 23:01:02.838 Information StartProcess cat: output=ID=debian
2026-07-21 23:01:02.838 Information StartProcess cat: output=HOME_URL="https://www.debian.org/"
2026-07-21 23:01:02.838 Information StartProcess cat: output=SUPPORT_URL="https://www.debian.org/support"
2026-07-21 23:01:02.838 Information StartProcess cat: output=BUG_REPORT_URL="https://bugs.debian.org/"
2026-07-21 23:01:02.838 Information Found Linux NAME: PRETTY_NAME="Debian GNU/Linux 12 (bookworm)"
2026-07-21 23:01:02.839 Information Using Linux dialect: Debian
2026-07-21 23:01:02.839 Information StartProcess uptime -p
2026-07-21 23:01:02.844 Information StartProcess uptime: output=up 3 weeks, 4 days, 3 hours, 27 minutes
2026-07-21 23:01:02.845 Information StartProcess lshw -quiet -class system
2026-07-21 23:01:02.847 Error System/Processor: Unknown (exception) - An error occurred trying to start process 'lshw' with working directory '/opt/CumulusMX'. No such file or directory
2026-07-21 23:01:02.847 Please install lshw (apt-get install lshw)
2026-07-21 23:01:02.847 Information StartProcess uname -s -r -m
2026-07-21 23:01:02.850 Information StartProcess uname: output=Linux 6.1.0-23-amd64 x86_64
2026-07-21 23:01:02.851 Information StartProcess lsb_release -a
2026-07-21 23:01:02.881 Information StartProcess lsb_release: output=Distributor ID:	Debian
2026-07-21 23:01:02.881 Information StartProcess lsb_release: output=Description:	Debian GNU/Linux 12 (bookworm)
2026-07-21 23:01:02.881 Information StartProcess lsb_release: output=Release:	12
2026-07-21 23:01:02.881 Information StartProcess lsb_release: output=Codename:	bookworm
2026-07-21 23:01:02.881 Information StartProcess dotnet --list-runtimes
2026-07-21 23:01:02.887 Information StartProcess dotnet: output=Microsoft.NETCore.App 8.0.8 [/usr/share/dotnet/shared/Microsoft.NETCore.App]
2026-07-21 23:01:02.890 Information StartProcess free -m
2026-07-21 23:01:02.893 Information StartProcess free: output=               total        used        free      shared  buff/cache   available
2026-07-21 23:01:02.893 Information StartProcess free: output=Mem:             960         371         398          32         370         589
2026-07-21 23:01:02.893 Information StartProcess free: output=Swap:            974          75         899
2026-07-21 23:01:02.894 Information StartProcess df -T -text4 -tvfat -h
2026-07-21 23:01:02.902 Information StartProcess df: output=Filesystem     Type  Size  Used Avail Use% Mounted on
2026-07-21 23:01:02.902 Information StartProcess df: output=/dev/sda1      ext4   31G  7.6G   22G  27% /
2026-07-21 23:01:02.907 USerReports: Starting
2026-07-21 23:01:02.918 Information MapsOn: Starting
2026-07-21 23:01:02.925 Information  MapsOn: Adding Station: Westlands
2026-07-21 23:01:02.943 Information MapsOn: Before testing DoneToday after parsing: 21/07/2026 10:31:03 
2026-07-21 23:01:02.943 Information DateIsToday for thisDate: 21/07/2026 10:31:03 | thisDate.DayOfYear: 202 versus Now.DayOfYear: 202)
2026-07-21 23:01:02.956 Information DateIsToday: thisSpan: 12:29:59.9436964 | thisSpan.TotalDays = 0.5208326816712963
2026-07-21 23:01:02.956 Information MapsOn: Must NOT send signature, has been done already : 2026-07-21T10:31:03
2026-07-21 23:01:02.956 Information Fetch Map: Fetching the generated map
2026-07-21 23:01:02.956 Information GetUrlData Start: URL - https://meteo-wagenborgen.nl/maps.txt 
2026-07-21 23:01:03.880 Information Main: <!--
 This file is generated as part of CumulusUti
2026-07-21 23:01:03.881 Information UserAskedData Starting...
2026-07-21 23:01:03.882 Information UserAskedData Doing the compiler stuff...
2026-07-21 23:01:03.910 Information CustomLogs constructor: starting
2026-07-21 23:01:03.933 Information CustomLogs WebtagInfo constructor: number of defined Webtag Units: 400, everything OK. 
2026-07-21 23:01:03.934 Information Custom Logs constructor: stop
2026-07-21 23:01:03.960 DefineUsercharts: Parsing User charts definitions - starting
2026-07-21 23:01:03.960 Information Parsing User Charts Definitions : Chart Overview'
2026-07-21 23:01:03.976 Information Parsing User Charts Definitions : Chart Temperature'
2026-07-21 23:01:03.976 Information Parsing User Charts Definitions : Chart Wind'
2026-07-21 23:01:03.976 Information Parsing User Charts Definitions : Chart WindDirection'
2026-07-21 23:01:03.980 Information Parsing User Charts Definitions : Chart Rain'
2026-07-21 23:01:03.980 Information Parsing User Charts Definitions : Chart Humidity'
2026-07-21 23:01:03.980 Information Parsing User Charts Definitions : Chart Solar'
2026-07-21 23:01:03.980 Information Parsing User Charts Definitions : Chart DailyTemp'
2026-07-21 23:01:03.980 Information Parsing User Charts Definitions : Chart DailyPressure'
2026-07-21 23:01:03.983 Information Parsing User Charts: Evaluating Expression '(MinBarometer+MaxBarometer)/2'.
2026-07-21 23:01:04.004 Generating Compiler UserAskedData: Starting
2026-07-21 23:01:04.006 Information GenerateUserAskedData: timeStart = 21/07/2026 22:52:00; timeEnd = 21/07/2026 23:01:00
2026-07-21 23:01:04.008 Monthfile constructor: Using fixed path: | data/ |; file: | *log.txt
2026-07-21 23:01:04.013 ReadPartialMonthlyLogs: Starting.
2026-07-21 23:01:04.023 Information ReadPartialMonthlyLogs: reading 202607log.txt
2026-07-21 23:01:04.229 Information ReadMonthlyLogs: End
2026-07-21 23:01:04.238 Information Generate UserAskedData: DoneToday = 21/07/2026 19:11:04.
2026-07-21 23:01:04.238 Information DateIsToday for thisDate: 21/07/2026 19:11:04 | thisDate.DayOfYear: 202 versus Now.DayOfYear: 202)
2026-07-21 23:01:04.238 Information DateIsToday: thisSpan: 03:50:00.2385878 | thisSpan.TotalDays = 0.1597249836550926
2026-07-21 23:01:04.238 Information Generate UserAskedData: Must NOT generate the ALL Range.
2026-07-21 23:01:04.238 Information Generate UserAskedData - Loop over Chart: Overview)
2026-07-21 23:01:04.240 Information Generate UserAskedData - Testing temp into tempdata.json (Range is Recent)
2026-07-21 23:01:04.240 Information Generate UserAskedData - Testing dew into tempdata.json (Range is Recent)
2026-07-21 23:01:04.240 Information Generate UserAskedData - Testing press into pressdata.json (Range is Recent)
2026-07-21 23:01:04.240 Information Generate UserAskedData - Testing hum into humdata.json (Range is Recent)
2026-07-21 23:01:04.240 Information Generate UserAskedDat2026-07-21 23:01:04.259 Information InetPhp: maps.txt: Response code = 200: OK
2026-07-21 23:01:04.260 Information InetPhp: maps.txt: Response text follows:
Opening text file maps.txt for replacement
Writing text file maps.txt
Write complete
2026-07-21 23:01:04.260 Information PHP UploadFile: Success
2026-07-21 23:01:04.260 Information UploadFile: Starting utils/systeminfoTable.txt => systeminfoTable.txt
2026-07-21 23:01:04.260 Information Upload File values: localfile: utils/systeminfoTable.txt
2026-07-21 23:01:04.260 Information Upload File values: remotefile: systeminfoTable.txt
2026-07-21 23:01:04.260 Information PHP Upload: starting utils/systeminfoTable.txt
2026-07-21 23:01:04.260 Information Incremental = False; filename = systeminfoTable.txt; ext = .txt; HoursInGraph = 72
2026-07-21 23:01:04.300 Information InetPhp: systeminfoTable.txt: Response code = 200: OK
2026-07-21 23:01:04.300 Information InetPhp: systeminfoTable.txt: Response text follows:
Opening text file systeminfoTable.txt for replacement
Writing text file systeminfoTable.txt
Write complete
2026-07-21 23:01:04.300 Information PHP UploadFile: Success
2026-07-21 23:01:04.300 All done, Entering the finally section...; Closing down.
2026-07-21 23:01:04.300 Disposing Isup...
2026-07-21 23:01:04.301 Disposing Sup...
earing into wdirdata.json (Range is Recent)
2026-07-21 23:01:04.240 Information Generate UserAskedData - Loop over Chart: Rain)
2026-07-21 23:01:04.240 Information Generate UserAskedData - Testing rfall into raindata.json (Range is Recent)
2026-07-21 23:01:04.240 Information Generate UserAskedData - Testing rrate into raindata.json (Range is Recent)
2026-07-21 23:01:04.240 Information Generate UserAskedData - Loop over Chart: Humidity)
2026-07-21 23:01:04.240 Information Generate UserAskedData - Testing hum into humdata.json (Range is Recent)
2026-07-21 23:01:04.240 Information Generate UserAskedData - Testing inhum into humdata.json (Range is Recent)
2026-07-21 23:01:04.240 Information Generate UserAskedData - Loop over Chart: Solar)
2026-07-21 23:01:04.240 Information Generate UserAskedData - Testing UV into solardata.json (Range is Recent)
2026-07-21 23:01:04.240 Information Generate UserAskedData - Testing SolarRad into solardata.json (Range is Recent)
2026-07-21 23:01:04.240 Information Generate UserAskedData - Testing CurrentSolarMax into solardata.json (Range is Recent)
2026-07-21 23:01:04.240 Information Generate UserAskedData - Loop over Chart: DailyTemp)
2026-07-21 23:01:04.240 Information Generate UserAskedData - Testing avgTemp into alldailytempdata.json (Range is Daily)
2026-07-21 23:01:04.240 Information Generate UserAskedData - Testing avgTemp into alldailytempdata.json (Range is Daily)
2026-07-21 23:01:04.240 Information Generate UserAskedData - Loop over Chart: DailyPressure)
2026-07-21 23:01:04.240 Information Generate UserAskedData - Testing minBaro into alldailypressdata.json (Range is Daily)
2026-07-21 23:01:04.240 Information Generate UserAskedData - Testing  into  (Range is Daily)
2026-07-21 23:01:04.241 Information DoAirLink / AirQualitySensor  = False / False
2026-07-21 23:01:04.241 Information Uploading = maps.txt
2026-07-21 23:01:04.246 Testing PHP upload compression on https://jpickles.com/cutils/upload.php
2026-07-21 23:01:04.378 Information PHP upload does not support compression
2026-07-21 23:01:04.378 Information UploadFile: Starting utils/maps.txt => maps.txt
2026-07-21 23:01:04.378 Information Upload File values: localfile: utils/maps.txt
2026-07-21 23:01:04.378 Information Upload File values: remotefile: maps.txt
2026-07-21 23:01:04.382 Information PHP Upload: starting utils/maps.txt
2026-07-21 23:01:04.383 Information Incremental = False; filename = maps.txt; ext = .txt; HoursInGraph = 72
2026-07-21 23:01:04.461 Information InetPhp: maps.txt: Response code = 200: OK
2026-07-21 23:01:04.461 Information InetPhp: maps.txt: Response text follows:
Opening text file maps.txt for replacement
Writing text file maps.txt
Write complete
2026-07-21 23:01:04.461 Information PHP UploadFile: Success
2026-07-21 23:01:04.461 Information UploadFile: Starting utils/systeminfoTable.txt => systeminfoTable.txt
2026-07-21 23:01:04.462 Information Upload File values: localfile: utils/systeminfoTable.txt
2026-07-21 23:01:04.462 Information Upload File values: remotefile: systeminfoTable.txt
2026-07-21 23:01:04.462 Information PHP Upload: starting utils/systeminfoTable.txt
2026-07-21 23:01:04.462 Information Incremental = False; filename = systeminfoTable.txt; ext = .txt; HoursInGraph = 72
2026-07-21 23:01:04.493 Information InetPhp: systeminfoTable.txt: Response code = 200: OK
2026-07-21 23:01:04.493 Information InetPhp: systeminfoTable.txt: Response text follows:
Opening text file systeminfoTable.txt for replacement
Writing text file systeminfoTable.txt
Write complete
2026-07-21 23:01:04.493 Information PHP UploadFile: Success
2026-07-21 23:01:04.494 All done, Entering the finally section...; Closing down.
2026-07-21 23:01:04.494 Disposing Isup...
2026-07-21 23:01:04.494 Disposing Sup...
